<?xml version="1.0" ?>
<!DOCTYPE coverage SYSTEM "https://cobertura.sourceforge.net/xml/coverage-04.dtd">
<coverage branch-rate="0" branches-covered="0" branches-valid="0" complexity="0" line-rate="0.9411093357680895" lines-covered="4123" lines-valid="4381" timestamp="1758051917" version="2.0.3">
    <sources>
        <source>/Users/garthdb/Projects/rust-things</source>
    </sources>
    <packages>
        <package line-rate="0.9201244813278008" branch-rate="0" name="apps.things-cli.src" complexity="0">
            <classes>
                <class branch-rate="0" complexity="0" filename="apps/things-cli/src/main.rs" line-rate="0.8529411764705882" name="apps.things-cli.src.main.rs">
                    <methods>
                        <method name="things_cli::main::{closure#0}::{closure#0}" signature="" complexity="0" line-rate="0" branch-rate="0">
                            <lines>
                                <line hits="0" number="97" branch="false"/>
                            </lines>
                        </method>
                        <method name="things_cli::main::{closure#0}::{closure#0}" signature="" complexity="0" line-rate="0" branch-rate="0">
                            <lines>
                                <line hits="0" number="97" branch="false"/>
                            </lines>
                        </method>
                        <method name="things_cli::start_mcp_server::{closure#0}" signature="" complexity="0" line-rate="0" branch-rate="0">
                            <lines>
                                <line hits="0" number="203" branch="false"/>
                            </lines>
                        </method>
                        <method name="things_cli::main::{closure#0}" signature="" complexity="0" line-rate="0" branch-rate="0">
                            <lines>
                                <line hits="0" number="67" branch="false"/>
                            </lines>
                        </method>
                        <method name="things_cli::start_mcp_server::{closure#0}" signature="" complexity="0" line-rate="0" branch-rate="0">
                            <lines>
                                <line hits="0" number="203" branch="false"/>
                            </lines>
                        </method>
                        <method name="things_cli::main::{closure#0}" signature="" complexity="0" line-rate="0" branch-rate="0">
                            <lines>
                                <line hits="0" number="67" branch="false"/>
                            </lines>
                        </method>
                        <method name="things_cli::print_areas" signature="" complexity="0" line-rate="1" branch-rate="1">
                            <lines>
                                <line hits="2" number="171" branch="false"/>
                            </lines>
                        </method>
                        <method name="things_cli::print_tasks" signature="" complexity="0" line-rate="1" branch-rate="1">
                            <lines>
                                <line hits="3" number="127" branch="false"/>
                            </lines>
                        </method>
                        <method name="things_cli::health_check" signature="" complexity="0" line-rate="1" branch-rate="1">
                            <lines>
                                <line hits="1" number="190" branch="false"/>
                            </lines>
                        </method>
                        <method name="things_cli::print_projects" signature="" complexity="0" line-rate="1" branch-rate="1">
                            <lines>
                                <line hits="2" number="149" branch="false"/>
                            </lines>
                        </method>
                        <method name="things_cli::start_mcp_server" signature="" complexity="0" line-rate="0" branch-rate="0">
                            <lines>
                                <line hits="0" number="203" branch="false"/>
                            </lines>
                        </method>
                        <method name="things_cli::main" signature="" complexity="0" line-rate="0" branch-rate="0">
                            <lines>
                                <line hits="0" number="67" branch="false"/>
                            </lines>
                        </method>
                        <method name="things_cli::print_areas" signature="" complexity="0" line-rate="0" branch-rate="0">
                            <lines>
                                <line hits="0" number="171" branch="false"/>
                            </lines>
                        </method>
                        <method name="things_cli::print_tasks" signature="" complexity="0" line-rate="0" branch-rate="0">
                            <lines>
                                <line hits="0" number="127" branch="false"/>
                            </lines>
                        </method>
                        <method name="things_cli::health_check" signature="" complexity="0" line-rate="0" branch-rate="0">
                            <lines>
                                <line hits="0" number="190" branch="false"/>
                            </lines>
                        </method>
                        <method name="things_cli::print_projects" signature="" complexity="0" line-rate="0" branch-rate="0">
                            <lines>
                                <line hits="0" number="149" branch="false"/>
                            </lines>
                        </method>
                        <method name="things_cli::start_mcp_server" signature="" complexity="0" line-rate="0" branch-rate="0">
                            <lines>
                                <line hits="0" number="203" branch="false"/>
                            </lines>
                        </method>
                        <method name="things_cli::main" signature="" complexity="0" line-rate="0" branch-rate="0">
                            <lines>
                                <line hits="0" number="67" branch="false"/>
                            </lines>
                        </method>
                        <method name="things_cli::tests::test_cli_parsing_mcp" signature="" complexity="0" line-rate="1" branch-rate="1">
                            <lines>
                                <line hits="1" number="259" branch="false"/>
                            </lines>
                        </method>
                        <method name="things_cli::tests::test_cli_short_flags" signature="" complexity="0" line-rate="1" branch-rate="1">
                            <lines>
                                <line hits="1" number="470" branch="false"/>
                            </lines>
                        </method>
                        <method name="things_cli::tests::test_cli_short_limit" signature="" complexity="0" line-rate="1" branch-rate="1">
                            <lines>
                                <line hits="1" number="478" branch="false"/>
                            </lines>
                        </method>
                        <method name="things_cli::tests::test_cli_parsing_help" signature="" complexity="0" line-rate="1" branch-rate="1">
                            <lines>
                                <line hits="1" number="435" branch="false"/>
                            </lines>
                        </method>
                        <method name="things_cli::tests::test_cli_struct_debug" signature="" complexity="0" line-rate="1" branch-rate="1">
                            <lines>
                                <line hits="1" number="416" branch="false"/>
                            </lines>
                        </method>
                        <method name="things_cli::tests::test_cli_parsing_areas" signature="" complexity="0" line-rate="1" branch-rate="1">
                            <lines>
                                <line hits="1" number="244" branch="false"/>
                            </lines>
                        </method>
                        <method name="things_cli::tests::test_cli_parsing_inbox" signature="" complexity="0" line-rate="1" branch-rate="1">
                            <lines>
                                <line hits="1" number="222" branch="false"/>
                            </lines>
                        </method>
                        <method name="things_cli::tests::test_cli_parsing_today" signature="" complexity="0" line-rate="1" branch-rate="1">
                            <lines>
                                <line hits="1" number="230" branch="false"/>
                            </lines>
                        </method>
                        <method name="things_cli::tests::test_commands_equality" signature="" complexity="0" line-rate="1" branch-rate="1">
                            <lines>
                                <line hits="1" number="447" branch="false"/>
                            </lines>
                        </method>
                        <method name="things_cli::tests::test_print_areas_empty" signature="" complexity="0" line-rate="1" branch-rate="1">
                            <lines>
                                <line hits="1" number="351" branch="false"/>
                            </lines>
                        </method>
                        <method name="things_cli::tests::test_print_tasks_empty" signature="" complexity="0" line-rate="1" branch-rate="1">
                            <lines>
                                <line hits="1" number="316" branch="false"/>
                            </lines>
                        </method>
                        <method name="things_cli::tests::test_cli_default_values" signature="" complexity="0" line-rate="1" branch-rate="1">
                            <lines>
                                <line hits="1" number="462" branch="false"/>
                            </lines>
                        </method>
                        <method name="things_cli::tests::test_cli_parsing_health" signature="" complexity="0" line-rate="1" branch-rate="1">
                            <lines>
                                <line hits="1" number="265" branch="false"/>
                            </lines>
                        </method>
                        <method name="things_cli::tests::test_cli_parsing_search" signature="" complexity="0" line-rate="1" branch-rate="1">
                            <lines>
                                <line hits="1" number="250" branch="false"/>
                            </lines>
                        </method>
                        <method name="things_cli::tests::test_print_tasks_single" signature="" complexity="0" line-rate="1" branch-rate="1">
                            <lines>
                                <line hits="1" number="330" branch="false"/>
                            </lines>
                        </method>
                        <method name="things_cli::tests::test_cli_parsing_version" signature="" complexity="0" line-rate="1" branch-rate="1">
                            <lines>
                                <line hits="1" number="441" branch="false"/>
                            </lines>
                        </method>
                        <method name="things_cli::tests::test_commands_enum_debug" signature="" complexity="0" line-rate="1" branch-rate="1">
                            <lines>
                                <line hits="1" number="393" branch="false"/>
                            </lines>
                        </method>
                        <method name="things_cli::tests::test_cli_parsing_projects" signature="" complexity="0" line-rate="1" branch-rate="1">
                            <lines>
                                <line hits="1" number="236" branch="false"/>
                            </lines>
                        </method>
                        <method name="things_cli::tests::test_health_check_success" signature="" complexity="0" line-rate="1" branch-rate="1">
                            <lines>
                                <line hits="1" number="365" branch="false"/>
                            </lines>
                        </method>
                        <method name="things_cli::tests::test_print_projects_empty" signature="" complexity="0" line-rate="1" branch-rate="1">
                            <lines>
                                <line hits="1" number="337" branch="false"/>
                            </lines>
                        </method>
                        <method name="things_cli::tests::test_command_enum_variants" signature="" complexity="0" line-rate="1" branch-rate="1">
                            <lines>
                                <line hits="1" number="610" branch="false"/>
                            </lines>
                        </method>
                        <method name="things_cli::tests::test_config_creation_paths" signature="" complexity="0" line-rate="1" branch-rate="1">
                            <lines>
                                <line hits="1" number="563" branch="false"/>
                            </lines>
                        </method>
                        <method name="things_cli::tests::test_print_areas_with_data" signature="" complexity="0" line-rate="1" branch-rate="1">
                            <lines>
                                <line hits="1" number="358" branch="false"/>
                            </lines>
                        </method>
                        <method name="things_cli::tests::test_print_tasks_with_data" signature="" complexity="0" line-rate="1" branch-rate="1">
                            <lines>
                                <line hits="1" number="323" branch="false"/>
                            </lines>
                        </method>
                        <method name="things_cli::tests::test_verbose_logging_setup" signature="" complexity="0" line-rate="1" branch-rate="1">
                            <lines>
                                <line hits="1" number="588" branch="false"/>
                            </lines>
                        </method>
                        <method name="things_cli::tests::test_cli_inbox_without_limit" signature="" complexity="0" line-rate="1" branch-rate="1">
                            <lines>
                                <line hits="1" number="498" branch="false"/>
                            </lines>
                        </method>
                        <method name="things_cli::tests::test_cli_parsing_all_options" signature="" complexity="0" line-rate="1" branch-rate="1">
                            <lines>
                                <line hits="1" number="294" branch="false"/>
                            </lines>
                        </method>
                        <method name="things_cli::tests::test_cli_today_without_limit" signature="" complexity="0" line-rate="1" branch-rate="1">
                            <lines>
                                <line hits="1" number="650" branch="false"/>
                            </lines>
                        </method>
                        <method name="things_cli::tests::test_cli_parsing_with_verbose" signature="" complexity="0" line-rate="1" branch-rate="1">
                            <lines>
                                <line hits="1" number="280" branch="false"/>
                            </lines>
                        </method>
                        <method name="things_cli::tests::test_cli_search_without_limit" signature="" complexity="0" line-rate="1" branch-rate="1">
                            <lines>
                                <line hits="1" number="484" branch="false"/>
                            </lines>
                        </method>
                        <method name="things_cli::tests::test_print_projects_with_data" signature="" complexity="0" line-rate="1" branch-rate="1">
                            <lines>
                                <line hits="1" number="344" branch="false"/>
                            </lines>
                        </method>
                        <method name="things_cli::tests::test_cli_parsing_with_fallback" signature="" complexity="0" line-rate="1" branch-rate="1">
                            <lines>
                                <line hits="1" number="287" branch="false"/>
                            </lines>
                        </method>
                        <method name="things_cli::tests::test_cli_projects_without_area" signature="" complexity="0" line-rate="1" branch-rate="1">
                            <lines>
                                <line hits="1" number="492" branch="false"/>
                            </lines>
                        </method>
                        <method name="things_cli::tests::test_fallback_behavior_parsing" signature="" complexity="0" line-rate="1" branch-rate="1">
                            <lines>
                                <line hits="1" number="601" branch="false"/>
                            </lines>
                        </method>
                        <method name="things_cli::tests::test_cli_parsing_invalid_command" signature="" complexity="0" line-rate="1" branch-rate="1">
                            <lines>
                                <line hits="1" number="423" branch="false"/>
                            </lines>
                        </method>
                        <method name="things_cli::tests::test_cli_parsing_missing_command" signature="" complexity="0" line-rate="1" branch-rate="1">
                            <lines>
                                <line hits="1" number="429" branch="false"/>
                            </lines>
                        </method>
                        <method name="things_cli::tests::test_health_check_database_error" signature="" complexity="0" line-rate="1" branch-rate="1">
                            <lines>
                                <line hits="1" number="381" branch="false"/>
                            </lines>
                        </method>
                        <method name="things_cli::tests::test_main_function_execution_paths" signature="" complexity="0" line-rate="1" branch-rate="1">
                            <lines>
                                <line hits="1" number="524" branch="false"/>
                            </lines>
                        </method>
                        <method name="things_cli::tests::test_cli_parsing_with_database_path" signature="" complexity="0" line-rate="1" branch-rate="1">
                            <lines>
                                <line hits="1" number="271" branch="false"/>
                            </lines>
                        </method>
                        <method name="things_cli::tests::test_cli_parsing_all_options_comprehensive" signature="" complexity="0" line-rate="1" branch-rate="1">
                            <lines>
                                <line hits="1" number="504" branch="false"/>
                            </lines>
                        </method>
                    </methods>
                    <lines>
                        <line branch="false" hits="0" number="67"/>
                        <line branch="false" hits="0" number="68"/>
                        <line branch="false" hits="0" number="71"/>
                        <line branch="false" hits="0" number="72"/>
                        <line branch="false" hits="0" number="73"/>
                        <line branch="false" hits="0" number="74"/>
                        <line branch="false" hits="0" number="75"/>
                        <line branch="false" hits="0" number="78"/>
                        <line branch="false" hits="0" number="79"/>
                        <line branch="false" hits="0" number="81"/>
                        <line branch="false" hits="0" number="85"/>
                        <line branch="false" hits="0" number="87"/>
                        <line branch="false" hits="0" number="88"/>
                        <line branch="false" hits="0" number="89"/>
                        <line branch="false" hits="0" number="90"/>
                        <line branch="false" hits="0" number="91"/>
                        <line branch="false" hits="0" number="92"/>
                        <line branch="false" hits="0" number="93"/>
                        <line branch="false" hits="0" number="94"/>
                        <line branch="false" hits="0" number="95"/>
                        <line branch="false" hits="0" number="96"/>
                        <line branch="false" hits="0" number="97"/>
                        <line branch="false" hits="0" number="98"/>
                        <line branch="false" hits="0" number="99"/>
                        <line branch="false" hits="0" number="100"/>
                        <line branch="false" hits="0" number="101"/>
                        <line branch="false" hits="0" number="102"/>
                        <line branch="false" hits="0" number="103"/>
                        <line branch="false" hits="0" number="104"/>
                        <line branch="false" hits="0" number="105"/>
                        <line branch="false" hits="0" number="106"/>
                        <line branch="false" hits="0" number="107"/>
                        <line branch="false" hits="0" number="108"/>
                        <line branch="false" hits="0" number="109"/>
                        <line branch="false" hits="0" number="110"/>
                        <line branch="false" hits="0" number="111"/>
                        <line branch="false" hits="0" number="112"/>
                        <line branch="false" hits="0" number="113"/>
                        <line branch="false" hits="0" number="114"/>
                        <line branch="false" hits="0" number="115"/>
                        <line branch="false" hits="0" number="116"/>
                        <line branch="false" hits="0" number="117"/>
                        <line branch="false" hits="0" number="118"/>
                        <line branch="false" hits="0" number="119"/>
                        <line branch="false" hits="0" number="120"/>
                        <line branch="false" hits="0" number="121"/>
                        <line branch="false" hits="0" number="122"/>
                        <line branch="false" hits="0" number="123"/>
                        <line branch="false" hits="0" number="124"/>
                        <line branch="false" hits="0" number="125"/>
                        <line branch="false" hits="3" number="127"/>
                        <line branch="false" hits="3" number="128"/>
                        <line branch="false" hits="1" number="129"/>
                        <line branch="false" hits="1" number="130"/>
                        <line branch="false" hits="2" number="131"/>
                        <line branch="false" hits="2" number="133"/>
                        <line branch="false" hits="5" number="134"/>
                        <line branch="false" hits="3" number="135"/>
                        <line branch="false" hits="3" number="136"/>
                        <line branch="false" hits="3" number="137"/>
                        <line branch="false" hits="3" number="138"/>
                        <line branch="false" hits="3" number="139"/>
                        <line branch="false" hits="2" number="140"/>
                        <line branch="false" hits="2" number="141"/>
                        <line branch="false" hits="3" number="142"/>
                        <line branch="false" hits="0" number="143"/>
                        <line branch="false" hits="3" number="144"/>
                        <line branch="false" hits="3" number="145"/>
                        <line branch="false" hits="3" number="147"/>
                        <line branch="false" hits="2" number="149"/>
                        <line branch="false" hits="2" number="150"/>
                        <line branch="false" hits="1" number="151"/>
                        <line branch="false" hits="1" number="152"/>
                        <line branch="false" hits="1" number="153"/>
                        <line branch="false" hits="1" number="155"/>
                        <line branch="false" hits="2" number="156"/>
                        <line branch="false" hits="1" number="157"/>
                        <line branch="false" hits="1" number="158"/>
                        <line branch="false" hits="1" number="159"/>
                        <line branch="false" hits="1" number="160"/>
                        <line branch="false" hits="1" number="161"/>
                        <line branch="false" hits="1" number="162"/>
                        <line branch="false" hits="1" number="163"/>
                        <line branch="false" hits="1" number="164"/>
                        <line branch="false" hits="0" number="165"/>
                        <line branch="false" hits="1" number="166"/>
                        <line branch="false" hits="1" number="167"/>
                        <line branch="false" hits="2" number="169"/>
                        <line branch="false" hits="2" number="171"/>
                        <line branch="false" hits="2" number="172"/>
                        <line branch="false" hits="1" number="173"/>
                        <line branch="false" hits="1" number="174"/>
                        <line branch="false" hits="1" number="175"/>
                        <line branch="false" hits="1" number="177"/>
                        <line branch="false" hits="3" number="178"/>
                        <line branch="false" hits="2" number="179"/>
                        <line branch="false" hits="2" number="180"/>
                        <line branch="false" hits="2" number="181"/>
                        <line branch="false" hits="2" number="182"/>
                        <line branch="false" hits="2" number="183"/>
                        <line branch="false" hits="0" number="184"/>
                        <line branch="false" hits="2" number="185"/>
                        <line branch="false" hits="2" number="186"/>
                        <line branch="false" hits="2" number="188"/>
                        <line branch="false" hits="1" number="190"/>
                        <line branch="false" hits="1" number="191"/>
                        <line branch="false" hits="1" number="194"/>
                        <line branch="false" hits="1" number="196"/>
                        <line branch="false" hits="1" number="197"/>
                        <line branch="false" hits="1" number="198"/>
                        <line branch="false" hits="1" number="200"/>
                        <line branch="false" hits="1" number="201"/>
                        <line branch="false" hits="0" number="203"/>
                        <line branch="false" hits="0" number="204"/>
                        <line branch="false" hits="0" number="205"/>
                        <line branch="false" hits="0" number="206"/>
                        <line branch="false" hits="0" number="211"/>
                        <line branch="false" hits="1" number="222"/>
                        <line branch="false" hits="1" number="223"/>
                        <line branch="false" hits="1" number="224"/>
                        <line branch="false" hits="1" number="225"/>
                        <line branch="false" hits="1" number="226"/>
                        <line branch="false" hits="1" number="227"/>
                        <line branch="false" hits="1" number="230"/>
                        <line branch="false" hits="1" number="231"/>
                        <line branch="false" hits="1" number="232"/>
                        <line branch="false" hits="1" number="233"/>
                        <line branch="false" hits="1" number="236"/>
                        <line branch="false" hits="1" number="237"/>
                        <line branch="false" hits="1" number="238"/>
                        <line branch="false" hits="1" number="239"/>
                        <line branch="false" hits="1" number="241"/>
                        <line branch="false" hits="1" number="244"/>
                        <line branch="false" hits="1" number="245"/>
                        <line branch="false" hits="1" number="246"/>
                        <line branch="false" hits="1" number="247"/>
                        <line branch="false" hits="1" number="250"/>
                        <line branch="false" hits="1" number="251"/>
                        <line branch="false" hits="1" number="252"/>
                        <line branch="false" hits="1" number="253"/>
                        <line branch="false" hits="1" number="254"/>
                        <line branch="false" hits="1" number="256"/>
                        <line branch="false" hits="1" number="259"/>
                        <line branch="false" hits="1" number="260"/>
                        <line branch="false" hits="1" number="261"/>
                        <line branch="false" hits="1" number="262"/>
                        <line branch="false" hits="1" number="265"/>
                        <line branch="false" hits="1" number="266"/>
                        <line branch="false" hits="1" number="267"/>
                        <line branch="false" hits="1" number="268"/>
                        <line branch="false" hits="1" number="271"/>
                        <line branch="false" hits="1" number="272"/>
                        <line branch="false" hits="1" number="273"/>
                        <line branch="false" hits="1" number="274"/>
                        <line branch="false" hits="1" number="275"/>
                        <line branch="false" hits="1" number="276"/>
                        <line branch="false" hits="1" number="277"/>
                        <line branch="false" hits="1" number="280"/>
                        <line branch="false" hits="1" number="281"/>
                        <line branch="false" hits="1" number="282"/>
                        <line branch="false" hits="1" number="283"/>
                        <line branch="false" hits="1" number="284"/>
                        <line branch="false" hits="1" number="287"/>
                        <line branch="false" hits="1" number="288"/>
                        <line branch="false" hits="1" number="289"/>
                        <line branch="false" hits="1" number="290"/>
                        <line branch="false" hits="1" number="291"/>
                        <line branch="false" hits="1" number="294"/>
                        <line branch="false" hits="1" number="295"/>
                        <line branch="false" hits="1" number="296"/>
                        <line branch="false" hits="1" number="297"/>
                        <line branch="false" hits="1" number="298"/>
                        <line branch="false" hits="1" number="299"/>
                        <line branch="false" hits="1" number="300"/>
                        <line branch="false" hits="1" number="301"/>
                        <line branch="false" hits="1" number="302"/>
                        <line branch="false" hits="1" number="303"/>
                        <line branch="false" hits="1" number="304"/>
                        <line branch="false" hits="1" number="305"/>
                        <line branch="false" hits="1" number="306"/>
                        <line branch="false" hits="1" number="307"/>
                        <line branch="false" hits="1" number="308"/>
                        <line branch="false" hits="1" number="310"/>
                        <line branch="false" hits="1" number="311"/>
                        <line branch="false" hits="1" number="312"/>
                        <line branch="false" hits="1" number="313"/>
                        <line branch="false" hits="1" number="316"/>
                        <line branch="false" hits="1" number="317"/>
                        <line branch="false" hits="1" number="319"/>
                        <line branch="false" hits="1" number="320"/>
                        <line branch="false" hits="1" number="323"/>
                        <line branch="false" hits="1" number="324"/>
                        <line branch="false" hits="1" number="326"/>
                        <line branch="false" hits="1" number="327"/>
                        <line branch="false" hits="1" number="330"/>
                        <line branch="false" hits="1" number="331"/>
                        <line branch="false" hits="1" number="333"/>
                        <line branch="false" hits="1" number="334"/>
                        <line branch="false" hits="1" number="337"/>
                        <line branch="false" hits="1" number="338"/>
                        <line branch="false" hits="1" number="340"/>
                        <line branch="false" hits="1" number="341"/>
                        <line branch="false" hits="1" number="344"/>
                        <line branch="false" hits="1" number="345"/>
                        <line branch="false" hits="1" number="347"/>
                        <line branch="false" hits="1" number="348"/>
                        <line branch="false" hits="1" number="351"/>
                        <line branch="false" hits="1" number="352"/>
                        <line branch="false" hits="1" number="354"/>
                        <line branch="false" hits="1" number="355"/>
                        <line branch="false" hits="1" number="358"/>
                        <line branch="false" hits="1" number="359"/>
                        <line branch="false" hits="1" number="361"/>
                        <line branch="false" hits="1" number="362"/>
                        <line branch="false" hits="1" number="365"/>
                        <line branch="false" hits="1" number="366"/>
                        <line branch="false" hits="1" number="367"/>
                        <line branch="false" hits="1" number="370"/>
                        <line branch="false" hits="1" number="372"/>
                        <line branch="false" hits="1" number="373"/>
                        <line branch="false" hits="1" number="376"/>
                        <line branch="false" hits="1" number="377"/>
                        <line branch="false" hits="1" number="378"/>
                        <line branch="false" hits="1" number="381"/>
                        <line branch="false" hits="1" number="382"/>
                        <line branch="false" hits="1" number="383"/>
                        <line branch="false" hits="1" number="385"/>
                        <line branch="false" hits="1" number="386"/>
                        <line branch="false" hits="1" number="389"/>
                        <line branch="false" hits="1" number="390"/>
                        <line branch="false" hits="1" number="393"/>
                        <line branch="false" hits="1" number="394"/>
                        <line branch="false" hits="1" number="395"/>
                        <line branch="false" hits="1" number="396"/>
                        <line branch="false" hits="1" number="397"/>
                        <line branch="false" hits="1" number="398"/>
                        <line branch="false" hits="1" number="399"/>
                        <line branch="false" hits="1" number="400"/>
                        <line branch="false" hits="1" number="401"/>
                        <line branch="false" hits="1" number="402"/>
                        <line branch="false" hits="1" number="403"/>
                        <line branch="false" hits="1" number="404"/>
                        <line branch="false" hits="1" number="405"/>
                        <line branch="false" hits="1" number="406"/>
                        <line branch="false" hits="8" number="409"/>
                        <line branch="false" hits="7" number="410"/>
                        <line branch="false" hits="7" number="411"/>
                        <line branch="false" hits="1" number="413"/>
                        <line branch="false" hits="1" number="416"/>
                        <line branch="false" hits="1" number="417"/>
                        <line branch="false" hits="1" number="418"/>
                        <line branch="false" hits="1" number="419"/>
                        <line branch="false" hits="1" number="420"/>
                        <line branch="false" hits="1" number="423"/>
                        <line branch="false" hits="1" number="424"/>
                        <line branch="false" hits="1" number="425"/>
                        <line branch="false" hits="1" number="426"/>
                        <line branch="false" hits="1" number="429"/>
                        <line branch="false" hits="1" number="430"/>
                        <line branch="false" hits="1" number="431"/>
                        <line branch="false" hits="1" number="432"/>
                        <line branch="false" hits="1" number="435"/>
                        <line branch="false" hits="1" number="436"/>
                        <line branch="false" hits="1" number="437"/>
                        <line branch="false" hits="1" number="438"/>
                        <line branch="false" hits="1" number="441"/>
                        <line branch="false" hits="1" number="442"/>
                        <line branch="false" hits="1" number="443"/>
                        <line branch="false" hits="1" number="444"/>
                        <line branch="false" hits="1" number="447"/>
                        <line branch="false" hits="1" number="448"/>
                        <line branch="false" hits="1" number="449"/>
                        <line branch="false" hits="1" number="450"/>
                        <line branch="false" hits="1" number="451"/>
                        <line branch="false" hits="1" number="455"/>
                        <line branch="false" hits="1" number="456"/>
                        <line branch="false" hits="1" number="457"/>
                        <line branch="false" hits="1" number="458"/>
                        <line branch="false" hits="1" number="459"/>
                        <line branch="false" hits="1" number="462"/>
                        <line branch="false" hits="1" number="463"/>
                        <line branch="false" hits="1" number="464"/>
                        <line branch="false" hits="1" number="465"/>
                        <line branch="false" hits="1" number="466"/>
                        <line branch="false" hits="1" number="467"/>
                        <line branch="false" hits="1" number="470"/>
                        <line branch="false" hits="1" number="471"/>
                        <line branch="false" hits="1" number="472"/>
                        <line branch="false" hits="1" number="473"/>
                        <line branch="false" hits="1" number="474"/>
                        <line branch="false" hits="1" number="475"/>
                        <line branch="false" hits="1" number="478"/>
                        <line branch="false" hits="1" number="479"/>
                        <line branch="false" hits="1" number="480"/>
                        <line branch="false" hits="1" number="481"/>
                        <line branch="false" hits="1" number="484"/>
                        <line branch="false" hits="1" number="485"/>
                        <line branch="false" hits="1" number="486"/>
                        <line branch="false" hits="1" number="487"/>
                        <line branch="false" hits="1" number="489"/>
                        <line branch="false" hits="1" number="492"/>
                        <line branch="false" hits="1" number="493"/>
                        <line branch="false" hits="1" number="494"/>
                        <line branch="false" hits="1" number="495"/>
                        <line branch="false" hits="1" number="498"/>
                        <line branch="false" hits="1" number="499"/>
                        <line branch="false" hits="1" number="500"/>
                        <line branch="false" hits="1" number="501"/>
                        <line branch="false" hits="1" number="504"/>
                        <line branch="false" hits="1" number="505"/>
                        <line branch="false" hits="1" number="506"/>
                        <line branch="false" hits="1" number="507"/>
                        <line branch="false" hits="1" number="508"/>
                        <line branch="false" hits="1" number="509"/>
                        <line branch="false" hits="1" number="510"/>
                        <line branch="false" hits="1" number="511"/>
                        <line branch="false" hits="1" number="512"/>
                        <line branch="false" hits="1" number="513"/>
                        <line branch="false" hits="1" number="514"/>
                        <line branch="false" hits="1" number="515"/>
                        <line branch="false" hits="1" number="517"/>
                        <line branch="false" hits="1" number="518"/>
                        <line branch="false" hits="1" number="519"/>
                        <line branch="false" hits="1" number="520"/>
                        <line branch="false" hits="1" number="521"/>
                        <line branch="false" hits="1" number="524"/>
                        <line branch="false" hits="1" number="529"/>
                        <line branch="false" hits="1" number="530"/>
                        <line branch="false" hits="1" number="533"/>
                        <line branch="false" hits="1" number="534"/>
                        <line branch="false" hits="1" number="537"/>
                        <line branch="false" hits="1" number="538"/>
                        <line branch="false" hits="1" number="539"/>
                        <line branch="false" hits="1" number="543"/>
                        <line branch="false" hits="1" number="544"/>
                        <line branch="false" hits="1" number="547"/>
                        <line branch="false" hits="1" number="548"/>
                        <line branch="false" hits="1" number="549"/>
                        <line branch="false" hits="1" number="550"/>
                        <line branch="false" hits="1" number="554"/>
                        <line branch="false" hits="1" number="555"/>
                        <line branch="false" hits="1" number="558"/>
                        <line branch="false" hits="1" number="559"/>
                        <line branch="false" hits="1" number="560"/>
                        <line branch="false" hits="1" number="563"/>
                        <line branch="false" hits="1" number="565"/>
                        <line branch="false" hits="1" number="566"/>
                        <line branch="false" hits="1" number="567"/>
                        <line branch="false" hits="0" number="569"/>
                        <line branch="false" hits="1" number="572"/>
                        <line branch="false" hits="1" number="573"/>
                        <line branch="false" hits="1" number="576"/>
                        <line branch="false" hits="1" number="577"/>
                        <line branch="false" hits="0" number="578"/>
                        <line branch="false" hits="1" number="580"/>
                        <line branch="false" hits="1" number="584"/>
                        <line branch="false" hits="1" number="585"/>
                        <line branch="false" hits="1" number="588"/>
                        <line branch="false" hits="1" number="590"/>
                        <line branch="false" hits="1" number="591"/>
                        <line branch="false" hits="1" number="593"/>
                        <line branch="false" hits="1" number="594"/>
                        <line branch="false" hits="1" number="596"/>
                        <line branch="false" hits="1" number="597"/>
                        <line branch="false" hits="1" number="598"/>
                        <line branch="false" hits="1" number="601"/>
                        <line branch="false" hits="1" number="602"/>
                        <line branch="false" hits="1" number="603"/>
                        <line branch="false" hits="1" number="605"/>
                        <line branch="false" hits="1" number="606"/>
                        <line branch="false" hits="1" number="607"/>
                        <line branch="false" hits="1" number="610"/>
                        <line branch="false" hits="1" number="612"/>
                        <line branch="false" hits="1" number="613"/>
                        <line branch="false" hits="1" number="614"/>
                        <line branch="false" hits="1" number="615"/>
                        <line branch="false" hits="1" number="616"/>
                        <line branch="false" hits="1" number="617"/>
                        <line branch="false" hits="1" number="618"/>
                        <line branch="false" hits="1" number="619"/>
                        <line branch="false" hits="1" number="620"/>
                        <line branch="false" hits="1" number="621"/>
                        <line branch="false" hits="1" number="622"/>
                        <line branch="false" hits="1" number="623"/>
                        <line branch="false" hits="1" number="624"/>
                        <line branch="false" hits="1" number="625"/>
                        <line branch="false" hits="1" number="626"/>
                        <line branch="false" hits="1" number="627"/>
                        <line branch="false" hits="1" number="628"/>
                        <line branch="false" hits="1" number="629"/>
                        <line branch="false" hits="1" number="630"/>
                        <line branch="false" hits="1" number="631"/>
                        <line branch="false" hits="12" number="634"/>
                        <line branch="false" hits="11" number="635"/>
                        <line branch="false" hits="11" number="636"/>
                        <line branch="false" hits="11" number="637"/>
                        <line branch="false" hits="11" number="638"/>
                        <line branch="false" hits="9" number="639"/>
                        <line branch="false" hits="7" number="640"/>
                        <line branch="false" hits="5" number="641"/>
                        <line branch="false" hits="4" number="642"/>
                        <line branch="false" hits="2" number="643"/>
                        <line branch="false" hits="1" number="644"/>
                        <line branch="false" hits="1" number="647"/>
                        <line branch="false" hits="1" number="650"/>
                        <line branch="false" hits="1" number="651"/>
                        <line branch="false" hits="1" number="652"/>
                        <line branch="false" hits="1" number="653"/>
                    </lines>
                </class>
                <class branch-rate="0" complexity="0" filename="apps/things-cli/src/mcp.rs" line-rate="0.9694244604316546" name="apps.things-cli.src.mcp.rs">
                    <methods>
                        <method name="&lt;things_cli::mcp::ThingsMcpServer&gt;::handle_get_inbox::{closure#0}::{closure#0}" signature="" complexity="0" line-rate="0" branch-rate="0">
                            <lines>
                                <line hits="0" number="398" branch="false"/>
                            </lines>
                        </method>
                        <method name="&lt;things_cli::mcp::ThingsMcpServer&gt;::handle_get_inbox::{closure#0}::{closure#1}" signature="" complexity="0" line-rate="0" branch-rate="0">
                            <lines>
                                <line hits="0" number="399" branch="false"/>
                            </lines>
                        </method>
                        <method name="&lt;things_cli::mcp::ThingsMcpServer&gt;::handle_get_today::{closure#0}::{closure#0}" signature="" complexity="0" line-rate="0" branch-rate="0">
                            <lines>
                                <line hits="0" number="411" branch="false"/>
                            </lines>
                        </method>
                        <method name="&lt;things_cli::mcp::ThingsMcpServer&gt;::handle_get_today::{closure#0}::{closure#1}" signature="" complexity="0" line-rate="0" branch-rate="0">
                            <lines>
                                <line hits="0" number="412" branch="false"/>
                            </lines>
                        </method>
                        <method name="&lt;things_cli::mcp::ThingsMcpServer&gt;::handle_create_task::{closure#0}::{closure#0}" signature="" complexity="0" line-rate="0" branch-rate="0">
                            <lines>
                                <line hits="0" number="465" branch="false"/>
                            </lines>
                        </method>
                        <method name="&lt;things_cli::mcp::ThingsMcpServer&gt;::handle_create_task::{closure#0}::{closure#1}" signature="" complexity="0" line-rate="0" branch-rate="0">
                            <lines>
                                <line hits="0" number="466" branch="false"/>
                            </lines>
                        </method>
                        <method name="&lt;things_cli::mcp::ThingsMcpServer&gt;::handle_export_data::{closure#0}::{closure#0}" signature="" complexity="0" line-rate="0" branch-rate="0">
                            <lines>
                                <line hits="0" number="535" branch="false"/>
                            </lines>
                        </method>
                        <method name="&lt;things_cli::mcp::ThingsMcpServer&gt;::handle_export_data::{closure#0}::{closure#2}" signature="" complexity="0" line-rate="0" branch-rate="0">
                            <lines>
                                <line hits="0" number="539" branch="false"/>
                            </lines>
                        </method>
                        <method name="&lt;things_cli::mcp::ThingsMcpServer&gt;::handle_export_data::{closure#0}::{closure#3}" signature="" complexity="0" line-rate="0" branch-rate="0">
                            <lines>
                                <line hits="0" number="540" branch="false"/>
                            </lines>
                        </method>
                        <method name="&lt;things_cli::mcp::ThingsMcpServer&gt;::handle_export_data::{closure#0}::{closure#1}" signature="" complexity="0" line-rate="0" branch-rate="0">
                            <lines>
                                <line hits="0" number="536" branch="false"/>
                            </lines>
                        </method>
                        <method name="&lt;things_cli::mcp::ThingsMcpServer&gt;::handle_update_task::{closure#0}::{closure#0}" signature="" complexity="0" line-rate="0" branch-rate="0">
                            <lines>
                                <line hits="0" number="487" branch="false"/>
                            </lines>
                        </method>
                        <method name="&lt;things_cli::mcp::ThingsMcpServer&gt;::handle_update_task::{closure#0}::{closure#1}" signature="" complexity="0" line-rate="0" branch-rate="0">
                            <lines>
                                <line hits="0" number="488" branch="false"/>
                            </lines>
                        </method>
                        <method name="&lt;things_cli::mcp::ThingsMcpServer&gt;::handle_get_projects::{closure#0}::{closure#0}" signature="" complexity="0" line-rate="0" branch-rate="0">
                            <lines>
                                <line hits="0" number="424" branch="false"/>
                            </lines>
                        </method>
                        <method name="&lt;things_cli::mcp::ThingsMcpServer&gt;::handle_get_projects::{closure#0}::{closure#1}" signature="" complexity="0" line-rate="0" branch-rate="0">
                            <lines>
                                <line hits="0" number="425" branch="false"/>
                            </lines>
                        </method>
                        <method name="&lt;things_cli::mcp::ThingsMcpServer&gt;::handle_list_backups::{closure#0}::{closure#0}" signature="" complexity="0" line-rate="0" branch-rate="0">
                            <lines>
                                <line hits="0" number="685" branch="false"/>
                            </lines>
                        </method>
                        <method name="&lt;things_cli::mcp::ThingsMcpServer&gt;::handle_list_backups::{closure#0}::{closure#1}" signature="" complexity="0" line-rate="0" branch-rate="0">
                            <lines>
                                <line hits="0" number="686" branch="false"/>
                            </lines>
                        </method>
                        <method name="&lt;things_cli::mcp::ThingsMcpServer&gt;::handle_search_tasks::{closure#0}::{closure#0}" signature="" complexity="0" line-rate="0" branch-rate="0">
                            <lines>
                                <line hits="0" number="446" branch="false"/>
                            </lines>
                        </method>
                        <method name="&lt;things_cli::mcp::ThingsMcpServer&gt;::handle_search_tasks::{closure#0}::{closure#2}" signature="" complexity="0" line-rate="0" branch-rate="0">
                            <lines>
                                <line hits="0" number="450" branch="false"/>
                            </lines>
                        </method>
                        <method name="&lt;things_cli::mcp::ThingsMcpServer&gt;::handle_search_tasks::{closure#0}::{closure#3}" signature="" complexity="0" line-rate="0" branch-rate="0">
                            <lines>
                                <line hits="0" number="451" branch="false"/>
                            </lines>
                        </method>
                        <method name="&lt;things_cli::mcp::ThingsMcpServer&gt;::handle_search_tasks::{closure#0}::{closure#1}" signature="" complexity="0" line-rate="0" branch-rate="0">
                            <lines>
                                <line hits="0" number="447" branch="false"/>
                            </lines>
                        </method>
                        <method name="&lt;things_cli::mcp::ThingsMcpServer&gt;::handle_backup_database::{closure#0}::{closure#0}" signature="" complexity="0" line-rate="0" branch-rate="0">
                            <lines>
                                <line hits="0" number="635" branch="false"/>
                            </lines>
                        </method>
                        <method name="&lt;things_cli::mcp::ThingsMcpServer&gt;::handle_backup_database::{closure#0}::{closure#2}" signature="" complexity="0" line-rate="0" branch-rate="0">
                            <lines>
                                <line hits="0" number="637" branch="false"/>
                            </lines>
                        </method>
                        <method name="&lt;things_cli::mcp::ThingsMcpServer&gt;::handle_backup_database::{closure#0}::{closure#1}" signature="" complexity="0" line-rate="0" branch-rate="0">
                            <lines>
                                <line hits="0" number="636" branch="false"/>
                            </lines>
                        </method>
                        <method name="&lt;things_cli::mcp::ThingsMcpServer&gt;::handle_get_recent_tasks::{closure#0}::{closure#0}" signature="" complexity="0" line-rate="0" branch-rate="0">
                            <lines>
                                <line hits="0" number="610" branch="false"/>
                            </lines>
                        </method>
                        <method name="&lt;things_cli::mcp::ThingsMcpServer&gt;::handle_get_recent_tasks::{closure#0}::{closure#2}" signature="" complexity="0" line-rate="0" branch-rate="0">
                            <lines>
                                <line hits="0" number="612" branch="false"/>
                            </lines>
                        </method>
                        <method name="&lt;things_cli::mcp::ThingsMcpServer&gt;::handle_get_recent_tasks::{closure#0}::{closure#1}" signature="" complexity="0" line-rate="0" branch-rate="0">
                            <lines>
                                <line hits="0" number="611" branch="false"/>
                            </lines>
                        </method>
                        <method name="&lt;things_cli::mcp::ThingsMcpServer&gt;::handle_restore_database::{closure#0}::{closure#0}" signature="" complexity="0" line-rate="0" branch-rate="0">
                            <lines>
                                <line hits="0" number="663" branch="false"/>
                            </lines>
                        </method>
                        <method name="&lt;things_cli::mcp::ThingsMcpServer&gt;::handle_restore_database::{closure#0}::{closure#1}" signature="" complexity="0" line-rate="0" branch-rate="0">
                            <lines>
                                <line hits="0" number="664" branch="false"/>
                            </lines>
                        </method>
                        <method name="&lt;things_cli::mcp::ThingsMcpServer&gt;::handle_bulk_create_tasks::{closure#0}::{closure#0}" signature="" complexity="0" line-rate="0" branch-rate="0">
                            <lines>
                                <line hits="0" number="590" branch="false"/>
                            </lines>
                        </method>
                        <method name="&lt;things_cli::mcp::ThingsMcpServer&gt;::handle_bulk_create_tasks::{closure#0}::{closure#1}" signature="" complexity="0" line-rate="0" branch-rate="0">
                            <lines>
                                <line hits="0" number="591" branch="false"/>
                            </lines>
                        </method>
                        <method name="&lt;things_cli::mcp::ThingsMcpServer&gt;::handle_get_productivity_metrics::{closure#0}::{closure#0}" signature="" complexity="0" line-rate="0" branch-rate="0">
                            <lines>
                                <line hits="0" number="505" branch="false"/>
                            </lines>
                        </method>
                        <method name="&lt;things_cli::mcp::ThingsMcpServer&gt;::handle_get_productivity_metrics::{closure#0}::{closure#2}" signature="" complexity="0" line-rate="0" branch-rate="0">
                            <lines>
                                <line hits="0" number="520" branch="false"/>
                            </lines>
                        </method>
                        <method name="&lt;things_cli::mcp::ThingsMcpServer&gt;::handle_get_productivity_metrics::{closure#0}::{closure#1}" signature="" complexity="0" line-rate="0" branch-rate="0">
                            <lines>
                                <line hits="0" number="519" branch="false"/>
                            </lines>
                        </method>
                        <method name="&lt;things_cli::mcp::ThingsMcpServer&gt;::handle_get_inbox::{closure#0}::{closure#0}" signature="" complexity="0" line-rate="0" branch-rate="0">
                            <lines>
                                <line hits="0" number="398" branch="false"/>
                            </lines>
                        </method>
                        <method name="&lt;things_cli::mcp::ThingsMcpServer&gt;::handle_get_inbox::{closure#0}::{closure#0}" signature="" complexity="0" line-rate="1" branch-rate="1">
                            <lines>
                                <line hits="2" number="398" branch="false"/>
                            </lines>
                        </method>
                        <method name="&lt;things_cli::mcp::ThingsMcpServer&gt;::handle_get_inbox::{closure#0}::{closure#1}" signature="" complexity="0" line-rate="0" branch-rate="0">
                            <lines>
                                <line hits="0" number="399" branch="false"/>
                            </lines>
                        </method>
                        <method name="&lt;things_cli::mcp::ThingsMcpServer&gt;::handle_get_inbox::{closure#0}::{closure#1}" signature="" complexity="0" line-rate="1" branch-rate="1">
                            <lines>
                                <line hits="1" number="399" branch="false"/>
                            </lines>
                        </method>
                        <method name="&lt;things_cli::mcp::ThingsMcpServer&gt;::handle_get_today::{closure#0}::{closure#0}" signature="" complexity="0" line-rate="0" branch-rate="0">
                            <lines>
                                <line hits="0" number="411" branch="false"/>
                            </lines>
                        </method>
                        <method name="&lt;things_cli::mcp::ThingsMcpServer&gt;::handle_get_today::{closure#0}::{closure#0}" signature="" complexity="0" line-rate="1" branch-rate="1">
                            <lines>
                                <line hits="1" number="411" branch="false"/>
                            </lines>
                        </method>
                        <method name="&lt;things_cli::mcp::ThingsMcpServer&gt;::handle_get_today::{closure#0}::{closure#1}" signature="" complexity="0" line-rate="0" branch-rate="0">
                            <lines>
                                <line hits="0" number="412" branch="false"/>
                            </lines>
                        </method>
                        <method name="&lt;things_cli::mcp::ThingsMcpServer&gt;::handle_get_today::{closure#0}::{closure#1}" signature="" complexity="0" line-rate="1" branch-rate="1">
                            <lines>
                                <line hits="1" number="412" branch="false"/>
                            </lines>
                        </method>
                        <method name="&lt;things_cli::mcp::ThingsMcpServer&gt;::handle_create_task::{closure#0}::{closure#0}" signature="" complexity="0" line-rate="0" branch-rate="0">
                            <lines>
                                <line hits="0" number="465" branch="false"/>
                            </lines>
                        </method>
                        <method name="&lt;things_cli::mcp::ThingsMcpServer&gt;::handle_create_task::{closure#0}::{closure#0}" signature="" complexity="0" line-rate="1" branch-rate="1">
                            <lines>
                                <line hits="1" number="465" branch="false"/>
                            </lines>
                        </method>
                        <method name="&lt;things_cli::mcp::ThingsMcpServer&gt;::handle_create_task::{closure#0}::{closure#1}" signature="" complexity="0" line-rate="0" branch-rate="0">
                            <lines>
                                <line hits="0" number="466" branch="false"/>
                            </lines>
                        </method>
                        <method name="&lt;things_cli::mcp::ThingsMcpServer&gt;::handle_create_task::{closure#0}::{closure#1}" signature="" complexity="0" line-rate="1" branch-rate="1">
                            <lines>
                                <line hits="1" number="466" branch="false"/>
                            </lines>
                        </method>
                        <method name="&lt;things_cli::mcp::ThingsMcpServer&gt;::handle_export_data::{closure#0}::{closure#0}" signature="" complexity="0" line-rate="0" branch-rate="0">
                            <lines>
                                <line hits="0" number="535" branch="false"/>
                            </lines>
                        </method>
                        <method name="&lt;things_cli::mcp::ThingsMcpServer&gt;::handle_export_data::{closure#0}::{closure#0}" signature="" complexity="0" line-rate="1" branch-rate="1">
                            <lines>
                                <line hits="4" number="535" branch="false"/>
                            </lines>
                        </method>
                        <method name="&lt;things_cli::mcp::ThingsMcpServer&gt;::handle_export_data::{closure#0}::{closure#2}" signature="" complexity="0" line-rate="0" branch-rate="0">
                            <lines>
                                <line hits="0" number="539" branch="false"/>
                            </lines>
                        </method>
                        <method name="&lt;things_cli::mcp::ThingsMcpServer&gt;::handle_export_data::{closure#0}::{closure#2}" signature="" complexity="0" line-rate="1" branch-rate="1">
                            <lines>
                                <line hits="3" number="539" branch="false"/>
                            </lines>
                        </method>
                        <method name="&lt;things_cli::mcp::ThingsMcpServer&gt;::handle_export_data::{closure#0}::{closure#3}" signature="" complexity="0" line-rate="0" branch-rate="0">
                            <lines>
                                <line hits="0" number="540" branch="false"/>
                            </lines>
                        </method>
                        <method name="&lt;things_cli::mcp::ThingsMcpServer&gt;::handle_export_data::{closure#0}::{closure#3}" signature="" complexity="0" line-rate="1" branch-rate="1">
                            <lines>
                                <line hits="1" number="540" branch="false"/>
                            </lines>
                        </method>
                        <method name="&lt;things_cli::mcp::ThingsMcpServer&gt;::handle_export_data::{closure#0}::{closure#1}" signature="" complexity="0" line-rate="0" branch-rate="0">
                            <lines>
                                <line hits="0" number="536" branch="false"/>
                            </lines>
                        </method>
                        <method name="&lt;things_cli::mcp::ThingsMcpServer&gt;::handle_export_data::{closure#0}::{closure#1}" signature="" complexity="0" line-rate="0" branch-rate="0">
                            <lines>
                                <line hits="0" number="536" branch="false"/>
                            </lines>
                        </method>
                        <method name="&lt;things_cli::mcp::ThingsMcpServer&gt;::handle_update_task::{closure#0}::{closure#0}" signature="" complexity="0" line-rate="0" branch-rate="0">
                            <lines>
                                <line hits="0" number="487" branch="false"/>
                            </lines>
                        </method>
                        <method name="&lt;things_cli::mcp::ThingsMcpServer&gt;::handle_update_task::{closure#0}::{closure#0}" signature="" complexity="0" line-rate="1" branch-rate="1">
                            <lines>
                                <line hits="1" number="487" branch="false"/>
                            </lines>
                        </method>
                        <method name="&lt;things_cli::mcp::ThingsMcpServer&gt;::handle_update_task::{closure#0}::{closure#1}" signature="" complexity="0" line-rate="0" branch-rate="0">
                            <lines>
                                <line hits="0" number="488" branch="false"/>
                            </lines>
                        </method>
                        <method name="&lt;things_cli::mcp::ThingsMcpServer&gt;::handle_update_task::{closure#0}::{closure#1}" signature="" complexity="0" line-rate="1" branch-rate="1">
                            <lines>
                                <line hits="1" number="488" branch="false"/>
                            </lines>
                        </method>
                        <method name="&lt;things_cli::mcp::ThingsMcpServer&gt;::handle_get_projects::{closure#0}::{closure#0}" signature="" complexity="0" line-rate="0" branch-rate="0">
                            <lines>
                                <line hits="0" number="424" branch="false"/>
                            </lines>
                        </method>
                        <method name="&lt;things_cli::mcp::ThingsMcpServer&gt;::handle_get_projects::{closure#0}::{closure#0}" signature="" complexity="0" line-rate="1" branch-rate="1">
                            <lines>
                                <line hits="1" number="424" branch="false"/>
                            </lines>
                        </method>
                        <method name="&lt;things_cli::mcp::ThingsMcpServer&gt;::handle_get_projects::{closure#0}::{closure#1}" signature="" complexity="0" line-rate="0" branch-rate="0">
                            <lines>
                                <line hits="0" number="425" branch="false"/>
                            </lines>
                        </method>
                        <method name="&lt;things_cli::mcp::ThingsMcpServer&gt;::handle_get_projects::{closure#0}::{closure#1}" signature="" complexity="0" line-rate="1" branch-rate="1">
                            <lines>
                                <line hits="1" number="425" branch="false"/>
                            </lines>
                        </method>
                        <method name="&lt;things_cli::mcp::ThingsMcpServer&gt;::handle_list_backups::{closure#0}::{closure#0}" signature="" complexity="0" line-rate="0" branch-rate="0">
                            <lines>
                                <line hits="0" number="685" branch="false"/>
                            </lines>
                        </method>
                        <method name="&lt;things_cli::mcp::ThingsMcpServer&gt;::handle_list_backups::{closure#0}::{closure#0}" signature="" complexity="0" line-rate="1" branch-rate="1">
                            <lines>
                                <line hits="1" number="685" branch="false"/>
                            </lines>
                        </method>
                        <method name="&lt;things_cli::mcp::ThingsMcpServer&gt;::handle_list_backups::{closure#0}::{closure#1}" signature="" complexity="0" line-rate="0" branch-rate="0">
                            <lines>
                                <line hits="0" number="686" branch="false"/>
                            </lines>
                        </method>
                        <method name="&lt;things_cli::mcp::ThingsMcpServer&gt;::handle_list_backups::{closure#0}::{closure#1}" signature="" complexity="0" line-rate="1" branch-rate="1">
                            <lines>
                                <line hits="1" number="686" branch="false"/>
                            </lines>
                        </method>
                        <method name="&lt;things_cli::mcp::ThingsMcpServer&gt;::handle_search_tasks::{closure#0}::{closure#0}" signature="" complexity="0" line-rate="0" branch-rate="0">
                            <lines>
                                <line hits="0" number="446" branch="false"/>
                            </lines>
                        </method>
                        <method name="&lt;things_cli::mcp::ThingsMcpServer&gt;::handle_search_tasks::{closure#0}::{closure#0}" signature="" complexity="0" line-rate="1" branch-rate="1">
                            <lines>
                                <line hits="1" number="446" branch="false"/>
                            </lines>
                        </method>
                        <method name="&lt;things_cli::mcp::ThingsMcpServer&gt;::handle_search_tasks::{closure#0}::{closure#2}" signature="" complexity="0" line-rate="0" branch-rate="0">
                            <lines>
                                <line hits="0" number="450" branch="false"/>
                            </lines>
                        </method>
                        <method name="&lt;things_cli::mcp::ThingsMcpServer&gt;::handle_search_tasks::{closure#0}::{closure#2}" signature="" complexity="0" line-rate="1" branch-rate="1">
                            <lines>
                                <line hits="1" number="450" branch="false"/>
                            </lines>
                        </method>
                        <method name="&lt;things_cli::mcp::ThingsMcpServer&gt;::handle_search_tasks::{closure#0}::{closure#3}" signature="" complexity="0" line-rate="0" branch-rate="0">
                            <lines>
                                <line hits="0" number="451" branch="false"/>
                            </lines>
                        </method>
                        <method name="&lt;things_cli::mcp::ThingsMcpServer&gt;::handle_search_tasks::{closure#0}::{closure#3}" signature="" complexity="0" line-rate="1" branch-rate="1">
                            <lines>
                                <line hits="1" number="451" branch="false"/>
                            </lines>
                        </method>
                        <method name="&lt;things_cli::mcp::ThingsMcpServer&gt;::handle_search_tasks::{closure#0}::{closure#1}" signature="" complexity="0" line-rate="0" branch-rate="0">
                            <lines>
                                <line hits="0" number="447" branch="false"/>
                            </lines>
                        </method>
                        <method name="&lt;things_cli::mcp::ThingsMcpServer&gt;::handle_search_tasks::{closure#0}::{closure#1}" signature="" complexity="0" line-rate="1" branch-rate="1">
                            <lines>
                                <line hits="1" number="447" branch="false"/>
                            </lines>
                        </method>
                        <method name="&lt;things_cli::mcp::ThingsMcpServer&gt;::handle_backup_database::{closure#0}::{closure#0}" signature="" complexity="0" line-rate="0" branch-rate="0">
                            <lines>
                                <line hits="0" number="635" branch="false"/>
                            </lines>
                        </method>
                        <method name="&lt;things_cli::mcp::ThingsMcpServer&gt;::handle_backup_database::{closure#0}::{closure#0}" signature="" complexity="0" line-rate="1" branch-rate="1">
                            <lines>
                                <line hits="1" number="635" branch="false"/>
                            </lines>
                        </method>
                        <method name="&lt;things_cli::mcp::ThingsMcpServer&gt;::handle_backup_database::{closure#0}::{closure#2}" signature="" complexity="0" line-rate="0" branch-rate="0">
                            <lines>
                                <line hits="0" number="637" branch="false"/>
                            </lines>
                        </method>
                        <method name="&lt;things_cli::mcp::ThingsMcpServer&gt;::handle_backup_database::{closure#0}::{closure#2}" signature="" complexity="0" line-rate="1" branch-rate="1">
                            <lines>
                                <line hits="1" number="637" branch="false"/>
                            </lines>
                        </method>
                        <method name="&lt;things_cli::mcp::ThingsMcpServer&gt;::handle_backup_database::{closure#0}::{closure#1}" signature="" complexity="0" line-rate="0" branch-rate="0">
                            <lines>
                                <line hits="0" number="636" branch="false"/>
                            </lines>
                        </method>
                        <method name="&lt;things_cli::mcp::ThingsMcpServer&gt;::handle_backup_database::{closure#0}::{closure#1}" signature="" complexity="0" line-rate="1" branch-rate="1">
                            <lines>
                                <line hits="1" number="636" branch="false"/>
                            </lines>
                        </method>
                        <method name="&lt;things_cli::mcp::ThingsMcpServer&gt;::handle_get_recent_tasks::{closure#0}::{closure#0}" signature="" complexity="0" line-rate="0" branch-rate="0">
                            <lines>
                                <line hits="0" number="610" branch="false"/>
                            </lines>
                        </method>
                        <method name="&lt;things_cli::mcp::ThingsMcpServer&gt;::handle_get_recent_tasks::{closure#0}::{closure#0}" signature="" complexity="0" line-rate="1" branch-rate="1">
                            <lines>
                                <line hits="1" number="610" branch="false"/>
                            </lines>
                        </method>
                        <method name="&lt;things_cli::mcp::ThingsMcpServer&gt;::handle_get_recent_tasks::{closure#0}::{closure#2}" signature="" complexity="0" line-rate="0" branch-rate="0">
                            <lines>
                                <line hits="0" number="612" branch="false"/>
                            </lines>
                        </method>
                        <method name="&lt;things_cli::mcp::ThingsMcpServer&gt;::handle_get_recent_tasks::{closure#0}::{closure#2}" signature="" complexity="0" line-rate="1" branch-rate="1">
                            <lines>
                                <line hits="1" number="612" branch="false"/>
                            </lines>
                        </method>
                        <method name="&lt;things_cli::mcp::ThingsMcpServer&gt;::handle_get_recent_tasks::{closure#0}::{closure#1}" signature="" complexity="0" line-rate="0" branch-rate="0">
                            <lines>
                                <line hits="0" number="611" branch="false"/>
                            </lines>
                        </method>
                        <method name="&lt;things_cli::mcp::ThingsMcpServer&gt;::handle_get_recent_tasks::{closure#0}::{closure#1}" signature="" complexity="0" line-rate="1" branch-rate="1">
                            <lines>
                                <line hits="1" number="611" branch="false"/>
                            </lines>
                        </method>
                        <method name="&lt;things_cli::mcp::ThingsMcpServer&gt;::handle_restore_database::{closure#0}::{closure#0}" signature="" complexity="0" line-rate="0" branch-rate="0">
                            <lines>
                                <line hits="0" number="663" branch="false"/>
                            </lines>
                        </method>
                        <method name="&lt;things_cli::mcp::ThingsMcpServer&gt;::handle_restore_database::{closure#0}::{closure#0}" signature="" complexity="0" line-rate="1" branch-rate="1">
                            <lines>
[...]
                            <lines>
                                <line hits="3" number="8" branch="false"/>
                            </lines>
                        </method>
                        <method name="things_common::utils::tests::test_format_date" signature="" complexity="0" line-rate="1" branch-rate="1">
                            <lines>
                                <line hits="1" number="78" branch="false"/>
                            </lines>
                        </method>
                        <method name="things_common::utils::tests::test_format_datetime" signature="" complexity="0" line-rate="1" branch-rate="1">
                            <lines>
                                <line hits="1" number="103" branch="false"/>
                            </lines>
                        </method>
                        <method name="things_common::utils::tests::test_parse_date_valid" signature="" complexity="0" line-rate="1" branch-rate="1">
                            <lines>
                                <line hits="1" number="128" branch="false"/>
                            </lines>
                        </method>
                        <method name="things_common::utils::tests::test_utils_integration" signature="" complexity="0" line-rate="1" branch-rate="1">
                            <lines>
                                <line hits="1" number="291" branch="false"/>
                            </lines>
                        </method>
                        <method name="things_common::utils::tests::test_parse_date_invalid" signature="" complexity="0" line-rate="1" branch-rate="1">
                            <lines>
                                <line hits="1" number="165" branch="false"/>
                            </lines>
                        </method>
                        <method name="things_common::utils::tests::test_is_valid_uuid_valid" signature="" complexity="0" line-rate="1" branch-rate="1">
                            <lines>
                                <line hits="1" number="188" branch="false"/>
                            </lines>
                        </method>
                        <method name="things_common::utils::tests::test_truncate_string_long" signature="" complexity="0" line-rate="1" branch-rate="1">
                            <lines>
                                <line hits="1" number="222" branch="false"/>
                            </lines>
                        </method>
                        <method name="things_common::utils::tests::test_is_valid_uuid_invalid" signature="" complexity="0" line-rate="1" branch-rate="1">
                            <lines>
                                <line hits="1" number="198" branch="false"/>
                            </lines>
                        </method>
                        <method name="things_common::utils::tests::test_parse_date_edge_cases" signature="" complexity="0" line-rate="1" branch-rate="1">
                            <lines>
                                <line hits="1" number="138" branch="false"/>
                            </lines>
                        </method>
                        <method name="things_common::utils::tests::test_truncate_string_empty" signature="" complexity="0" line-rate="1" branch-rate="1">
                            <lines>
                                <line hits="1" number="260" branch="false"/>
                            </lines>
                        </method>
                        <method name="things_common::utils::tests::test_truncate_string_short" signature="" complexity="0" line-rate="1" branch-rate="1">
                            <lines>
                                <line hits="1" number="211" branch="false"/>
                            </lines>
                        </method>
                        <method name="things_common::utils::tests::test_format_date_edge_cases" signature="" complexity="0" line-rate="1" branch-rate="1">
                            <lines>
                                <line hits="1" number="85" branch="false"/>
                            </lines>
                        </method>
                        <method name="things_common::utils::tests::test_format_date_consistency" signature="" complexity="0" line-rate="1" branch-rate="1">
                            <lines>
                                <line hits="1" number="314" branch="false"/>
                            </lines>
                        </method>
                        <method name="things_common::utils::tests::test_truncate_string_unicode" signature="" complexity="0" line-rate="1" branch-rate="1">
                            <lines>
                                <line hits="1" number="271" branch="false"/>
                            </lines>
                        </method>
                        <method name="things_common::utils::tests::test_format_datetime_specific" signature="" complexity="0" line-rate="1" branch-rate="1">
                            <lines>
                                <line hits="1" number="118" branch="false"/>
                            </lines>
                        </method>
                        <method name="things_common::utils::tests::test_get_default_database_path" signature="" complexity="0" line-rate="1" branch-rate="1">
                            <lines>
                                <line hits="1" number="57" branch="false"/>
                            </lines>
                        </method>
                        <method name="things_common::utils::tests::test_truncate_string_very_long" signature="" complexity="0" line-rate="1" branch-rate="1">
                            <lines>
                                <line hits="1" number="282" branch="false"/>
                            </lines>
                        </method>
                        <method name="things_common::utils::tests::test_truncate_string_edge_cases" signature="" complexity="0" line-rate="1" branch-rate="1">
                            <lines>
                                <line hits="1" number="233" branch="false"/>
                            </lines>
                        </method>
                        <method name="things_common::utils::tests::test_get_default_database_path_consistency" signature="" complexity="0" line-rate="1" branch-rate="1">
                            <lines>
                                <line hits="1" number="306" branch="false"/>
                            </lines>
                        </method>
                    </methods>
                    <lines>
                        <line branch="false" hits="3" number="8"/>
                        <line branch="false" hits="3" number="9"/>
                        <line branch="false" hits="3" number="10"/>
                        <line branch="false" hits="3" number="11"/>
                        <line branch="false" hits="3" number="13"/>
                        <line branch="false" hits="6" number="17"/>
                        <line branch="false" hits="6" number="18"/>
                        <line branch="false" hits="6" number="19"/>
                        <line branch="false" hits="2" number="23"/>
                        <line branch="false" hits="2" number="24"/>
                        <line branch="false" hits="2" number="25"/>
                        <line branch="false" hits="11" number="31"/>
                        <line branch="false" hits="11" number="32"/>
                        <line branch="false" hits="11" number="33"/>
                        <line branch="false" hits="14" number="37"/>
                        <line branch="false" hits="14" number="38"/>
                        <line branch="false" hits="14" number="39"/>
                        <line branch="false" hits="16" number="43"/>
                        <line branch="false" hits="16" number="44"/>
                        <line branch="false" hits="5" number="45"/>
                        <line branch="false" hits="11" number="47"/>
                        <line branch="false" hits="16" number="49"/>
                        <line branch="false" hits="1" number="57"/>
                        <line branch="false" hits="1" number="58"/>
                        <line branch="false" hits="1" number="61"/>
                        <line branch="false" hits="1" number="62"/>
                        <line branch="false" hits="1" number="63"/>
                        <line branch="false" hits="1" number="64"/>
                        <line branch="false" hits="1" number="65"/>
                        <line branch="false" hits="1" number="66"/>
                        <line branch="false" hits="1" number="67"/>
                        <line branch="false" hits="1" number="68"/>
                        <line branch="false" hits="1" number="69"/>
                        <line branch="false" hits="1" number="70"/>
                        <line branch="false" hits="1" number="73"/>
                        <line branch="false" hits="1" number="74"/>
                        <line branch="false" hits="1" number="75"/>
                        <line branch="false" hits="1" number="78"/>
                        <line branch="false" hits="1" number="79"/>
                        <line branch="false" hits="1" number="80"/>
                        <line branch="false" hits="1" number="81"/>
                        <line branch="false" hits="1" number="82"/>
                        <line branch="false" hits="1" number="85"/>
                        <line branch="false" hits="1" number="87"/>
                        <line branch="false" hits="1" number="88"/>
                        <line branch="false" hits="1" number="89"/>
                        <line branch="false" hits="1" number="92"/>
                        <line branch="false" hits="1" number="93"/>
                        <line branch="false" hits="1" number="94"/>
                        <line branch="false" hits="1" number="97"/>
                        <line branch="false" hits="1" number="98"/>
                        <line branch="false" hits="1" number="99"/>
                        <line branch="false" hits="1" number="100"/>
                        <line branch="false" hits="1" number="103"/>
                        <line branch="false" hits="1" number="104"/>
                        <line branch="false" hits="1" number="105"/>
                        <line branch="false" hits="1" number="108"/>
                        <line branch="false" hits="1" number="109"/>
                        <line branch="false" hits="1" number="110"/>
                        <line branch="false" hits="1" number="111"/>
                        <line branch="false" hits="1" number="114"/>
                        <line branch="false" hits="1" number="115"/>
                        <line branch="false" hits="1" number="118"/>
                        <line branch="false" hits="1" number="120"/>
                        <line branch="false" hits="1" number="121"/>
                        <line branch="false" hits="1" number="122"/>
                        <line branch="false" hits="1" number="123"/>
                        <line branch="false" hits="1" number="124"/>
                        <line branch="false" hits="1" number="125"/>
                        <line branch="false" hits="1" number="128"/>
                        <line branch="false" hits="1" number="129"/>
                        <line branch="false" hits="1" number="130"/>
                        <line branch="false" hits="1" number="131"/>
                        <line branch="false" hits="1" number="132"/>
                        <line branch="false" hits="1" number="133"/>
                        <line branch="false" hits="1" number="134"/>
                        <line branch="false" hits="1" number="135"/>
                        <line branch="false" hits="1" number="138"/>
                        <line branch="false" hits="1" number="140"/>
                        <line branch="false" hits="1" number="141"/>
                        <line branch="false" hits="1" number="142"/>
                        <line branch="false" hits="1" number="143"/>
                        <line branch="false" hits="1" number="144"/>
                        <line branch="false" hits="1" number="145"/>
                        <line branch="false" hits="1" number="148"/>
                        <line branch="false" hits="1" number="149"/>
                        <line branch="false" hits="1" number="150"/>
                        <line branch="false" hits="1" number="151"/>
                        <line branch="false" hits="1" number="152"/>
                        <line branch="false" hits="1" number="153"/>
                        <line branch="false" hits="1" number="156"/>
                        <line branch="false" hits="1" number="157"/>
                        <line branch="false" hits="1" number="158"/>
                        <line branch="false" hits="1" number="159"/>
                        <line branch="false" hits="1" number="160"/>
                        <line branch="false" hits="1" number="161"/>
                        <line branch="false" hits="1" number="162"/>
                        <line branch="false" hits="1" number="165"/>
                        <line branch="false" hits="1" number="167"/>
                        <line branch="false" hits="1" number="168"/>
                        <line branch="false" hits="1" number="171"/>
                        <line branch="false" hits="1" number="172"/>
                        <line branch="false" hits="1" number="175"/>
                        <line branch="false" hits="1" number="176"/>
                        <line branch="false" hits="1" number="179"/>
                        <line branch="false" hits="1" number="180"/>
                        <line branch="false" hits="1" number="183"/>
                        <line branch="false" hits="1" number="184"/>
                        <line branch="false" hits="1" number="185"/>
                        <line branch="false" hits="1" number="188"/>
                        <line branch="false" hits="1" number="190"/>
                        <line branch="false" hits="1" number="191"/>
                        <line branch="false" hits="1" number="192"/>
                        <line branch="false" hits="1" number="193"/>
                        <line branch="false" hits="1" number="194"/>
                        <line branch="false" hits="1" number="195"/>
                        <line branch="false" hits="1" number="198"/>
                        <line branch="false" hits="1" number="200"/>
                        <line branch="false" hits="1" number="201"/>
                        <line branch="false" hits="1" number="202"/>
                        <line branch="false" hits="1" number="203"/>
                        <line branch="false" hits="1" number="204"/>
                        <line branch="false" hits="1" number="205"/>
                        <line branch="false" hits="1" number="206"/>
                        <line branch="false" hits="1" number="207"/>
                        <line branch="false" hits="1" number="208"/>
                        <line branch="false" hits="1" number="211"/>
                        <line branch="false" hits="1" number="213"/>
                        <line branch="false" hits="1" number="214"/>
                        <line branch="false" hits="1" number="217"/>
                        <line branch="false" hits="1" number="218"/>
                        <line branch="false" hits="1" number="219"/>
                        <line branch="false" hits="1" number="222"/>
                        <line branch="false" hits="1" number="224"/>
                        <line branch="false" hits="1" number="225"/>
                        <line branch="false" hits="1" number="228"/>
                        <line branch="false" hits="1" number="229"/>
                        <line branch="false" hits="1" number="230"/>
                        <line branch="false" hits="1" number="233"/>
                        <line branch="false" hits="1" number="235"/>
                        <line branch="false" hits="1" number="236"/>
                        <line branch="false" hits="1" number="239"/>
                        <line branch="false" hits="1" number="240"/>
                        <line branch="false" hits="1" number="243"/>
                        <line branch="false" hits="1" number="244"/>
                        <line branch="false" hits="1" number="247"/>
                        <line branch="false" hits="1" number="248"/>
                        <line branch="false" hits="1" number="251"/>
                        <line branch="false" hits="1" number="252"/>
                        <line branch="false" hits="1" number="255"/>
                        <line branch="false" hits="1" number="256"/>
                        <line branch="false" hits="1" number="257"/>
                        <line branch="false" hits="1" number="260"/>
                        <line branch="false" hits="1" number="262"/>
                        <line branch="false" hits="1" number="263"/>
                        <line branch="false" hits="1" number="266"/>
                        <line branch="false" hits="1" number="267"/>
                        <line branch="false" hits="1" number="268"/>
                        <line branch="false" hits="1" number="271"/>
                        <line branch="false" hits="1" number="273"/>
                        <line branch="false" hits="1" number="274"/>
                        <line branch="false" hits="1" number="277"/>
                        <line branch="false" hits="1" number="278"/>
                        <line branch="false" hits="1" number="279"/>
                        <line branch="false" hits="1" number="282"/>
                        <line branch="false" hits="1" number="284"/>
                        <line branch="false" hits="1" number="285"/>
                        <line branch="false" hits="1" number="286"/>
                        <line branch="false" hits="1" number="287"/>
                        <line branch="false" hits="1" number="288"/>
                        <line branch="false" hits="1" number="291"/>
                        <line branch="false" hits="1" number="293"/>
                        <line branch="false" hits="1" number="294"/>
                        <line branch="false" hits="1" number="295"/>
                        <line branch="false" hits="1" number="296"/>
                        <line branch="false" hits="1" number="299"/>
                        <line branch="false" hits="1" number="300"/>
                        <line branch="false" hits="1" number="301"/>
                        <line branch="false" hits="1" number="302"/>
                        <line branch="false" hits="1" number="303"/>
                        <line branch="false" hits="1" number="306"/>
                        <line branch="false" hits="1" number="308"/>
                        <line branch="false" hits="1" number="309"/>
                        <line branch="false" hits="1" number="310"/>
                        <line branch="false" hits="1" number="311"/>
                        <line branch="false" hits="1" number="314"/>
                        <line branch="false" hits="1" number="316"/>
                        <line branch="false" hits="1" number="317"/>
                        <line branch="false" hits="1" number="318"/>
                        <line branch="false" hits="1" number="319"/>
                        <line branch="false" hits="1" number="320"/>
                    </lines>
                </class>
            </classes>
        </package>
    </packages>
</coverage>