SF:/Users/garthdb/Projects/rust-things/apps/things3-cli/src/lib.rs
FN:128,_RINvCsp5cvH02TLu_11things3_cli11print_areasINtNtNtCsht3nMU9UgFu_3std2io6cursor6CursorINtNtCsiTraAjBDcu4_5alloc3vec3VechEEECslmUnm2AW75P_17integration_tests
FN:74,_RINvCsp5cvH02TLu_11things3_cli11print_tasksINtNtNtCsht3nMU9UgFu_3std2io6cursor6CursorINtNtCsiTraAjBDcu4_5alloc3vec3VechEEECslmUnm2AW75P_17integration_tests
FN:101,_RINvCsp5cvH02TLu_11things3_cli14print_projectsINtNtNtCsht3nMU9UgFu_3std2io6cursor6CursorINtNtCsiTraAjBDcu4_5alloc3vec3VechEEECslmUnm2AW75P_17integration_tests
FN:152,_RNvCsp5cvH02TLu_11things3_cli12health_check
FN:172,_RNvCsp5cvH02TLu_11things3_cli16start_mcp_server
FN:128,_RINvCsp5cvH02TLu_11things3_cli11print_areasINtNtNtCsht3nMU9UgFu_3std2io6cursor6CursorINtNtCsiTraAjBDcu4_5alloc3vec3VechEEECs4LVHq6tQnHx_7things3
FN:74,_RINvCsp5cvH02TLu_11things3_cli11print_tasksINtNtNtCsht3nMU9UgFu_3std2io6cursor6CursorINtNtCsiTraAjBDcu4_5alloc3vec3VechEEECs4LVHq6tQnHx_7things3
FN:101,_RINvCsp5cvH02TLu_11things3_cli14print_projectsINtNtNtCsht3nMU9UgFu_3std2io6cursor6CursorINtNtCsiTraAjBDcu4_5alloc3vec3VechEEECs4LVHq6tQnHx_7things3
FN:128,_RINvCsp5cvH02TLu_11things3_cli11print_areasNtNtNtCsht3nMU9UgFu_3std2io5stdio6StdoutECsizubmevcOyU_7things3
FN:74,_RINvCsp5cvH02TLu_11things3_cli11print_tasksNtNtNtCsht3nMU9UgFu_3std2io5stdio6StdoutECsizubmevcOyU_7things3
FN:101,_RINvCsp5cvH02TLu_11things3_cli14print_projectsNtNtNtCsht3nMU9UgFu_3std2io5stdio6StdoutECsizubmevcOyU_7things3
FN:128,_RINvCs6YtcLVtNbU0_11things3_cli11print_areaspEB2_
FN:74,_RINvCs6YtcLVtNbU0_11things3_cli11print_taskspEB2_
FN:101,_RINvCs6YtcLVtNbU0_11things3_cli14print_projectspEB2_
FN:152,_RNvCs6YtcLVtNbU0_11things3_cli12health_check
FN:172,_RNvCs6YtcLVtNbU0_11things3_cli16start_mcp_server
FNDA:2,_RINvCsp5cvH02TLu_11things3_cli11print_areasINtNtNtCsht3nMU9UgFu_3std2io6cursor6CursorINtNtCsiTraAjBDcu4_5alloc3vec3VechEEECslmUnm2AW75P_17integration_tests
FNDA:2,_RINvCsp5cvH02TLu_11things3_cli11print_tasksINtNtNtCsht3nMU9UgFu_3std2io6cursor6CursorINtNtCsiTraAjBDcu4_5alloc3vec3VechEEECslmUnm2AW75P_17integration_tests
FNDA:2,_RINvCsp5cvH02TLu_11things3_cli14print_projectsINtNtNtCsht3nMU9UgFu_3std2io6cursor6CursorINtNtCsiTraAjBDcu4_5alloc3vec3VechEEECslmUnm2AW75P_17integration_tests
FNDA:2,_RNvCsp5cvH02TLu_11things3_cli12health_check
FNDA:1,_RNvCsp5cvH02TLu_11things3_cli16start_mcp_server
FNDA:1,_RINvCsp5cvH02TLu_11things3_cli11print_areasINtNtNtCsht3nMU9UgFu_3std2io6cursor6CursorINtNtCsiTraAjBDcu4_5alloc3vec3VechEEECs4LVHq6tQnHx_7things3
FNDA:7,_RINvCsp5cvH02TLu_11things3_cli11print_tasksINtNtNtCsht3nMU9UgFu_3std2io6cursor6CursorINtNtCsiTraAjBDcu4_5alloc3vec3VechEEECs4LVHq6tQnHx_7things3
FNDA:1,_RINvCsp5cvH02TLu_11things3_cli14print_projectsINtNtNtCsht3nMU9UgFu_3std2io6cursor6CursorINtNtCsiTraAjBDcu4_5alloc3vec3VechEEECs4LVHq6tQnHx_7things3
FNDA:0,_RINvCsp5cvH02TLu_11things3_cli11print_areasNtNtNtCsht3nMU9UgFu_3std2io5stdio6StdoutECsizubmevcOyU_7things3
FNDA:0,_RINvCsp5cvH02TLu_11things3_cli11print_tasksNtNtNtCsht3nMU9UgFu_3std2io5stdio6StdoutECsizubmevcOyU_7things3
FNDA:0,_RINvCsp5cvH02TLu_11things3_cli14print_projectsNtNtNtCsht3nMU9UgFu_3std2io5stdio6StdoutECsizubmevcOyU_7things3
FNDA:0,_RINvCs6YtcLVtNbU0_11things3_cli11print_areaspEB2_
FNDA:0,_RINvCs6YtcLVtNbU0_11things3_cli11print_taskspEB2_
FNDA:0,_RINvCs6YtcLVtNbU0_11things3_cli14print_projectspEB2_
FNDA:0,_RNvCs6YtcLVtNbU0_11things3_cli12health_check
FNDA:0,_RNvCs6YtcLVtNbU0_11things3_cli16start_mcp_server
FNF:5
FNH:5
DA:74,9
DA:75,9
DA:76,9
DA:77,9
DA:78,9
DA:79,9
DA:80,2
DA:81,2
DA:82,7
DA:84,7
DA:85,39
DA:86,32
DA:87,32
DA:88,32
DA:89,0
DA:90,32
DA:91,6
DA:92,26
DA:93,32
DA:94,0
DA:95,32
DA:96,32
DA:98,7
DA:99,9
DA:101,3
DA:102,3
DA:103,3
DA:104,3
DA:105,3
DA:106,3
DA:107,1
DA:108,1
DA:109,2
DA:111,2
DA:112,6
DA:113,4
DA:114,4
DA:115,4
DA:116,0
DA:117,4
DA:118,2
DA:119,2
DA:120,4
DA:121,0
DA:122,4
DA:123,4
DA:125,2
DA:126,3
DA:128,3
DA:129,3
DA:130,3
DA:131,3
DA:132,3
DA:133,3
DA:134,1
DA:135,1
DA:136,2
DA:138,2
DA:139,8
DA:140,6
DA:141,6
DA:142,0
DA:143,6
DA:144,6
DA:145,0
DA:146,6
DA:147,6
DA:149,2
DA:150,3
DA:152,2
DA:153,2
DA:156,2
DA:157,2
DA:158,2
DA:161,2
DA:162,2
DA:165,2
DA:166,2
DA:168,2
DA:169,2
DA:170,2
DA:172,1
DA:173,1
DA:175,1
DA:179,1
DA:180,1
DA:182,1
DA:183,1
BRF:0
BRH:0
LF:88
LH:82
end_of_record
SF:/Users/garthdb/Projects/rust-things/apps/things3-cli/src/main.rs
FN:140,_RNCNCNvNtCs4LVHq6tQnHx_7things35testss_26test_main_projects_command00B7_
FN:327,_RNCNvNtCs4LVHq6tQnHx_7things35testss_20test_main_with_limit0B5_
FN:227,_RNCNvNtCs4LVHq6tQnHx_7things35testss_21test_main_mcp_command0B5_
FN:157,_RNCNvNtCs4LVHq6tQnHx_7things35testss_23test_main_areas_command0B5_
FN:82,_RNCNvNtCs4LVHq6tQnHx_7things35testss_23test_main_inbox_command0B5_
FN:105,_RNCNvNtCs4LVHq6tQnHx_7things35testss_23test_main_today_command0B5_
FN:208,_RNCNvNtCs4LVHq6tQnHx_7things35testss_24test_main_health_command0B5_
FN:185,_RNCNvNtCs4LVHq6tQnHx_7things35testss_24test_main_search_command0B5_
FN:128,_RNCNvNtCs4LVHq6tQnHx_7things35testss_26test_main_projects_command0B5_
FN:246,_RNCNvNtCs4LVHq6tQnHx_7things35testss_27test_main_with_verbose_flag0B5_
FN:271,_RNCNvNtCs4LVHq6tQnHx_7things35testss_28test_main_with_database_path0B5_
FN:302,_RNCNvNtCs4LVHq6tQnHx_7things35testss_28test_main_with_fallback_flag0B5_
FN:351,_RNCNvNtCs4LVHq6tQnHx_7things35testss_34test_main_config_creation_from_env0B5_
FN:367,_RNCNvNtCs4LVHq6tQnHx_7things35testss_44test_main_config_creation_with_database_path0B5_
FN:40,_RNCNCNvCs4LVHq6tQnHx_7things34main00B5_
FN:10,_RNCNvCs4LVHq6tQnHx_7things34main0B3_
FN:10,_RNvCs4LVHq6tQnHx_7things34main
FN:327,_RNvNtCs4LVHq6tQnHx_7things35testss_20test_main_with_limit
FN:227,_RNvNtCs4LVHq6tQnHx_7things35testss_21test_main_mcp_command
FN:157,_RNvNtCs4LVHq6tQnHx_7things35testss_23test_main_areas_command
FN:82,_RNvNtCs4LVHq6tQnHx_7things35testss_23test_main_inbox_command
FN:105,_RNvNtCs4LVHq6tQnHx_7things35testss_23test_main_today_command
FN:208,_RNvNtCs4LVHq6tQnHx_7things35testss_24test_main_health_command
FN:185,_RNvNtCs4LVHq6tQnHx_7things35testss_24test_main_search_command
FN:128,_RNvNtCs4LVHq6tQnHx_7things35testss_26test_main_projects_command
FN:246,_RNvNtCs4LVHq6tQnHx_7things35testss_27test_main_with_verbose_flag
FN:271,_RNvNtCs4LVHq6tQnHx_7things35testss_28test_main_with_database_path
FN:302,_RNvNtCs4LVHq6tQnHx_7things35testss_28test_main_with_fallback_flag
FN:351,_RNvNtCs4LVHq6tQnHx_7things35testss_34test_main_config_creation_from_env
FN:367,_RNvNtCs4LVHq6tQnHx_7things35testss_44test_main_config_creation_with_database_path
FN:40,_RNCNCNvCsizubmevcOyU_7things34main00B5_
FN:10,_RNCNvCsizubmevcOyU_7things34main0B3_
FN:10,_RNvCsizubmevcOyU_7things34main
FNDA:0,_RNCNCNvNtCs4LVHq6tQnHx_7things35testss_26test_main_projects_command00B7_
FNDA:1,_RNCNvNtCs4LVHq6tQnHx_7things35testss_20test_main_with_limit0B5_
FNDA:1,_RNCNvNtCs4LVHq6tQnHx_7things35testss_21test_main_mcp_command0B5_
FNDA:1,_RNCNvNtCs4LVHq6tQnHx_7things35testss_23test_main_areas_command0B5_
FNDA:1,_RNCNvNtCs4LVHq6tQnHx_7things35testss_23test_main_inbox_command0B5_
FNDA:1,_RNCNvNtCs4LVHq6tQnHx_7things35testss_23test_main_today_command0B5_
FNDA:1,_RNCNvNtCs4LVHq6tQnHx_7things35testss_24test_main_health_command0B5_
FNDA:1,_RNCNvNtCs4LVHq6tQnHx_7things35testss_24test_main_search_command0B5_
FNDA:1,_RNCNvNtCs4LVHq6tQnHx_7things35testss_26test_main_projects_command0B5_
FNDA:1,_RNCNvNtCs4LVHq6tQnHx_7things35testss_27test_main_with_verbose_flag0B5_
FNDA:1,_RNCNvNtCs4LVHq6tQnHx_7things35testss_28test_main_with_database_path0B5_
FNDA:1,_RNCNvNtCs4LVHq6tQnHx_7things35testss_28test_main_with_fallback_flag0B5_
FNDA:1,_RNCNvNtCs4LVHq6tQnHx_7things35testss_34test_main_config_creation_from_env0B5_
FNDA:1,_RNCNvNtCs4LVHq6tQnHx_7things35testss_44test_main_config_creation_with_database_path0B5_
FNDA:0,_RNCNCNvCs4LVHq6tQnHx_7things34main00B5_
FNDA:0,_RNCNvCs4LVHq6tQnHx_7things34main0B3_
FNDA:0,_RNvCs4LVHq6tQnHx_7things34main
FNDA:1,_RNvNtCs4LVHq6tQnHx_7things35testss_20test_main_with_limit
FNDA:1,_RNvNtCs4LVHq6tQnHx_7things35testss_21test_main_mcp_command
FNDA:1,_RNvNtCs4LVHq6tQnHx_7things35testss_23test_main_areas_command
FNDA:1,_RNvNtCs4LVHq6tQnHx_7things35testss_23test_main_inbox_command
FNDA:1,_RNvNtCs4LVHq6tQnHx_7things35testss_23test_main_today_command
FNDA:1,_RNvNtCs4LVHq6tQnHx_7things35testss_24test_main_health_command
FNDA:1,_RNvNtCs4LVHq6tQnHx_7things35testss_24test_main_search_command
FNDA:1,_RNvNtCs4LVHq6tQnHx_7things35testss_26test_main_projects_command
FNDA:1,_RNvNtCs4LVHq6tQnHx_7things35testss_27test_main_with_verbose_flag
FNDA:1,_RNvNtCs4LVHq6tQnHx_7things35testss_28test_main_with_database_path
FNDA:1,_RNvNtCs4LVHq6tQnHx_7things35testss_28test_main_with_fallback_flag
FNDA:1,_RNvNtCs4LVHq6tQnHx_7things35testss_34test_main_config_creation_from_env
FNDA:1,_RNvNtCs4LVHq6tQnHx_7things35testss_44test_main_config_creation_with_database_path
FNDA:0,_RNCNCNvCsizubmevcOyU_7things34main00B5_
FNDA:0,_RNCNvCsizubmevcOyU_7things34main0B3_
FNDA:0,_RNvCsizubmevcOyU_7things34main
FNF:30
FNH:26
DA:10,0
DA:11,0
DA:14,0
DA:15,0
DA:16,0
DA:17,0
DA:18,0
DA:21,0
DA:22,0
DA:24,0
DA:28,0
DA:30,0
DA:31,0
DA:32,0
DA:33,0
DA:34,0
DA:35,0
DA:36,0
DA:37,0
DA:38,0
DA:39,0
DA:40,0
DA:41,0
DA:42,0
DA:43,0
DA:44,0
DA:45,0
DA:46,0
DA:47,0
DA:48,0
DA:49,0
DA:50,0
DA:51,0
DA:52,0
DA:53,0
DA:54,0
DA:55,0
DA:56,0
DA:57,0
DA:58,0
DA:59,0
DA:60,0
DA:61,0
DA:62,0
DA:63,0
DA:64,0
DA:65,0
DA:66,0
DA:67,0
DA:68,0
DA:69,0
DA:70,0
DA:71,0
DA:82,1
DA:83,1
DA:84,1
DA:85,1
DA:87,1
DA:88,1
DA:91,1
DA:92,1
DA:93,1
DA:94,1
DA:95,1
DA:96,1
DA:97,1
DA:99,0
DA:101,1
DA:102,1
DA:105,1
DA:106,1
DA:107,1
DA:108,1
DA:110,1
DA:111,1
DA:114,1
DA:115,1
DA:116,1
DA:117,1
DA:118,1
DA:119,1
DA:120,1
DA:122,0
DA:124,1
DA:125,1
DA:128,1
DA:129,1
DA:130,1
DA:131,1
DA:133,1
DA:134,1
DA:137,1
DA:138,1
DA:139,1
DA:140,1
DA:141,1
DA:142,1
DA:143,0
DA:145,1
DA:147,1
DA:148,1
DA:149,1
DA:151,0
DA:153,1
DA:154,1
DA:157,1
DA:158,1
DA:159,1
DA:160,1
DA:162,1
DA:163,1
DA:166,1
DA:167,1
DA:168,1
DA:169,1
DA:170,1
DA:171,0
DA:173,1
DA:175,1
DA:176,1
DA:177,1
DA:179,0
DA:181,1
DA:182,1
DA:185,1
DA:186,1
DA:187,1
DA:188,1
DA:190,1
DA:191,1
DA:194,1
DA:195,1
DA:196,1
DA:197,1
DA:198,1
DA:199,1
DA:200,1
DA:202,0
DA:204,1
DA:205,1
DA:208,1
DA:209,1
DA:210,1
DA:211,1
DA:213,1
DA:214,1
DA:217,1
DA:218,1
DA:219,1
DA:220,1
DA:221,1
DA:222,1
DA:223,1
DA:224,1
DA:227,1
DA:228,1
DA:229,1
DA:230,1
DA:232,1
DA:233,1
DA:236,1
DA:237,1
DA:238,1
DA:239,1
DA:240,1
DA:241,1
DA:242,1
DA:243,1
DA:246,1
DA:247,1
DA:248,1
DA:249,1
DA:251,1
DA:252,1
DA:255,1
DA:256,1
DA:258,1
DA:259,1
DA:260,1
DA:261,1
DA:262,1
DA:263,1
DA:264,1
DA:265,1
DA:266,1
DA:267,1
DA:268,1
DA:271,1
DA:272,1
DA:273,1
DA:274,1
DA:277,1
DA:278,1
DA:279,1
DA:280,1
DA:281,1
DA:282,1
DA:283,1
DA:284,1
DA:286,1
DA:287,1
DA:289,1
DA:290,1
DA:291,1
DA:292,1
DA:293,1
DA:294,1
DA:295,1
DA:296,1
DA:297,1
DA:298,1
DA:299,1
DA:302,1
DA:303,1
DA:304,1
DA:305,1
DA:308,1
DA:309,1
DA:311,1
DA:312,1
DA:314,1
DA:315,1
DA:316,1
DA:317,1
DA:318,1
DA:319,1
DA:320,1
DA:321,1
DA:322,1
DA:323,1
DA:324,1
DA:327,1
DA:328,1
DA:329,1
DA:330,1
DA:332,1
DA:333,1
DA:336,1
DA:337,1
DA:338,1
DA:339,1
DA:340,1
DA:341,1
DA:342,1
DA:343,1
DA:344,1
DA:345,1
DA:346,1
DA:347,1
DA:348,1
DA:351,1
DA:353,1
DA:356,1
DA:357,0
DA:359,1
DA:363,1
DA:364,1
DA:367,1
DA:368,1
DA:369,1
DA:372,1
DA:373,1
DA:374,1
DA:375,1
DA:376,1
DA:377,1
DA:378,1
DA:380,1
DA:381,1
DA:383,0
DA:388,1
DA:389,1
BRF:0
BRH:0
LF:364
LH:267
end_of_record
SF:/Users/garthdb/Projects/rust-things/apps/things3-cli/src/mcp.rs
FN:72,_RNCNvMNtCsp5cvH02TLu_11things3_cli3mcpNtB4_15ThingsMcpServer10list_tools0CslmUnm2AW75P_17integration_tests
FN:84,_RNCNvMNtCsp5cvH02TLu_11things3_cli3mcpNtB4_15ThingsMcpServer19get_available_tools0CslmUnm2AW75P_17integration_tests
FN:72,_RNvMNtCsp5cvH02TLu_11things3_cli3mcpNtB2_15ThingsMcpServer10list_tools
FN:434,_RNvMNtCsp5cvH02TLu_11things3_cli3mcpNtB2_15ThingsMcpServer16handle_get_areas
FN:395,_RNvMNtCsp5cvH02TLu_11things3_cli3mcpNtB2_15ThingsMcpServer16handle_get_inbox
FN:408,_RNvMNtCsp5cvH02TLu_11things3_cli3mcpNtB2_15ThingsMcpServer16handle_get_today
FN:352,_RNvMNtCsp5cvH02TLu_11things3_cli3mcpNtB2_15ThingsMcpServer16handle_tool_call
FN:460,_RNvMNtCsp5cvH02TLu_11things3_cli3mcpNtB2_15ThingsMcpServer18handle_create_task
FN:532,_RNvMNtCsp5cvH02TLu_11things3_cli3mcpNtB2_15ThingsMcpServer18handle_export_data
FN:482,_RNvMNtCsp5cvH02TLu_11things3_cli3mcpNtB2_15ThingsMcpServer18handle_update_task
FN:84,_RNvMNtCsp5cvH02TLu_11things3_cli3mcpNtB2_15ThingsMcpServer19get_available_tools
FN:421,_RNvMNtCsp5cvH02TLu_11things3_cli3mcpNtB2_15ThingsMcpServer19handle_get_projects
FN:682,_RNvMNtCsp5cvH02TLu_11things3_cli3mcpNtB2_15ThingsMcpServer19handle_list_backups
FN:443,_RNvMNtCsp5cvH02TLu_11things3_cli3mcpNtB2_15ThingsMcpServer19handle_search_tasks
FN:632,_RNvMNtCsp5cvH02TLu_11things3_cli3mcpNtB2_15ThingsMcpServer22handle_backup_database
FN:732,_RNvMNtCsp5cvH02TLu_11things3_cli3mcpNtB2_15ThingsMcpServer22handle_get_cache_stats
FN:607,_RNvMNtCsp5cvH02TLu_11things3_cli3mcpNtB2_15ThingsMcpServer23handle_get_recent_tasks
FN:660,_RNvMNtCsp5cvH02TLu_11things3_cli3mcpNtB2_15ThingsMcpServer23handle_restore_database
FN:587,_RNvMNtCsp5cvH02TLu_11things3_cli3mcpNtB2_15ThingsMcpServer24handle_bulk_create_tasks
FN:721,_RNvMNtCsp5cvH02TLu_11things3_cli3mcpNtB2_15ThingsMcpServer25handle_get_system_metrics
FN:704,_RNvMNtCsp5cvH02TLu_11things3_cli3mcpNtB2_15ThingsMcpServer28handle_get_performance_stats
FN:504,_RNvMNtCsp5cvH02TLu_11things3_cli3mcpNtB2_15ThingsMcpServer31handle_get_productivity_metrics
FN:56,_RNvMNtCsp5cvH02TLu_11things3_cli3mcpNtB2_15ThingsMcpServer3new
FN:79,_RNvMNtCsp5cvH02TLu_11things3_cli3mcpNtB2_15ThingsMcpServer9call_tool
FN:398,_RNCNCNvMNtCsp5cvH02TLu_11things3_cli3mcpNtB6_15ThingsMcpServer16handle_get_inbox00Cs9SxUUITwnnl_9mcp_tests
FN:399,_RNCNCNvMNtCsp5cvH02TLu_11things3_cli3mcpNtB6_15ThingsMcpServer16handle_get_inbox0s_0Cs9SxUUITwnnl_9mcp_tests
FN:411,_RNCNCNvMNtCsp5cvH02TLu_11things3_cli3mcpNtB6_15ThingsMcpServer16handle_get_today00Cs9SxUUITwnnl_9mcp_tests
FN:412,_RNCNCNvMNtCsp5cvH02TLu_11things3_cli3mcpNtB6_15ThingsMcpServer16handle_get_today0s_0Cs9SxUUITwnnl_9mcp_tests
FN:465,_RNCNCNvMNtCsp5cvH02TLu_11things3_cli3mcpNtB6_15ThingsMcpServer18handle_create_task00Cs9SxUUITwnnl_9mcp_tests
FN:466,_RNCNCNvMNtCsp5cvH02TLu_11things3_cli3mcpNtB6_15ThingsMcpServer18handle_create_task0s_0Cs9SxUUITwnnl_9mcp_tests
FN:535,_RNCNCNvMNtCsp5cvH02TLu_11things3_cli3mcpNtB6_15ThingsMcpServer18handle_export_data00Cs9SxUUITwnnl_9mcp_tests
FN:539,_RNCNCNvMNtCsp5cvH02TLu_11things3_cli3mcpNtB6_15ThingsMcpServer18handle_export_data0s0_0Cs9SxUUITwnnl_9mcp_tests
FN:540,_RNCNCNvMNtCsp5cvH02TLu_11things3_cli3mcpNtB6_15ThingsMcpServer18handle_export_data0s1_0Cs9SxUUITwnnl_9mcp_tests
FN:536,_RNCNCNvMNtCsp5cvH02TLu_11things3_cli3mcpNtB6_15ThingsMcpServer18handle_export_data0s_0Cs9SxUUITwnnl_9mcp_tests
FN:487,_RNCNCNvMNtCsp5cvH02TLu_11things3_cli3mcpNtB6_15ThingsMcpServer18handle_update_task00Cs9SxUUITwnnl_9mcp_tests
FN:488,_RNCNCNvMNtCsp5cvH02TLu_11things3_cli3mcpNtB6_15ThingsMcpServer18handle_update_task0s_0Cs9SxUUITwnnl_9mcp_tests
FN:424,_RNCNCNvMNtCsp5cvH02TLu_11things3_cli3mcpNtB6_15ThingsMcpServer19handle_get_projects00Cs9SxUUITwnnl_9mcp_tests
FN:425,_RNCNCNvMNtCsp5cvH02TLu_11things3_cli3mcpNtB6_15ThingsMcpServer19handle_get_projects0s_0Cs9SxUUITwnnl_9mcp_tests
FN:685,_RNCNCNvMNtCsp5cvH02TLu_11things3_cli3mcpNtB6_15ThingsMcpServer19handle_list_backups00Cs9SxUUITwnnl_9mcp_tests
FN:686,_RNCNCNvMNtCsp5cvH02TLu_11things3_cli3mcpNtB6_15ThingsMcpServer19handle_list_backups0s_0Cs9SxUUITwnnl_9mcp_tests
FN:446,_RNCNCNvMNtCsp5cvH02TLu_11things3_cli3mcpNtB6_15ThingsMcpServer19handle_search_tasks00Cs9SxUUITwnnl_9mcp_tests
FN:450,_RNCNCNvMNtCsp5cvH02TLu_11things3_cli3mcpNtB6_15ThingsMcpServer19handle_search_tasks0s0_0Cs9SxUUITwnnl_9mcp_tests
FN:451,_RNCNCNvMNtCsp5cvH02TLu_11things3_cli3mcpNtB6_15ThingsMcpServer19handle_search_tasks0s1_0Cs9SxUUITwnnl_9mcp_tests
FN:447,_RNCNCNvMNtCsp5cvH02TLu_11things3_cli3mcpNtB6_15ThingsMcpServer19handle_search_tasks0s_0Cs9SxUUITwnnl_9mcp_tests
FN:635,_RNCNCNvMNtCsp5cvH02TLu_11things3_cli3mcpNtB6_15ThingsMcpServer22handle_backup_database00Cs9SxUUITwnnl_9mcp_tests
FN:637,_RNCNCNvMNtCsp5cvH02TLu_11things3_cli3mcpNtB6_15ThingsMcpServer22handle_backup_database0s0_0Cs9SxUUITwnnl_9mcp_tests
FN:636,_RNCNCNvMNtCsp5cvH02TLu_11things3_cli3mcpNtB6_15ThingsMcpServer22handle_backup_database0s_0Cs9SxUUITwnnl_9mcp_tests
FN:610,_RNCNCNvMNtCsp5cvH02TLu_11things3_cli3mcpNtB6_15ThingsMcpServer23handle_get_recent_tasks00Cs9SxUUITwnnl_9mcp_tests
FN:612,_RNCNCNvMNtCsp5cvH02TLu_11things3_cli3mcpNtB6_15ThingsMcpServer23handle_get_recent_tasks0s0_0Cs9SxUUITwnnl_9mcp_tests
FN:611,_RNCNCNvMNtCsp5cvH02TLu_11things3_cli3mcpNtB6_15ThingsMcpServer23handle_get_recent_tasks0s_0Cs9SxUUITwnnl_9mcp_tests
FN:663,_RNCNCNvMNtCsp5cvH02TLu_11things3_cli3mcpNtB6_15ThingsMcpServer23handle_restore_database00Cs9SxUUITwnnl_9mcp_tests
FN:664,_RNCNCNvMNtCsp5cvH02TLu_11things3_cli3mcpNtB6_15ThingsMcpServer23handle_restore_database0s_0Cs9SxUUITwnnl_9mcp_tests
FN:590,_RNCNCNvMNtCsp5cvH02TLu_11things3_cli3mcpNtB6_15ThingsMcpServer24handle_bulk_create_tasks00Cs9SxUUITwnnl_9mcp_tests
FN:591,_RNCNCNvMNtCsp5cvH02TLu_11things3_cli3mcpNtB6_15ThingsMcpServer24handle_bulk_create_tasks0s_0Cs9SxUUITwnnl_9mcp_tests
FN:505,_RNCNCNvMNtCsp5cvH02TLu_11things3_cli3mcpNtB6_15ThingsMcpServer31handle_get_productivity_metrics00Cs9SxUUITwnnl_9mcp_tests
FN:520,_RNCNCNvMNtCsp5cvH02TLu_11things3_cli3mcpNtB6_15ThingsMcpServer31handle_get_productivity_metrics0s0_0Cs9SxUUITwnnl_9mcp_tests
FN:519,_RNCNCNvMNtCsp5cvH02TLu_11things3_cli3mcpNtB6_15ThingsMcpServer31handle_get_productivity_metrics0s_0Cs9SxUUITwnnl_9mcp_tests
FN:72,_RNCNvMNtCsp5cvH02TLu_11things3_cli3mcpNtB4_15ThingsMcpServer10list_tools0Cs9SxUUITwnnl_9mcp_tests
FN:434,_RNCNvMNtCsp5cvH02TLu_11things3_cli3mcpNtB4_15ThingsMcpServer16handle_get_areas0Cs9SxUUITwnnl_9mcp_tests
FN:395,_RNCNvMNtCsp5cvH02TLu_11things3_cli3mcpNtB4_15ThingsMcpServer16handle_get_inbox0Cs9SxUUITwnnl_9mcp_tests
FN:408,_RNCNvMNtCsp5cvH02TLu_11things3_cli3mcpNtB4_15ThingsMcpServer16handle_get_today0Cs9SxUUITwnnl_9mcp_tests
FN:352,_RNCNvMNtCsp5cvH02TLu_11things3_cli3mcpNtB4_15ThingsMcpServer16handle_tool_call0Cs9SxUUITwnnl_9mcp_tests
FN:460,_RNCNvMNtCsp5cvH02TLu_11things3_cli3mcpNtB4_15ThingsMcpServer18handle_create_task0Cs9SxUUITwnnl_9mcp_tests
FN:532,_RNCNvMNtCsp5cvH02TLu_11things3_cli3mcpNtB4_15ThingsMcpServer18handle_export_data0Cs9SxUUITwnnl_9mcp_tests
FN:482,_RNCNvMNtCsp5cvH02TLu_11things3_cli3mcpNtB4_15ThingsMcpServer18handle_update_task0Cs9SxUUITwnnl_9mcp_tests
FN:84,_RNCNvMNtCsp5cvH02TLu_11things3_cli3mcpNtB4_15ThingsMcpServer19get_available_tools0Cs9SxUUITwnnl_9mcp_tests
FN:421,_RNCNvMNtCsp5cvH02TLu_11things3_cli3mcpNtB4_15ThingsMcpServer19handle_get_projects0Cs9SxUUITwnnl_9mcp_tests
FN:682,_RNCNvMNtCsp5cvH02TLu_11things3_cli3mcpNtB4_15ThingsMcpServer19handle_list_backups0Cs9SxUUITwnnl_9mcp_tests
FN:443,_RNCNvMNtCsp5cvH02TLu_11things3_cli3mcpNtB4_15ThingsMcpServer19handle_search_tasks0Cs9SxUUITwnnl_9mcp_tests
FN:632,_RNCNvMNtCsp5cvH02TLu_11things3_cli3mcpNtB4_15ThingsMcpServer22handle_backup_database0Cs9SxUUITwnnl_9mcp_tests
FN:732,_RNCNvMNtCsp5cvH02TLu_11things3_cli3mcpNtB4_15ThingsMcpServer22handle_get_cache_stats0Cs9SxUUITwnnl_9mcp_tests
FN:607,_RNCNvMNtCsp5cvH02TLu_11things3_cli3mcpNtB4_15ThingsMcpServer23handle_get_recent_tasks0Cs9SxUUITwnnl_9mcp_tests
FN:660,_RNCNvMNtCsp5cvH02TLu_11things3_cli3mcpNtB4_15ThingsMcpServer23handle_restore_database0Cs9SxUUITwnnl_9mcp_tests
FN:587,_RNCNvMNtCsp5cvH02TLu_11things3_cli3mcpNtB4_15ThingsMcpServer24handle_bulk_create_tasks0Cs9SxUUITwnnl_9mcp_tests
FN:721,_RNCNvMNtCsp5cvH02TLu_11things3_cli3mcpNtB4_15ThingsMcpServer25handle_get_system_metrics0Cs9SxUUITwnnl_9mcp_tests
FN:704,_RNCNvMNtCsp5cvH02TLu_11things3_cli3mcpNtB4_15ThingsMcpServer28handle_get_performance_stats0Cs9SxUUITwnnl_9mcp_tests
FN:504,_RNCNvMNtCsp5cvH02TLu_11things3_cli3mcpNtB4_15ThingsMcpServer31handle_get_productivity_metrics0Cs9SxUUITwnnl_9mcp_tests
FN:79,_RNCNvMNtCsp5cvH02TLu_11things3_cli3mcpNtB4_15ThingsMcpServer9call_tool0Cs9SxUUITwnnl_9mcp_tests
FN:398,_RNCNCNvMNtCs6YtcLVtNbU0_11things3_cli3mcpNtB6_15ThingsMcpServer16handle_get_inbox00B8_
FN:399,_RNCNCNvMNtCs6YtcLVtNbU0_11things3_cli3mcpNtB6_15ThingsMcpServer16handle_get_inbox0s_0B8_
FN:411,_RNCNCNvMNtCs6YtcLVtNbU0_11things3_cli3mcpNtB6_15ThingsMcpServer16handle_get_today00B8_
FN:412,_RNCNCNvMNtCs6YtcLVtNbU0_11things3_cli3mcpNtB6_15ThingsMcpServer16handle_get_today0s_0B8_
FN:465,_RNCNCNvMNtCs6YtcLVtNbU0_11things3_cli3mcpNtB6_15ThingsMcpServer18handle_create_task00B8_
FN:466,_RNCNCNvMNtCs6YtcLVtNbU0_11things3_cli3mcpNtB6_15ThingsMcpServer18handle_create_task0s_0B8_
FN:535,_RNCNCNvMNtCs6YtcLVtNbU0_11things3_cli3mcpNtB6_15ThingsMcpServer18handle_export_data00B8_
FN:539,_RNCNCNvMNtCs6YtcLVtNbU0_11things3_cli3mcpNtB6_15ThingsMcpServer18handle_export_data0s0_0B8_
FN:540,_RNCNCNvMNtCs6YtcLVtNbU0_11things3_cli3mcpNtB6_15ThingsMcpServer18handle_export_data0s1_0B8_
FN:536,_RNCNCNvMNtCs6YtcLVtNbU0_11things3_cli3mcpNtB6_15ThingsMcpServer18handle_export_data0s_0B8_
FN:487,_RNCNCNvMNtCs6YtcLVtNbU0_11things3_cli3mcpNtB6_15ThingsMcpServer18handle_update_task00B8_
FN:488,_RNCNCNvMNtCs6YtcLVtNbU0_11things3_cli3mcpNtB6_15ThingsMcpServer18handle_update_task0s_0B8_
FN:424,_RNCNCNvMNtCs6YtcLVtNbU0_11things3_cli3mcpNtB6_15ThingsMcpServer19handle_get_projects00B8_
FN:425,_RNCNCNvMNtCs6YtcLVtNbU0_11things3_cli3mcpNtB6_15ThingsMcpServer19handle_get_projects0s_0B8_
FN:685,_RNCNCNvMNtCs6YtcLVtNbU0_11things3_cli3mcpNtB6_15ThingsMcpServer19handle_list_backups00B8_
FN:686,_RNCNCNvMNtCs6YtcLVtNbU0_11things3_cli3mcpNtB6_15ThingsMcpServer19handle_list_backups0s_0B8_
FN:446,_RNCNCNvMNtCs6YtcLVtNbU0_11things3_cli3mcpNtB6_15ThingsMcpServer19handle_search_tasks00B8_
FN:450,_RNCNCNvMNtCs6YtcLVtNbU0_11things3_cli3mcpNtB6_15ThingsMcpServer19handle_search_tasks0s0_0B8_
FN:451,_RNCNCNvMNtCs6YtcLVtNbU0_11things3_cli3mcpNtB6_15ThingsMcpServer19handle_search_tasks0s1_0B8_
FN:447,_RNCNCNvMNtCs6YtcLVtNbU0_11things3_cli3mcpNtB6_15ThingsMcpServer19handle_search_tasks0s_0B8_
FN:635,_RNCNCNvMNtCs6YtcLVtNbU0_11things3_cli3mcpNtB6_15ThingsMcpServer22handle_backup_database00B8_
FN:637,_RNCNCNvMNtCs6YtcLVtNbU0_11things3_cli3mcpNtB6_15ThingsMcpServer22handle_backup_database0s0_0B8_
FN:636,_RNCNCNvMNtCs6YtcLVtNbU0_11things3_cli3mcpNtB6_15ThingsMcpServer22handle_backup_database0s_0B8_
FN:610,_RNCNCNvMNtCs6YtcLVtNbU0_11things3_cli3mcpNtB6_15ThingsMcpServer23handle_get_recent_tasks00B8_
FN:612,_RNCNCNvMNtCs6YtcLVtNbU0_11things3_cli3mcpNtB6_15ThingsMcpServer23handle_get_recent_tasks0s0_0B8_
FN:611,_RNCNCNvMNtCs6YtcLVtNbU0_11things3_cli3mcpNtB6_15ThingsMcpServer23handle_get_recent_tasks0s_0B8_
FN:663,_RNCNCNvMNtCs6YtcLVtNbU0_11things3_cli3mcpNtB6_15ThingsMcpServer23handle_restore_database00B8_
FN:664,_RNCNCNvMNtCs6YtcLVtNbU0_11things3_cli3mcpNtB6_15ThingsMcpServer23handle_restore_database0s_0B8_
FN:590,_RNCNCNvMNtCs6YtcLVtNbU0_11things3_cli3mcpNtB6_15ThingsMcpServer24handle_bulk_create_tasks00B8_
FN:591,_RNCNCNvMNtCs6YtcLVtNbU0_11things3_cli3mcpNtB6_15ThingsMcpServer24handle_bulk_create_tasks0s_0B8_
FN:505,_RNCNCNvMNtCs6YtcLVtNbU0_11things3_cli3mcpNtB6_15ThingsMcpServer31handle_get_productivity_metrics00B8_
FN:520,_RNCNCNvMNtCs6YtcLVtNbU0_11things3_cli3mcpNtB6_15ThingsMcpServer31handle_get_productivity_metrics0s0_0B8_
FN:519,_RNCNCNvMNtCs6YtcLVtNbU0_11things3_cli3mcpNtB6_15ThingsMcpServer31handle_get_productivity_metrics0s_0B8_
FN:72,_RNCNvMNtCs6YtcLVtNbU0_11things3_cli3mcpNtB4_15ThingsMcpServer10list_tools0B6_
FN:434,_RNCNvMNtCs6YtcLVtNbU0_11things3_cli3mcpNtB4_15ThingsMcpServer16handle_get_areas0B6_
FN:395,_RNCNvMNtCs6YtcLVtNbU0_11things3_cli3mcpNtB4_15ThingsMcpServer16handle_get_inbox0B6_
FN:408,_RNCNvMNtCs6YtcLVtNbU0_11things3_cli3mcpNtB4_15ThingsMcpServer16handle_get_today0B6_
FN:352,_RNCNvMNtCs6YtcLVtNbU0_11things3_cli3mcpNtB4_15ThingsMcpServer16handle_tool_call0B6_
FN:460,_RNCNvMNtCs6YtcLVtNbU0_11things3_cli3mcpNtB4_15ThingsMcpServer18handle_create_task0B6_
FN:532,_RNCNvMNtCs6YtcLVtNbU0_11things3_cli3mcpNtB4_15ThingsMcpServer18handle_export_data0B6_
FN:482,_RNCNvMNtCs6YtcLVtNbU0_11things3_cli3mcpNtB4_15ThingsMcpServer18handle_update_task0B6_
FN:84,_RNCNvMNtCs6YtcLVtNbU0_11things3_cli3mcpNtB4_15ThingsMcpServer19get_available_tools0B6_
FN:421,_RNCNvMNtCs6YtcLVtNbU0_11things3_cli3mcpNtB4_15ThingsMcpServer19handle_get_projects0B6_
FN:682,_RNCNvMNtCs6YtcLVtNbU0_11things3_cli3mcpNtB4_15ThingsMcpServer19handle_list_backups0B6_
FN:443,_RNCNvMNtCs6YtcLVtNbU0_11things3_cli3mcpNtB4_15ThingsMcpServer19handle_search_tasks0B6_
FN:632,_RNCNvMNtCs6YtcLVtNbU0_11things3_cli3mcpNtB4_15ThingsMcpServer22handle_backup_database0B6_
FN:732,_RNCNvMNtCs6YtcLVtNbU0_11things3_cli3mcpNtB4_15ThingsMcpServer22handle_get_cache_stats0B6_
FN:607,_RNCNvMNtCs6YtcLVtNbU0_11things3_cli3mcpNtB4_15ThingsMcpServer23handle_get_recent_tasks0B6_
FN:660,_RNCNvMNtCs6YtcLVtNbU0_11things3_cli3mcpNtB4_15ThingsMcpServer23handle_restore_database0B6_
FN:587,_RNCNvMNtCs6YtcLVtNbU0_11things3_cli3mcpNtB4_15ThingsMcpServer24handle_bulk_create_tasks0B6_
FN:721,_RNCNvMNtCs6YtcLVtNbU0_11things3_cli3mcpNtB4_15ThingsMcpServer25handle_get_system_metrics0B6_
FN:704,_RNCNvMNtCs6YtcLVtNbU0_11things3_cli3mcpNtB4_15ThingsMcpServer28handle_get_performance_stats0B6_
FN:504,_RNCNvMNtCs6YtcLVtNbU0_11things3_cli3mcpNtB4_15ThingsMcpServer31handle_get_productivity_metrics0B6_
FN:79,_RNCNvMNtCs6YtcLVtNbU0_11things3_cli3mcpNtB4_15ThingsMcpServer9call_tool0B6_
FN:72,_RNvMNtCs6YtcLVtNbU0_11things3_cli3mcpNtB2_15ThingsMcpServer10list_tools
FN:434,_RNvMNtCs6YtcLVtNbU0_11things3_cli3mcpNtB2_15ThingsMcpServer16handle_get_areas
FN:395,_RNvMNtCs6YtcLVtNbU0_11things3_cli3mcpNtB2_15ThingsMcpServer16handle_get_inbox
FN:408,_RNvMNtCs6YtcLVtNbU0_11things3_cli3mcpNtB2_15ThingsMcpServer16handle_get_today
FN:352,_RNvMNtCs6YtcLVtNbU0_11things3_cli3mcpNtB2_15ThingsMcpServer16handle_tool_call
FN:460,_RNvMNtCs6YtcLVtNbU0_11things3_cli3mcpNtB2_15ThingsMcpServer18handle_create_task
FN:532,_RNvMNtCs6YtcLVtNbU0_11things3_cli3mcpNtB2_15ThingsMcpServer18handle_export_data
FN:482,_RNvMNtCs6YtcLVtNbU0_11things3_cli3mcpNtB2_15ThingsMcpServer18handle_update_task
FN:84,_RNvMNtCs6YtcLVtNbU0_11things3_cli3mcpNtB2_15ThingsMcpServer19get_available_tools
FN:421,_RNvMNtCs6YtcLVtNbU0_11things3_cli3mcpNtB2_15ThingsMcpServer19handle_get_projects
FN:682,_RNvMNtCs6YtcLVtNbU0_11things3_cli3mcpNtB2_15ThingsMcpServer19handle_list_backups
FN:443,_RNvMNtCs6YtcLVtNbU0_11things3_cli3mcpNtB2_15ThingsMcpServer19handle_search_tasks
FN:632,_RNvMNtCs6YtcLVtNbU0_11things3_cli3mcpNtB2_15ThingsMcpServer22handle_backup_database
FN:732,_RNvMNtCs6YtcLVtNbU0_11things3_cli3mcpNtB2_15ThingsMcpServer22handle_get_cache_stats
FN:607,_RNvMNtCs6YtcLVtNbU0_11things3_cli3mcpNtB2_15ThingsMcpServer23handle_get_recent_tasks
FN:660,_RNvMNtCs6YtcLVtNbU0_11things3_cli3mcpNtB2_15ThingsMcpServer23handle_restore_database
FN:587,_RNvMNtCs6YtcLVtNbU0_11things3_cli3mcpNtB2_15ThingsMcpServer24handle_bulk_create_tasks
FN:721,_RNvMNtCs6YtcLVtNbU0_11things3_cli3mcpNtB2_15ThingsMcpServer25handle_get_system_metrics
FN:704,_RNvMNtCs6YtcLVtNbU0_11things3_cli3mcpNtB2_15ThingsMcpServer28handle_get_performance_stats
FN:504,_RNvMNtCs6YtcLVtNbU0_11things3_cli3mcpNtB2_15ThingsMcpServer31handle_get_productivity_metrics
FN:56,_RNvMNtCs6YtcLVtNbU0_11things3_cli3mcpNtB2_15ThingsMcpServer3new
FN:79,_RNvMNtCs6YtcLVtNbU0_11things3_cli3mcpNtB2_15ThingsMcpServer9call_tool
FNDA:1,_RNCNvMNtCsp5cvH02TLu_11things3_cli3mcpNtB4_15ThingsMcpServer10list_tools0CslmUnm2AW75P_17integration_tests
FNDA:1,_RNCNvMNtCsp5cvH02TLu_11things3_cli3mcpNtB4_15ThingsMcpServer19get_available_tools0CslmUnm2AW75P_17integration_tests
FNDA:4,_RNvMNtCsp5cvH02TLu_11things3_cli3mcpNtB2_15ThingsMcpServer10list_tools
FNDA:1,_RNvMNtCsp5cvH02TLu_11things3_cli3mcpNtB2_15ThingsMcpServer16handle_get_areas
FNDA:4,_RNvMNtCsp5cvH02TLu_11things3_cli3mcpNtB2_15ThingsMcpServer16handle_get_inbox
FNDA:1,_RNvMNtCsp5cvH02TLu_11things3_cli3mcpNtB2_15ThingsMcpServer16handle_get_today
FNDA:34,_RNvMNtCsp5cvH02TLu_11things3_cli3mcpNtB2_15ThingsMcpServer16handle_tool_call
FNDA:2,_RNvMNtCsp5cvH02TLu_11things3_cli3mcpNtB2_15ThingsMcpServer18handle_create_task
FNDA:4,_RNvMNtCsp5cvH02TLu_11things3_cli3mcpNtB2_15ThingsMcpServer18handle_export_data
FNDA:2,_RNvMNtCsp5cvH02TLu_11things3_cli3mcpNtB2_15ThingsMcpServer18handle_update_task
FNDA:4,_RNvMNtCsp5cvH02TLu_11things3_cli3mcpNtB2_15ThingsMcpServer19get_available_tools
FNDA:2,_RNvMNtCsp5cvH02TLu_11things3_cli3mcpNtB2_15ThingsMcpServer19handle_get_projects
FNDA:2,_RNvMNtCsp5cvH02TLu_11things3_cli3mcpNtB2_15ThingsMcpServer19handle_list_backups
FNDA:2,_RNvMNtCsp5cvH02TLu_11things3_cli3mcpNtB2_15ThingsMcpServer19handle_search_tasks
FNDA:2,_RNvMNtCsp5cvH02TLu_11things3_cli3mcpNtB2_15ThingsMcpServer22handle_backup_database
FNDA:1,_RNvMNtCsp5cvH02TLu_11things3_cli3mcpNtB2_15ThingsMcpServer22handle_get_cache_stats
FNDA:2,_RNvMNtCsp5cvH02TLu_11things3_cli3mcpNtB2_15ThingsMcpServer23handle_get_recent_tasks
FNDA:2,_RNvMNtCsp5cvH02TLu_11things3_cli3mcpNtB2_15ThingsMcpServer23handle_restore_database
FNDA:2,_RNvMNtCsp5cvH02TLu_11things3_cli3mcpNtB2_15ThingsMcpServer24handle_bulk_create_tasks
FNDA:1,_RNvMNtCsp5cvH02TLu_11things3_cli3mcpNtB2_15ThingsMcpServer25handle_get_system_metrics
FNDA:1,_RNvMNtCsp5cvH02TLu_11things3_cli3mcpNtB2_15ThingsMcpServer28handle_get_performance_stats
FNDA:2,_RNvMNtCsp5cvH02TLu_11things3_cli3mcpNtB2_15ThingsMcpServer31handle_get_productivity_metrics
FNDA:40,_RNvMNtCsp5cvH02TLu_11things3_cli3mcpNtB2_15ThingsMcpServer3new
FNDA:34,_RNvMNtCsp5cvH02TLu_11things3_cli3mcpNtB2_15ThingsMcpServer9call_tool
FNDA:2,_RNCNCNvMNtCsp5cvH02TLu_11things3_cli3mcpNtB6_15ThingsMcpServer16handle_get_inbox00Cs9SxUUITwnnl_9mcp_tests
FNDA:1,_RNCNCNvMNtCsp5cvH02TLu_11things3_cli3mcpNtB6_15ThingsMcpServer16handle_get_inbox0s_0Cs9SxUUITwnnl_9mcp_tests
FNDA:1,_RNCNCNvMNtCsp5cvH02TLu_11things3_cli3mcpNtB6_15ThingsMcpServer16handle_get_today00Cs9SxUUITwnnl_9mcp_tests
FNDA:1,_RNCNCNvMNtCsp5cvH02TLu_11things3_cli3mcpNtB6_15ThingsMcpServer16handle_get_today0s_0Cs9SxUUITwnnl_9mcp_tests
FNDA:1,_RNCNCNvMNtCsp5cvH02TLu_11things3_cli3mcpNtB6_15ThingsMcpServer18handle_create_task00Cs9SxUUITwnnl_9mcp_tests
FNDA:1,_RNCNCNvMNtCsp5cvH02TLu_11things3_cli3mcpNtB6_15ThingsMcpServer18handle_create_task0s_0Cs9SxUUITwnnl_9mcp_tests
FNDA:4,_RNCNCNvMNtCsp5cvH02TLu_11things3_cli3mcpNtB6_15ThingsMcpServer18handle_export_data00Cs9SxUUITwnnl_9mcp_tests
FNDA:3,_RNCNCNvMNtCsp5cvH02TLu_11things3_cli3mcpNtB6_15ThingsMcpServer18handle_export_data0s0_0Cs9SxUUITwnnl_9mcp_tests
FNDA:1,_RNCNCNvMNtCsp5cvH02TLu_11things3_cli3mcpNtB6_15ThingsMcpServer18handle_export_data0s1_0Cs9SxUUITwnnl_9mcp_tests
FNDA:0,_RNCNCNvMNtCsp5cvH02TLu_11things3_cli3mcpNtB6_15ThingsMcpServer18handle_export_data0s_0Cs9SxUUITwnnl_9mcp_tests
FNDA:1,_RNCNCNvMNtCsp5cvH02TLu_11things3_cli3mcpNtB6_15ThingsMcpServer18handle_update_task00Cs9SxUUITwnnl_9mcp_tests
FNDA:1,_RNCNCNvMNtCsp5cvH02TLu_11things3_cli3mcpNtB6_15ThingsMcpServer18handle_update_task0s_0Cs9SxUUITwnnl_9mcp_tests
FNDA:1,_RNCNCNvMNtCsp5cvH02TLu_11things3_cli3mcpNtB6_15ThingsMcpServer19handle_get_projects00Cs9SxUUITwnnl_9mcp_tests
FNDA:1,_RNCNCNvMNtCsp5cvH02TLu_11things3_cli3mcpNtB6_15ThingsMcpServer19handle_get_projects0s_0Cs9SxUUITwnnl_9mcp_tests
FNDA:1,_RNCNCNvMNtCsp5cvH02TLu_11things3_cli3mcpNtB6_15ThingsMcpServer19handle_list_backups00Cs9SxUUITwnnl_9mcp_tests
FNDA:1,_RNCNCNvMNtCsp5cvH02TLu_11things3_cli3mcpNtB6_15ThingsMcpServer19handle_list_backups0s_0Cs9SxUUITwnnl_9mcp_tests
FNDA:1,_RNCNCNvMNtCsp5cvH02TLu_11things3_cli3mcpNtB6_15ThingsMcpServer19handle_search_tasks00Cs9SxUUITwnnl_9mcp_tests
FNDA:1,_RNCNCNvMNtCsp5cvH02TLu_11things3_cli3mcpNtB6_15ThingsMcpServer19handle_search_tasks0s0_0Cs9SxUUITwnnl_9mcp_tests
FNDA:1,_RNCNCNvMNtCsp5cvH02TLu_11things3_cli3mcpNtB6_15ThingsMcpServer19handle_search_tasks0s1_0Cs9SxUUITwnnl_9mcp_tests
FNDA:1,_RNCNCNvMNtCsp5cvH02TLu_11things3_cli3mcpNtB6_15ThingsMcpServer19handle_search_tasks0s_0Cs9SxUUITwnnl_9mcp_tests
FNDA:1,_RNCNCNvMNtCsp5cvH02TLu_11things3_cli3mcpNtB6_15ThingsMcpServer22handle_backup_database00Cs9SxUUITwnnl_9mcp_tests
FNDA:1,_RNCNCNvMNtCsp5cvH02TLu_11things3_cli3mcpNtB6_15ThingsMcpServer22handle_backup_database0s0_0Cs9SxUUITwnnl_9mcp_tests
FNDA:1,_RNCNCNvMNtCsp5cvH02TLu_11things3_cli3mcpNtB6_15ThingsMcpServer22handle_backup_database0s_0Cs9SxUUITwnnl_9mcp_tests
FNDA:1,_RNCNCNvMNtCsp5cvH02TLu_11things3_cli3mcpNtB6_15ThingsMcpServer23handle_get_recent_tasks00Cs9SxUUITwnnl_9mcp_tests
FNDA:1,_RNCNCNvMNtCsp5cvH02TLu_11things3_cli3mcpNtB6_15ThingsMcpServer23handle_get_recent_tasks0s0_0Cs9SxUUITwnnl_9mcp_tests
FNDA:1,_RNCNCNvMNtCsp5cvH02TLu_11things3_cli3mcpNtB6_15ThingsMcpServer23handle_get_recent_tasks0s_0Cs9SxUUITwnnl_9mcp_tests
FNDA:1,_RNCNCNvMNtCsp5cvH02TLu_11things3_cli3mcpNtB6_15ThingsMcpServer23handle_restore_database00Cs9SxUUITwnnl_9mcp_tests
FNDA:1,_RNCNCNvMNtCsp5cvH02TLu_11things3_cli3mcpNtB6_15ThingsMcpServer23handle_restore_database0s_0Cs9SxUUITwnnl_9mcp_tests
FNDA:1,_RNCNCNvMNtCsp5cvH02TLu_11things3_cli3mcpNtB6_15ThingsMcpServer24handle_bulk_create_tasks00Cs9SxUUITwnnl_9mcp_tests
FNDA:1,_RNCNCNvMNtCsp5cvH02TLu_11things3_cli3mcpNtB6_15ThingsMcpServer24handle_bulk_create_tasks0s_0Cs9SxUUITwnnl_9mcp_tests
FNDA:1,_RNCNCNvMNtCsp5cvH02TLu_11things3_cli3mcpNtB6_15ThingsMcpServer31handle_get_productivity_metrics00Cs9SxUUITwnnl_9mcp_tests
FNDA:0,_RNCNCNvMNtCsp5cvH02TLu_11things3_cli3mcpNtB6_15ThingsMcpServer31handle_get_productivity_metrics0s0_0Cs9SxUUITwnnl_9mcp_tests
FNDA:0,_RNCNCNvMNtCsp5cvH02TLu_11things3_cli3mcpNtB6_15ThingsMcpServer31handle_get_productivity_metrics0s_0Cs9SxUUITwnnl_9mcp_tests
FNDA:3,_RNCNvMNtCsp5cvH02TLu_11things3_cli3mcpNtB4_15ThingsMcpServer10list_tools0Cs9SxUUITwnnl_9mcp_tests
FNDA:1,_RNCNvMNtCsp5cvH02TLu_11things3_cli3mcpNtB4_15ThingsMcpServer16handle_get_areas0Cs9SxUUITwnnl_9mcp_tests
FNDA:4,_RNCNvMNtCsp5cvH02TLu_11things3_cli3mcpNtB4_15ThingsMcpServer16handle_get_inbox0Cs9SxUUITwnnl_9mcp_tests
FNDA:1,_RNCNvMNtCsp5cvH02TLu_11things3_cli3mcpNtB4_15ThingsMcpServer16handle_get_today0Cs9SxUUITwnnl_9mcp_tests
FNDA:34,_RNCNvMNtCsp5cvH02TLu_11things3_cli3mcpNtB4_15ThingsMcpServer16handle_tool_call0Cs9SxUUITwnnl_9mcp_tests
FNDA:2,_RNCNvMNtCsp5cvH02TLu_11things3_cli3mcpNtB4_15ThingsMcpServer18handle_create_task0Cs9SxUUITwnnl_9mcp_tests
FNDA:4,_RNCNvMNtCsp5cvH02TLu_11things3_cli3mcpNtB4_15ThingsMcpServer18handle_export_data0Cs9SxUUITwnnl_9mcp_tests
FNDA:2,_RNCNvMNtCsp5cvH02TLu_11things3_cli3mcpNtB4_15ThingsMcpServer18handle_update_task0Cs9SxUUITwnnl_9mcp_tests
FNDA:3,_RNCNvMNtCsp5cvH02TLu_11things3_cli3mcpNtB4_15ThingsMcpServer19get_available_tools0Cs9SxUUITwnnl_9mcp_tests
FNDA:2,_RNCNvMNtCsp5cvH02TLu_11things3_cli3mcpNtB4_15ThingsMcpServer19handle_get_projects0Cs9SxUUITwnnl_9mcp_tests
FNDA:2,_RNCNvMNtCsp5cvH02TLu_11things3_cli3mcpNtB4_15ThingsMcpServer19handle_list_backups0Cs9SxUUITwnnl_9mcp_tests
FNDA:2,_RNCNvMNtCsp5cvH02TLu_11things3_cli3mcpNtB4_15ThingsMcpServer19handle_search_tasks0Cs9SxUUITwnnl_9mcp_tests
FNDA:2,_RNCNvMNtCsp5cvH02TLu_11things3_cli3mcpNtB4_15ThingsMcpServer22handle_backup_database0Cs9SxUUITwnnl_9mcp_tests
FNDA:1,_RNCNvMNtCsp5cvH02TLu_11things3_cli3mcpNtB4_15ThingsMcpServer22handle_get_cache_stats0Cs9SxUUITwnnl_9mcp_tests
FNDA:2,_RNCNvMNtCsp5cvH02TLu_11things3_cli3mcpNtB4_15ThingsMcpServer23handle_get_recent_tasks0Cs9SxUUITwnnl_9mcp_tests
FNDA:2,_RNCNvMNtCsp5cvH02TLu_11things3_cli3mcpNtB4_15ThingsMcpServer23handle_restore_database0Cs9SxUUITwnnl_9mcp_tests
FNDA:2,_RNCNvMNtCsp5cvH02TLu_11things3_cli3mcpNtB4_15ThingsMcpServer24handle_bulk_create_tasks0Cs9SxUUITwnnl_9mcp_tests
FNDA:1,_RNCNvMNtCsp5cvH02TLu_11things3_cli3mcpNtB4_15ThingsMcpServer25handle_get_system_metrics0Cs9SxUUITwnnl_9mcp_tests
FNDA:1,_RNCNvMNtCsp5cvH02TLu_11things3_cli3mcpNtB4_15ThingsMcpServer28handle_get_performance_stats0Cs9SxUUITwnnl_9mcp_tests
FNDA:2,_RNCNvMNtCsp5cvH02TLu_11things3_cli3mcpNtB4_15ThingsMcpServer31handle_get_productivity_metrics0Cs9SxUUITwnnl_9mcp_tests
FNDA:34,_RNCNvMNtCsp5cvH02TLu_11things3_cli3mcpNtB4_15ThingsMcpServer9call_tool0Cs9SxUUITwnnl_9mcp_tests
FNDA:0,_RNCNCNvMNtCs6YtcLVtNbU0_11things3_cli3mcpNtB6_15ThingsMcpServer16handle_get_inbox00B8_
FNDA:0,_RNCNCNvMNtCs6YtcLVtNbU0_11things3_cli3mcpNtB6_15ThingsMcpServer16handle_get_inbox0s_0B8_
FNDA:0,_RNCNCNvMNtCs6YtcLVtNbU0_11things3_cli3mcpNtB6_15ThingsMcpServer16handle_get_today00B8_
FNDA:0,_RNCNCNvMNtCs6YtcLVtNbU0_11things3_cli3mcpNtB6_15ThingsMcpServer16handle_get_today0s_0B8_
FNDA:0,_RNCNCNvMNtCs6YtcLVtNbU0_11things3_cli3mcpNtB6_15ThingsMcpServer18handle_create_task00B8_
FNDA:0,_RNCNCNvMNtCs6YtcLVtNbU0_11things3_cli3mcpNtB6_15ThingsMcpServer18handle_create_task0s_0B8_
FNDA:0,_RNCNCNvMNtCs6YtcLVtNbU0_11things3_cli3mcpNtB6_15ThingsMcpServer18handle_export_data00B8_
FNDA:0,_RNCNCNvMNtCs6YtcLVtNbU0_11things3_cli3mcpNtB6_15ThingsMcpServer18handle_export_data0s0_0B8_
FNDA:0,_RNCNCNvMNtCs6YtcLVtNbU0_11things3_cli3mcpNtB6_15ThingsMcpServer18handle_export_data0s1_0B8_
FNDA:0,_RNCNCNvMNtCs6YtcLVtNbU0_11things3_cli3mcpNtB6_15ThingsMcpServer18handle_export_data0s_0B8_
FNDA:0,_RNCNCNvMNtCs6YtcLVtNbU0_11things3_cli3mcpNtB6_15ThingsMcpServer18handle_update_task00B8_
FNDA:0,_RNCNCNvMNtCs6YtcLVtNbU0_11things3_cli3mcpNtB6_15ThingsMcpServer18handle_update_task0s_0B8_
FNDA:0,_RNCNCNvMNtCs6YtcLVtNbU0_11things3_cli3mcpNtB6_15ThingsMcpServer19handle_get_projects00B8_
FNDA:0,_RNCNCNvMNtCs6YtcLVtNbU0_11things3_cli3mcpNtB6_15ThingsMcpServer19handle_get_projects0s_0B8_
FNDA:0,_RNCNCNvMNtCs6YtcLVtNbU0_11things3_cli3mcpNtB6_15ThingsMcpServer19handle_list_backups00B8_
FNDA:0,_RNCNCNvMNtCs6YtcLVtNbU0_11things3_cli3mcpNtB6_15ThingsMcpServer19handle_list_backups0s_0B8_
FNDA:0,_RNCNCNvMNtCs6YtcLVtNbU0_11things3_cli3mcpNtB6_15ThingsMcpServer19handle_search_tasks00B8_
FNDA:0,_RNCNCNvMNtCs6YtcLVtNbU0_11things3_cli3mcpNtB6_15ThingsMcpServer19handle_search_tasks0s0_0B8_
FNDA:0,_RNCNCNvMNtCs6YtcLVtNbU0_11things3_cli3mcpNtB6_15ThingsMcpServer19handle_search_tasks0s1_0B8_
FNDA:0,_RNCNCNvMNtCs6YtcLVtNbU0_11things3_cli3mcpNtB6_15ThingsMcpServer19handle_search_tasks0s_0B8_
FNDA:0,_RNCNCNvMNtCs6YtcLVtNbU0_11things3_cli3mcpNtB6_15ThingsMcpServer22handle_backup_database00B8_
FNDA:0,_RNCNCNvMNtCs6YtcLVtNbU0_11things3_cli3mcpNtB6_15ThingsMcpServer22handle_backup_database0s0_0B8_
FNDA:0,_RNCNCNvMNtCs6YtcLVtNbU0_11things3_cli3mcpNtB6_15ThingsMcpServer22handle_backup_database0s_0B8_
FNDA:0,_RNCNCNvMNtCs6YtcLVtNbU0_11things3_cli3mcpNtB6_15ThingsMcpServer23handle_get_recent_tasks00B8_
FNDA:0,_RNCNCNvMNtCs6YtcLVtNbU0_11things3_cli3mcpNtB6_15ThingsMcpServer23handle_get_recent_tasks0s0_0B8_
FNDA:0,_RNCNCNvMNtCs6YtcLVtNbU0_11things3_cli3mcpNtB6_15ThingsMcpServer23handle_get_recent_tasks0s_0B8_
FNDA:0,_RNCNCNvMNtCs6YtcLVtNbU0_11things3_cli3mcpNtB6_15ThingsMcpServer23handle_restore_database00B8_
FNDA:0,_RNCNCNvMNtCs6YtcLVtNbU0_11things3_cli3mcpNtB6_15ThingsMcpServer23handle_restore_database0s_0B8_
FNDA:0,_RNCNCNvMNtCs6YtcLVtNbU0_11things3_cli3mcpNtB6_15ThingsMcpServer24handle_bulk_create_tasks00B8_
FNDA:0,_RNCNCNvMNtCs6YtcLVtNbU0_11things3_cli3mcpNtB6_15ThingsMcpServer24handle_bulk_create_tasks0s_0B8_
FNDA:0,_RNCNCNvMNtCs6YtcLVtNbU0_11things3_cli3mcpNtB6_15ThingsMcpServer31handle_get_productivity_metrics00B8_
FNDA:0,_RNCNCNvMNtCs6YtcLVtNbU0_11things3_cli3mcpNtB6_15ThingsMcpServer31handle_get_productivity_metrics0s0_0B8_
FNDA:0,_RNCNCNvMNtCs6YtcLVtNbU0_11things3_cli3mcpNtB6_15ThingsMcpServer31handle_get_productivity_metrics0s_0B8_
FNDA:0,_RNCNvMNtCs6YtcLVtNbU0_11things3_cli3mcpNtB4_15ThingsMcpServer10list_tools0B6_
FNDA:0,_RNCNvMNtCs6YtcLVtNbU0_11things3_cli3mcpNtB4_15ThingsMcpServer16handle_get_areas0B6_
FNDA:0,_RNCNvMNtCs6YtcLVtNbU0_11things3_cli3mcpNtB4_15ThingsMcpServer16handle_get_inbox0B6_
FNDA:0,_RNCNvMNtCs6YtcLVtNbU0_11things3_cli3mcpNtB4_15ThingsMcpServer16handle_get_today0B6_
FNDA:0,_RNCNvMNtCs6YtcLVtNbU0_11things3_cli3mcpNtB4_15ThingsMcpServer16handle_tool_call0B6_
FNDA:0,_RNCNvMNtCs6YtcLVtNbU0_11things3_cli3mcpNtB4_15ThingsMcpServer18handle_create_task0B6_
FNDA:0,_RNCNvMNtCs6YtcLVtNbU0_11things3_cli3mcpNtB4_15ThingsMcpServer18handle_export_data0B6_
FNDA:0,_RNCNvMNtCs6YtcLVtNbU0_11things3_cli3mcpNtB4_15ThingsMcpServer18handle_update_task0B6_
FNDA:0,_RNCNvMNtCs6YtcLVtNbU0_11things3_cli3mcpNtB4_15ThingsMcpServer19get_available_tools0B6_
FNDA:0,_RNCNvMNtCs6YtcLVtNbU0_11things3_cli3mcpNtB4_15ThingsMcpServer19handle_get_projects0B6_
FNDA:0,_RNCNvMNtCs6YtcLVtNbU0_11things3_cli3mcpNtB4_15ThingsMcpServer19handle_list_backups0B6_
FNDA:0,_RNCNvMNtCs6YtcLVtNbU0_11things3_cli3mcpNtB4_15ThingsMcpServer19handle_search_tasks0B6_
FNDA:0,_RNCNvMNtCs6YtcLVtNbU0_11things3_cli3mcpNtB4_15ThingsMcpServer22handle_backup_database0B6_
FNDA:0,_RNCNvMNtCs6YtcLVtNbU0_11things3_cli3mcpNtB4_15ThingsMcpServer22handle_get_cache_stats0B6_
FNDA:0,_RNCNvMNtCs6YtcLVtNbU0_11things3_cli3mcpNtB4_15ThingsMcpServer23handle_get_recent_tasks0B6_
FNDA:0,_RNCNvMNtCs6YtcLVtNbU0_11things3_cli3mcpNtB4_15ThingsMcpServer23handle_restore_database0B6_
FNDA:0,_RNCNvMNtCs6YtcLVtNbU0_11things3_cli3mcpNtB4_15ThingsMcpServer24handle_bulk_create_tasks0B6_
FNDA:0,_RNCNvMNtCs6YtcLVtNbU0_11things3_cli3mcpNtB4_15ThingsMcpServer25handle_get_system_metrics0B6_
FNDA:0,_RNCNvMNtCs6YtcLVtNbU0_11things3_cli3mcpNtB4_15ThingsMcpServer28handle_get_performance_stats0B6_
FNDA:0,_RNCNvMNtCs6YtcLVtNbU0_11things3_cli3mcpNtB4_15ThingsMcpServer31handle_get_productivity_metrics0B6_
FNDA:0,_RNCNvMNtCs6YtcLVtNbU0_11things3_cli3mcpNtB4_15ThingsMcpServer9call_tool0B6_
FNDA:0,_RNvMNtCs6YtcLVtNbU0_11things3_cli3mcpNtB2_15ThingsMcpServer10list_tools
FNDA:0,_RNvMNtCs6YtcLVtNbU0_11things3_cli3mcpNtB2_15ThingsMcpServer16handle_get_areas
FNDA:0,_RNvMNtCs6YtcLVtNbU0_11things3_cli3mcpNtB2_15ThingsMcpServer16handle_get_inbox
FNDA:0,_RNvMNtCs6YtcLVtNbU0_11things3_cli3mcpNtB2_15ThingsMcpServer16handle_get_today
FNDA:0,_RNvMNtCs6YtcLVtNbU0_11things3_cli3mcpNtB2_15ThingsMcpServer16handle_tool_call
FNDA:0,_RNvMNtCs6YtcLVtNbU0_11things3_cli3mcpNtB2_15ThingsMcpServer18handle_create_task
FNDA:0,_RNvMNtCs6YtcLVtNbU0_11things3_cli3mcpNtB2_15ThingsMcpServer18handle_export_data
FNDA:0,_RNvMNtCs6YtcLVtNbU0_11things3_cli3mcpNtB2_15ThingsMcpServer18handle_update_task
FNDA:0,_RNvMNtCs6YtcLVtNbU0_11things3_cli3mcpNtB2_15ThingsMcpServer19get_available_tools
FNDA:0,_RNvMNtCs6YtcLVtNbU0_11things3_cli3mcpNtB2_15ThingsMcpServer19handle_get_projects
FNDA:0,_RNvMNtCs6YtcLVtNbU0_11things3_cli3mcpNtB2_15ThingsMcpServer19handle_list_backups
FNDA:0,_RNvMNtCs6YtcLVtNbU0_11things3_cli3mcpNtB2_15ThingsMcpServer19handle_search_tasks
FNDA:0,_RNvMNtCs6YtcLVtNbU0_11things3_cli3mcpNtB2_15ThingsMcpServer22handle_backup_database
FNDA:0,_RNvMNtCs6YtcLVtNbU0_11things3_cli3mcpNtB2_15ThingsMcpServer22handle_get_cache_stats
FNDA:0,_RNvMNtCs6YtcLVtNbU0_11things3_cli3mcpNtB2_15ThingsMcpServer23handle_get_recent_tasks
FNDA:0,_RNvMNtCs6YtcLVtNbU0_11things3_cli3mcpNtB2_15ThingsMcpServer23handle_restore_database
FNDA:0,_RNvMNtCs6YtcLVtNbU0_11things3_cli3mcpNtB2_15ThingsMcpServer24handle_bulk_create_tasks
FNDA:0,_RNvMNtCs6YtcLVtNbU0_11things3_cli3mcpNtB2_15ThingsMcpServer25handle_get_system_metrics
FNDA:0,_RNvMNtCs6YtcLVtNbU0_11things3_cli3mcpNtB2_15ThingsMcpServer28handle_get_performance_stats
FNDA:0,_RNvMNtCs6YtcLVtNbU0_11things3_cli3mcpNtB2_15ThingsMcpServer31handle_get_productivity_metrics
FNDA:0,_RNvMNtCs6YtcLVtNbU0_11things3_cli3mcpNtB2_15ThingsMcpServer3new
FNDA:0,_RNvMNtCs6YtcLVtNbU0_11things3_cli3mcpNtB2_15ThingsMcpServer9call_tool
FNF:76
FNH:73
DA:56,40
DA:57,40
DA:58,40
DA:59,40
DA:60,40
DA:62,40
DA:63,40
DA:64,40
DA:65,40
DA:66,40
DA:67,40
DA:68,40
DA:69,40
DA:72,4
DA:74,4
DA:76,4
DA:79,34
DA:80,34
DA:81,34
DA:84,4
DA:85,4
DA:86,4
DA:87,4
DA:88,4
DA:89,4
DA:90,4
DA:91,4
DA:92,4
DA:93,4
DA:94,4
DA:95,4
DA:96,4
DA:97,4
DA:98,4
DA:99,4
DA:100,4
DA:101,4
DA:102,4
DA:103,4
DA:104,4
DA:105,4
DA:106,4
DA:107,4
DA:108,4
DA:109,4
DA:110,4
DA:111,4
DA:112,4
DA:113,4
DA:114,4
DA:115,4
DA:116,4
DA:117,4
DA:118,4
DA:119,4
DA:120,4
DA:121,4
DA:122,4
DA:123,4
DA:124,4
DA:125,4
DA:126,4
DA:127,4
DA:128,4
DA:129,4
DA:130,4
DA:131,4
DA:132,4
DA:133,4
DA:134,4
DA:135,4
DA:136,4
DA:137,4
DA:138,4
DA:139,4
DA:140,4
DA:141,4
DA:142,4
DA:143,4
DA:144,4
DA:145,4
DA:146,4
DA:147,4
DA:148,4
DA:149,4
DA:150,4
DA:151,4
DA:152,4
DA:153,4
DA:154,4
DA:155,4
DA:156,4
DA:157,4
DA:158,4
DA:159,4
DA:160,4
DA:161,4
DA:162,4
DA:163,4
DA:164,4
DA:165,4
DA:166,4
DA:167,4
DA:168,4
DA:169,4
DA:170,4
DA:171,4
DA:172,4
DA:173,4
DA:174,4
DA:175,4
DA:176,4
DA:177,4
DA:178,4
DA:179,4
DA:180,4
DA:181,4
DA:182,4
DA:183,4
DA:184,4
DA:185,4
DA:186,4
DA:187,4
DA:188,4
DA:189,4
DA:190,4
DA:191,4
DA:192,4
DA:193,4
DA:194,4
DA:195,4
DA:196,4
DA:197,4
DA:198,4
DA:199,4
DA:200,4
DA:201,4
DA:202,4
DA:203,4
DA:204,4
DA:205,4
DA:206,4
DA:207,4
DA:208,4
DA:209,4
DA:210,4
DA:211,4
DA:212,4
DA:213,4
DA:214,4
DA:215,4
DA:216,4
DA:217,4
DA:218,4
DA:219,4
DA:220,4
DA:221,4
DA:222,4
DA:223,4
DA:224,4
DA:225,4
DA:226,4
DA:227,4
DA:228,4
DA:229,4
DA:230,4
DA:231,4
DA:232,4
DA:233,4
DA:234,4
DA:235,4
DA:236,4
DA:237,4
DA:238,4
DA:239,4
DA:240,4
DA:241,4
DA:242,4
DA:243,4
DA:244,4
DA:245,4
DA:246,4
DA:247,4
DA:248,4
DA:249,4
DA:250,4
DA:251,4
DA:252,4
DA:253,4
DA:254,4
DA:255,4
DA:256,4
DA:257,4
DA:258,4
DA:259,4
DA:260,4
DA:261,4
DA:262,4
DA:263,4
DA:264,4
DA:265,4
DA:266,4
DA:267,4
DA:268,4
DA:269,4
DA:270,4
DA:271,4
DA:272,4
DA:273,4
DA:274,4
DA:275,4
DA:276,4
DA:277,4
DA:278,4
DA:279,4
DA:280,4
DA:281,4
DA:282,4
DA:283,4
DA:284,4
DA:285,4
DA:286,4
DA:287,4
DA:288,4
DA:289,4
DA:290,4
DA:291,4
DA:292,4
DA:293,4
DA:294,4
DA:295,4
DA:296,4
DA:297,4
DA:298,4
DA:299,4
DA:300,4
DA:301,4
DA:302,4
DA:303,4
DA:304,4
DA:305,4
DA:306,4
DA:307,4
DA:308,4
DA:309,4
DA:310,4
DA:311,4
DA:312,4
DA:313,4
DA:314,4
DA:315,4
DA:316,4
DA:317,4
DA:318,4
DA:319,4
DA:320,4
DA:321,4
DA:322,4
DA:323,4
DA:324,4
DA:325,4
DA:326,4
DA:327,4
DA:328,4
DA:329,4
DA:330,4
DA:331,4
DA:332,4
DA:333,4
DA:334,4
DA:335,4
DA:336,4
DA:337,4
DA:338,4
DA:339,4
DA:340,4
DA:341,4
DA:342,4
DA:343,4
DA:344,4
DA:345,4
DA:346,4
DA:347,4
DA:348,4
DA:349,4
DA:352,34
DA:353,34
DA:354,34
DA:356,34
DA:357,34
DA:358,30
DA:359,29
DA:360,27
DA:361,26
DA:362,24
DA:363,22
DA:364,20
DA:365,18
DA:366,14
DA:367,12
DA:368,10
DA:369,8
DA:370,6
DA:371,4
DA:372,3
DA:373,2
DA:375,1
DA:376,1
DA:377,1
DA:378,1
DA:379,1
DA:380,1
DA:384,33
DA:385,22
DA:386,11
DA:387,11
DA:388,11
DA:389,11
DA:390,11
DA:391,11
DA:393,34
DA:395,4
DA:396,4
DA:397,4
DA:398,4
DA:399,4
DA:400,4
DA:401,4
DA:402,4
DA:403,4
DA:404,4
DA:405,4
DA:406,4
DA:408,1
DA:409,1
DA:410,1
DA:411,1
DA:412,1
DA:413,1
DA:414,1
DA:415,1
DA:416,1
DA:417,1
DA:418,1
DA:419,1
DA:421,2
DA:422,2
DA:423,2
DA:424,2
DA:425,2
DA:426,2
DA:427,2
DA:428,2
DA:429,2
DA:430,2
DA:431,2
DA:432,2
DA:434,1
DA:435,1
DA:436,1
DA:437,1
DA:438,1
DA:439,1
DA:440,1
DA:441,1
DA:443,2
DA:444,2
DA:445,2
DA:446,2
DA:447,2
DA:448,1
DA:449,1
DA:450,1
DA:451,1
DA:452,1
DA:453,1
DA:454,1
DA:455,1
DA:456,1
DA:457,1
DA:458,2
DA:460,2
DA:463,2
DA:464,2
DA:465,2
DA:466,2
DA:468,1
DA:469,1
DA:470,1
DA:471,1
DA:475,1
DA:476,1
DA:480,2
DA:482,2
DA:485,2
DA:486,2
DA:487,2
DA:488,2
DA:490,1
DA:491,1
DA:492,1
DA:493,1
DA:497,1
DA:498,1
DA:502,2
DA:504,2
DA:505,2
DA:508,2
DA:509,2
DA:510,2
DA:511,2
DA:513,2
DA:514,2
DA:515,2
DA:516,2
DA:517,2
DA:518,2
DA:519,2
DA:520,2
DA:521,2
DA:525,2
DA:526,2
DA:530,2
DA:532,4
DA:533,4
DA:534,4
DA:535,4
DA:536,4
DA:537,4
DA:538,4
DA:539,4
DA:540,4
DA:542,3
DA:543,3
DA:544,2
DA:545,2
DA:546,2
DA:547,2
DA:548,2
DA:551,1
DA:552,0
DA:553,0
DA:555,1
DA:556,0
DA:557,0
DA:559,1
DA:560,1
DA:561,1
DA:562,1
DA:563,1
DA:564,1
DA:565,1
DA:566,1
DA:567,1
DA:568,1
DA:571,0
DA:574,3
DA:575,3
DA:576,1
DA:577,1
DA:578,1
DA:581,2
DA:582,2
DA:583,2
DA:584,2
DA:585,4
DA:587,2
DA:588,2
DA:589,2
DA:590,2
DA:591,2
DA:593,1
DA:594,1
DA:595,1
DA:596,1
DA:600,1
DA:601,1
DA:605,2
DA:607,2
DA:608,2
DA:609,2
DA:610,2
DA:611,2
DA:612,2
DA:616,2
DA:618,2
DA:619,2
DA:620,2
DA:621,2
DA:625,2
DA:626,2
DA:630,2
DA:632,2
DA:633,2
DA:634,2
DA:635,2
DA:636,2
DA:637,1
DA:639,1
DA:640,1
DA:641,1
DA:642,1
DA:643,1
DA:645,0
DA:646,0
DA:647,0
DA:648,0
DA:649,0
DA:653,0
DA:654,0
DA:658,2
DA:660,2
DA:661,2
DA:662,2
DA:663,2
DA:664,2
DA:666,1
DA:667,1
DA:669,0
DA:670,0
DA:671,0
DA:675,0
DA:676,0
DA:680,2
DA:682,2
DA:683,2
DA:684,2
DA:685,2
DA:686,2
DA:688,1
DA:689,1
DA:691,1
DA:692,1
DA:693,1
DA:697,1
DA:698,1
DA:702,2
DA:704,1
DA:705,1
DA:706,1
DA:708,1
DA:709,1
DA:710,1
DA:714,1
DA:715,1
DA:719,1
DA:721,1
DA:722,1
DA:725,1
DA:726,1
DA:730,1
DA:732,1
DA:733,1
DA:736,1
DA:737,1
DA:741,1
BRF:0
BRH:0
LF:610
LH:590
end_of_record
SF:/Users/garthdb/Projects/rust-things/libs/things3-common/src/utils.rs
FN:9,_RNCNvNtCs7FTnnPt10Ov_14things3_common5utils25get_default_database_path0B5_
FN:73,_RNCNvNtNtCs7FTnnPt10Ov_14things3_common5utils5testss_30test_get_default_database_path0B7_
FN:78,_RNvNtNtCs7FTnnPt10Ov_14things3_common5utils5testss_16test_format_date
FN:103,_RNvNtNtCs7FTnnPt10Ov_14things3_common5utils5testss_20test_format_datetime
FN:128,_RNvNtNtCs7FTnnPt10Ov_14things3_common5utils5testss_21test_parse_date_valid
FN:291,_RNvNtNtCs7FTnnPt10Ov_14things3_common5utils5testss_22test_utils_integration
FN:165,_RNvNtNtCs7FTnnPt10Ov_14things3_common5utils5testss_23test_parse_date_invalid
FN:188,_RNvNtNtCs7FTnnPt10Ov_14things3_common5utils5testss_24test_is_valid_uuid_valid
FN:222,_RNvNtNtCs7FTnnPt10Ov_14things3_common5utils5testss_25test_truncate_string_long
FN:198,_RNvNtNtCs7FTnnPt10Ov_14things3_common5utils5testss_26test_is_valid_uuid_invalid
FN:138,_RNvNtNtCs7FTnnPt10Ov_14things3_common5utils5testss_26test_parse_date_edge_cases
FN:260,_RNvNtNtCs7FTnnPt10Ov_14things3_common5utils5testss_26test_truncate_string_empty
FN:211,_RNvNtNtCs7FTnnPt10Ov_14things3_common5utils5testss_26test_truncate_string_short
FN:85,_RNvNtNtCs7FTnnPt10Ov_14things3_common5utils5testss_27test_format_date_edge_cases
FN:314,_RNvNtNtCs7FTnnPt10Ov_14things3_common5utils5testss_28test_format_date_consistency
FN:271,_RNvNtNtCs7FTnnPt10Ov_14things3_common5utils5testss_28test_truncate_string_unicode
FN:118,_RNvNtNtCs7FTnnPt10Ov_14things3_common5utils5testss_29test_format_datetime_specific
FN:57,_RNvNtNtCs7FTnnPt10Ov_14things3_common5utils5testss_30test_get_default_database_path
FN:282,_RNvNtNtCs7FTnnPt10Ov_14things3_common5utils5testss_30test_truncate_string_very_long
FN:233,_RNvNtNtCs7FTnnPt10Ov_14things3_common5utils5testss_31test_truncate_string_edge_cases
FN:306,_RNvNtNtCs7FTnnPt10Ov_14things3_common5utils5testss_42test_get_default_database_path_consistency
FN:31,_RNvNtCs7FTnnPt10Ov_14things3_common5utils10parse_date
FN:17,_RNvNtCs7FTnnPt10Ov_14things3_common5utils11format_date
FN:37,_RNvNtCs7FTnnPt10Ov_14things3_common5utils13is_valid_uuid
FN:23,_RNvNtCs7FTnnPt10Ov_14things3_common5utils15format_datetime
FN:43,_RNvNtCs7FTnnPt10Ov_14things3_common5utils15truncate_string
FN:8,_RNvNtCs7FTnnPt10Ov_14things3_common5utils25get_default_database_path
FNDA:0,_RNCNvNtCs7FTnnPt10Ov_14things3_common5utils25get_default_database_path0B5_
FNDA:0,_RNCNvNtNtCs7FTnnPt10Ov_14things3_common5utils5testss_30test_get_default_database_path0B7_
FNDA:1,_RNvNtNtCs7FTnnPt10Ov_14things3_common5utils5testss_16test_format_date
FNDA:1,_RNvNtNtCs7FTnnPt10Ov_14things3_common5utils5testss_20test_format_datetime
FNDA:1,_RNvNtNtCs7FTnnPt10Ov_14things3_common5utils5testss_21test_parse_date_valid
FNDA:1,_RNvNtNtCs7FTnnPt10Ov_14things3_common5utils5testss_22test_utils_integration
FNDA:1,_RNvNtNtCs7FTnnPt10Ov_14things3_common5utils5testss_23test_parse_date_invalid
FNDA:1,_RNvNtNtCs7FTnnPt10Ov_14things3_common5utils5testss_24test_is_valid_uuid_valid
FNDA:1,_RNvNtNtCs7FTnnPt10Ov_14things3_common5utils5testss_25test_truncate_string_long
FNDA:1,_RNvNtNtCs7FTnnPt10Ov_14things3_common5utils5testss_26test_is_valid_uuid_invalid
FNDA:1,_RNvNtNtCs7FTnnPt10Ov_14things3_common5utils5testss_26test_parse_date_edge_cases
FNDA:1,_RNvNtNtCs7FTnnPt10Ov_14things3_common5utils5testss_26test_truncate_string_empty
FNDA:1,_RNvNtNtCs7FTnnPt10Ov_14things3_common5utils5testss_26test_truncate_string_short
FNDA:1,_RNvNtNtCs7FTnnPt10Ov_14things3_common5utils5testss_27test_format_date_edge_cases
FNDA:1,_RNvNtNtCs7FTnnPt10Ov_14things3_common5utils5testss_28test_format_date_consistency
FNDA:1,_RNvNtNtCs7FTnnPt10Ov_14things3_common5utils5testss_28test_truncate_string_unicode
FNDA:1,_RNvNtNtCs7FTnnPt10Ov_14things3_common5utils5testss_29test_format_datetime_specific
FNDA:1,_RNvNtNtCs7FTnnPt10Ov_14things3_common5utils5testss_30test_get_default_database_path
FNDA:1,_RNvNtNtCs7FTnnPt10Ov_14things3_common5utils5testss_30test_truncate_string_very_long
FNDA:1,_RNvNtNtCs7FTnnPt10Ov_14things3_common5utils5testss_31test_truncate_string_edge_cases
FNDA:1,_RNvNtNtCs7FTnnPt10Ov_14things3_common5utils5testss_42test_get_default_database_path_consistency
FNDA:11,_RNvNtCs7FTnnPt10Ov_14things3_common5utils10parse_date
FNDA:6,_RNvNtCs7FTnnPt10Ov_14things3_common5utils11format_date
FNDA:14,_RNvNtCs7FTnnPt10Ov_14things3_common5utils13is_valid_uuid
FNDA:2,_RNvNtCs7FTnnPt10Ov_14things3_common5utils15format_datetime
FNDA:16,_RNvNtCs7FTnnPt10Ov_14things3_common5utils15truncate_string
FNDA:3,_RNvNtCs7FTnnPt10Ov_14things3_common5utils25get_default_database_path
FNF:27
FNH:25
DA:8,3
DA:9,3
DA:10,3
DA:11,3
DA:13,3
DA:17,6
DA:18,6
DA:19,6
DA:23,2
DA:24,2
DA:25,2
DA:31,11
DA:32,11
DA:33,11
DA:37,14
DA:38,14
DA:39,14
DA:43,16
DA:44,16
DA:45,5
DA:47,11
DA:49,16
DA:57,1
DA:58,1
DA:61,1
DA:62,1
DA:63,1
DA:64,1
DA:65,1
DA:66,1
DA:67,1
DA:68,1
DA:69,1
DA:70,1
DA:73,1
DA:74,1
DA:75,1
DA:78,1
DA:79,1
DA:80,1
DA:81,1
DA:82,1
DA:85,1
DA:87,1
DA:88,1
DA:89,1
DA:92,1
DA:93,1
DA:94,1
DA:97,1
DA:98,1
DA:99,1
DA:100,1
DA:103,1
DA:104,1
DA:105,1
DA:108,1
DA:109,1
DA:110,1
DA:111,1
DA:114,1
DA:115,1
DA:118,1
DA:120,1
DA:121,1
DA:122,1
DA:123,1
DA:124,1
DA:125,1
DA:128,1
DA:129,1
DA:130,1
DA:131,1
DA:132,1
DA:133,1
DA:134,1
DA:135,1
DA:138,1
DA:140,1
DA:141,1
DA:142,1
DA:143,1
DA:144,1
DA:145,1
DA:148,1
DA:149,1
DA:150,1
DA:151,1
DA:152,1
DA:153,1
DA:156,1
DA:157,1
DA:158,1
DA:159,1
DA:160,1
DA:161,1
DA:162,1
DA:165,1
DA:167,1
DA:168,1
DA:171,1
DA:172,1
DA:175,1
DA:176,1
DA:179,1
DA:180,1
DA:183,1
DA:184,1
DA:185,1
DA:188,1
DA:190,1
DA:191,1
DA:192,1
DA:193,1
DA:194,1
DA:195,1
DA:198,1
DA:200,1
DA:201,1
DA:202,1
DA:203,1
DA:204,1
DA:205,1
DA:206,1
DA:207,1
DA:208,1
DA:211,1
DA:213,1
DA:214,1
DA:217,1
DA:218,1
DA:219,1
DA:222,1
DA:224,1
DA:225,1
DA:228,1
DA:229,1
DA:230,1
DA:233,1
DA:235,1
DA:236,1
DA:239,1
DA:240,1
DA:243,1
DA:244,1
DA:247,1
DA:248,1
DA:251,1
DA:252,1
DA:255,1
DA:256,1
DA:257,1
DA:260,1
DA:262,1
DA:263,1
DA:266,1
DA:267,1
DA:268,1
DA:271,1
DA:273,1
DA:274,1
DA:277,1
DA:278,1
DA:279,1
DA:282,1
DA:284,1
DA:285,1
DA:286,1
DA:287,1
DA:288,1
DA:291,1
DA:293,1
DA:294,1
DA:295,1
DA:296,1
DA:299,1
DA:300,1
DA:301,1
DA:302,1
DA:303,1
DA:306,1
DA:308,1
DA:309,1
DA:310,1
DA:311,1
DA:314,1
DA:316,1
DA:317,1
DA:318,1
DA:319,1
DA:320,1
BRF:0
BRH:0
LF:193
LH:191
end_of_record
SF:/Users/garthdb/Projects/rust-things/libs/things3-core/src/backup.rs
FN:113,_RNCNvMNtCs5g5yoxUUBtF_12things3_core6backupNtB4_13BackupManager12list_backups0B6_
FN:125,_RNCNvMNtCs5g5yoxUUBtF_12things3_core6backupNtB4_13BackupManager12list_backupss_0B6_
FN:102,_RNvMNtCs5g5yoxUUBtF_12things3_core6backupNtB2_13BackupManager12list_backups
FN:33,_RNvMNtCs5g5yoxUUBtF_12things3_core6backupNtB2_13BackupManager13create_backup
FN:146,_RNvMNtCs5g5yoxUUBtF_12things3_core6backupNtB2_13BackupManager13delete_backup
FN:182,_RNvMNtCs5g5yoxUUBtF_12things3_core6backupNtB2_13BackupManager13verify_backup
FN:80,_RNvMNtCs5g5yoxUUBtF_12things3_core6backupNtB2_13BackupManager14restore_backup
FN:195,_RNvMNtCs5g5yoxUUBtF_12things3_core6backupNtB2_13BackupManager16get_backup_stats
FN:160,_RNvMNtCs5g5yoxUUBtF_12things3_core6backupNtB2_13BackupManager19cleanup_old_backups
FN:131,_RNvMNtCs5g5yoxUUBtF_12things3_core6backupNtB2_13BackupManager19get_backup_metadata
FN:28,_RNvMNtCs5g5yoxUUBtF_12things3_core6backupNtB2_13BackupManager3new
FN:68,_RNCNCNvMNtCs5g5yoxUUBtF_12things3_core6backupNtB6_13BackupManager13create_backup00Cs9SxUUITwnnl_9mcp_tests
FN:37,_RNCNvMNtCs5g5yoxUUBtF_12things3_core6backupNtB4_13BackupManager13create_backup0Cs9SxUUITwnnl_9mcp_tests
FN:80,_RNCNvMNtCs5g5yoxUUBtF_12things3_core6backupNtB4_13BackupManager14restore_backup0Cs9SxUUITwnnl_9mcp_tests
FN:562,_RNCNvNtNtCsgZrz1p1UmDg_12things3_core6backup5testss_31test_restore_backup_nonexistent0B7_
FN:408,_RNCNvNtNtCsgZrz1p1UmDg_12things3_core6backup5testss_46test_backup_creation_with_nonexistent_database0B7_
FN:434,_RNCNvNtNtCsgZrz1p1UmDg_12things3_core6backup5testss_48test_backup_creation_with_nonexistent_backup_dir0B7_
FN:68,_RNCNCNvMNtCsgZrz1p1UmDg_12things3_core6backupNtB6_13BackupManager13create_backup00B8_
FN:113,_RNCNvMNtCsgZrz1p1UmDg_12things3_core6backupNtB4_13BackupManager12list_backups0B6_
FN:125,_RNCNvMNtCsgZrz1p1UmDg_12things3_core6backupNtB4_13BackupManager12list_backupss_0B6_
FN:37,_RNCNvMNtCsgZrz1p1UmDg_12things3_core6backupNtB4_13BackupManager13create_backup0B6_
FN:80,_RNCNvMNtCsgZrz1p1UmDg_12things3_core6backupNtB4_13BackupManager14restore_backup0B6_
FN:102,_RNvMNtCsgZrz1p1UmDg_12things3_core6backupNtB2_13BackupManager12list_backups
FN:33,_RNvMNtCsgZrz1p1UmDg_12things3_core6backupNtB2_13BackupManager13create_backup
FN:146,_RNvMNtCsgZrz1p1UmDg_12things3_core6backupNtB2_13BackupManager13delete_backup
FN:182,_RNvMNtCsgZrz1p1UmDg_12things3_core6backupNtB2_13BackupManager13verify_backup
FN:80,_RNvMNtCsgZrz1p1UmDg_12things3_core6backupNtB2_13BackupManager14restore_backup
FN:195,_RNvMNtCsgZrz1p1UmDg_12things3_core6backupNtB2_13BackupManager16get_backup_stats
FN:160,_RNvMNtCsgZrz1p1UmDg_12things3_core6backupNtB2_13BackupManager19cleanup_old_backups
FN:131,_RNvMNtCsgZrz1p1UmDg_12things3_core6backupNtB2_13BackupManager19get_backup_metadata
FN:28,_RNvMNtCsgZrz1p1UmDg_12things3_core6backupNtB2_13BackupManager3new
FN:279,_RNvNtNtCsgZrz1p1UmDg_12things3_core6backup5testss_23test_backup_manager_new
FN:392,_RNvNtNtCsgZrz1p1UmDg_12things3_core6backup5testss_23test_backup_stats_clone
FN:358,_RNvNtNtCsgZrz1p1UmDg_12things3_core6backup5testss_23test_backup_stats_debug
FN:326,_RNvNtNtCsgZrz1p1UmDg_12things3_core6backup5testss_23test_backup_stats_empty
FN:373,_RNvNtNtCsgZrz1p1UmDg_12things3_core6backup5testss_26test_backup_metadata_clone
FN:341,_RNvNtNtCsgZrz1p1UmDg_12things3_core6backup5testss_26test_backup_metadata_debug
FN:287,_RNvNtNtCsgZrz1p1UmDg_12things3_core6backup5testss_26test_backup_stats_creation
FN:227,_RNvNtNtCsgZrz1p1UmDg_12things3_core6backup5testss_29test_backup_metadata_creation
FN:502,_RNvNtNtCsgZrz1p1UmDg_12things3_core6backup5testss_30test_delete_backup_nonexistent
FN:492,_RNvNtNtCsgZrz1p1UmDg_12things3_core6backup5testss_30test_verify_backup_nonexistent
FN:303,_RNvNtNtCsgZrz1p1UmDg_12things3_core6backup5testss_31test_backup_stats_serialization
FN:562,_RNvNtNtCsgZrz1p1UmDg_12things3_core6backup5testss_31test_restore_backup_nonexistent
FN:249,_RNvNtNtCsgZrz1p1UmDg_12things3_core6backup5testss_34test_backup_metadata_serialization
FN:460,_RNvNtNtCsgZrz1p1UmDg_12things3_core6backup5testss_35test_backup_listing_empty_directory
FN:598,_RNvNtNtCsgZrz1p1UmDg_12things3_core6backup5testss_36test_backup_metadata_path_operations
FN:481,_RNvNtNtCsgZrz1p1UmDg_12things3_core6backup5testss_36test_get_backup_metadata_nonexistent
FN:535,_RNvNtNtCsgZrz1p1UmDg_12things3_core6backup5testss_37test_get_backup_stats_empty_directory
FN:575,_RNvNtNtCsgZrz1p1UmDg_12things3_core6backup5testss_40test_backup_metadata_without_description
FN:512,_RNvNtNtCsgZrz1p1UmDg_12things3_core6backup5testss_40test_cleanup_old_backups_empty_directory
FN:470,_RNvNtNtCsgZrz1p1UmDg_12things3_core6backup5testss_41test_backup_listing_nonexistent_directory
FN:548,_RNvNtNtCsgZrz1p1UmDg_12things3_core6backup5testss_43test_get_backup_stats_nonexistent_directory
FN:408,_RNvNtNtCsgZrz1p1UmDg_12things3_core6backup5testss_46test_backup_creation_with_nonexistent_database
FN:524,_RNvNtNtCsgZrz1p1UmDg_12things3_core6backup5testss_46test_cleanup_old_backups_nonexistent_directory
FN:434,_RNvNtNtCsgZrz1p1UmDg_12things3_core6backup5testss_48test_backup_creation_with_nonexistent_backup_dir
FNDA:0,_RNCNvMNtCs5g5yoxUUBtF_12things3_core6backupNtB4_13BackupManager12list_backups0B6_
FNDA:0,_RNCNvMNtCs5g5yoxUUBtF_12things3_core6backupNtB4_13BackupManager12list_backupss_0B6_
FNDA:1,_RNvMNtCs5g5yoxUUBtF_12things3_core6backupNtB2_13BackupManager12list_backups
FNDA:1,_RNvMNtCs5g5yoxUUBtF_12things3_core6backupNtB2_13BackupManager13create_backup
FNDA:0,_RNvMNtCs5g5yoxUUBtF_12things3_core6backupNtB2_13BackupManager13delete_backup
FNDA:0,_RNvMNtCs5g5yoxUUBtF_12things3_core6backupNtB2_13BackupManager13verify_backup
FNDA:1,_RNvMNtCs5g5yoxUUBtF_12things3_core6backupNtB2_13BackupManager14restore_backup
FNDA:0,_RNvMNtCs5g5yoxUUBtF_12things3_core6backupNtB2_13BackupManager16get_backup_stats
FNDA:0,_RNvMNtCs5g5yoxUUBtF_12things3_core6backupNtB2_13BackupManager19cleanup_old_backups
FNDA:0,_RNvMNtCs5g5yoxUUBtF_12things3_core6backupNtB2_13BackupManager19get_backup_metadata
FNDA:40,_RNvMNtCs5g5yoxUUBtF_12things3_core6backupNtB2_13BackupManager3new
FNDA:0,_RNCNCNvMNtCs5g5yoxUUBtF_12things3_core6backupNtB6_13BackupManager13create_backup00Cs9SxUUITwnnl_9mcp_tests
FNDA:1,_RNCNvMNtCs5g5yoxUUBtF_12things3_core6backupNtB4_13BackupManager13create_backup0Cs9SxUUITwnnl_9mcp_tests
FNDA:1,_RNCNvMNtCs5g5yoxUUBtF_12things3_core6backupNtB4_13BackupManager14restore_backup0Cs9SxUUITwnnl_9mcp_tests
FNDA:1,_RNCNvNtNtCsgZrz1p1UmDg_12things3_core6backup5testss_31test_restore_backup_nonexistent0B7_
FNDA:1,_RNCNvNtNtCsgZrz1p1UmDg_12things3_core6backup5testss_46test_backup_creation_with_nonexistent_database0B7_
FNDA:1,_RNCNvNtNtCsgZrz1p1UmDg_12things3_core6backup5testss_48test_backup_creation_with_nonexistent_backup_dir0B7_
FNDA:2,_RNCNCNvMNtCsgZrz1p1UmDg_12things3_core6backupNtB6_13BackupManager13create_backup00B8_
FNDA:0,_RNCNvMNtCsgZrz1p1UmDg_12things3_core6backupNtB4_13BackupManager12list_backups0B6_
FNDA:0,_RNCNvMNtCsgZrz1p1UmDg_12things3_core6backupNtB4_13BackupManager12list_backupss_0B6_
FNDA:2,_RNCNvMNtCsgZrz1p1UmDg_12things3_core6backupNtB4_13BackupManager13create_backup0B6_
FNDA:1,_RNCNvMNtCsgZrz1p1UmDg_12things3_core6backupNtB4_13BackupManager14restore_backup0B6_
FNDA:6,_RNvMNtCsgZrz1p1UmDg_12things3_core6backupNtB2_13BackupManager12list_backups
FNDA:2,_RNvMNtCsgZrz1p1UmDg_12things3_core6backupNtB2_13BackupManager13create_backup
FNDA:1,_RNvMNtCsgZrz1p1UmDg_12things3_core6backupNtB2_13BackupManager13delete_backup
FNDA:1,_RNvMNtCsgZrz1p1UmDg_12things3_core6backupNtB2_13BackupManager13verify_backup
FNDA:1,_RNvMNtCsgZrz1p1UmDg_12things3_core6backupNtB2_13BackupManager14restore_backup
FNDA:2,_RNvMNtCsgZrz1p1UmDg_12things3_core6backupNtB2_13BackupManager16get_backup_stats
FNDA:2,_RNvMNtCsgZrz1p1UmDg_12things3_core6backupNtB2_13BackupManager19cleanup_old_backups
FNDA:1,_RNvMNtCsgZrz1p1UmDg_12things3_core6backupNtB2_13BackupManager19get_backup_metadata
FNDA:13,_RNvMNtCsgZrz1p1UmDg_12things3_core6backupNtB2_13BackupManager3new
FNDA:1,_RNvNtNtCsgZrz1p1UmDg_12things3_core6backup5testss_23test_backup_manager_new
FNDA:1,_RNvNtNtCsgZrz1p1UmDg_12things3_core6backup5testss_23test_backup_stats_clone
FNDA:1,_RNvNtNtCsgZrz1p1UmDg_12things3_core6backup5testss_23test_backup_stats_debug
FNDA:1,_RNvNtNtCsgZrz1p1UmDg_12things3_core6backup5testss_23test_backup_stats_empty
FNDA:1,_RNvNtNtCsgZrz1p1UmDg_12things3_core6backup5testss_26test_backup_metadata_clone
FNDA:1,_RNvNtNtCsgZrz1p1UmDg_12things3_core6backup5testss_26test_backup_metadata_debug
FNDA:1,_RNvNtNtCsgZrz1p1UmDg_12things3_core6backup5testss_26test_backup_stats_creation
FNDA:1,_RNvNtNtCsgZrz1p1UmDg_12things3_core6backup5testss_29test_backup_metadata_creation
FNDA:1,_RNvNtNtCsgZrz1p1UmDg_12things3_core6backup5testss_30test_delete_backup_nonexistent
FNDA:1,_RNvNtNtCsgZrz1p1UmDg_12things3_core6backup5testss_30test_verify_backup_nonexistent
FNDA:1,_RNvNtNtCsgZrz1p1UmDg_12things3_core6backup5testss_31test_backup_stats_serialization
FNDA:1,_RNvNtNtCsgZrz1p1UmDg_12things3_core6backup5testss_31test_restore_backup_nonexistent
FNDA:1,_RNvNtNtCsgZrz1p1UmDg_12things3_core6backup5testss_34test_backup_metadata_serialization
FNDA:1,_RNvNtNtCsgZrz1p1UmDg_12things3_core6backup5testss_35test_backup_listing_empty_directory
FNDA:1,_RNvNtNtCsgZrz1p1UmDg_12things3_core6backup5testss_36test_backup_metadata_path_operations
FNDA:1,_RNvNtNtCsgZrz1p1UmDg_12things3_core6backup5testss_36test_get_backup_metadata_nonexistent
FNDA:1,_RNvNtNtCsgZrz1p1UmDg_12things3_core6backup5testss_37test_get_backup_stats_empty_directory
FNDA:1,_RNvNtNtCsgZrz1p1UmDg_12things3_core6backup5testss_40test_backup_metadata_without_description
FNDA:1,_RNvNtNtCsgZrz1p1UmDg_12things3_core6backup5testss_40test_cleanup_old_backups_empty_directory
FNDA:1,_RNvNtNtCsgZrz1p1UmDg_12things3_core6backup5testss_41test_backup_listing_nonexistent_directory
FNDA:1,_RNvNtNtCsgZrz1p1UmDg_12things3_core6backup5testss_43test_get_backup_stats_nonexistent_directory
FNDA:1,_RNvNtNtCsgZrz1p1UmDg_12things3_core6backup5testss_46test_backup_creation_with_nonexistent_database
FNDA:1,_RNvNtNtCsgZrz1p1UmDg_12things3_core6backup5testss_46test_cleanup_old_backups_nonexistent_directory
FNDA:1,_RNvNtNtCsgZrz1p1UmDg_12things3_core6backup5testss_48test_backup_creation_with_nonexistent_backup_dir
FNF:41
FNH:39
DA:28,53
DA:29,53
DA:30,53
DA:33,3
DA:34,3
DA:35,3
DA:36,3
DA:37,3
DA:38,3
DA:40,2
DA:41,0
DA:42,0
DA:43,0
DA:44,0
DA:45,2
DA:48,2
DA:51,2
DA:52,2
DA:53,2
DA:56,2
DA:59,2
DA:62,2
DA:63,2
DA:64,2
DA:65,2
DA:66,2
DA:67,2
DA:68,2
DA:72,2
DA:73,2
DA:74,2
DA:76,2
DA:77,3
DA:80,2
DA:81,2
DA:82,1
DA:83,1
DA:84,1
DA:85,1
DA:86,1
DA:88,1
DA:91,0
DA:92,0
DA:93,0
DA:96,0
DA:98,0
DA:99,2
DA:102,7
DA:103,7
DA:104,3
DA:105,4
DA:107,4
DA:109,4
DA:110,0
DA:111,0
DA:113,0
DA:114,0
DA:115,0
DA:116,0
DA:117,0
DA:118,0
DA:119,0
DA:120,0
DA:121,0
DA:125,4
DA:127,4
DA:128,7
DA:131,1
DA:132,1
DA:133,1
DA:134,1
DA:135,1
DA:136,1
DA:137,1
DA:138,0
DA:140,0
DA:141,0
DA:142,0
DA:143,1
DA:146,1
DA:147,1
DA:148,0
DA:149,1
DA:151,1
DA:152,1
DA:153,0
DA:154,1
DA:156,1
DA:157,1
DA:160,2
DA:161,2
DA:163,2
DA:164,2
DA:165,0
DA:167,0
DA:168,0
DA:170,0
DA:171,0
DA:172,0
DA:173,0
DA:174,0
DA:175,0
DA:178,0
DA:179,2
DA:182,1
DA:183,1
DA:184,1
DA:185,0
DA:188,0
DA:189,0
DA:190,0
DA:192,1
DA:195,2
DA:196,2
DA:198,2
DA:199,2
DA:200,2
DA:201,2
DA:203,2
DA:204,2
DA:205,2
DA:206,2
DA:207,2
DA:208,2
DA:209,2
DA:227,1
DA:228,1
DA:229,1
DA:230,1
DA:232,1
DA:233,1
DA:234,1
DA:235,1
DA:236,1
DA:237,1
DA:238,1
DA:239,1
DA:241,1
DA:242,1
DA:243,1
DA:244,1
DA:245,1
DA:246,1
DA:249,1
DA:250,1
DA:251,1
DA:252,1
DA:253,1
DA:254,1
DA:255,1
DA:256,1
DA:257,1
DA:258,1
DA:261,1
DA:262,1
DA:263,1
DA:264,1
DA:265,1
DA:266,1
DA:267,1
DA:270,1
DA:271,1
DA:272,1
DA:273,1
DA:274,1
DA:275,1
DA:276,1
DA:279,1
DA:280,1
DA:281,1
DA:284,1
DA:287,1
DA:288,1
DA:289,1
DA:290,1
DA:291,1
DA:292,1
DA:293,1
DA:294,1
DA:296,1
DA:297,1
DA:298,1
DA:299,1
DA:300,1
DA:303,1
DA:304,1
DA:305,1
DA:306,1
DA:307,1
DA:308,1
DA:309,1
DA:310,1
DA:313,1
DA:314,1
DA:315,1
DA:316,1
DA:317,1
DA:320,1
DA:321,1
DA:322,1
DA:323,1
DA:326,1
DA:327,1
DA:328,1
DA:329,1
DA:330,1
DA:331,1
DA:332,1
DA:334,1
DA:335,1
DA:336,1
DA:337,1
DA:338,1
DA:341,1
DA:342,1
DA:343,1
DA:344,1
DA:345,1
DA:346,1
DA:347,1
DA:348,1
DA:349,1
DA:351,1
DA:352,1
DA:353,1
DA:354,1
DA:355,1
DA:358,1
DA:359,1
DA:360,1
DA:361,1
DA:362,1
DA:363,1
DA:364,1
DA:366,1
DA:367,1
DA:368,1
DA:369,1
DA:370,1
DA:373,1
DA:374,1
DA:375,1
DA:376,1
DA:377,1
DA:378,1
DA:379,1
DA:380,1
DA:381,1
DA:383,1
DA:384,1
DA:385,1
DA:386,1
DA:387,1
DA:388,1
DA:389,1
DA:392,1
DA:393,1
DA:394,1
DA:395,1
DA:396,1
DA:397,1
DA:398,1
DA:400,1
DA:401,1
DA:402,1
DA:403,1
DA:404,1
DA:405,1
DA:408,1
DA:409,1
DA:410,1
DA:411,1
DA:414,1
DA:415,1
DA:416,1
DA:419,1
DA:420,1
DA:421,1
DA:422,1
DA:423,1
DA:424,1
DA:425,1
DA:426,1
DA:427,1
DA:428,1
DA:429,1
DA:430,1
DA:431,1
DA:434,1
DA:435,1
DA:436,1
DA:437,1
DA:440,1
DA:441,1
DA:442,1
DA:445,1
DA:446,1
DA:447,1
DA:448,1
DA:449,1
DA:450,1
DA:451,1
DA:452,1
DA:453,1
DA:454,1
DA:455,1
DA:456,1
DA:457,1
DA:460,1
DA:461,1
DA:462,1
DA:463,1
DA:465,1
DA:466,1
DA:467,1
DA:470,1
DA:471,1
DA:472,1
DA:474,1
DA:475,1
DA:476,1
DA:477,1
DA:478,1
DA:481,1
DA:482,1
DA:483,1
DA:485,1
DA:486,1
DA:487,1
DA:488,1
DA:489,1
DA:492,1
DA:493,1
DA:494,1
DA:496,1
DA:497,1
DA:498,1
DA:499,1
DA:502,1
DA:503,1
DA:504,1
DA:507,1
DA:508,1
DA:509,1
DA:512,1
DA:513,1
DA:514,1
DA:515,1
DA:517,1
DA:518,1
DA:519,1
DA:520,1
DA:521,1
DA:524,1
DA:525,1
DA:526,1
DA:528,1
DA:529,1
DA:530,1
DA:531,1
DA:532,1
DA:535,1
DA:536,1
DA:537,1
DA:538,1
DA:540,1
DA:541,1
DA:542,1
DA:543,1
DA:544,1
DA:545,1
DA:548,1
DA:549,1
DA:550,1
DA:552,1
DA:553,1
DA:554,1
DA:555,1
DA:556,1
DA:557,1
DA:558,1
DA:559,1
DA:562,1
DA:563,1
DA:564,1
DA:566,1
DA:567,1
DA:568,1
DA:569,1
DA:570,1
DA:571,1
DA:572,1
DA:575,1
DA:576,1
DA:577,1
DA:578,1
DA:579,1
DA:580,1
DA:581,1
DA:582,1
DA:583,1
DA:584,1
DA:586,1
DA:589,1
DA:590,1
DA:593,1
DA:594,1
DA:595,1
DA:598,1
DA:599,1
DA:600,1
DA:602,1
DA:603,1
DA:604,1
DA:605,1
DA:606,1
DA:607,1
DA:608,1
DA:609,1
DA:612,1
DA:613,1
DA:614,1
DA:615,1
DA:616,1
DA:618,1
DA:619,1
DA:620,1
DA:622,1
BRF:0
BRH:0
LF:451
LH:401
end_of_record
SF:/Users/garthdb/Projects/rust-things/libs/things3-core/src/cache.rs
FN:268,_RNCNvNtNtCs5g5yoxUUBtF_12things3_core5cache4keys5inbox0B7_
FN:276,_RNCNvNtNtCs5g5yoxUUBtF_12things3_core5cache4keys5today0B7_
FN:295,_RNCNvNtNtCs5g5yoxUUBtF_12things3_core5cache4keys6search0B7_
FN:66,_RNvMs0_NtCs5g5yoxUUBtF_12things3_core5cacheNtB5_10CacheStats18calculate_hit_rate
FN:225,_RNvMs1_NtCs5g5yoxUUBtF_12things3_core5cacheNtB5_11ThingsCache10invalidate
FN:250,_RNvMs1_NtCs5g5yoxUUBtF_12things3_core5cacheNtB5_11ThingsCache10record_hit
FN:130,_RNvMs1_NtCs5g5yoxUUBtF_12things3_core5cacheNtB5_11ThingsCache11new_default
FN:256,_RNvMs1_NtCs5g5yoxUUBtF_12things3_core5cacheNtB5_11ThingsCache11record_miss
FN:244,_RNvMs1_NtCs5g5yoxUUBtF_12things3_core5cacheNtB5_11ThingsCache11reset_stats
FN:217,_RNvMs1_NtCs5g5yoxUUBtF_12things3_core5cacheNtB5_11ThingsCache14invalidate_all
FN:94,_RNvMs1_NtCs5g5yoxUUBtF_12things3_core5cacheNtB5_11ThingsCache3new
FN:233,_RNvMs1_NtCs5g5yoxUUBtF_12things3_core5cacheNtB5_11ThingsCache9get_stats
FN:24,_RNvXNtCs5g5yoxUUBtF_12things3_core5cacheNtB2_11CacheConfigNtNtCsaNl6UpbT7bw_4core7default7Default7default
FN:155,_RINvMs1_NtCsgZrz1p1UmDg_12things3_core5cacheNtB6_11ThingsCache12get_projectsNCNCNvNtB6_5testss_19test_cache_projects00NCNCB1e_00EB8_
FN:155,_RINvMs1_NtCsgZrz1p1UmDg_12things3_core5cacheNtB6_11ThingsCache12get_projectsNCNCNvNtB6_5testss_19test_cache_projects0s_0NCNCB1e_s_00EB8_
FN:155,_RINvMs1_NtCsgZrz1p1UmDg_12things3_core5cacheNtB6_11ThingsCache12get_projectsNCNCNvNtB6_5testss_22test_cache_entry_count0s_0NCNCB1e_s_00EB8_
FN:155,_RINvMs1_NtCsgZrz1p1UmDg_12things3_core5cacheNtB6_11ThingsCache12get_projectsNCNCNvNtB6_5testss_25test_cache_invalidate_all0s3_0NCNCB1e_s3_00EB8_
FN:155,_RINvMs1_NtCsgZrz1p1UmDg_12things3_core5cacheNtB6_11ThingsCache12get_projectsNCNCNvNtB6_5testss_25test_cache_invalidate_all0s_0NCNCB1e_s_00EB8_
FN:195,_RINvMs1_NtCsgZrz1p1UmDg_12things3_core5cacheNtB6_11ThingsCache18get_search_resultsNCNCNvNtB6_5testss_22test_cache_entry_count0s1_0NCNCB1k_s1_00EB8_
FN:195,_RINvMs1_NtCsgZrz1p1UmDg_12things3_core5cacheNtB6_11ThingsCache18get_search_resultsNCNCNvNtB6_5testss_25test_cache_invalidate_all0s1_0NCNCB1k_s1_00EB8_
FN:195,_RINvMs1_NtCsgZrz1p1UmDg_12things3_core5cacheNtB6_11ThingsCache18get_search_resultsNCNCNvNtB6_5testss_25test_cache_invalidate_all0s5_0NCNCB1k_s5_00EB8_
FN:195,_RINvMs1_NtCsgZrz1p1UmDg_12things3_core5cacheNtB6_11ThingsCache18get_search_resultsNCNCNvNtB6_5testss_25test_cache_search_results00NCNCB1k_00EB8_
FN:195,_RINvMs1_NtCsgZrz1p1UmDg_12things3_core5cacheNtB6_11ThingsCache18get_search_resultsNCNCNvNtB6_5testss_25test_cache_search_results0s_0NCNCB1k_s_00EB8_
FN:175,_RINvMs1_NtCsgZrz1p1UmDg_12things3_core5cacheNtB6_11ThingsCache9get_areasNCNCNvNtB6_5testss_16test_cache_areas00NCNCB1a_00EB8_
FN:175,_RINvMs1_NtCsgZrz1p1UmDg_12things3_core5cacheNtB6_11ThingsCache9get_areasNCNCNvNtB6_5testss_16test_cache_areas0s_0NCNCB1a_s_00EB8_
FN:175,_RINvMs1_NtCsgZrz1p1UmDg_12things3_core5cacheNtB6_11ThingsCache9get_areasNCNCNvNtB6_5testss_22test_cache_entry_count0s0_0NCNCB1a_s0_00EB8_
FN:175,_RINvMs1_NtCsgZrz1p1UmDg_12things3_core5cacheNtB6_11ThingsCache9get_areasNCNCNvNtB6_5testss_25test_cache_invalidate_all0s0_0NCNCB1a_s0_00EB8_
FN:175,_RINvMs1_NtCsgZrz1p1UmDg_12things3_core5cacheNtB6_11ThingsCache9get_areasNCNCNvNtB6_5testss_25test_cache_invalidate_all0s4_0NCNCB1a_s4_00EB8_
FN:135,_RINvMs1_NtCsgZrz1p1UmDg_12things3_core5cacheNtB6_11ThingsCache9get_tasksNCNCNvNtB6_5testss_21test_cache_expiration00NCNCB1a_00EB8_
FN:135,_RINvMs1_NtCsgZrz1p1UmDg_12things3_core5cacheNtB6_11ThingsCache9get_tasksNCNCNvNtB6_5testss_21test_cache_expiration0s_0NCNCB1a_s_00EB8_
FN:135,_RINvMs1_NtCsgZrz1p1UmDg_12things3_core5cacheNtB6_11ThingsCache9get_tasksNCNCNvNtB6_5testss_22test_cache_entry_count00NCNCB1a_00EB8_
FN:135,_RINvMs1_NtCsgZrz1p1UmDg_12things3_core5cacheNtB6_11ThingsCache9get_tasksNCNCNvNtB6_5testss_22test_cache_reset_stats00NCNCB1a_00EB8_
FN:135,_RINvMs1_NtCsgZrz1p1UmDg_12things3_core5cacheNtB6_11ThingsCache9get_tasksNCNCNvNtB6_5testss_22test_cache_reset_stats0s_0NCNCB1a_s_00EB8_
FN:135,_RINvMs1_NtCsgZrz1p1UmDg_12things3_core5cacheNtB6_11ThingsCache9get_tasksNCNCNvNtB6_5testss_24test_cache_fetcher_error00NCNCB1a_00EB8_
FN:135,_RINvMs1_NtCsgZrz1p1UmDg_12things3_core5cacheNtB6_11ThingsCache9get_tasksNCNCNvNtB6_5testss_24test_cache_multiple_keys00NCNCB1a_00EB8_
FN:135,_RINvMs1_NtCsgZrz1p1UmDg_12things3_core5cacheNtB6_11ThingsCache9get_tasksNCNCNvNtB6_5testss_24test_cache_multiple_keys0s0_0NCNCB1a_s0_00EB8_
FN:135,_RINvMs1_NtCsgZrz1p1UmDg_12things3_core5cacheNtB6_11ThingsCache9get_tasksNCNCNvNtB6_5testss_24test_cache_multiple_keys0s1_0NCNCB1a_s1_00EB8_
FN:135,_RINvMs1_NtCsgZrz1p1UmDg_12things3_core5cacheNtB6_11ThingsCache9get_tasksNCNCNvNtB6_5testss_24test_cache_multiple_keys0s_0NCNCB1a_s_00EB8_
FN:135,_RINvMs1_NtCsgZrz1p1UmDg_12things3_core5cacheNtB6_11ThingsCache9get_tasksNCNCNvNtB6_5testss_25test_cache_invalidate_all00NCNCB1a_00EB8_
FN:135,_RINvMs1_NtCsgZrz1p1UmDg_12things3_core5cacheNtB6_11ThingsCache9get_tasksNCNCNvNtB6_5testss_25test_cache_invalidate_all0s2_0NCNCB1a_s2_00EB8_
FN:135,_RINvMs1_NtCsgZrz1p1UmDg_12things3_core5cacheNtB6_11ThingsCache9get_tasksNCNCNvNtB6_5testss_26test_cache_tasks_with_data00NCNCB1a_00EB8_
FN:135,_RINvMs1_NtCsgZrz1p1UmDg_12things3_core5cacheNtB6_11ThingsCache9get_tasksNCNCNvNtB6_5testss_26test_cache_tasks_with_data0s_0NCNCB1a_s_00EB8_
FN:135,_RINvMs1_NtCsgZrz1p1UmDg_12things3_core5cacheNtB6_11ThingsCache9get_tasksNCNCNvNtB6_5testss_27test_cache_basic_operations00NCNCB1a_00EB8_
FN:135,_RINvMs1_NtCsgZrz1p1UmDg_12things3_core5cacheNtB6_11ThingsCache9get_tasksNCNCNvNtB6_5testss_27test_cache_basic_operations0s_0NCNCB1a_s_00EB8_
FN:135,_RINvMs1_NtCsgZrz1p1UmDg_12things3_core5cacheNtB6_11ThingsCache9get_tasksNCNCNvNtB6_5testss_30test_cache_invalidate_specific00NCNCB1a_00EB8_
FN:135,_RINvMs1_NtCsgZrz1p1UmDg_12things3_core5cacheNtB6_11ThingsCache9get_tasksNCNCNvNtB6_5testss_30test_cache_invalidate_specific0s0_0NCNCB1a_s0_00EB8_
FN:135,_RINvMs1_NtCsgZrz1p1UmDg_12things3_core5cacheNtB6_11ThingsCache9get_tasksNCNCNvNtB6_5testss_30test_cache_invalidate_specific0s1_0NCNCB1a_s1_00EB8_
FN:135,_RINvMs1_NtCsgZrz1p1UmDg_12things3_core5cacheNtB6_11ThingsCache9get_tasksNCNCNvNtB6_5testss_30test_cache_invalidate_specific0s_0NCNCB1a_s_00EB8_
FN:135,_RINvMs1_NtCsgZrz1p1UmDg_12things3_core5cacheNtB6_11ThingsCache9get_tasksNCNCNvNtB6_5testss_31test_cache_hit_rate_calculation00NCNCB1a_00EB8_
FN:135,_RINvMs1_NtCsgZrz1p1UmDg_12things3_core5cacheNtB6_11ThingsCache9get_tasksNCNCNvNtB6_5testss_31test_cache_hit_rate_calculation0s0_0NCNCB1a_s0_00EB8_
FN:135,_RINvMs1_NtCsgZrz1p1UmDg_12things3_core5cacheNtB6_11ThingsCache9get_tasksNCNCNvNtB6_5testss_31test_cache_hit_rate_calculation0s_0NCNCB1a_s_00EB8_
FN:159,_RNCINvMs1_NtCsgZrz1p1UmDg_12things3_core5cacheNtB8_11ThingsCache12get_projectsNCNCNvNtB8_5testss_19test_cache_projects00NCNCB1g_00E0Ba_
FN:159,_RNCINvMs1_NtCsgZrz1p1UmDg_12things3_core5cacheNtB8_11ThingsCache12get_projectsNCNCNvNtB8_5testss_19test_cache_projects0s_0NCNCB1g_s_00E0Ba_
FN:159,_RNCINvMs1_NtCsgZrz1p1UmDg_12things3_core5cacheNtB8_11ThingsCache12get_projectsNCNCNvNtB8_5testss_22test_cache_entry_count0s_0NCNCB1g_s_00E0Ba_
FN:159,_RNCINvMs1_NtCsgZrz1p1UmDg_12things3_core5cacheNtB8_11ThingsCache12get_projectsNCNCNvNtB8_5testss_25test_cache_invalidate_all0s3_0NCNCB1g_s3_00E0Ba_
FN:159,_RNCINvMs1_NtCsgZrz1p1UmDg_12things3_core5cacheNtB8_11ThingsCache12get_projectsNCNCNvNtB8_5testss_25test_cache_invalidate_all0s_0NCNCB1g_s_00E0Ba_
FN:199,_RNCINvMs1_NtCsgZrz1p1UmDg_12things3_core5cacheNtB8_11ThingsCache18get_search_resultsNCNCNvNtB8_5testss_22test_cache_entry_count0s1_0NCNCB1m_s1_00E0Ba_
FN:199,_RNCINvMs1_NtCsgZrz1p1UmDg_12things3_core5cacheNtB8_11ThingsCache18get_search_resultsNCNCNvNtB8_5testss_25test_cache_invalidate_all0s1_0NCNCB1m_s1_00E0Ba_
FN:199,_RNCINvMs1_NtCsgZrz1p1UmDg_12things3_core5cacheNtB8_11ThingsCache18get_search_resultsNCNCNvNtB8_5testss_25test_cache_invalidate_all0s5_0NCNCB1m_s5_00E0Ba_
FN:199,_RNCINvMs1_NtCsgZrz1p1UmDg_12things3_core5cacheNtB8_11ThingsCache18get_search_resultsNCNCNvNtB8_5testss_25test_cache_search_results00NCNCB1m_00E0Ba_
FN:199,_RNCINvMs1_NtCsgZrz1p1UmDg_12things3_core5cacheNtB8_11ThingsCache18get_search_resultsNCNCNvNtB8_5testss_25test_cache_search_results0s_0NCNCB1m_s_00E0Ba_
FN:179,_RNCINvMs1_NtCsgZrz1p1UmDg_12things3_core5cacheNtB8_11ThingsCache9get_areasNCNCNvNtB8_5testss_16test_cache_areas00NCNCB1c_00E0Ba_
FN:179,_RNCINvMs1_NtCsgZrz1p1UmDg_12things3_core5cacheNtB8_11ThingsCache9get_areasNCNCNvNtB8_5testss_16test_cache_areas0s_0NCNCB1c_s_00E0Ba_
FN:179,_RNCINvMs1_NtCsgZrz1p1UmDg_12things3_core5cacheNtB8_11ThingsCache9get_areasNCNCNvNtB8_5testss_22test_cache_entry_count0s0_0NCNCB1c_s0_00E0Ba_
FN:179,_RNCINvMs1_NtCsgZrz1p1UmDg_12things3_core5cacheNtB8_11ThingsCache9get_areasNCNCNvNtB8_5testss_25test_cache_invalidate_all0s0_0NCNCB1c_s0_00E0Ba_
FN:179,_RNCINvMs1_NtCsgZrz1p1UmDg_12things3_core5cacheNtB8_11ThingsCache9get_areasNCNCNvNtB8_5testss_25test_cache_invalidate_all0s4_0NCNCB1c_s4_00E0Ba_
FN:139,_RNCINvMs1_NtCsgZrz1p1UmDg_12things3_core5cacheNtB8_11ThingsCache9get_tasksNCNCNvNtB8_5testss_21test_cache_expiration00NCNCB1c_00E0Ba_
FN:139,_RNCINvMs1_NtCsgZrz1p1UmDg_12things3_core5cacheNtB8_11ThingsCache9get_tasksNCNCNvNtB8_5testss_21test_cache_expiration0s_0NCNCB1c_s_00E0Ba_
FN:139,_RNCINvMs1_NtCsgZrz1p1UmDg_12things3_core5cacheNtB8_11ThingsCache9get_tasksNCNCNvNtB8_5testss_22test_cache_entry_count00NCNCB1c_00E0Ba_
FN:139,_RNCINvMs1_NtCsgZrz1p1UmDg_12things3_core5cacheNtB8_11ThingsCache9get_tasksNCNCNvNtB8_5testss_22test_cache_reset_stats00NCNCB1c_00E0Ba_
FN:139,_RNCINvMs1_NtCsgZrz1p1UmDg_12things3_core5cacheNtB8_11ThingsCache9get_tasksNCNCNvNtB8_5testss_22test_cache_reset_stats0s_0NCNCB1c_s_00E0Ba_
FN:139,_RNCINvMs1_NtCsgZrz1p1UmDg_12things3_core5cacheNtB8_11ThingsCache9get_tasksNCNCNvNtB8_5testss_24test_cache_fetcher_error00NCNCB1c_00E0Ba_
FN:139,_RNCINvMs1_NtCsgZrz1p1UmDg_12things3_core5cacheNtB8_11ThingsCache9get_tasksNCNCNvNtB8_5testss_24test_cache_multiple_keys00NCNCB1c_00E0Ba_
FN:139,_RNCINvMs1_NtCsgZrz1p1UmDg_12things3_core5cacheNtB8_11ThingsCache9get_tasksNCNCNvNtB8_5testss_24test_cache_multiple_keys0s0_0NCNCB1c_s0_00E0Ba_
FN:139,_RNCINvMs1_NtCsgZrz1p1UmDg_12things3_core5cacheNtB8_11ThingsCache9get_tasksNCNCNvNtB8_5testss_24test_cache_multiple_keys0s1_0NCNCB1c_s1_00E0Ba_
FN:139,_RNCINvMs1_NtCsgZrz1p1UmDg_12things3_core5cacheNtB8_11ThingsCache9get_tasksNCNCNvNtB8_5testss_24test_cache_multiple_keys0s_0NCNCB1c_s_00E0Ba_
FN:139,_RNCINvMs1_NtCsgZrz1p1UmDg_12things3_core5cacheNtB8_11ThingsCache9get_tasksNCNCNvNtB8_5testss_25test_cache_invalidate_all00NCNCB1c_00E0Ba_
FN:139,_RNCINvMs1_NtCsgZrz1p1UmDg_12things3_core5cacheNtB8_11ThingsCache9get_tasksNCNCNvNtB8_5testss_25test_cache_invalidate_all0s2_0NCNCB1c_s2_00E0Ba_
FN:139,_RNCINvMs1_NtCsgZrz1p1UmDg_12things3_core5cacheNtB8_11ThingsCache9get_tasksNCNCNvNtB8_5testss_26test_cache_tasks_with_data00NCNCB1c_00E0Ba_
FN:139,_RNCINvMs1_NtCsgZrz1p1UmDg_12things3_core5cacheNtB8_11ThingsCache9get_tasksNCNCNvNtB8_5testss_26test_cache_tasks_with_data0s_0NCNCB1c_s_00E0Ba_
FN:139,_RNCINvMs1_NtCsgZrz1p1UmDg_12things3_core5cacheNtB8_11ThingsCache9get_tasksNCNCNvNtB8_5testss_27test_cache_basic_operations00NCNCB1c_00E0Ba_
[...]
FN:45,_RNvMNtCsgZrz1p1UmDg_12things3_core5queryNtB2_16TaskQueryBuilder9area_uuid
FN:31,_RNvMNtCsgZrz1p1UmDg_12things3_core5queryNtB2_16TaskQueryBuilder9task_type
FN:102,_RNvXs_NtCsgZrz1p1UmDg_12things3_core5queryNtB4_16TaskQueryBuilderNtNtCsaNl6UpbT7bw_4core7default7Default7default
FNDA:1,_RNvNtNtCsgZrz1p1UmDg_12things3_core5query5testss_27test_task_query_builder_new
FNDA:1,_RNvNtNtCsgZrz1p1UmDg_12things3_core5query5testss_28test_task_query_builder_tags
FNDA:1,_RNvNtNtCsgZrz1p1UmDg_12things3_core5query5testss_29test_task_query_builder_limit
FNDA:1,_RNvNtNtCsgZrz1p1UmDg_12things3_core5query5testss_30test_task_query_builder_offset
FNDA:1,_RNvNtNtCsgZrz1p1UmDg_12things3_core5query5testss_30test_task_query_builder_search
FNDA:1,_RNvNtNtCsgZrz1p1UmDg_12things3_core5query5testss_30test_task_query_builder_status
FNDA:1,_RNvNtNtCsgZrz1p1UmDg_12things3_core5query5testss_31test_task_query_builder_default
FNDA:1,_RNvNtNtCsgZrz1p1UmDg_12things3_core5query5testss_32test_task_query_builder_chaining
FNDA:1,_RNvNtNtCsgZrz1p1UmDg_12things3_core5query5testss_33test_task_query_builder_area_uuid
FNDA:1,_RNvNtNtCsgZrz1p1UmDg_12things3_core5query5testss_33test_task_query_builder_task_type
FNDA:1,_RNvNtNtCsgZrz1p1UmDg_12things3_core5query5testss_36test_task_query_builder_project_uuid
FNDA:1,_RNvNtNtCsgZrz1p1UmDg_12things3_core5query5testss_38test_task_query_builder_deadline_range
FNDA:1,_RNvNtNtCsgZrz1p1UmDg_12things3_core5query5testss_40test_task_query_builder_start_date_range
FNDA:2,_RNvMNtCsgZrz1p1UmDg_12things3_core5queryNtB2_16TaskQueryBuilder12project_uuid
FNDA:1,_RNvMNtCsgZrz1p1UmDg_12things3_core5queryNtB2_16TaskQueryBuilder14deadline_range
FNDA:2,_RNvMNtCsgZrz1p1UmDg_12things3_core5queryNtB2_16TaskQueryBuilder16start_date_range
FNDA:13,_RNvMNtCsgZrz1p1UmDg_12things3_core5queryNtB2_16TaskQueryBuilder3new
FNDA:2,_RNvMNtCsgZrz1p1UmDg_12things3_core5queryNtB2_16TaskQueryBuilder4tags
FNDA:13,_RNvMNtCsgZrz1p1UmDg_12things3_core5queryNtB2_16TaskQueryBuilder5build
FNDA:2,_RNvMNtCsgZrz1p1UmDg_12things3_core5queryNtB2_16TaskQueryBuilder5limit
FNDA:2,_RNvMNtCsgZrz1p1UmDg_12things3_core5queryNtB2_16TaskQueryBuilder6offset
FNDA:2,_RNvMNtCsgZrz1p1UmDg_12things3_core5queryNtB2_16TaskQueryBuilder6search
FNDA:2,_RNvMNtCsgZrz1p1UmDg_12things3_core5queryNtB2_16TaskQueryBuilder6status
FNDA:1,_RNvMNtCsgZrz1p1UmDg_12things3_core5queryNtB2_16TaskQueryBuilder9area_uuid
FNDA:2,_RNvMNtCsgZrz1p1UmDg_12things3_core5queryNtB2_16TaskQueryBuilder9task_type
FNDA:1,_RNvXs_NtCsgZrz1p1UmDg_12things3_core5queryNtB4_16TaskQueryBuilderNtNtCsaNl6UpbT7bw_4core7default7Default7default
FNF:26
FNH:26
DA:16,13
DA:17,13
DA:18,13
DA:19,13
DA:20,13
DA:24,2
DA:25,2
DA:26,2
DA:27,2
DA:31,2
DA:32,2
DA:33,2
DA:34,2
DA:38,2
DA:39,2
DA:40,2
DA:41,2
DA:45,1
DA:46,1
DA:47,1
DA:48,1
DA:52,2
DA:53,2
DA:54,2
DA:55,2
DA:59,2
DA:60,2
DA:61,2
DA:62,2
DA:63,2
DA:67,1
DA:68,1
DA:69,1
DA:70,1
DA:71,1
DA:75,2
DA:76,2
DA:77,2
DA:78,2
DA:82,2
DA:83,2
DA:84,2
DA:85,2
DA:89,2
DA:90,2
DA:91,2
DA:92,2
DA:96,13
DA:97,13
DA:98,13
DA:102,1
DA:103,1
DA:104,1
DA:114,1
DA:115,1
DA:116,1
DA:118,1
DA:119,1
DA:120,1
DA:121,1
DA:122,1
DA:123,1
DA:124,1
DA:125,1
DA:126,1
DA:127,1
DA:128,1
DA:129,1
DA:130,1
DA:133,1
DA:134,1
DA:135,1
DA:137,1
DA:138,1
DA:139,1
DA:142,1
DA:143,1
DA:144,1
DA:146,1
DA:147,1
DA:150,1
DA:151,1
DA:152,1
DA:154,1
DA:155,1
DA:158,1
DA:159,1
DA:160,1
DA:161,1
DA:163,1
DA:164,1
DA:167,1
DA:168,1
DA:169,1
DA:170,1
DA:172,1
DA:173,1
DA:176,1
DA:177,1
DA:178,1
DA:179,1
DA:181,1
DA:182,1
DA:185,1
DA:186,1
DA:187,1
DA:188,1
DA:189,1
DA:191,1
DA:192,1
DA:193,1
DA:196,1
DA:197,1
DA:198,1
DA:199,1
DA:200,1
DA:202,1
DA:203,1
DA:204,1
DA:207,1
DA:208,1
DA:209,1
DA:210,1
DA:212,1
DA:213,1
DA:216,1
DA:217,1
DA:218,1
DA:220,1
DA:221,1
DA:224,1
DA:225,1
DA:226,1
DA:228,1
DA:229,1
DA:232,1
DA:233,1
DA:234,1
DA:235,1
DA:236,1
DA:238,1
DA:239,1
DA:240,1
DA:241,1
DA:242,1
DA:243,1
DA:244,1
DA:245,1
DA:246,1
DA:248,1
DA:250,1
DA:251,1
DA:252,1
DA:253,1
DA:254,1
DA:255,1
DA:256,1
DA:257,1
DA:258,1
DA:259,1
BRF:0
BRH:0
LF:160
LH:160
end_of_record
SF:/Users/garthdb/Projects/rust-things/libs/things3-core/src/test_utils.rs
FN:13,_RINvNtCs5g5yoxUUBtF_12things3_core10test_utils20create_test_databaseRNtNtCsht3nMU9UgFu_3std4path4PathECs1GFx77x34dO_8ci_tests
FN:100,_RNvNtCs5g5yoxUUBtF_12things3_core10test_utils16insert_mock_data
FN:407,_RNvNtCs5g5yoxUUBtF_12things3_core10test_utils17create_mock_areas
FN:336,_RNvNtCs5g5yoxUUBtF_12things3_core10test_utils17create_mock_tasks
FN:382,_RNvNtCs5g5yoxUUBtF_12things3_core10test_utils20create_mock_projects
FN:274,_RNCNvNtCs5g5yoxUUBtF_12things3_core10test_utils16insert_mock_data0B5_
FN:279,_RNCNvNtCs5g5yoxUUBtF_12things3_core10test_utils16insert_mock_datas_0B5_
FN:13,_RINvNtCs5g5yoxUUBtF_12things3_core10test_utils20create_test_databaseRNtNtCsht3nMU9UgFu_3std4path4PathECs4SB5PrPUaIL_14database_tests
FN:13,_RINvNtCs5g5yoxUUBtF_12things3_core10test_utils20create_test_databaseRNtNtCsht3nMU9UgFu_3std4path7PathBufECs4SB5PrPUaIL_14database_tests
FN:13,_RINvNtCs5g5yoxUUBtF_12things3_core10test_utils20create_test_databaseRNtNtCsht3nMU9UgFu_3std4path4PathECs1fuAHkfKiRx_17integration_tests
FN:13,_RINvNtCs5g5yoxUUBtF_12things3_core10test_utils20create_test_databaseRNtNtCsht3nMU9UgFu_3std4path4PathECslmUnm2AW75P_17integration_tests
FN:13,_RINvNtCs5g5yoxUUBtF_12things3_core10test_utils20create_test_databaseRNtNtCsht3nMU9UgFu_3std4path4PathECs4LVHq6tQnHx_7things3
FN:451,_RNvNtNtCsgZrz1p1UmDg_12things3_core10test_utils5testss_23test_mock_data_creation
FN:438,_RNvNtNtCsgZrz1p1UmDg_12things3_core10test_utils5testss_25test_create_test_database
FN:522,_RNvNtNtCsgZrz1p1UmDg_12things3_core10test_utils5testss_25test_mock_areas_structure
FN:541,_RNvNtNtCsgZrz1p1UmDg_12things3_core10test_utils5testss_25test_mock_data_timestamps
FN:474,_RNvNtNtCsgZrz1p1UmDg_12things3_core10test_utils5testss_25test_mock_tasks_structure
FN:566,_RNvNtNtCsgZrz1p1UmDg_12things3_core10test_utils5testss_27test_mock_data_uuid_parsing
FN:507,_RNvNtNtCsgZrz1p1UmDg_12things3_core10test_utils5testss_28test_mock_projects_structure
FN:466,_RNvNtNtCsgZrz1p1UmDg_12things3_core10test_utils5testss_40test_create_test_database_error_handling
FN:13,_RINvNtCsgZrz1p1UmDg_12things3_core10test_utils20create_test_databaseRNtNtCsht3nMU9UgFu_3std4path4PathEB4_
FN:13,_RINvNtCsgZrz1p1UmDg_12things3_core10test_utils20create_test_databaseReEB4_
FN:274,_RNCNvNtCsgZrz1p1UmDg_12things3_core10test_utils16insert_mock_data0B5_
FN:279,_RNCNvNtCsgZrz1p1UmDg_12things3_core10test_utils16insert_mock_datas_0B5_
FN:100,_RNvNtCsgZrz1p1UmDg_12things3_core10test_utils16insert_mock_data
FN:407,_RNvNtCsgZrz1p1UmDg_12things3_core10test_utils17create_mock_areas
FN:336,_RNvNtCsgZrz1p1UmDg_12things3_core10test_utils17create_mock_tasks
FN:382,_RNvNtCsgZrz1p1UmDg_12things3_core10test_utils20create_mock_projects
FN:446,_RNCNvNtNtCsgZrz1p1UmDg_12things3_core10test_utils5testss_25test_create_test_database0B7_
FNDA:1,_RINvNtCs5g5yoxUUBtF_12things3_core10test_utils20create_test_databaseRNtNtCsht3nMU9UgFu_3std4path4PathECs1GFx77x34dO_8ci_tests
FNDA:35,_RNvNtCs5g5yoxUUBtF_12things3_core10test_utils16insert_mock_data
FNDA:2,_RNvNtCs5g5yoxUUBtF_12things3_core10test_utils17create_mock_areas
FNDA:2,_RNvNtCs5g5yoxUUBtF_12things3_core10test_utils17create_mock_tasks
FNDA:2,_RNvNtCs5g5yoxUUBtF_12things3_core10test_utils20create_mock_projects
FNDA:175,_RNCNvNtCs5g5yoxUUBtF_12things3_core10test_utils16insert_mock_data0B5_
FNDA:105,_RNCNvNtCs5g5yoxUUBtF_12things3_core10test_utils16insert_mock_datas_0B5_
FNDA:3,_RINvNtCs5g5yoxUUBtF_12things3_core10test_utils20create_test_databaseRNtNtCsht3nMU9UgFu_3std4path4PathECs4SB5PrPUaIL_14database_tests
FNDA:14,_RINvNtCs5g5yoxUUBtF_12things3_core10test_utils20create_test_databaseRNtNtCsht3nMU9UgFu_3std4path7PathBufECs4SB5PrPUaIL_14database_tests
FNDA:1,_RINvNtCs5g5yoxUUBtF_12things3_core10test_utils20create_test_databaseRNtNtCsht3nMU9UgFu_3std4path4PathECs1fuAHkfKiRx_17integration_tests
FNDA:5,_RINvNtCs5g5yoxUUBtF_12things3_core10test_utils20create_test_databaseRNtNtCsht3nMU9UgFu_3std4path4PathECslmUnm2AW75P_17integration_tests
FNDA:11,_RINvNtCs5g5yoxUUBtF_12things3_core10test_utils20create_test_databaseRNtNtCsht3nMU9UgFu_3std4path4PathECs4LVHq6tQnHx_7things3
FNDA:1,_RNvNtNtCsgZrz1p1UmDg_12things3_core10test_utils5testss_23test_mock_data_creation
FNDA:1,_RNvNtNtCsgZrz1p1UmDg_12things3_core10test_utils5testss_25test_create_test_database
FNDA:1,_RNvNtNtCsgZrz1p1UmDg_12things3_core10test_utils5testss_25test_mock_areas_structure
FNDA:1,_RNvNtNtCsgZrz1p1UmDg_12things3_core10test_utils5testss_25test_mock_data_timestamps
FNDA:1,_RNvNtNtCsgZrz1p1UmDg_12things3_core10test_utils5testss_25test_mock_tasks_structure
FNDA:1,_RNvNtNtCsgZrz1p1UmDg_12things3_core10test_utils5testss_27test_mock_data_uuid_parsing
FNDA:1,_RNvNtNtCsgZrz1p1UmDg_12things3_core10test_utils5testss_28test_mock_projects_structure
FNDA:1,_RNvNtNtCsgZrz1p1UmDg_12things3_core10test_utils5testss_40test_create_test_database_error_handling
FNDA:13,_RINvNtCsgZrz1p1UmDg_12things3_core10test_utils20create_test_databaseRNtNtCsht3nMU9UgFu_3std4path4PathEB4_
FNDA:1,_RINvNtCsgZrz1p1UmDg_12things3_core10test_utils20create_test_databaseReEB4_
FNDA:65,_RNCNvNtCsgZrz1p1UmDg_12things3_core10test_utils16insert_mock_data0B5_
FNDA:39,_RNCNvNtCsgZrz1p1UmDg_12things3_core10test_utils16insert_mock_datas_0B5_
FNDA:13,_RNvNtCsgZrz1p1UmDg_12things3_core10test_utils16insert_mock_data
FNDA:11,_RNvNtCsgZrz1p1UmDg_12things3_core10test_utils17create_mock_areas
FNDA:14,_RNvNtCsgZrz1p1UmDg_12things3_core10test_utils17create_mock_tasks
FNDA:11,_RNvNtCsgZrz1p1UmDg_12things3_core10test_utils20create_mock_projects
FNDA:1,_RNCNvNtNtCsgZrz1p1UmDg_12things3_core10test_utils5testss_25test_create_test_database0B7_
FNF:16
FNH:16
DA:13,49
DA:14,49
DA:17,48
DA:18,48
DA:19,48
DA:20,48
DA:21,48
DA:22,48
DA:23,48
DA:24,48
DA:25,48
DA:26,48
DA:27,48
DA:28,48
DA:29,48
DA:30,48
DA:31,48
DA:32,48
DA:33,48
DA:34,48
DA:35,48
DA:36,48
DA:37,48
DA:38,48
DA:39,48
DA:40,48
DA:41,48
DA:42,48
DA:43,48
DA:44,48
DA:45,48
DA:46,48
DA:47,48
DA:48,48
DA:49,48
DA:50,48
DA:51,48
DA:52,48
DA:53,48
DA:54,48
DA:55,48
DA:56,48
DA:57,48
DA:58,48
DA:59,48
DA:60,48
DA:61,48
DA:62,48
DA:63,48
DA:64,48
DA:65,48
DA:66,48
DA:67,48
DA:68,48
DA:69,48
DA:70,48
DA:71,48
DA:72,48
DA:73,48
DA:74,48
DA:75,48
DA:76,48
DA:77,48
DA:78,48
DA:79,48
DA:80,48
DA:81,48
DA:82,48
DA:83,48
DA:84,48
DA:85,48
DA:86,48
DA:87,48
DA:88,48
DA:89,48
DA:90,0
DA:93,48
DA:95,48
DA:96,49
DA:100,48
DA:101,48
DA:102,48
DA:103,48
DA:104,48
DA:107,48
DA:108,48
DA:109,48
DA:110,48
DA:111,48
DA:112,48
DA:113,48
DA:114,48
DA:115,48
DA:116,48
DA:117,48
DA:118,48
DA:119,48
DA:120,48
DA:121,48
DA:122,48
DA:125,192
DA:126,144
DA:127,144
DA:128,144
DA:129,144
DA:130,144
DA:131,144
DA:132,0
DA:136,48
DA:137,48
DA:138,48
DA:139,48
DA:140,48
DA:141,48
DA:144,288
DA:145,240
DA:146,240
DA:147,240
DA:148,0
DA:152,48
DA:154,48
DA:155,48
DA:156,48
DA:157,48
DA:158,48
DA:159,48
DA:160,48
DA:161,48
DA:162,48
DA:163,48
DA:164,48
DA:165,48
DA:166,48
DA:167,48
DA:168,48
DA:169,48
DA:170,48
DA:171,48
DA:172,48
DA:173,48
DA:174,48
DA:175,48
DA:176,48
DA:177,48
DA:178,48
DA:179,48
DA:180,48
DA:181,48
DA:182,48
DA:183,48
DA:184,48
DA:185,48
DA:186,48
DA:187,48
DA:188,48
DA:189,48
DA:191,48
DA:192,48
DA:193,48
DA:194,48
DA:195,48
DA:196,48
DA:197,48
DA:198,48
DA:199,48
DA:200,48
DA:201,48
DA:202,48
DA:203,48
DA:204,48
DA:205,48
DA:206,48
DA:207,48
DA:208,48
DA:209,48
DA:210,48
DA:211,48
DA:212,48
DA:213,48
DA:214,48
DA:216,48
DA:217,48
DA:218,48
DA:219,48
DA:220,48
DA:221,48
DA:222,48
DA:223,48
DA:224,48
DA:225,48
DA:226,48
DA:227,48
DA:228,48
DA:229,48
DA:230,48
DA:231,48
DA:232,48
DA:233,48
DA:234,48
DA:235,48
DA:236,48
DA:237,48
DA:238,48
DA:239,48
DA:241,48
DA:242,48
DA:243,48
DA:244,48
DA:245,48
DA:246,48
DA:247,48
DA:248,48
DA:249,48
DA:250,48
DA:251,48
DA:252,48
DA:256,384
DA:257,384
DA:258,384
DA:259,384
DA:260,384
DA:261,384
DA:262,384
DA:263,384
DA:264,384
DA:265,384
DA:266,432
DA:268,384
DA:269,384
DA:271,384
DA:272,384
DA:273,384
DA:274,384
DA:276,240
DA:277,240
DA:278,240
DA:279,384
DA:281,144
DA:282,144
DA:283,144
DA:286,384
DA:290,384
DA:292,384
DA:293,384
DA:294,336
DA:295,336
DA:296,336
DA:298,384
DA:299,384
DA:300,288
DA:301,288
DA:302,288
DA:304,384
DA:305,384
DA:306,384
DA:309,0
DA:313,48
DA:314,48
DA:315,48
DA:316,48
DA:317,48
DA:318,48
DA:321,288
DA:322,240
DA:323,240
DA:324,240
DA:325,0
DA:328,48
DA:329,48
DA:336,16
DA:337,16
DA:338,16
DA:339,16
DA:341,16
DA:342,16
DA:343,16
DA:344,16
DA:345,16
DA:346,16
DA:347,16
DA:348,16
DA:349,16
DA:350,16
DA:351,16
DA:352,16
DA:353,16
DA:354,16
DA:355,16
DA:356,16
DA:357,16
DA:358,16
DA:359,16
DA:360,16
DA:361,16
DA:362,16
DA:363,16
DA:364,16
DA:365,16
DA:366,16
DA:367,16
DA:368,16
DA:369,16
DA:370,16
DA:371,16
DA:372,16
DA:373,16
DA:375,16
DA:382,13
DA:383,13
DA:384,13
DA:385,13
DA:387,13
DA:388,13
DA:389,13
DA:390,13
DA:391,13
DA:392,13
DA:393,13
DA:394,13
DA:395,13
DA:396,13
DA:397,13
DA:398,13
DA:399,13
DA:400,13
DA:407,13
DA:408,13
DA:410,13
DA:411,13
DA:412,13
DA:413,13
DA:414,13
DA:415,13
DA:416,13
DA:417,13
DA:418,13
DA:419,13
DA:420,13
DA:421,13
DA:422,13
DA:423,13
DA:424,13
DA:425,13
DA:426,13
DA:427,13
DA:428,13
DA:430,13
DA:438,1
DA:439,1
DA:440,1
DA:442,1
DA:445,1
DA:446,1
DA:447,1
DA:448,1
DA:451,1
DA:452,1
DA:453,1
DA:454,1
DA:456,1
DA:457,1
DA:458,1
DA:460,1
DA:461,1
DA:462,1
DA:463,1
DA:466,1
DA:468,1
DA:469,1
DA:470,1
DA:471,1
DA:474,1
DA:475,1
DA:478,1
DA:479,1
DA:480,1
DA:481,1
DA:482,1
DA:483,1
DA:484,1
DA:485,1
DA:486,1
DA:487,1
DA:488,1
DA:489,1
DA:492,1
DA:493,1
DA:494,1
DA:495,1
DA:496,1
DA:497,1
DA:498,1
DA:499,1
DA:500,1
DA:501,1
DA:502,1
DA:503,1
DA:504,1
DA:507,1
DA:508,1
DA:509,1
DA:511,1
DA:512,1
DA:513,1
DA:514,1
DA:515,1
DA:516,1
DA:517,1
DA:518,1
DA:519,1
DA:522,1
DA:523,1
DA:526,1
DA:527,1
DA:528,1
DA:529,1
DA:530,1
DA:533,1
DA:534,1
DA:535,1
DA:536,1
DA:537,1
DA:538,1
DA:541,1
DA:542,1
DA:543,1
DA:544,1
DA:546,1
DA:549,3
DA:550,2
DA:551,2
DA:554,2
DA:555,1
DA:556,1
DA:559,3
DA:560,2
DA:561,2
DA:563,1
DA:566,1
DA:567,1
DA:568,1
DA:569,1
DA:572,3
DA:573,2
DA:576,2
DA:577,1
DA:578,1
DA:579,1
DA:580,0
DA:583,3
DA:584,2
DA:586,1
BRF:0
BRH:0
LF:455
LH:449
end_of_record
SF:/Users/garthdb/Projects/rust-things/tools/xtask/src/main.rs
FN:272,_RNvNtCs2nDjnESWUQb_5xtask5testss_16test_cli_parsing
FN:329,_RNvNtCs2nDjnESWUQb_5xtask5testss_20test_things_commands
FN:401,_RNvNtCs2nDjnESWUQb_5xtask5testss_21test_analyze_function
FN:305,_RNvNtCs2nDjnESWUQb_5xtask5testss_23test_local_dev_commands
FN:407,_RNvNtCs2nDjnESWUQb_5xtask5testss_23test_perf_test_function
FN:295,_RNvNtCs2nDjnESWUQb_5xtask5testss_26test_generate_code_command
FN:359,_RNvNtCs2nDjnESWUQb_5xtask5testss_27test_generate_code_function
FN:285,_RNvNtCs2nDjnESWUQb_5xtask5testss_27test_generate_tests_command
FN:389,_RNvNtCs2nDjnESWUQb_5xtask5testss_27test_things_backup_function
FN:353,_RNvNtCs2nDjnESWUQb_5xtask5testss_28test_generate_tests_function
FN:377,_RNvNtCs2nDjnESWUQb_5xtask5testss_29test_local_dev_clean_function
FN:365,_RNvNtCs2nDjnESWUQb_5xtask5testss_29test_local_dev_setup_function
FN:413,_RNvNtCs2nDjnESWUQb_5xtask5testss_29test_setup_git_hooks_function
FN:383,_RNvNtCs2nDjnESWUQb_5xtask5testss_29test_things_validate_function
FN:371,_RNvNtCs2nDjnESWUQb_5xtask5testss_30test_local_dev_health_function
FN:395,_RNvNtCs2nDjnESWUQb_5xtask5testss_32test_things_db_location_function
FN:120,_RNvCs2nDjnESWUQb_5xtask13generate_code
FN:148,_RNvCs2nDjnESWUQb_5xtask13things_backup
FN:114,_RNvCs2nDjnESWUQb_5xtask14generate_tests
FN:138,_RNvCs2nDjnESWUQb_5xtask15local_dev_clean
FN:126,_RNvCs2nDjnESWUQb_5xtask15local_dev_setup
FN:171,_RNvCs2nDjnESWUQb_5xtask15setup_git_hooks
FN:143,_RNvCs2nDjnESWUQb_5xtask15things_validate
FN:133,_RNvCs2nDjnESWUQb_5xtask16local_dev_health
FN:153,_RNvCs2nDjnESWUQb_5xtask18things_db_location
FN:161,_RNvCs2nDjnESWUQb_5xtask7analyze
FN:166,_RNvCs2nDjnESWUQb_5xtask9perf_test
FN:68,_RNvCs2nDjnESWUQb_5xtask4main
FN:154,_RNCNvCs2nDjnESWUQb_5xtask18things_db_location0B3_
FNDA:1,_RNvNtCs2nDjnESWUQb_5xtask5testss_16test_cli_parsing
FNDA:1,_RNvNtCs2nDjnESWUQb_5xtask5testss_20test_things_commands
FNDA:1,_RNvNtCs2nDjnESWUQb_5xtask5testss_21test_analyze_function
FNDA:1,_RNvNtCs2nDjnESWUQb_5xtask5testss_23test_local_dev_commands
FNDA:1,_RNvNtCs2nDjnESWUQb_5xtask5testss_23test_perf_test_function
FNDA:1,_RNvNtCs2nDjnESWUQb_5xtask5testss_26test_generate_code_command
FNDA:1,_RNvNtCs2nDjnESWUQb_5xtask5testss_27test_generate_code_function
FNDA:1,_RNvNtCs2nDjnESWUQb_5xtask5testss_27test_generate_tests_command
FNDA:1,_RNvNtCs2nDjnESWUQb_5xtask5testss_27test_things_backup_function
FNDA:1,_RNvNtCs2nDjnESWUQb_5xtask5testss_28test_generate_tests_function
FNDA:1,_RNvNtCs2nDjnESWUQb_5xtask5testss_29test_local_dev_clean_function
FNDA:1,_RNvNtCs2nDjnESWUQb_5xtask5testss_29test_local_dev_setup_function
FNDA:1,_RNvNtCs2nDjnESWUQb_5xtask5testss_29test_setup_git_hooks_function
FNDA:1,_RNvNtCs2nDjnESWUQb_5xtask5testss_29test_things_validate_function
FNDA:1,_RNvNtCs2nDjnESWUQb_5xtask5testss_30test_local_dev_health_function
FNDA:1,_RNvNtCs2nDjnESWUQb_5xtask5testss_32test_things_db_location_function
FNDA:1,_RNvCs2nDjnESWUQb_5xtask13generate_code
FNDA:1,_RNvCs2nDjnESWUQb_5xtask13things_backup
FNDA:1,_RNvCs2nDjnESWUQb_5xtask14generate_tests
FNDA:1,_RNvCs2nDjnESWUQb_5xtask15local_dev_clean
FNDA:1,_RNvCs2nDjnESWUQb_5xtask15local_dev_setup
FNDA:1,_RNvCs2nDjnESWUQb_5xtask15setup_git_hooks
FNDA:1,_RNvCs2nDjnESWUQb_5xtask15things_validate
FNDA:1,_RNvCs2nDjnESWUQb_5xtask16local_dev_health
FNDA:1,_RNvCs2nDjnESWUQb_5xtask18things_db_location
FNDA:1,_RNvCs2nDjnESWUQb_5xtask7analyze
FNDA:1,_RNvCs2nDjnESWUQb_5xtask9perf_test
FNDA:0,_RNvCs2nDjnESWUQb_5xtask4main
FNDA:0,_RNCNvCs2nDjnESWUQb_5xtask18things_db_location0B3_
FNF:29
FNH:27
DA:68,0
DA:69,0
DA:71,0
DA:72,0
DA:73,0
DA:74,0
DA:75,0
DA:76,0
DA:77,0
DA:78,0
DA:79,0
DA:80,0
DA:81,0
DA:82,0
DA:83,0
DA:84,0
DA:85,0
DA:86,0
DA:87,0
DA:89,0
DA:90,0
DA:91,0
DA:92,0
DA:93,0
DA:94,0
DA:95,0
DA:96,0
DA:97,0
DA:98,0
DA:100,0
DA:101,0
DA:102,0
DA:103,0
DA:104,0
DA:105,0
DA:107,0
DA:111,0
DA:112,0
DA:114,1
DA:115,1
DA:116,1
DA:117,1
DA:118,1
DA:120,1
DA:121,1
DA:122,1
DA:123,1
DA:124,1
DA:126,1
DA:127,1
DA:128,1
DA:129,1
DA:130,1
DA:131,1
DA:133,1
DA:134,1
DA:135,1
DA:136,1
DA:138,1
DA:139,1
DA:140,1
DA:141,1
DA:143,1
DA:144,1
DA:145,1
DA:146,1
DA:148,1
DA:149,1
DA:150,1
DA:151,1
DA:153,1
DA:154,1
DA:155,1
DA:156,1
DA:158,1
DA:159,1
DA:161,1
DA:162,1
DA:163,1
DA:164,1
DA:166,1
DA:167,1
DA:168,1
DA:169,1
DA:171,1
DA:172,1
DA:175,1
DA:176,1
DA:177,0
DA:178,1
DA:181,1
DA:182,1
DA:183,1
DA:184,1
DA:185,1
DA:186,1
DA:187,1
DA:188,1
DA:189,1
DA:190,1
DA:191,1
DA:192,1
DA:193,1
DA:194,1
DA:195,1
DA:196,1
DA:197,1
DA:198,1
DA:199,1
DA:200,1
DA:201,1
DA:202,1
DA:203,1
DA:204,1
DA:205,1
DA:206,1
DA:207,1
DA:208,1
DA:209,1
DA:210,1
DA:211,1
DA:213,1
DA:214,1
DA:217,1
DA:218,1
DA:219,1
DA:222,1
DA:223,1
DA:224,1
DA:225,1
DA:226,1
DA:227,1
DA:228,1
DA:229,1
DA:230,1
DA:231,1
DA:232,1
DA:233,1
DA:234,1
DA:235,1
DA:236,1
DA:237,1
DA:238,1
DA:239,1
DA:240,1
DA:241,1
DA:242,1
DA:243,1
DA:244,1
DA:246,1
DA:247,1
DA:250,1
DA:251,1
DA:252,1
DA:254,1
DA:255,1
DA:256,1
DA:257,1
DA:258,1
DA:259,1
DA:260,1
DA:261,1
DA:263,1
DA:264,1
DA:272,1
DA:274,1
DA:275,1
DA:277,1
DA:278,1
DA:280,1
DA:281,1
DA:282,1
DA:285,1
DA:286,1
DA:287,1
DA:288,1
DA:290,0
DA:292,1
DA:295,1
DA:296,1
DA:297,1
DA:298,1
DA:300,0
DA:302,1
DA:305,1
DA:306,1
DA:307,1
DA:308,1
DA:310,0
DA:313,1
DA:314,1
DA:315,1
DA:317,0
DA:320,1
DA:321,1
DA:322,1
DA:324,0
DA:326,1
DA:329,1
DA:330,1
DA:331,1
DA:332,1
DA:334,0
DA:337,1
DA:338,1
DA:339,1
DA:341,0
DA:344,1
DA:345,1
DA:346,1
DA:348,0
DA:350,1
DA:353,1
DA:355,1
DA:356,1
DA:359,1
DA:361,1
DA:362,1
DA:365,1
DA:367,1
DA:368,1
DA:371,1
DA:373,1
DA:374,1
DA:377,1
DA:379,1
DA:380,1
DA:383,1
DA:385,1
DA:386,1
DA:389,1
DA:391,1
DA:392,1
DA:395,1
DA:397,1
DA:398,1
DA:401,1
DA:403,1
DA:404,1
DA:407,1
DA:409,1
DA:410,1
DA:413,1
DA:415,1
DA:416,1
DA:419,1
DA:422,1
DA:425,1
DA:426,1
DA:429,1
DA:430,1
DA:433,1
DA:434,1
BRF:0
BRH:0
LF:254
LH:206
end_of_record