SF:/Users/garthdb/Projects/rust-things/apps/things-cli/src/main.rs
FN:171,_RNvCsaPLeOjnd5Io_10things_cli11print_areas
FN:127,_RNvCsaPLeOjnd5Io_10things_cli11print_tasks
FN:190,_RNvCsaPLeOjnd5Io_10things_cli12health_check
FN:149,_RNvCsaPLeOjnd5Io_10things_cli14print_projects
FN:203,_RNvCsaPLeOjnd5Io_10things_cli16start_mcp_server
FN:67,_RNvCsaPLeOjnd5Io_10things_cli4main
FN:97,_RNCNCNvCsaPLeOjnd5Io_10things_cli4main00B5_
FN:203,_RNCNvCsaPLeOjnd5Io_10things_cli16start_mcp_server0B3_
FN:67,_RNCNvCsaPLeOjnd5Io_10things_cli4main0B3_
FN:97,_RNCNCNvCsNtjMDWdEDx_10things_cli4main00B5_
FN:203,_RNCNvCsNtjMDWdEDx_10things_cli16start_mcp_server0B3_
FN:67,_RNCNvCsNtjMDWdEDx_10things_cli4main0B3_
FN:203,_RNvCsNtjMDWdEDx_10things_cli16start_mcp_server
FN:67,_RNvCsNtjMDWdEDx_10things_cli4main
FN:171,_RNvCsNtjMDWdEDx_10things_cli11print_areas
FN:127,_RNvCsNtjMDWdEDx_10things_cli11print_tasks
FN:190,_RNvCsNtjMDWdEDx_10things_cli12health_check
FN:149,_RNvCsNtjMDWdEDx_10things_cli14print_projects
FN:259,_RNvNtCsNtjMDWdEDx_10things_cli5testss_20test_cli_parsing_mcp
FN:470,_RNvNtCsNtjMDWdEDx_10things_cli5testss_20test_cli_short_flags
FN:478,_RNvNtCsNtjMDWdEDx_10things_cli5testss_20test_cli_short_limit
FN:435,_RNvNtCsNtjMDWdEDx_10things_cli5testss_21test_cli_parsing_help
FN:416,_RNvNtCsNtjMDWdEDx_10things_cli5testss_21test_cli_struct_debug
FN:244,_RNvNtCsNtjMDWdEDx_10things_cli5testss_22test_cli_parsing_areas
FN:222,_RNvNtCsNtjMDWdEDx_10things_cli5testss_22test_cli_parsing_inbox
FN:230,_RNvNtCsNtjMDWdEDx_10things_cli5testss_22test_cli_parsing_today
FN:447,_RNvNtCsNtjMDWdEDx_10things_cli5testss_22test_commands_equality
FN:351,_RNvNtCsNtjMDWdEDx_10things_cli5testss_22test_print_areas_empty
FN:316,_RNvNtCsNtjMDWdEDx_10things_cli5testss_22test_print_tasks_empty
FN:462,_RNvNtCsNtjMDWdEDx_10things_cli5testss_23test_cli_default_values
FN:265,_RNvNtCsNtjMDWdEDx_10things_cli5testss_23test_cli_parsing_health
FN:250,_RNvNtCsNtjMDWdEDx_10things_cli5testss_23test_cli_parsing_search
FN:330,_RNvNtCsNtjMDWdEDx_10things_cli5testss_23test_print_tasks_single
FN:441,_RNvNtCsNtjMDWdEDx_10things_cli5testss_24test_cli_parsing_version
FN:393,_RNvNtCsNtjMDWdEDx_10things_cli5testss_24test_commands_enum_debug
FN:236,_RNvNtCsNtjMDWdEDx_10things_cli5testss_25test_cli_parsing_projects
FN:365,_RNvNtCsNtjMDWdEDx_10things_cli5testss_25test_health_check_success
FN:337,_RNvNtCsNtjMDWdEDx_10things_cli5testss_25test_print_projects_empty
FN:610,_RNvNtCsNtjMDWdEDx_10things_cli5testss_26test_command_enum_variants
FN:563,_RNvNtCsNtjMDWdEDx_10things_cli5testss_26test_config_creation_paths
FN:358,_RNvNtCsNtjMDWdEDx_10things_cli5testss_26test_print_areas_with_data
FN:323,_RNvNtCsNtjMDWdEDx_10things_cli5testss_26test_print_tasks_with_data
FN:588,_RNvNtCsNtjMDWdEDx_10things_cli5testss_26test_verbose_logging_setup
FN:498,_RNvNtCsNtjMDWdEDx_10things_cli5testss_28test_cli_inbox_without_limit
FN:294,_RNvNtCsNtjMDWdEDx_10things_cli5testss_28test_cli_parsing_all_options
FN:650,_RNvNtCsNtjMDWdEDx_10things_cli5testss_28test_cli_today_without_limit
FN:280,_RNvNtCsNtjMDWdEDx_10things_cli5testss_29test_cli_parsing_with_verbose
FN:484,_RNvNtCsNtjMDWdEDx_10things_cli5testss_29test_cli_search_without_limit
FN:344,_RNvNtCsNtjMDWdEDx_10things_cli5testss_29test_print_projects_with_data
FN:287,_RNvNtCsNtjMDWdEDx_10things_cli5testss_30test_cli_parsing_with_fallback
FN:492,_RNvNtCsNtjMDWdEDx_10things_cli5testss_30test_cli_projects_without_area
FN:601,_RNvNtCsNtjMDWdEDx_10things_cli5testss_30test_fallback_behavior_parsing
FN:423,_RNvNtCsNtjMDWdEDx_10things_cli5testss_32test_cli_parsing_invalid_command
FN:429,_RNvNtCsNtjMDWdEDx_10things_cli5testss_32test_cli_parsing_missing_command
FN:381,_RNvNtCsNtjMDWdEDx_10things_cli5testss_32test_health_check_database_error
FN:524,_RNvNtCsNtjMDWdEDx_10things_cli5testss_34test_main_function_execution_paths
FN:271,_RNvNtCsNtjMDWdEDx_10things_cli5testss_35test_cli_parsing_with_database_path
FN:504,_RNvNtCsNtjMDWdEDx_10things_cli5testss_42test_cli_parsing_all_options_comprehensive
FNDA:0,_RNvCsaPLeOjnd5Io_10things_cli11print_areas
FNDA:0,_RNvCsaPLeOjnd5Io_10things_cli11print_tasks
FNDA:0,_RNvCsaPLeOjnd5Io_10things_cli12health_check
FNDA:0,_RNvCsaPLeOjnd5Io_10things_cli14print_projects
FNDA:0,_RNvCsaPLeOjnd5Io_10things_cli16start_mcp_server
FNDA:0,_RNvCsaPLeOjnd5Io_10things_cli4main
FNDA:0,_RNCNCNvCsaPLeOjnd5Io_10things_cli4main00B5_
FNDA:0,_RNCNvCsaPLeOjnd5Io_10things_cli16start_mcp_server0B3_
FNDA:0,_RNCNvCsaPLeOjnd5Io_10things_cli4main0B3_
FNDA:0,_RNCNCNvCsNtjMDWdEDx_10things_cli4main00B5_
FNDA:0,_RNCNvCsNtjMDWdEDx_10things_cli16start_mcp_server0B3_
FNDA:0,_RNCNvCsNtjMDWdEDx_10things_cli4main0B3_
FNDA:0,_RNvCsNtjMDWdEDx_10things_cli16start_mcp_server
FNDA:0,_RNvCsNtjMDWdEDx_10things_cli4main
FNDA:2,_RNvCsNtjMDWdEDx_10things_cli11print_areas
FNDA:3,_RNvCsNtjMDWdEDx_10things_cli11print_tasks
FNDA:1,_RNvCsNtjMDWdEDx_10things_cli12health_check
FNDA:2,_RNvCsNtjMDWdEDx_10things_cli14print_projects
FNDA:1,_RNvNtCsNtjMDWdEDx_10things_cli5testss_20test_cli_parsing_mcp
FNDA:1,_RNvNtCsNtjMDWdEDx_10things_cli5testss_20test_cli_short_flags
FNDA:1,_RNvNtCsNtjMDWdEDx_10things_cli5testss_20test_cli_short_limit
FNDA:1,_RNvNtCsNtjMDWdEDx_10things_cli5testss_21test_cli_parsing_help
FNDA:1,_RNvNtCsNtjMDWdEDx_10things_cli5testss_21test_cli_struct_debug
FNDA:1,_RNvNtCsNtjMDWdEDx_10things_cli5testss_22test_cli_parsing_areas
FNDA:1,_RNvNtCsNtjMDWdEDx_10things_cli5testss_22test_cli_parsing_inbox
FNDA:1,_RNvNtCsNtjMDWdEDx_10things_cli5testss_22test_cli_parsing_today
FNDA:1,_RNvNtCsNtjMDWdEDx_10things_cli5testss_22test_commands_equality
FNDA:1,_RNvNtCsNtjMDWdEDx_10things_cli5testss_22test_print_areas_empty
FNDA:1,_RNvNtCsNtjMDWdEDx_10things_cli5testss_22test_print_tasks_empty
FNDA:1,_RNvNtCsNtjMDWdEDx_10things_cli5testss_23test_cli_default_values
FNDA:1,_RNvNtCsNtjMDWdEDx_10things_cli5testss_23test_cli_parsing_health
FNDA:1,_RNvNtCsNtjMDWdEDx_10things_cli5testss_23test_cli_parsing_search
FNDA:1,_RNvNtCsNtjMDWdEDx_10things_cli5testss_23test_print_tasks_single
FNDA:1,_RNvNtCsNtjMDWdEDx_10things_cli5testss_24test_cli_parsing_version
FNDA:1,_RNvNtCsNtjMDWdEDx_10things_cli5testss_24test_commands_enum_debug
FNDA:1,_RNvNtCsNtjMDWdEDx_10things_cli5testss_25test_cli_parsing_projects
FNDA:1,_RNvNtCsNtjMDWdEDx_10things_cli5testss_25test_health_check_success
FNDA:1,_RNvNtCsNtjMDWdEDx_10things_cli5testss_25test_print_projects_empty
FNDA:1,_RNvNtCsNtjMDWdEDx_10things_cli5testss_26test_command_enum_variants
FNDA:1,_RNvNtCsNtjMDWdEDx_10things_cli5testss_26test_config_creation_paths
FNDA:1,_RNvNtCsNtjMDWdEDx_10things_cli5testss_26test_print_areas_with_data
FNDA:1,_RNvNtCsNtjMDWdEDx_10things_cli5testss_26test_print_tasks_with_data
FNDA:1,_RNvNtCsNtjMDWdEDx_10things_cli5testss_26test_verbose_logging_setup
FNDA:1,_RNvNtCsNtjMDWdEDx_10things_cli5testss_28test_cli_inbox_without_limit
FNDA:1,_RNvNtCsNtjMDWdEDx_10things_cli5testss_28test_cli_parsing_all_options
FNDA:1,_RNvNtCsNtjMDWdEDx_10things_cli5testss_28test_cli_today_without_limit
FNDA:1,_RNvNtCsNtjMDWdEDx_10things_cli5testss_29test_cli_parsing_with_verbose
FNDA:1,_RNvNtCsNtjMDWdEDx_10things_cli5testss_29test_cli_search_without_limit
FNDA:1,_RNvNtCsNtjMDWdEDx_10things_cli5testss_29test_print_projects_with_data
FNDA:1,_RNvNtCsNtjMDWdEDx_10things_cli5testss_30test_cli_parsing_with_fallback
FNDA:1,_RNvNtCsNtjMDWdEDx_10things_cli5testss_30test_cli_projects_without_area
FNDA:1,_RNvNtCsNtjMDWdEDx_10things_cli5testss_30test_fallback_behavior_parsing
FNDA:1,_RNvNtCsNtjMDWdEDx_10things_cli5testss_32test_cli_parsing_invalid_command
FNDA:1,_RNvNtCsNtjMDWdEDx_10things_cli5testss_32test_cli_parsing_missing_command
FNDA:1,_RNvNtCsNtjMDWdEDx_10things_cli5testss_32test_health_check_database_error
FNDA:1,_RNvNtCsNtjMDWdEDx_10things_cli5testss_34test_main_function_execution_paths
FNDA:1,_RNvNtCsNtjMDWdEDx_10things_cli5testss_35test_cli_parsing_with_database_path
FNDA:1,_RNvNtCsNtjMDWdEDx_10things_cli5testss_42test_cli_parsing_all_options_comprehensive
FNF:49
FNH:44
DA:67,0
DA:68,0
DA:71,0
DA:72,0
DA:73,0
DA:74,0
DA:75,0
DA:78,0
DA:79,0
DA:81,0
DA:85,0
DA:87,0
DA:88,0
DA:89,0
DA:90,0
DA:91,0
DA:92,0
DA:93,0
DA:94,0
DA:95,0
DA:96,0
DA:97,0
DA:98,0
DA:99,0
DA:100,0
DA:101,0
DA:102,0
DA:103,0
DA:104,0
DA:105,0
DA:106,0
DA:107,0
DA:108,0
DA:109,0
DA:110,0
DA:111,0
DA:112,0
DA:113,0
DA:114,0
DA:115,0
DA:116,0
DA:117,0
DA:118,0
DA:119,0
DA:120,0
DA:121,0
DA:122,0
DA:123,0
DA:124,0
DA:125,0
DA:127,3
DA:128,3
DA:129,1
DA:130,1
DA:131,2
DA:133,2
DA:134,5
DA:135,3
DA:136,3
DA:137,3
DA:138,3
DA:139,3
DA:140,2
DA:141,2
DA:142,3
DA:143,0
DA:144,3
DA:145,3
DA:147,3
DA:149,2
DA:150,2
DA:151,1
DA:152,1
DA:153,1
DA:155,1
DA:156,2
DA:157,1
DA:158,1
DA:159,1
DA:160,1
DA:161,1
DA:162,1
DA:163,1
DA:164,1
DA:165,0
DA:166,1
DA:167,1
DA:169,2
DA:171,2
DA:172,2
DA:173,1
DA:174,1
DA:175,1
DA:177,1
DA:178,3
DA:179,2
DA:180,2
DA:181,2
DA:182,2
DA:183,2
DA:184,0
DA:185,2
DA:186,2
DA:188,2
DA:190,1
DA:191,1
DA:194,1
DA:196,1
DA:197,1
DA:198,1
DA:200,1
DA:201,1
DA:203,0
DA:204,0
DA:205,0
DA:206,0
DA:211,0
DA:222,1
DA:223,1
DA:224,1
DA:225,1
DA:226,1
DA:227,1
DA:230,1
DA:231,1
DA:232,1
DA:233,1
DA:236,1
DA:237,1
DA:238,1
DA:239,1
DA:241,1
DA:244,1
DA:245,1
DA:246,1
DA:247,1
DA:250,1
DA:251,1
DA:252,1
DA:253,1
DA:254,1
DA:256,1
DA:259,1
DA:260,1
DA:261,1
DA:262,1
DA:265,1
DA:266,1
DA:267,1
DA:268,1
DA:271,1
DA:272,1
DA:273,1
DA:274,1
DA:275,1
DA:276,1
DA:277,1
DA:280,1
DA:281,1
DA:282,1
DA:283,1
DA:284,1
DA:287,1
DA:288,1
DA:289,1
DA:290,1
DA:291,1
DA:294,1
DA:295,1
DA:296,1
DA:297,1
DA:298,1
DA:299,1
DA:300,1
DA:301,1
DA:302,1
DA:303,1
DA:304,1
DA:305,1
DA:306,1
DA:307,1
DA:308,1
DA:310,1
DA:311,1
DA:312,1
DA:313,1
DA:316,1
DA:317,1
DA:319,1
DA:320,1
DA:323,1
DA:324,1
DA:326,1
DA:327,1
DA:330,1
DA:331,1
DA:333,1
DA:334,1
DA:337,1
DA:338,1
DA:340,1
DA:341,1
DA:344,1
DA:345,1
DA:347,1
DA:348,1
DA:351,1
DA:352,1
DA:354,1
DA:355,1
DA:358,1
DA:359,1
DA:361,1
DA:362,1
DA:365,1
DA:366,1
DA:367,1
DA:370,1
DA:372,1
DA:373,1
DA:376,1
DA:377,1
DA:378,1
DA:381,1
DA:382,1
DA:383,1
DA:385,1
DA:386,1
DA:389,1
DA:390,1
DA:393,1
DA:394,1
DA:395,1
DA:396,1
DA:397,1
DA:398,1
DA:399,1
DA:400,1
DA:401,1
DA:402,1
DA:403,1
DA:404,1
DA:405,1
DA:406,1
DA:409,8
DA:410,7
DA:411,7
DA:413,1
DA:416,1
DA:417,1
DA:418,1
DA:419,1
DA:420,1
DA:423,1
DA:424,1
DA:425,1
DA:426,1
DA:429,1
DA:430,1
DA:431,1
DA:432,1
DA:435,1
DA:436,1
DA:437,1
DA:438,1
DA:441,1
DA:442,1
DA:443,1
DA:444,1
DA:447,1
DA:448,1
DA:449,1
DA:450,1
DA:451,1
DA:455,1
DA:456,1
DA:457,1
DA:458,1
DA:459,1
DA:462,1
DA:463,1
DA:464,1
DA:465,1
DA:466,1
DA:467,1
DA:470,1
DA:471,1
DA:472,1
DA:473,1
DA:474,1
DA:475,1
DA:478,1
DA:479,1
DA:480,1
DA:481,1
DA:484,1
DA:485,1
DA:486,1
DA:487,1
DA:489,1
DA:492,1
DA:493,1
DA:494,1
DA:495,1
DA:498,1
DA:499,1
DA:500,1
DA:501,1
DA:504,1
DA:505,1
DA:506,1
DA:507,1
DA:508,1
DA:509,1
DA:510,1
DA:511,1
DA:512,1
DA:513,1
DA:514,1
DA:515,1
DA:517,1
DA:518,1
DA:519,1
DA:520,1
DA:521,1
DA:524,1
DA:529,1
DA:530,1
DA:533,1
DA:534,1
DA:537,1
DA:538,1
DA:539,1
DA:543,1
DA:544,1
DA:547,1
DA:548,1
DA:549,1
DA:550,1
DA:554,1
DA:555,1
DA:558,1
DA:559,1
DA:560,1
DA:563,1
DA:565,1
DA:566,1
DA:567,1
DA:569,0
DA:572,1
DA:573,1
DA:576,1
DA:577,1
DA:578,0
DA:580,1
DA:584,1
DA:585,1
DA:588,1
DA:590,1
DA:591,1
DA:593,1
DA:594,1
DA:596,1
DA:597,1
DA:598,1
DA:601,1
DA:602,1
DA:603,1
DA:605,1
DA:606,1
DA:607,1
DA:610,1
DA:612,1
DA:613,1
DA:614,1
DA:615,1
DA:616,1
DA:617,1
DA:618,1
DA:619,1
DA:620,1
DA:621,1
DA:622,1
DA:623,1
DA:624,1
DA:625,1
DA:626,1
DA:627,1
DA:628,1
DA:629,1
DA:630,1
DA:631,1
DA:634,12
DA:635,11
DA:636,11
DA:637,11
DA:638,11
DA:639,9
DA:640,7
DA:641,5
DA:642,4
DA:643,2
DA:644,1
DA:647,1
DA:650,1
DA:651,1
DA:652,1
DA:653,1
BRF:0
BRH:0
LF:435
LH:348
end_of_record
SF:/Users/garthdb/Projects/rust-things/apps/things-cli/src/mcp.rs
FN:398,_RNCNCNvMNtCsjBJgu3JdVul_10things_cli3mcpNtB6_15ThingsMcpServer16handle_get_inbox00CsiPcz9I3ryp9_9mcp_tests
FN:399,_RNCNCNvMNtCsjBJgu3JdVul_10things_cli3mcpNtB6_15ThingsMcpServer16handle_get_inbox0s_0CsiPcz9I3ryp9_9mcp_tests
FN:411,_RNCNCNvMNtCsjBJgu3JdVul_10things_cli3mcpNtB6_15ThingsMcpServer16handle_get_today00CsiPcz9I3ryp9_9mcp_tests
FN:412,_RNCNCNvMNtCsjBJgu3JdVul_10things_cli3mcpNtB6_15ThingsMcpServer16handle_get_today0s_0CsiPcz9I3ryp9_9mcp_tests
FN:465,_RNCNCNvMNtCsjBJgu3JdVul_10things_cli3mcpNtB6_15ThingsMcpServer18handle_create_task00CsiPcz9I3ryp9_9mcp_tests
FN:466,_RNCNCNvMNtCsjBJgu3JdVul_10things_cli3mcpNtB6_15ThingsMcpServer18handle_create_task0s_0CsiPcz9I3ryp9_9mcp_tests
FN:535,_RNCNCNvMNtCsjBJgu3JdVul_10things_cli3mcpNtB6_15ThingsMcpServer18handle_export_data00CsiPcz9I3ryp9_9mcp_tests
FN:539,_RNCNCNvMNtCsjBJgu3JdVul_10things_cli3mcpNtB6_15ThingsMcpServer18handle_export_data0s0_0CsiPcz9I3ryp9_9mcp_tests
FN:540,_RNCNCNvMNtCsjBJgu3JdVul_10things_cli3mcpNtB6_15ThingsMcpServer18handle_export_data0s1_0CsiPcz9I3ryp9_9mcp_tests
FN:536,_RNCNCNvMNtCsjBJgu3JdVul_10things_cli3mcpNtB6_15ThingsMcpServer18handle_export_data0s_0CsiPcz9I3ryp9_9mcp_tests
FN:487,_RNCNCNvMNtCsjBJgu3JdVul_10things_cli3mcpNtB6_15ThingsMcpServer18handle_update_task00CsiPcz9I3ryp9_9mcp_tests
FN:488,_RNCNCNvMNtCsjBJgu3JdVul_10things_cli3mcpNtB6_15ThingsMcpServer18handle_update_task0s_0CsiPcz9I3ryp9_9mcp_tests
FN:424,_RNCNCNvMNtCsjBJgu3JdVul_10things_cli3mcpNtB6_15ThingsMcpServer19handle_get_projects00CsiPcz9I3ryp9_9mcp_tests
FN:425,_RNCNCNvMNtCsjBJgu3JdVul_10things_cli3mcpNtB6_15ThingsMcpServer19handle_get_projects0s_0CsiPcz9I3ryp9_9mcp_tests
FN:685,_RNCNCNvMNtCsjBJgu3JdVul_10things_cli3mcpNtB6_15ThingsMcpServer19handle_list_backups00CsiPcz9I3ryp9_9mcp_tests
FN:686,_RNCNCNvMNtCsjBJgu3JdVul_10things_cli3mcpNtB6_15ThingsMcpServer19handle_list_backups0s_0CsiPcz9I3ryp9_9mcp_tests
FN:446,_RNCNCNvMNtCsjBJgu3JdVul_10things_cli3mcpNtB6_15ThingsMcpServer19handle_search_tasks00CsiPcz9I3ryp9_9mcp_tests
FN:450,_RNCNCNvMNtCsjBJgu3JdVul_10things_cli3mcpNtB6_15ThingsMcpServer19handle_search_tasks0s0_0CsiPcz9I3ryp9_9mcp_tests
FN:451,_RNCNCNvMNtCsjBJgu3JdVul_10things_cli3mcpNtB6_15ThingsMcpServer19handle_search_tasks0s1_0CsiPcz9I3ryp9_9mcp_tests
FN:447,_RNCNCNvMNtCsjBJgu3JdVul_10things_cli3mcpNtB6_15ThingsMcpServer19handle_search_tasks0s_0CsiPcz9I3ryp9_9mcp_tests
FN:635,_RNCNCNvMNtCsjBJgu3JdVul_10things_cli3mcpNtB6_15ThingsMcpServer22handle_backup_database00CsiPcz9I3ryp9_9mcp_tests
FN:637,_RNCNCNvMNtCsjBJgu3JdVul_10things_cli3mcpNtB6_15ThingsMcpServer22handle_backup_database0s0_0CsiPcz9I3ryp9_9mcp_tests
FN:636,_RNCNCNvMNtCsjBJgu3JdVul_10things_cli3mcpNtB6_15ThingsMcpServer22handle_backup_database0s_0CsiPcz9I3ryp9_9mcp_tests
FN:610,_RNCNCNvMNtCsjBJgu3JdVul_10things_cli3mcpNtB6_15ThingsMcpServer23handle_get_recent_tasks00CsiPcz9I3ryp9_9mcp_tests
FN:612,_RNCNCNvMNtCsjBJgu3JdVul_10things_cli3mcpNtB6_15ThingsMcpServer23handle_get_recent_tasks0s0_0CsiPcz9I3ryp9_9mcp_tests
FN:611,_RNCNCNvMNtCsjBJgu3JdVul_10things_cli3mcpNtB6_15ThingsMcpServer23handle_get_recent_tasks0s_0CsiPcz9I3ryp9_9mcp_tests
FN:663,_RNCNCNvMNtCsjBJgu3JdVul_10things_cli3mcpNtB6_15ThingsMcpServer23handle_restore_database00CsiPcz9I3ryp9_9mcp_tests
FN:664,_RNCNCNvMNtCsjBJgu3JdVul_10things_cli3mcpNtB6_15ThingsMcpServer23handle_restore_database0s_0CsiPcz9I3ryp9_9mcp_tests
FN:590,_RNCNCNvMNtCsjBJgu3JdVul_10things_cli3mcpNtB6_15ThingsMcpServer24handle_bulk_create_tasks00CsiPcz9I3ryp9_9mcp_tests
FN:591,_RNCNCNvMNtCsjBJgu3JdVul_10things_cli3mcpNtB6_15ThingsMcpServer24handle_bulk_create_tasks0s_0CsiPcz9I3ryp9_9mcp_tests
FN:505,_RNCNCNvMNtCsjBJgu3JdVul_10things_cli3mcpNtB6_15ThingsMcpServer31handle_get_productivity_metrics00CsiPcz9I3ryp9_9mcp_tests
FN:520,_RNCNCNvMNtCsjBJgu3JdVul_10things_cli3mcpNtB6_15ThingsMcpServer31handle_get_productivity_metrics0s0_0CsiPcz9I3ryp9_9mcp_tests
FN:519,_RNCNCNvMNtCsjBJgu3JdVul_10things_cli3mcpNtB6_15ThingsMcpServer31handle_get_productivity_metrics0s_0CsiPcz9I3ryp9_9mcp_tests
FN:72,_RNCNvMNtCsjBJgu3JdVul_10things_cli3mcpNtB4_15ThingsMcpServer10list_tools0CsiPcz9I3ryp9_9mcp_tests
FN:434,_RNCNvMNtCsjBJgu3JdVul_10things_cli3mcpNtB4_15ThingsMcpServer16handle_get_areas0CsiPcz9I3ryp9_9mcp_tests
FN:395,_RNCNvMNtCsjBJgu3JdVul_10things_cli3mcpNtB4_15ThingsMcpServer16handle_get_inbox0CsiPcz9I3ryp9_9mcp_tests
FN:408,_RNCNvMNtCsjBJgu3JdVul_10things_cli3mcpNtB4_15ThingsMcpServer16handle_get_today0CsiPcz9I3ryp9_9mcp_tests
FN:352,_RNCNvMNtCsjBJgu3JdVul_10things_cli3mcpNtB4_15ThingsMcpServer16handle_tool_call0CsiPcz9I3ryp9_9mcp_tests
FN:460,_RNCNvMNtCsjBJgu3JdVul_10things_cli3mcpNtB4_15ThingsMcpServer18handle_create_task0CsiPcz9I3ryp9_9mcp_tests
FN:532,_RNCNvMNtCsjBJgu3JdVul_10things_cli3mcpNtB4_15ThingsMcpServer18handle_export_data0CsiPcz9I3ryp9_9mcp_tests
FN:482,_RNCNvMNtCsjBJgu3JdVul_10things_cli3mcpNtB4_15ThingsMcpServer18handle_update_task0CsiPcz9I3ryp9_9mcp_tests
FN:84,_RNCNvMNtCsjBJgu3JdVul_10things_cli3mcpNtB4_15ThingsMcpServer19get_available_tools0CsiPcz9I3ryp9_9mcp_tests
FN:421,_RNCNvMNtCsjBJgu3JdVul_10things_cli3mcpNtB4_15ThingsMcpServer19handle_get_projects0CsiPcz9I3ryp9_9mcp_tests
FN:682,_RNCNvMNtCsjBJgu3JdVul_10things_cli3mcpNtB4_15ThingsMcpServer19handle_list_backups0CsiPcz9I3ryp9_9mcp_tests
FN:443,_RNCNvMNtCsjBJgu3JdVul_10things_cli3mcpNtB4_15ThingsMcpServer19handle_search_tasks0CsiPcz9I3ryp9_9mcp_tests
FN:632,_RNCNvMNtCsjBJgu3JdVul_10things_cli3mcpNtB4_15ThingsMcpServer22handle_backup_database0CsiPcz9I3ryp9_9mcp_tests
FN:732,_RNCNvMNtCsjBJgu3JdVul_10things_cli3mcpNtB4_15ThingsMcpServer22handle_get_cache_stats0CsiPcz9I3ryp9_9mcp_tests
FN:607,_RNCNvMNtCsjBJgu3JdVul_10things_cli3mcpNtB4_15ThingsMcpServer23handle_get_recent_tasks0CsiPcz9I3ryp9_9mcp_tests
FN:660,_RNCNvMNtCsjBJgu3JdVul_10things_cli3mcpNtB4_15ThingsMcpServer23handle_restore_database0CsiPcz9I3ryp9_9mcp_tests
FN:587,_RNCNvMNtCsjBJgu3JdVul_10things_cli3mcpNtB4_15ThingsMcpServer24handle_bulk_create_tasks0CsiPcz9I3ryp9_9mcp_tests
FN:721,_RNCNvMNtCsjBJgu3JdVul_10things_cli3mcpNtB4_15ThingsMcpServer25handle_get_system_metrics0CsiPcz9I3ryp9_9mcp_tests
FN:704,_RNCNvMNtCsjBJgu3JdVul_10things_cli3mcpNtB4_15ThingsMcpServer28handle_get_performance_stats0CsiPcz9I3ryp9_9mcp_tests
FN:504,_RNCNvMNtCsjBJgu3JdVul_10things_cli3mcpNtB4_15ThingsMcpServer31handle_get_productivity_metrics0CsiPcz9I3ryp9_9mcp_tests
FN:79,_RNCNvMNtCsjBJgu3JdVul_10things_cli3mcpNtB4_15ThingsMcpServer9call_tool0CsiPcz9I3ryp9_9mcp_tests
FN:72,_RNvMNtCsjBJgu3JdVul_10things_cli3mcpNtB2_15ThingsMcpServer10list_tools
FN:434,_RNvMNtCsjBJgu3JdVul_10things_cli3mcpNtB2_15ThingsMcpServer16handle_get_areas
FN:395,_RNvMNtCsjBJgu3JdVul_10things_cli3mcpNtB2_15ThingsMcpServer16handle_get_inbox
FN:408,_RNvMNtCsjBJgu3JdVul_10things_cli3mcpNtB2_15ThingsMcpServer16handle_get_today
FN:352,_RNvMNtCsjBJgu3JdVul_10things_cli3mcpNtB2_15ThingsMcpServer16handle_tool_call
FN:460,_RNvMNtCsjBJgu3JdVul_10things_cli3mcpNtB2_15ThingsMcpServer18handle_create_task
FN:532,_RNvMNtCsjBJgu3JdVul_10things_cli3mcpNtB2_15ThingsMcpServer18handle_export_data
FN:482,_RNvMNtCsjBJgu3JdVul_10things_cli3mcpNtB2_15ThingsMcpServer18handle_update_task
FN:84,_RNvMNtCsjBJgu3JdVul_10things_cli3mcpNtB2_15ThingsMcpServer19get_available_tools
FN:421,_RNvMNtCsjBJgu3JdVul_10things_cli3mcpNtB2_15ThingsMcpServer19handle_get_projects
FN:682,_RNvMNtCsjBJgu3JdVul_10things_cli3mcpNtB2_15ThingsMcpServer19handle_list_backups
FN:443,_RNvMNtCsjBJgu3JdVul_10things_cli3mcpNtB2_15ThingsMcpServer19handle_search_tasks
FN:632,_RNvMNtCsjBJgu3JdVul_10things_cli3mcpNtB2_15ThingsMcpServer22handle_backup_database
FN:732,_RNvMNtCsjBJgu3JdVul_10things_cli3mcpNtB2_15ThingsMcpServer22handle_get_cache_stats
FN:607,_RNvMNtCsjBJgu3JdVul_10things_cli3mcpNtB2_15ThingsMcpServer23handle_get_recent_tasks
FN:660,_RNvMNtCsjBJgu3JdVul_10things_cli3mcpNtB2_15ThingsMcpServer23handle_restore_database
FN:587,_RNvMNtCsjBJgu3JdVul_10things_cli3mcpNtB2_15ThingsMcpServer24handle_bulk_create_tasks
FN:721,_RNvMNtCsjBJgu3JdVul_10things_cli3mcpNtB2_15ThingsMcpServer25handle_get_system_metrics
FN:704,_RNvMNtCsjBJgu3JdVul_10things_cli3mcpNtB2_15ThingsMcpServer28handle_get_performance_stats
FN:504,_RNvMNtCsjBJgu3JdVul_10things_cli3mcpNtB2_15ThingsMcpServer31handle_get_productivity_metrics
FN:56,_RNvMNtCsjBJgu3JdVul_10things_cli3mcpNtB2_15ThingsMcpServer3new
FN:79,_RNvMNtCsjBJgu3JdVul_10things_cli3mcpNtB2_15ThingsMcpServer9call_tool
FN:398,_RNCNCNvMNtCsjBJgu3JdVul_10things_cli3mcpNtB6_15ThingsMcpServer16handle_get_inbox00B8_
FN:399,_RNCNCNvMNtCsjBJgu3JdVul_10things_cli3mcpNtB6_15ThingsMcpServer16handle_get_inbox0s_0B8_
FN:411,_RNCNCNvMNtCsjBJgu3JdVul_10things_cli3mcpNtB6_15ThingsMcpServer16handle_get_today00B8_
FN:412,_RNCNCNvMNtCsjBJgu3JdVul_10things_cli3mcpNtB6_15ThingsMcpServer16handle_get_today0s_0B8_
FN:465,_RNCNCNvMNtCsjBJgu3JdVul_10things_cli3mcpNtB6_15ThingsMcpServer18handle_create_task00B8_
FN:466,_RNCNCNvMNtCsjBJgu3JdVul_10things_cli3mcpNtB6_15ThingsMcpServer18handle_create_task0s_0B8_
FN:535,_RNCNCNvMNtCsjBJgu3JdVul_10things_cli3mcpNtB6_15ThingsMcpServer18handle_export_data00B8_
FN:539,_RNCNCNvMNtCsjBJgu3JdVul_10things_cli3mcpNtB6_15ThingsMcpServer18handle_export_data0s0_0B8_
FN:540,_RNCNCNvMNtCsjBJgu3JdVul_10things_cli3mcpNtB6_15ThingsMcpServer18handle_export_data0s1_0B8_
FN:536,_RNCNCNvMNtCsjBJgu3JdVul_10things_cli3mcpNtB6_15ThingsMcpServer18handle_export_data0s_0B8_
FN:487,_RNCNCNvMNtCsjBJgu3JdVul_10things_cli3mcpNtB6_15ThingsMcpServer18handle_update_task00B8_
FN:488,_RNCNCNvMNtCsjBJgu3JdVul_10things_cli3mcpNtB6_15ThingsMcpServer18handle_update_task0s_0B8_
FN:424,_RNCNCNvMNtCsjBJgu3JdVul_10things_cli3mcpNtB6_15ThingsMcpServer19handle_get_projects00B8_
FN:425,_RNCNCNvMNtCsjBJgu3JdVul_10things_cli3mcpNtB6_15ThingsMcpServer19handle_get_projects0s_0B8_
FN:685,_RNCNCNvMNtCsjBJgu3JdVul_10things_cli3mcpNtB6_15ThingsMcpServer19handle_list_backups00B8_
FN:686,_RNCNCNvMNtCsjBJgu3JdVul_10things_cli3mcpNtB6_15ThingsMcpServer19handle_list_backups0s_0B8_
FN:446,_RNCNCNvMNtCsjBJgu3JdVul_10things_cli3mcpNtB6_15ThingsMcpServer19handle_search_tasks00B8_
FN:450,_RNCNCNvMNtCsjBJgu3JdVul_10things_cli3mcpNtB6_15ThingsMcpServer19handle_search_tasks0s0_0B8_
FN:451,_RNCNCNvMNtCsjBJgu3JdVul_10things_cli3mcpNtB6_15ThingsMcpServer19handle_search_tasks0s1_0B8_
FN:447,_RNCNCNvMNtCsjBJgu3JdVul_10things_cli3mcpNtB6_15ThingsMcpServer19handle_search_tasks0s_0B8_
FN:635,_RNCNCNvMNtCsjBJgu3JdVul_10things_cli3mcpNtB6_15ThingsMcpServer22handle_backup_database00B8_
FN:637,_RNCNCNvMNtCsjBJgu3JdVul_10things_cli3mcpNtB6_15ThingsMcpServer22handle_backup_database0s0_0B8_
FN:636,_RNCNCNvMNtCsjBJgu3JdVul_10things_cli3mcpNtB6_15ThingsMcpServer22handle_backup_database0s_0B8_
FN:610,_RNCNCNvMNtCsjBJgu3JdVul_10things_cli3mcpNtB6_15ThingsMcpServer23handle_get_recent_tasks00B8_
FN:612,_RNCNCNvMNtCsjBJgu3JdVul_10things_cli3mcpNtB6_15ThingsMcpServer23handle_get_recent_tasks0s0_0B8_
FN:611,_RNCNCNvMNtCsjBJgu3JdVul_10things_cli3mcpNtB6_15ThingsMcpServer23handle_get_recent_tasks0s_0B8_
FN:663,_RNCNCNvMNtCsjBJgu3JdVul_10things_cli3mcpNtB6_15ThingsMcpServer23handle_restore_database00B8_
FN:664,_RNCNCNvMNtCsjBJgu3JdVul_10things_cli3mcpNtB6_15ThingsMcpServer23handle_restore_database0s_0B8_
FN:590,_RNCNCNvMNtCsjBJgu3JdVul_10things_cli3mcpNtB6_15ThingsMcpServer24handle_bulk_create_tasks00B8_
FN:591,_RNCNCNvMNtCsjBJgu3JdVul_10things_cli3mcpNtB6_15ThingsMcpServer24handle_bulk_create_tasks0s_0B8_
FN:505,_RNCNCNvMNtCsjBJgu3JdVul_10things_cli3mcpNtB6_15ThingsMcpServer31handle_get_productivity_metrics00B8_
FN:520,_RNCNCNvMNtCsjBJgu3JdVul_10things_cli3mcpNtB6_15ThingsMcpServer31handle_get_productivity_metrics0s0_0B8_
FN:519,_RNCNCNvMNtCsjBJgu3JdVul_10things_cli3mcpNtB6_15ThingsMcpServer31handle_get_productivity_metrics0s_0B8_
FN:72,_RNCNvMNtCsjBJgu3JdVul_10things_cli3mcpNtB4_15ThingsMcpServer10list_tools0B6_
FN:434,_RNCNvMNtCsjBJgu3JdVul_10things_cli3mcpNtB4_15ThingsMcpServer16handle_get_areas0B6_
FN:395,_RNCNvMNtCsjBJgu3JdVul_10things_cli3mcpNtB4_15ThingsMcpServer16handle_get_inbox0B6_
FN:408,_RNCNvMNtCsjBJgu3JdVul_10things_cli3mcpNtB4_15ThingsMcpServer16handle_get_today0B6_
FN:352,_RNCNvMNtCsjBJgu3JdVul_10things_cli3mcpNtB4_15ThingsMcpServer16handle_tool_call0B6_
FN:460,_RNCNvMNtCsjBJgu3JdVul_10things_cli3mcpNtB4_15ThingsMcpServer18handle_create_task0B6_
FN:532,_RNCNvMNtCsjBJgu3JdVul_10things_cli3mcpNtB4_15ThingsMcpServer18handle_export_data0B6_
FN:482,_RNCNvMNtCsjBJgu3JdVul_10things_cli3mcpNtB4_15ThingsMcpServer18handle_update_task0B6_
FN:84,_RNCNvMNtCsjBJgu3JdVul_10things_cli3mcpNtB4_15ThingsMcpServer19get_available_tools0B6_
FN:421,_RNCNvMNtCsjBJgu3JdVul_10things_cli3mcpNtB4_15ThingsMcpServer19handle_get_projects0B6_
FN:682,_RNCNvMNtCsjBJgu3JdVul_10things_cli3mcpNtB4_15ThingsMcpServer19handle_list_backups0B6_
FN:443,_RNCNvMNtCsjBJgu3JdVul_10things_cli3mcpNtB4_15ThingsMcpServer19handle_search_tasks0B6_
FN:632,_RNCNvMNtCsjBJgu3JdVul_10things_cli3mcpNtB4_15ThingsMcpServer22handle_backup_database0B6_
FN:732,_RNCNvMNtCsjBJgu3JdVul_10things_cli3mcpNtB4_15ThingsMcpServer22handle_get_cache_stats0B6_
FN:607,_RNCNvMNtCsjBJgu3JdVul_10things_cli3mcpNtB4_15ThingsMcpServer23handle_get_recent_tasks0B6_
FN:660,_RNCNvMNtCsjBJgu3JdVul_10things_cli3mcpNtB4_15ThingsMcpServer23handle_restore_database0B6_
FN:587,_RNCNvMNtCsjBJgu3JdVul_10things_cli3mcpNtB4_15ThingsMcpServer24handle_bulk_create_tasks0B6_
FN:721,_RNCNvMNtCsjBJgu3JdVul_10things_cli3mcpNtB4_15ThingsMcpServer25handle_get_system_metrics0B6_
FN:704,_RNCNvMNtCsjBJgu3JdVul_10things_cli3mcpNtB4_15ThingsMcpServer28handle_get_performance_stats0B6_
FN:504,_RNCNvMNtCsjBJgu3JdVul_10things_cli3mcpNtB4_15ThingsMcpServer31handle_get_productivity_metrics0B6_
FN:79,_RNCNvMNtCsjBJgu3JdVul_10things_cli3mcpNtB4_15ThingsMcpServer9call_tool0B6_
FN:398,_RNCNCNvMNtCseiSjgjOjEbX_10things_cli3mcpNtB6_15ThingsMcpServer16handle_get_inbox00B8_
FN:399,_RNCNCNvMNtCseiSjgjOjEbX_10things_cli3mcpNtB6_15ThingsMcpServer16handle_get_inbox0s_0B8_
FN:411,_RNCNCNvMNtCseiSjgjOjEbX_10things_cli3mcpNtB6_15ThingsMcpServer16handle_get_today00B8_
FN:412,_RNCNCNvMNtCseiSjgjOjEbX_10things_cli3mcpNtB6_15ThingsMcpServer16handle_get_today0s_0B8_
FN:465,_RNCNCNvMNtCseiSjgjOjEbX_10things_cli3mcpNtB6_15ThingsMcpServer18handle_create_task00B8_
FN:466,_RNCNCNvMNtCseiSjgjOjEbX_10things_cli3mcpNtB6_15ThingsMcpServer18handle_create_task0s_0B8_
FN:535,_RNCNCNvMNtCseiSjgjOjEbX_10things_cli3mcpNtB6_15ThingsMcpServer18handle_export_data00B8_
FN:539,_RNCNCNvMNtCseiSjgjOjEbX_10things_cli3mcpNtB6_15ThingsMcpServer18handle_export_data0s0_0B8_
FN:540,_RNCNCNvMNtCseiSjgjOjEbX_10things_cli3mcpNtB6_15ThingsMcpServer18handle_export_data0s1_0B8_
FN:536,_RNCNCNvMNtCseiSjgjOjEbX_10things_cli3mcpNtB6_15ThingsMcpServer18handle_export_data0s_0B8_
FN:487,_RNCNCNvMNtCseiSjgjOjEbX_10things_cli3mcpNtB6_15ThingsMcpServer18handle_update_task00B8_
FN:488,_RNCNCNvMNtCseiSjgjOjEbX_10things_cli3mcpNtB6_15ThingsMcpServer18handle_update_task0s_0B8_
FN:424,_RNCNCNvMNtCseiSjgjOjEbX_10things_cli3mcpNtB6_15ThingsMcpServer19handle_get_projects00B8_
FN:425,_RNCNCNvMNtCseiSjgjOjEbX_10things_cli3mcpNtB6_15ThingsMcpServer19handle_get_projects0s_0B8_
FN:685,_RNCNCNvMNtCseiSjgjOjEbX_10things_cli3mcpNtB6_15ThingsMcpServer19handle_list_backups00B8_
FN:686,_RNCNCNvMNtCseiSjgjOjEbX_10things_cli3mcpNtB6_15ThingsMcpServer19handle_list_backups0s_0B8_
FN:446,_RNCNCNvMNtCseiSjgjOjEbX_10things_cli3mcpNtB6_15ThingsMcpServer19handle_search_tasks00B8_
FN:450,_RNCNCNvMNtCseiSjgjOjEbX_10things_cli3mcpNtB6_15ThingsMcpServer19handle_search_tasks0s0_0B8_
FN:451,_RNCNCNvMNtCseiSjgjOjEbX_10things_cli3mcpNtB6_15ThingsMcpServer19handle_search_tasks0s1_0B8_
FN:447,_RNCNCNvMNtCseiSjgjOjEbX_10things_cli3mcpNtB6_15ThingsMcpServer19handle_search_tasks0s_0B8_
FN:635,_RNCNCNvMNtCseiSjgjOjEbX_10things_cli3mcpNtB6_15ThingsMcpServer22handle_backup_database00B8_
FN:637,_RNCNCNvMNtCseiSjgjOjEbX_10things_cli3mcpNtB6_15ThingsMcpServer22handle_backup_database0s0_0B8_
FN:636,_RNCNCNvMNtCseiSjgjOjEbX_10things_cli3mcpNtB6_15ThingsMcpServer22handle_backup_database0s_0B8_
FN:610,_RNCNCNvMNtCseiSjgjOjEbX_10things_cli3mcpNtB6_15ThingsMcpServer23handle_get_recent_tasks00B8_
FN:612,_RNCNCNvMNtCseiSjgjOjEbX_10things_cli3mcpNtB6_15ThingsMcpServer23handle_get_recent_tasks0s0_0B8_
FN:611,_RNCNCNvMNtCseiSjgjOjEbX_10things_cli3mcpNtB6_15ThingsMcpServer23handle_get_recent_tasks0s_0B8_
FN:663,_RNCNCNvMNtCseiSjgjOjEbX_10things_cli3mcpNtB6_15ThingsMcpServer23handle_restore_database00B8_
FN:664,_RNCNCNvMNtCseiSjgjOjEbX_10things_cli3mcpNtB6_15ThingsMcpServer23handle_restore_database0s_0B8_
FN:590,_RNCNCNvMNtCseiSjgjOjEbX_10things_cli3mcpNtB6_15ThingsMcpServer24handle_bulk_create_tasks00B8_
FN:591,_RNCNCNvMNtCseiSjgjOjEbX_10things_cli3mcpNtB6_15ThingsMcpServer24handle_bulk_create_tasks0s_0B8_
FN:505,_RNCNCNvMNtCseiSjgjOjEbX_10things_cli3mcpNtB6_15ThingsMcpServer31handle_get_productivity_metrics00B8_
FN:520,_RNCNCNvMNtCseiSjgjOjEbX_10things_cli3mcpNtB6_15ThingsMcpServer31handle_get_productivity_metrics0s0_0B8_
FN:519,_RNCNCNvMNtCseiSjgjOjEbX_10things_cli3mcpNtB6_15ThingsMcpServer31handle_get_productivity_metrics0s_0B8_
FN:72,_RNCNvMNtCseiSjgjOjEbX_10things_cli3mcpNtB4_15ThingsMcpServer10list_tools0B6_
FN:434,_RNCNvMNtCseiSjgjOjEbX_10things_cli3mcpNtB4_15ThingsMcpServer16handle_get_areas0B6_
FN:395,_RNCNvMNtCseiSjgjOjEbX_10things_cli3mcpNtB4_15ThingsMcpServer16handle_get_inbox0B6_
FN:408,_RNCNvMNtCseiSjgjOjEbX_10things_cli3mcpNtB4_15ThingsMcpServer16handle_get_today0B6_
FN:352,_RNCNvMNtCseiSjgjOjEbX_10things_cli3mcpNtB4_15ThingsMcpServer16handle_tool_call0B6_
FN:460,_RNCNvMNtCseiSjgjOjEbX_10things_cli3mcpNtB4_15ThingsMcpServer18handle_create_task0B6_
FN:532,_RNCNvMNtCseiSjgjOjEbX_10things_cli3mcpNtB4_15ThingsMcpServer18handle_export_data0B6_
FN:482,_RNCNvMNtCseiSjgjOjEbX_10things_cli3mcpNtB4_15ThingsMcpServer18handle_update_task0B6_
FN:84,_RNCNvMNtCseiSjgjOjEbX_10things_cli3mcpNtB4_15ThingsMcpServer19get_available_tools0B6_
FN:421,_RNCNvMNtCseiSjgjOjEbX_10things_cli3mcpNtB4_15ThingsMcpServer19handle_get_projects0B6_
FN:682,_RNCNvMNtCseiSjgjOjEbX_10things_cli3mcpNtB4_15ThingsMcpServer19handle_list_backups0B6_
FN:443,_RNCNvMNtCseiSjgjOjEbX_10things_cli3mcpNtB4_15ThingsMcpServer19handle_search_tasks0B6_
FN:632,_RNCNvMNtCseiSjgjOjEbX_10things_cli3mcpNtB4_15ThingsMcpServer22handle_backup_database0B6_
FN:732,_RNCNvMNtCseiSjgjOjEbX_10things_cli3mcpNtB4_15ThingsMcpServer22handle_get_cache_stats0B6_
FN:607,_RNCNvMNtCseiSjgjOjEbX_10things_cli3mcpNtB4_15ThingsMcpServer23handle_get_recent_tasks0B6_
FN:660,_RNCNvMNtCseiSjgjOjEbX_10things_cli3mcpNtB4_15ThingsMcpServer23handle_restore_database0B6_
FN:587,_RNCNvMNtCseiSjgjOjEbX_10things_cli3mcpNtB4_15ThingsMcpServer24handle_bulk_create_tasks0B6_
FN:721,_RNCNvMNtCseiSjgjOjEbX_10things_cli3mcpNtB4_15ThingsMcpServer25handle_get_system_metrics0B6_
FN:704,_RNCNvMNtCseiSjgjOjEbX_10things_cli3mcpNtB4_15ThingsMcpServer28handle_get_performance_stats0B6_
FN:504,_RNCNvMNtCseiSjgjOjEbX_10things_cli3mcpNtB4_15ThingsMcpServer31handle_get_productivity_metrics0B6_
FN:79,_RNCNvMNtCseiSjgjOjEbX_10things_cli3mcpNtB4_15ThingsMcpServer9call_tool0B6_
FN:72,_RNvMNtCseiSjgjOjEbX_10things_cli3mcpNtB2_15ThingsMcpServer10list_tools
FN:434,_RNvMNtCseiSjgjOjEbX_10things_cli3mcpNtB2_15ThingsMcpServer16handle_get_areas
FN:395,_RNvMNtCseiSjgjOjEbX_10things_cli3mcpNtB2_15ThingsMcpServer16handle_get_inbox
FN:408,_RNvMNtCseiSjgjOjEbX_10things_cli3mcpNtB2_15ThingsMcpServer16handle_get_today
FN:352,_RNvMNtCseiSjgjOjEbX_10things_cli3mcpNtB2_15ThingsMcpServer16handle_tool_call
FN:460,_RNvMNtCseiSjgjOjEbX_10things_cli3mcpNtB2_15ThingsMcpServer18handle_create_task
FN:532,_RNvMNtCseiSjgjOjEbX_10things_cli3mcpNtB2_15ThingsMcpServer18handle_export_data
FN:482,_RNvMNtCseiSjgjOjEbX_10things_cli3mcpNtB2_15ThingsMcpServer18handle_update_task
FN:84,_RNvMNtCseiSjgjOjEbX_10things_cli3mcpNtB2_15ThingsMcpServer19get_available_tools
FN:421,_RNvMNtCseiSjgjOjEbX_10things_cli3mcpNtB2_15ThingsMcpServer19handle_get_projects
FN:682,_RNvMNtCseiSjgjOjEbX_10things_cli3mcpNtB2_15ThingsMcpServer19handle_list_backups
FN:443,_RNvMNtCseiSjgjOjEbX_10things_cli3mcpNtB2_15ThingsMcpServer19handle_search_tasks
FN:632,_RNvMNtCseiSjgjOjEbX_10things_cli3mcpNtB2_15ThingsMcpServer22handle_backup_database
FN:732,_RNvMNtCseiSjgjOjEbX_10things_cli3mcpNtB2_15ThingsMcpServer22handle_get_cache_stats
FN:607,_RNvMNtCseiSjgjOjEbX_10things_cli3mcpNtB2_15ThingsMcpServer23handle_get_recent_tasks
FN:660,_RNvMNtCseiSjgjOjEbX_10things_cli3mcpNtB2_15ThingsMcpServer23handle_restore_database
FN:587,_RNvMNtCseiSjgjOjEbX_10things_cli3mcpNtB2_15ThingsMcpServer24handle_bulk_create_tasks
FN:721,_RNvMNtCseiSjgjOjEbX_10things_cli3mcpNtB2_15ThingsMcpServer25handle_get_system_metrics
FN:704,_RNvMNtCseiSjgjOjEbX_10things_cli3mcpNtB2_15ThingsMcpServer28handle_get_performance_stats
FN:504,_RNvMNtCseiSjgjOjEbX_10things_cli3mcpNtB2_15ThingsMcpServer31handle_get_productivity_metrics
FN:56,_RNvMNtCseiSjgjOjEbX_10things_cli3mcpNtB2_15ThingsMcpServer3new
FN:79,_RNvMNtCseiSjgjOjEbX_10things_cli3mcpNtB2_15ThingsMcpServer9call_tool
FNDA:2,_RNCNCNvMNtCsjBJgu3JdVul_10things_cli3mcpNtB6_15ThingsMcpServer16handle_get_inbox00CsiPcz9I3ryp9_9mcp_tests
FNDA:1,_RNCNCNvMNtCsjBJgu3JdVul_10things_cli3mcpNtB6_15ThingsMcpServer16handle_get_inbox0s_0CsiPcz9I3ryp9_9mcp_tests
FNDA:1,_RNCNCNvMNtCsjBJgu3JdVul_10things_cli3mcpNtB6_15ThingsMcpServer16handle_get_today00CsiPcz9I3ryp9_9mcp_tests
FNDA:1,_RNCNCNvMNtCsjBJgu3JdVul_10things_cli3mcpNtB6_15ThingsMcpServer16handle_get_today0s_0CsiPcz9I3ryp9_9mcp_tests
FNDA:1,_RNCNCNvMNtCsjBJgu3JdVul_10things_cli3mcpNtB6_15ThingsMcpServer18handle_create_task00CsiPcz9I3ryp9_9mcp_tests
FNDA:1,_RNCNCNvMNtCsjBJgu3JdVul_10things_cli3mcpNtB6_15ThingsMcpServer18handle_create_task0s_0CsiPcz9I3ryp9_9mcp_tests
FNDA:4,_RNCNCNvMNtCsjBJgu3JdVul_10things_cli3mcpNtB6_15ThingsMcpServer18handle_export_data00CsiPcz9I3ryp9_9mcp_tests
FNDA:3,_RNCNCNvMNtCsjBJgu3JdVul_10things_cli3mcpNtB6_15ThingsMcpServer18handle_export_data0s0_0CsiPcz9I3ryp9_9mcp_tests
FNDA:1,_RNCNCNvMNtCsjBJgu3JdVul_10things_cli3mcpNtB6_15ThingsMcpServer18handle_export_data0s1_0CsiPcz9I3ryp9_9mcp_tests
FNDA:0,_RNCNCNvMNtCsjBJgu3JdVul_10things_cli3mcpNtB6_15ThingsMcpServer18handle_export_data0s_0CsiPcz9I3ryp9_9mcp_tests
FNDA:1,_RNCNCNvMNtCsjBJgu3JdVul_10things_cli3mcpNtB6_15ThingsMcpServer18handle_update_task00CsiPcz9I3ryp9_9mcp_tests
FNDA:1,_RNCNCNvMNtCsjBJgu3JdVul_10things_cli3mcpNtB6_15ThingsMcpServer18handle_update_task0s_0CsiPcz9I3ryp9_9mcp_tests
FNDA:1,_RNCNCNvMNtCsjBJgu3JdVul_10things_cli3mcpNtB6_15ThingsMcpServer19handle_get_projects00CsiPcz9I3ryp9_9mcp_tests
FNDA:1,_RNCNCNvMNtCsjBJgu3JdVul_10things_cli3mcpNtB6_15ThingsMcpServer19handle_get_projects0s_0CsiPcz9I3ryp9_9mcp_tests
FNDA:1,_RNCNCNvMNtCsjBJgu3JdVul_10things_cli3mcpNtB6_15ThingsMcpServer19handle_list_backups00CsiPcz9I3ryp9_9mcp_tests
FNDA:1,_RNCNCNvMNtCsjBJgu3JdVul_10things_cli3mcpNtB6_15ThingsMcpServer19handle_list_backups0s_0CsiPcz9I3ryp9_9mcp_tests
FNDA:1,_RNCNCNvMNtCsjBJgu3JdVul_10things_cli3mcpNtB6_15ThingsMcpServer19handle_search_tasks00CsiPcz9I3ryp9_9mcp_tests
FNDA:1,_RNCNCNvMNtCsjBJgu3JdVul_10things_cli3mcpNtB6_15ThingsMcpServer19handle_search_tasks0s0_0CsiPcz9I3ryp9_9mcp_tests
FNDA:1,_RNCNCNvMNtCsjBJgu3JdVul_10things_cli3mcpNtB6_15ThingsMcpServer19handle_search_tasks0s1_0CsiPcz9I3ryp9_9mcp_tests
FNDA:1,_RNCNCNvMNtCsjBJgu3JdVul_10things_cli3mcpNtB6_15ThingsMcpServer19handle_search_tasks0s_0CsiPcz9I3ryp9_9mcp_tests
FNDA:1,_RNCNCNvMNtCsjBJgu3JdVul_10things_cli3mcpNtB6_15ThingsMcpServer22handle_backup_database00CsiPcz9I3ryp9_9mcp_tests
FNDA:1,_RNCNCNvMNtCsjBJgu3JdVul_10things_cli3mcpNtB6_15ThingsMcpServer22handle_backup_database0s0_0CsiPcz9I3ryp9_9mcp_tests
FNDA:1,_RNCNCNvMNtCsjBJgu3JdVul_10things_cli3mcpNtB6_15ThingsMcpServer22handle_backup_database0s_0CsiPcz9I3ryp9_9mcp_tests
FNDA:1,_RNCNCNvMNtCsjBJgu3JdVul_10things_cli3mcpNtB6_15ThingsMcpServer23handle_get_recent_tasks00CsiPcz9I3ryp9_9mcp_tests
FNDA:1,_RNCNCNvMNtCsjBJgu3JdVul_10things_cli3mcpNtB6_15ThingsMcpServer23handle_get_recent_tasks0s0_0CsiPcz9I3ryp9_9mcp_tests
FNDA:1,_RNCNCNvMNtCsjBJgu3JdVul_10things_cli3mcpNtB6_15ThingsMcpServer23handle_get_recent_tasks0s_0CsiPcz9I3ryp9_9mcp_tests
FNDA:1,_RNCNCNvMNtCsjBJgu3JdVul_10things_cli3mcpNtB6_15ThingsMcpServer23handle_restore_database00CsiPcz9I3ryp9_9mcp_tests
FNDA:1,_RNCNCNvMNtCsjBJgu3JdVul_10things_cli3mcpNtB6_15ThingsMcpServer23handle_restore_database0s_0CsiPcz9I3ryp9_9mcp_tests
FNDA:1,_RNCNCNvMNtCsjBJgu3JdVul_10things_cli3mcpNtB6_15ThingsMcpServer24handle_bulk_create_tasks00CsiPcz9I3ryp9_9mcp_tests
FNDA:1,_RNCNCNvMNtCsjBJgu3JdVul_10things_cli3mcpNtB6_15ThingsMcpServer24handle_bulk_create_tasks0s_0CsiPcz9I3ryp9_9mcp_tests
FNDA:1,_RNCNCNvMNtCsjBJgu3JdVul_10things_cli3mcpNtB6_15ThingsMcpServer31handle_get_productivity_metrics00CsiPcz9I3ryp9_9mcp_tests
FNDA:0,_RNCNCNvMNtCsjBJgu3JdVul_10things_cli3mcpNtB6_15ThingsMcpServer31handle_get_productivity_metrics0s0_0CsiPcz9I3ryp9_9mcp_tests
FNDA:0,_RNCNCNvMNtCsjBJgu3JdVul_10things_cli3mcpNtB6_15ThingsMcpServer31handle_get_productivity_metrics0s_0CsiPcz9I3ryp9_9mcp_tests
FNDA:3,_RNCNvMNtCsjBJgu3JdVul_10things_cli3mcpNtB4_15ThingsMcpServer10list_tools0CsiPcz9I3ryp9_9mcp_tests
FNDA:1,_RNCNvMNtCsjBJgu3JdVul_10things_cli3mcpNtB4_15ThingsMcpServer16handle_get_areas0CsiPcz9I3ryp9_9mcp_tests
FNDA:4,_RNCNvMNtCsjBJgu3JdVul_10things_cli3mcpNtB4_15ThingsMcpServer16handle_get_inbox0CsiPcz9I3ryp9_9mcp_tests
FNDA:1,_RNCNvMNtCsjBJgu3JdVul_10things_cli3mcpNtB4_15ThingsMcpServer16handle_get_today0CsiPcz9I3ryp9_9mcp_tests
FNDA:34,_RNCNvMNtCsjBJgu3JdVul_10things_cli3mcpNtB4_15ThingsMcpServer16handle_tool_call0CsiPcz9I3ryp9_9mcp_tests
FNDA:2,_RNCNvMNtCsjBJgu3JdVul_10things_cli3mcpNtB4_15ThingsMcpServer18handle_create_task0CsiPcz9I3ryp9_9mcp_tests
FNDA:4,_RNCNvMNtCsjBJgu3JdVul_10things_cli3mcpNtB4_15ThingsMcpServer18handle_export_data0CsiPcz9I3ryp9_9mcp_tests
FNDA:2,_RNCNvMNtCsjBJgu3JdVul_10things_cli3mcpNtB4_15ThingsMcpServer18handle_update_task0CsiPcz9I3ryp9_9mcp_tests
FNDA:3,_RNCNvMNtCsjBJgu3JdVul_10things_cli3mcpNtB4_15ThingsMcpServer19get_available_tools0CsiPcz9I3ryp9_9mcp_tests
FNDA:2,_RNCNvMNtCsjBJgu3JdVul_10things_cli3mcpNtB4_15ThingsMcpServer19handle_get_projects0CsiPcz9I3ryp9_9mcp_tests
FNDA:2,_RNCNvMNtCsjBJgu3JdVul_10things_cli3mcpNtB4_15ThingsMcpServer19handle_list_backups0CsiPcz9I3ryp9_9mcp_tests
FNDA:2,_RNCNvMNtCsjBJgu3JdVul_10things_cli3mcpNtB4_15ThingsMcpServer19handle_search_tasks0CsiPcz9I3ryp9_9mcp_tests
FNDA:2,_RNCNvMNtCsjBJgu3JdVul_10things_cli3mcpNtB4_15ThingsMcpServer22handle_backup_database0CsiPcz9I3ryp9_9mcp_tests
FNDA:1,_RNCNvMNtCsjBJgu3JdVul_10things_cli3mcpNtB4_15ThingsMcpServer22handle_get_cache_stats0CsiPcz9I3ryp9_9mcp_tests
FNDA:2,_RNCNvMNtCsjBJgu3JdVul_10things_cli3mcpNtB4_15ThingsMcpServer23handle_get_recent_tasks0CsiPcz9I3ryp9_9mcp_tests
FNDA:2,_RNCNvMNtCsjBJgu3JdVul_10things_cli3mcpNtB4_15ThingsMcpServer23handle_restore_database0CsiPcz9I3ryp9_9mcp_tests
FNDA:2,_RNCNvMNtCsjBJgu3JdVul_10things_cli3mcpNtB4_15ThingsMcpServer24handle_bulk_create_tasks0CsiPcz9I3ryp9_9mcp_tests
FNDA:1,_RNCNvMNtCsjBJgu3JdVul_10things_cli3mcpNtB4_15ThingsMcpServer25handle_get_system_metrics0CsiPcz9I3ryp9_9mcp_tests
FNDA:1,_RNCNvMNtCsjBJgu3JdVul_10things_cli3mcpNtB4_15ThingsMcpServer28handle_get_performance_stats0CsiPcz9I3ryp9_9mcp_tests
FNDA:2,_RNCNvMNtCsjBJgu3JdVul_10things_cli3mcpNtB4_15ThingsMcpServer31handle_get_productivity_metrics0CsiPcz9I3ryp9_9mcp_tests
FNDA:34,_RNCNvMNtCsjBJgu3JdVul_10things_cli3mcpNtB4_15ThingsMcpServer9call_tool0CsiPcz9I3ryp9_9mcp_tests
FNDA:3,_RNvMNtCsjBJgu3JdVul_10things_cli3mcpNtB2_15ThingsMcpServer10list_tools
FNDA:1,_RNvMNtCsjBJgu3JdVul_10things_cli3mcpNtB2_15ThingsMcpServer16handle_get_areas
FNDA:4,_RNvMNtCsjBJgu3JdVul_10things_cli3mcpNtB2_15ThingsMcpServer16handle_get_inbox
FNDA:1,_RNvMNtCsjBJgu3JdVul_10things_cli3mcpNtB2_15ThingsMcpServer16handle_get_today
FNDA:34,_RNvMNtCsjBJgu3JdVul_10things_cli3mcpNtB2_15ThingsMcpServer16handle_tool_call
FNDA:2,_RNvMNtCsjBJgu3JdVul_10things_cli3mcpNtB2_15ThingsMcpServer18handle_create_task
FNDA:4,_RNvMNtCsjBJgu3JdVul_10things_cli3mcpNtB2_15ThingsMcpServer18handle_export_data
FNDA:2,_RNvMNtCsjBJgu3JdVul_10things_cli3mcpNtB2_15ThingsMcpServer18handle_update_task
FNDA:3,_RNvMNtCsjBJgu3JdVul_10things_cli3mcpNtB2_15ThingsMcpServer19get_available_tools
FNDA:2,_RNvMNtCsjBJgu3JdVul_10things_cli3mcpNtB2_15ThingsMcpServer19handle_get_projects
FNDA:2,_RNvMNtCsjBJgu3JdVul_10things_cli3mcpNtB2_15ThingsMcpServer19handle_list_backups
FNDA:2,_RNvMNtCsjBJgu3JdVul_10things_cli3mcpNtB2_15ThingsMcpServer19handle_search_tasks
FNDA:2,_RNvMNtCsjBJgu3JdVul_10things_cli3mcpNtB2_15ThingsMcpServer22handle_backup_database
FNDA:1,_RNvMNtCsjBJgu3JdVul_10things_cli3mcpNtB2_15ThingsMcpServer22handle_get_cache_stats
FNDA:2,_RNvMNtCsjBJgu3JdVul_10things_cli3mcpNtB2_15ThingsMcpServer23handle_get_recent_tasks
FNDA:2,_RNvMNtCsjBJgu3JdVul_10things_cli3mcpNtB2_15ThingsMcpServer23handle_restore_database
FNDA:2,_RNvMNtCsjBJgu3JdVul_10things_cli3mcpNtB2_15ThingsMcpServer24handle_bulk_create_tasks
FNDA:1,_RNvMNtCsjBJgu3JdVul_10things_cli3mcpNtB2_15ThingsMcpServer25handle_get_system_metrics
FNDA:1,_RNvMNtCsjBJgu3JdVul_10things_cli3mcpNtB2_15ThingsMcpServer28handle_get_performance_stats
FNDA:2,_RNvMNtCsjBJgu3JdVul_10things_cli3mcpNtB2_15ThingsMcpServer31handle_get_productivity_metrics
FNDA:38,_RNvMNtCsjBJgu3JdVul_10things_cli3mcpNtB2_15ThingsMcpServer3new
FNDA:34,_RNvMNtCsjBJgu3JdVul_10things_cli3mcpNtB2_15ThingsMcpServer9call_tool
FNDA:0,_RNCNCNvMNtCsjBJgu3JdVul_10things_cli3mcpNtB6_15ThingsMcpServer16handle_get_inbox00B8_
FNDA:0,_RNCNCNvMNtCsjBJgu3JdVul_10things_cli3mcpNtB6_15ThingsMcpServer16handle_get_inbox0s_0B8_
FNDA:0,_RNCNCNvMNtCsjBJgu3JdVul_10things_cli3mcpNtB6_15ThingsMcpServer16handle_get_today00B8_
FNDA:0,_RNCNCNvMNtCsjBJgu3JdVul_10things_cli3mcpNtB6_15ThingsMcpServer16handle_get_today0s_0B8_
FNDA:0,_RNCNCNvMNtCsjBJgu3JdVul_10things_cli3mcpNtB6_15ThingsMcpServer18handle_create_task00B8_
FNDA:0,_RNCNCNvMNtCsjBJgu3JdVul_10things_cli3mcpNtB6_15ThingsMcpServer18handle_create_task0s_0B8_
FNDA:0,_RNCNCNvMNtCsjBJgu3JdVul_10things_cli3mcpNtB6_15ThingsMcpServer18handle_export_data00B8_
FNDA:0,_RNCNCNvMNtCsjBJgu3JdVul_10things_cli3mcpNtB6_15ThingsMcpServer18handle_export_data0s0_0B8_
FNDA:0,_RNCNCNvMNtCsjBJgu3JdVul_10things_cli3mcpNtB6_15ThingsMcpServer18handle_export_data0s1_0B8_
FNDA:0,_RNCNCNvMNtCsjBJgu3JdVul_10things_cli3mcpNtB6_15ThingsMcpServer18handle_export_data0s_0B8_
FNDA:0,_RNCNCNvMNtCsjBJgu3JdVul_10things_cli3mcpNtB6_15ThingsMcpServer18handle_update_task00B8_
FNDA:0,_RNCNCNvMNtCsjBJgu3JdVul_10things_cli3mcpNtB6_15ThingsMcpServer18handle_update_task0s_0B8_
FNDA:0,_RNCNCNvMNtCsjBJgu3JdVul_10things_cli3mcpNtB6_15ThingsMcpServer19handle_get_projects00B8_
FNDA:0,_RNCNCNvMNtCsjBJgu3JdVul_10things_cli3mcpNtB6_15ThingsMcpServer19handle_get_projects0s_0B8_
FNDA:0,_RNCNCNvMNtCsjBJgu3JdVul_10things_cli3mcpNtB6_15ThingsMcpServer19handle_list_backups00B8_
FNDA:0,_RNCNCNvMNtCsjBJgu3JdVul_10things_cli3mcpNtB6_15ThingsMcpServer19handle_list_backups0s_0B8_
FNDA:0,_RNCNCNvMNtCsjBJgu3JdVul_10things_cli3mcpNtB6_15ThingsMcpServer19handle_search_tasks00B8_
FNDA:0,_RNCNCNvMNtCsjBJgu3JdVul_10things_cli3mcpNtB6_15ThingsMcpServer19handle_search_tasks0s0_0B8_
FNDA:0,_RNCNCNvMNtCsjBJgu3JdVul_10things_cli3mcpNtB6_15ThingsMcpServer19handle_search_tasks0s1_0B8_
FNDA:0,_RNCNCNvMNtCsjBJgu3JdVul_10things_cli3mcpNtB6_15ThingsMcpServer19handle_search_tasks0s_0B8_
FNDA:0,_RNCNCNvMNtCsjBJgu3JdVul_10things_cli3mcpNtB6_15ThingsMcpServer22handle_backup_database00B8_
FNDA:0,_RNCNCNvMNtCsjBJgu3JdVul_10things_cli3mcpNtB6_15ThingsMcpServer22handle_backup_database0s0_0B8_
FNDA:0,_RNCNCNvMNtCsjBJgu3JdVul_10things_cli3mcpNtB6_15ThingsMcpServer22handle_backup_database0s_0B8_
FNDA:0,_RNCNCNvMNtCsjBJgu3JdVul_10things_cli3mcpNtB6_15ThingsMcpServer23handle_get_recent_tasks00B8_
FNDA:0,_RNCNCNvMNtCsjBJgu3JdVul_10things_cli3mcpNtB6_15ThingsMcpServer23handle_get_recent_tasks0s0_0B8_
FNDA:0,_RNCNCNvMNtCsjBJgu3JdVul_10things_cli3mcpNtB6_15ThingsMcpServer23handle_get_recent_tasks0s_0B8_
FNDA:0,_RNCNCNvMNtCsjBJgu3JdVul_10things_cli3mcpNtB6_15ThingsMcpServer23handle_restore_database00B8_
FNDA:0,_RNCNCNvMNtCsjBJgu3JdVul_10things_cli3mcpNtB6_15ThingsMcpServer23handle_restore_database0s_0B8_
FNDA:0,_RNCNCNvMNtCsjBJgu3JdVul_10things_cli3mcpNtB6_15ThingsMcpServer24handle_bulk_create_tasks00B8_
FNDA:0,_RNCNCNvMNtCsjBJgu3JdVul_10things_cli3mcpNtB6_15ThingsMcpServer24handle_bulk_create_tasks0s_0B8_
FNDA:0,_RNCNCNvMNtCsjBJgu3JdVul_10things_cli3mcpNtB6_15ThingsMcpServer31handle_get_productivity_metrics00B8_
FNDA:0,_RNCNCNvMNtCsjBJgu3JdVul_10things_cli3mcpNtB6_15ThingsMcpServer31handle_get_productivity_metrics0s0_0B8_
FNDA:0,_RNCNCNvMNtCsjBJgu3JdVul_10things_cli3mcpNtB6_15ThingsMcpServer31handle_get_productivity_metrics0s_0B8_
FNDA:0,_RNCNvMNtCsjBJgu3JdVul_10things_cli3mcpNtB4_15ThingsMcpServer10list_tools0B6_
FNDA:0,_RNCNvMNtCsjBJgu3JdVul_10things_cli3mcpNtB4_15ThingsMcpServer16handle_get_areas0B6_
FNDA:0,_RNCNvMNtCsjBJgu3JdVul_10things_cli3mcpNtB4_15ThingsMcpServer16handle_get_inbox0B6_
FNDA:0,_RNCNvMNtCsjBJgu3JdVul_10things_cli3mcpNtB4_15ThingsMcpServer16handle_get_today0B6_
FNDA:0,_RNCNvMNtCsjBJgu3JdVul_10things_cli3mcpNtB4_15ThingsMcpServer16handle_tool_call0B6_
FNDA:0,_RNCNvMNtCsjBJgu3JdVul_10things_cli3mcpNtB4_15ThingsMcpServer18handle_create_task0B6_
FNDA:0,_RNCNvMNtCsjBJgu3JdVul_10things_cli3mcpNtB4_15ThingsMcpServer18handle_export_data0B6_
FNDA:0,_RNCNvMNtCsjBJgu3JdVul_10things_cli3mcpNtB4_15ThingsMcpServer18handle_update_task0B6_
FNDA:0,_RNCNvMNtCsjBJgu3JdVul_10things_cli3mcpNtB4_15ThingsMcpServer19get_available_tools0B6_
FNDA:0,_RNCNvMNtCsjBJgu3JdVul_10things_cli3mcpNtB4_15ThingsMcpServer19handle_get_projects0B6_
FNDA:0,_RNCNvMNtCsjBJgu3JdVul_10things_cli3mcpNtB4_15ThingsMcpServer19handle_list_backups0B6_
FNDA:0,_RNCNvMNtCsjBJgu3JdVul_10things_cli3mcpNtB4_15ThingsMcpServer19handle_search_tasks0B6_
FNDA:0,_RNCNvMNtCsjBJgu3JdVul_10things_cli3mcpNtB4_15ThingsMcpServer22handle_backup_database0B6_
FNDA:0,_RNCNvMNtCsjBJgu3JdVul_10things_cli3mcpNtB4_15ThingsMcpServer22handle_get_cache_stats0B6_
FNDA:0,_RNCNvMNtCsjBJgu3JdVul_10things_cli3mcpNtB4_15ThingsMcpServer23handle_get_recent_tasks0B6_
FNDA:0,_RNCNvMNtCsjBJgu3JdVul_10things_cli3mcpNtB4_15ThingsMcpServer23handle_restore_database0B6_
FNDA:0,_RNCNvMNtCsjBJgu3JdVul_10things_cli3mcpNtB4_15ThingsMcpServer24handle_bulk_create_tasks0B6_
FNDA:0,_RNCNvMNtCsjBJgu3JdVul_10things_cli3mcpNtB4_15ThingsMcpServer25handle_get_system_metrics0B6_
FNDA:0,_RNCNvMNtCsjBJgu3JdVul_10things_cli3mcpNtB4_15ThingsMcpServer28handle_get_performance_stats0B6_
FNDA:0,_RNCNvMNtCsjBJgu3JdVul_10things_cli3mcpNtB4_15ThingsMcpServer31handle_get_productivity_metrics0B6_
FNDA:0,_RNCNvMNtCsjBJgu3JdVul_10things_cli3mcpNtB4_15ThingsMcpServer9call_tool0B6_
FNDA:0,_RNCNCNvMNtCseiSjgjOjEbX_10things_cli3mcpNtB6_15ThingsMcpServer16handle_get_inbox00B8_
FNDA:0,_RNCNCNvMNtCseiSjgjOjEbX_10things_cli3mcpNtB6_15ThingsMcpServer16handle_get_inbox0s_0B8_
FNDA:0,_RNCNCNvMNtCseiSjgjOjEbX_10things_cli3mcpNtB6_15ThingsMcpServer16handle_get_today00B8_
FNDA:0,_RNCNCNvMNtCseiSjgjOjEbX_10things_cli3mcpNtB6_15ThingsMcpServer16handle_get_today0s_0B8_
FNDA:0,_RNCNCNvMNtCseiSjgjOjEbX_10things_cli3mcpNtB6_15ThingsMcpServer18handle_create_task00B8_
FNDA:0,_RNCNCNvMNtCseiSjgjOjEbX_10things_cli3mcpNtB6_15ThingsMcpServer18handle_create_task0s_0B8_
FNDA:0,_RNCNCNvMNtCseiSjgjOjEbX_10things_cli3mcpNtB6_15ThingsMcpServer18handle_export_data00B8_
FNDA:0,_RNCNCNvMNtCseiSjgjOjEbX_10things_cli3mcpNtB6_15ThingsMcpServer18handle_export_data0s0_0B8_
FNDA:0,_RNCNCNvMNtCseiSjgjOjEbX_10things_cli3mcpNtB6_15ThingsMcpServer18handle_export_data0s1_0B8_
FNDA:0,_RNCNCNvMNtCseiSjgjOjEbX_10things_cli3mcpNtB6_15ThingsMcpServer18handle_export_data0s_0B8_
FNDA:0,_RNCNCNvMNtCseiSjgjOjEbX_10things_cli3mcpNtB6_15ThingsMcpServer18handle_update_task00B8_
FNDA:0,_RNCNCNvMNtCseiSjgjOjEbX_10things_cli3mcpNtB6_15ThingsMcpServer18handle_update_task0s_0B8_
FNDA:0,_RNCNCNvMNtCseiSjgjOjEbX_10things_cli3mcpNtB6_15ThingsMcpServer19handle_get_projects00B8_
FNDA:0,_RNCNCNvMNtCseiSjgjOjEbX_10things_cli3mcpNtB6_15ThingsMcpServer19handle_get_projects0s_0B8_
FNDA:0,_RNCNCNvMNtCseiSjgjOjEbX_10things_cli3mcpNtB6_15ThingsMcpServer19handle_list_backups00B8_
FNDA:0,_RNCNCNvMNtCseiSjgjOjEbX_10things_cli3mcpNtB6_15ThingsMcpServer19handle_list_backups0s_0B8_
FNDA:0,_RNCNCNvMNtCseiSjgjOjEbX_10things_cli3mcpNtB6_15ThingsMcpServer19handle_search_tasks00B8_
FNDA:0,_RNCNCNvMNtCseiSjgjOjEbX_10things_cli3mcpNtB6_15ThingsMcpServer19handle_search_tasks0s0_0B8_
FNDA:0,_RNCNCNvMNtCseiSjgjOjEbX_10things_cli3mcpNtB6_15ThingsMcpServer19handle_search_tasks0s1_0B8_
FNDA:0,_RNCNCNvMNtCseiSjgjOjEbX_10things_cli3mcpNtB6_15ThingsMcpServer19handle_search_tasks0s_0B8_
FNDA:0,_RNCNCNvMNtCseiSjgjOjEbX_10things_cli3mcpNtB6_15ThingsMcpServer22handle_backup_database00B8_
FNDA:0,_RNCNCNvMNtCseiSjgjOjEbX_10things_cli3mcpNtB6_15ThingsMcpServer22handle_backup_database0s0_0B8_
FNDA:0,_RNCNCNvMNtCseiSjgjOjEbX_10things_cli3mcpNtB6_15ThingsMcpServer22handle_backup_database0s_0B8_
FNDA:0,_RNCNCNvMNtCseiSjgjOjEbX_10things_cli3mcpNtB6_15ThingsMcpServer23handle_get_recent_tasks00B8_
FNDA:0,_RNCNCNvMNtCseiSjgjOjEbX_10things_cli3mcpNtB6_15ThingsMcpServer23handle_get_recent_tasks0s0_0B8_
FNDA:0,_RNCNCNvMNtCseiSjgjOjEbX_10things_cli3mcpNtB6_15ThingsMcpServer23handle_get_recent_tasks0s_0B8_
FNDA:0,_RNCNCNvMNtCseiSjgjOjEbX_10things_cli3mcpNtB6_15ThingsMcpServer23handle_restore_database00B8_
FNDA:0,_RNCNCNvMNtCseiSjgjOjEbX_10things_cli3mcpNtB6_15ThingsMcpServer23handle_restore_database0s_0B8_
FNDA:0,_RNCNCNvMNtCseiSjgjOjEbX_10things_cli3mcpNtB6_15ThingsMcpServer24handle_bulk_create_tasks00B8_
FNDA:0,_RNCNCNvMNtCseiSjgjOjEbX_10things_cli3mcpNtB6_15ThingsMcpServer24handle_bulk_create_tasks0s_0B8_
FNDA:0,_RNCNCNvMNtCseiSjgjOjEbX_10things_cli3mcpNtB6_15ThingsMcpServer31handle_get_productivity_metrics00B8_
FNDA:0,_RNCNCNvMNtCseiSjgjOjEbX_10things_cli3mcpNtB6_15ThingsMcpServer31handle_get_productivity_metrics0s0_0B8_
FNDA:0,_RNCNCNvMNtCseiSjgjOjEbX_10things_cli3mcpNtB6_15ThingsMcpServer31handle_get_productivity_metrics0s_0B8_
FNDA:0,_RNCNvMNtCseiSjgjOjEbX_10things_cli3mcpNtB4_15ThingsMcpServer10list_tools0B6_
FNDA:0,_RNCNvMNtCseiSjgjOjEbX_10things_cli3mcpNtB4_15ThingsMcpServer16handle_get_areas0B6_
FNDA:0,_RNCNvMNtCseiSjgjOjEbX_10things_cli3mcpNtB4_15ThingsMcpServer16handle_get_inbox0B6_
FNDA:0,_RNCNvMNtCseiSjgjOjEbX_10things_cli3mcpNtB4_15ThingsMcpServer16handle_get_today0B6_
FNDA:0,_RNCNvMNtCseiSjgjOjEbX_10things_cli3mcpNtB4_15ThingsMcpServer16handle_tool_call0B6_
FNDA:0,_RNCNvMNtCseiSjgjOjEbX_10things_cli3mcpNtB4_15ThingsMcpServer18handle_create_task0B6_
FNDA:0,_RNCNvMNtCseiSjgjOjEbX_10things_cli3mcpNtB4_15ThingsMcpServer18handle_export_data0B6_
FNDA:0,_RNCNvMNtCseiSjgjOjEbX_10things_cli3mcpNtB4_15ThingsMcpServer18handle_update_task0B6_
FNDA:0,_RNCNvMNtCseiSjgjOjEbX_10things_cli3mcpNtB4_15ThingsMcpServer19get_available_tools0B6_
FNDA:0,_RNCNvMNtCseiSjgjOjEbX_10things_cli3mcpNtB4_15ThingsMcpServer19handle_get_projects0B6_
FNDA:0,_RNCNvMNtCseiSjgjOjEbX_10things_cli3mcpNtB4_15ThingsMcpServer19handle_list_backups0B6_
FNDA:0,_RNCNvMNtCseiSjgjOjEbX_10things_cli3mcpNtB4_15ThingsMcpServer19handle_search_tasks0B6_
FNDA:0,_RNCNvMNtCseiSjgjOjEbX_10things_cli3mcpNtB4_15ThingsMcpServer22handle_backup_database0B6_
FNDA:0,_RNCNvMNtCseiSjgjOjEbX_10things_cli3mcpNtB4_15ThingsMcpServer22handle_get_cache_stats0B6_
FNDA:0,_RNCNvMNtCseiSjgjOjEbX_10things_cli3mcpNtB4_15ThingsMcpServer23handle_get_recent_tasks0B6_
FNDA:0,_RNCNvMNtCseiSjgjOjEbX_10things_cli3mcpNtB4_15ThingsMcpServer23handle_restore_database0B6_
FNDA:0,_RNCNvMNtCseiSjgjOjEbX_10things_cli3mcpNtB4_15ThingsMcpServer24handle_bulk_create_tasks0B6_
FNDA:0,_RNCNvMNtCseiSjgjOjEbX_10things_cli3mcpNtB4_15ThingsMcpServer25handle_get_system_metrics0B6_
FNDA:0,_RNCNvMNtCseiSjgjOjEbX_10things_cli3mcpNtB4_15ThingsMcpServer28handle_get_performance_stats0B6_
FNDA:0,_RNCNvMNtCseiSjgjOjEbX_10things_cli3mcpNtB4_15ThingsMcpServer31handle_get_productivity_metrics0B6_
FNDA:0,_RNCNvMNtCseiSjgjOjEbX_10things_cli3mcpNtB4_15ThingsMcpServer9call_tool0B6_
FNDA:0,_RNvMNtCseiSjgjOjEbX_10things_cli3mcpNtB2_15ThingsMcpServer10list_tools
FNDA:0,_RNvMNtCseiSjgjOjEbX_10things_cli3mcpNtB2_15ThingsMcpServer16handle_get_areas
FNDA:0,_RNvMNtCseiSjgjOjEbX_10things_cli3mcpNtB2_15ThingsMcpServer16handle_get_inbox
FNDA:0,_RNvMNtCseiSjgjOjEbX_10things_cli3mcpNtB2_15ThingsMcpServer16handle_get_today
FNDA:0,_RNvMNtCseiSjgjOjEbX_10things_cli3mcpNtB2_15ThingsMcpServer16handle_tool_call
FNDA:0,_RNvMNtCseiSjgjOjEbX_10things_cli3mcpNtB2_15ThingsMcpServer18handle_create_task
FNDA:0,_RNvMNtCseiSjgjOjEbX_10things_cli3mcpNtB2_15ThingsMcpServer18handle_export_data
FNDA:0,_RNvMNtCseiSjgjOjEbX_10things_cli3mcpNtB2_15ThingsMcpServer18handle_update_task
FNDA:0,_RNvMNtCseiSjgjOjEbX_10things_cli3mcpNtB2_15ThingsMcpServer19get_available_tools
FNDA:0,_RNvMNtCseiSjgjOjEbX_10things_cli3mcpNtB2_15ThingsMcpServer19handle_get_projects
FNDA:0,_RNvMNtCseiSjgjOjEbX_10things_cli3mcpNtB2_15ThingsMcpServer19handle_list_backups
FNDA:0,_RNvMNtCseiSjgjOjEbX_10things_cli3mcpNtB2_15ThingsMcpServer19handle_search_tasks
FNDA:0,_RNvMNtCseiSjgjOjEbX_10things_cli3mcpNtB2_15ThingsMcpServer22handle_backup_database
FNDA:0,_RNvMNtCseiSjgjOjEbX_10things_cli3mcpNtB2_15ThingsMcpServer22handle_get_cache_stats
FNDA:0,_RNvMNtCseiSjgjOjEbX_10things_cli3mcpNtB2_15ThingsMcpServer23handle_get_recent_tasks
FNDA:0,_RNvMNtCseiSjgjOjEbX_10things_cli3mcpNtB2_15ThingsMcpServer23handle_restore_database
FNDA:0,_RNvMNtCseiSjgjOjEbX_10things_cli3mcpNtB2_15ThingsMcpServer24handle_bulk_create_tasks
FNDA:0,_RNvMNtCseiSjgjOjEbX_10things_cli3mcpNtB2_15ThingsMcpServer25handle_get_system_metrics
FNDA:0,_RNvMNtCseiSjgjOjEbX_10things_cli3mcpNtB2_15ThingsMcpServer28handle_get_performance_stats
FNDA:0,_RNvMNtCseiSjgjOjEbX_10things_cli3mcpNtB2_15ThingsMcpServer31handle_get_productivity_metrics
FNDA:0,_RNvMNtCseiSjgjOjEbX_10things_cli3mcpNtB2_15ThingsMcpServer3new
FNDA:0,_RNvMNtCseiSjgjOjEbX_10things_cli3mcpNtB2_15ThingsMcpServer9call_tool
FNF:76
FNH:73
DA:56,38
DA:57,38
DA:58,38
DA:59,38
DA:60,38
DA:62,38
DA:63,38
DA:64,38
DA:65,38
DA:66,38
DA:67,38
DA:68,38
DA:69,38
DA:72,3
DA:74,3
DA:76,3
DA:79,34
DA:80,34
DA:81,34
DA:84,3
DA:85,3
DA:86,3
DA:87,3
DA:88,3
DA:89,3
DA:90,3
DA:91,3
DA:92,3
DA:93,3
DA:94,3
DA:95,3
DA:96,3
DA:97,3
DA:98,3
DA:99,3
DA:100,3
DA:101,3
DA:102,3
DA:103,3
DA:104,3
DA:105,3
DA:106,3
DA:107,3
DA:108,3
DA:109,3
DA:110,3
DA:111,3
DA:112,3
DA:113,3
DA:114,3
DA:115,3
DA:116,3
DA:117,3
DA:118,3
DA:119,3
DA:120,3
DA:121,3
DA:122,3
DA:123,3
DA:124,3
DA:125,3
DA:126,3
DA:127,3
DA:128,3
DA:129,3
DA:130,3
DA:131,3
DA:132,3
DA:133,3
DA:134,3
DA:135,3
DA:136,3
DA:137,3
DA:138,3
DA:139,3
DA:140,3
DA:141,3
DA:142,3
DA:143,3
DA:144,3
DA:145,3
DA:146,3
DA:147,3
DA:148,3
DA:149,3
DA:150,3
DA:151,3
DA:152,3
DA:153,3
DA:154,3
DA:155,3
DA:156,3
DA:157,3
DA:158,3
DA:159,3
DA:160,3
DA:161,3
DA:162,3
DA:163,3
DA:164,3
DA:165,3
DA:166,3
DA:167,3
DA:168,3
DA:169,3
DA:170,3
DA:171,3
DA:172,3
DA:173,3
DA:174,3
DA:175,3
DA:176,3
DA:177,3
DA:178,3
DA:179,3
DA:180,3
DA:181,3
DA:182,3
DA:183,3
DA:184,3
DA:185,3
DA:186,3
DA:187,3
DA:188,3
DA:189,3
DA:190,3
DA:191,3
DA:192,3
DA:193,3
DA:194,3
DA:195,3
DA:196,3
DA:197,3
DA:198,3
DA:199,3
DA:200,3
DA:201,3
DA:202,3
DA:203,3
DA:204,3
DA:205,3
DA:206,3
DA:207,3
DA:208,3
DA:209,3
DA:210,3
DA:211,3
DA:212,3
DA:213,3
DA:214,3
DA:215,3
DA:216,3
DA:217,3
DA:218,3
DA:219,3
DA:220,3
DA:221,3
DA:222,3
DA:223,3
DA:224,3
DA:225,3
DA:226,3
DA:227,3
DA:228,3
DA:229,3
DA:230,3
DA:231,3
DA:232,3
DA:233,3
DA:234,3
DA:235,3
DA:236,3
DA:237,3
DA:238,3
DA:239,3
DA:240,3
DA:241,3
DA:242,3
DA:243,3
DA:244,3
DA:245,3
DA:246,3
DA:247,3
DA:248,3
DA:249,3
DA:250,3
DA:251,3
DA:252,3
DA:253,3
DA:254,3
DA:255,3
DA:256,3
DA:257,3
DA:258,3
DA:259,3
DA:260,3
DA:261,3
DA:262,3
DA:263,3
DA:264,3
DA:265,3
DA:266,3
DA:267,3
DA:268,3
DA:269,3
DA:270,3
DA:271,3
DA:272,3
DA:273,3
DA:274,3
DA:275,3
DA:276,3
DA:277,3
DA:278,3
DA:279,3
DA:280,3
DA:281,3
DA:282,3
DA:283,3
DA:284,3
DA:285,3
DA:286,3
DA:287,3
DA:288,3
DA:289,3
DA:290,3
DA:291,3
DA:292,3
DA:293,3
DA:294,3
DA:295,3
DA:296,3
DA:297,3
DA:298,3
DA:299,3
DA:300,3
DA:301,3
DA:302,3
DA:303,3
DA:304,3
DA:305,3
DA:306,3
DA:307,3
DA:308,3
DA:309,3
DA:310,3
DA:311,3
DA:312,3
DA:313,3
DA:314,3
DA:315,3
DA:316,3
DA:317,3
DA:318,3
DA:319,3
DA:320,3
DA:321,3
DA:322,3
DA:323,3
DA:324,3
DA:325,3
DA:326,3
DA:327,3
DA:328,3
DA:329,3
DA:330,3
DA:331,3
DA:332,3
DA:333,3
DA:334,3
DA:335,3
DA:336,3
DA:337,3
DA:338,3
DA:339,3
DA:340,3
DA:341,3
DA:342,3
DA:343,3
DA:344,3
DA:345,3
DA:346,3
DA:347,3
DA:348,3
DA:349,3
DA:352,34
DA:353,34
DA:354,34
DA:356,34
DA:357,34
DA:358,30
DA:359,29
DA:360,27
DA:361,26
DA:362,24
DA:363,22
DA:364,20
DA:365,18
DA:366,14
DA:367,12
DA:368,10
DA:369,8
DA:370,6
DA:371,4
DA:372,3
DA:373,2
DA:375,1
DA:376,1
DA:377,1
DA:378,1
DA:379,1
DA:380,1
DA:384,33
DA:385,22
DA:386,11
DA:387,11
DA:388,11
DA:389,11
DA:390,11
DA:391,11
DA:393,34
DA:395,4
DA:396,4
DA:397,4
DA:398,4
DA:399,4
DA:400,4
DA:401,4
DA:402,4
DA:403,4
DA:404,4
DA:405,4
DA:406,4
DA:408,1
DA:409,1
DA:410,1
DA:411,1
DA:412,1
DA:413,1
DA:414,1
DA:415,1
DA:416,1
DA:417,1
DA:418,1
DA:419,1
DA:421,2
DA:422,2
DA:423,2
DA:424,2
DA:425,2
DA:426,2
DA:427,2
DA:428,2
DA:429,2
DA:430,2
DA:431,2
DA:432,2
DA:434,1
DA:435,1
DA:436,1
DA:437,1
DA:438,1
DA:439,1
DA:440,1
DA:441,1
DA:443,2
DA:444,2
DA:445,2
DA:446,2
DA:447,2
DA:448,1
DA:449,1
DA:450,1
DA:451,1
DA:452,1
DA:453,1
DA:454,1
DA:455,1
DA:456,1
DA:457,1
DA:458,2
DA:460,2
DA:463,2
DA:464,2
DA:465,2
DA:466,2
DA:468,1
DA:469,1
DA:470,1
DA:471,1
DA:475,1
DA:476,1
DA:480,2
DA:482,2
DA:485,2
DA:486,2
DA:487,2
DA:488,2
DA:490,1
DA:491,1
DA:492,1
DA:493,1
DA:497,1
DA:498,1
DA:502,2
DA:504,2
DA:505,2
DA:508,2
DA:509,2
DA:510,2
DA:511,2
DA:513,2
DA:514,2
DA:515,2
DA:516,2
DA:517,2
DA:518,2
DA:519,2
DA:520,2
DA:521,2
DA:525,2
DA:526,2
DA:530,2
DA:532,4
DA:533,4
DA:534,4
DA:535,4
DA:536,4
DA:537,4
DA:538,4
DA:539,4
DA:540,4
DA:542,3
DA:543,3
DA:544,2
DA:545,2
DA:546,2
DA:547,2
DA:548,2
DA:551,1
DA:552,0
DA:553,0
DA:555,1
DA:556,0
DA:557,0
DA:559,1
DA:560,1
DA:561,1
DA:562,1
DA:563,1
DA:564,1
DA:565,1
DA:566,1
DA:567,1
DA:568,1
DA:571,0
DA:574,3
DA:575,3
DA:576,1
DA:577,1
DA:578,1
DA:581,2
DA:582,2
DA:583,2
DA:584,2
DA:585,4
DA:587,2
DA:588,2
DA:589,2
DA:590,2
DA:591,2
DA:593,1
DA:594,1
DA:595,1
DA:596,1
DA:600,1
DA:601,1
DA:605,2
DA:607,2
DA:608,2
DA:609,2
DA:610,2
DA:611,2
DA:612,2
DA:616,2
DA:618,2
DA:619,2
DA:620,2
DA:621,2
DA:625,2
DA:626,2
DA:630,2
DA:632,2
DA:633,2
DA:634,2
DA:635,2
DA:636,2
DA:637,1
DA:639,1
DA:640,1
DA:641,1
DA:642,1
DA:643,1
DA:645,0
DA:646,0
DA:647,0
DA:648,0
DA:649,0
DA:653,0
DA:654,0
DA:658,2
DA:660,2
DA:661,2
DA:662,2
DA:663,2
DA:664,2
DA:666,1
DA:667,1
DA:669,0
DA:670,0
DA:671,0
DA:675,0
DA:676,0
DA:680,2
DA:682,2
DA:683,2
DA:684,2
DA:685,2
DA:686,2
DA:688,1
DA:689,1
DA:691,1
DA:692,1
DA:693,1
DA:697,1
DA:698,1
DA:702,2
DA:704,1
DA:705,1
DA:706,1
DA:708,1
DA:709,1
DA:710,1
DA:714,1
DA:715,1
DA:719,1
DA:721,1
DA:722,1
DA:725,1
DA:726,1
DA:730,1
DA:732,1
DA:733,1
DA:736,1
DA:737,1
DA:741,1
BRF:0
BRH:0
LF:610
LH:590
end_of_record
SF:/Users/garthdb/Projects/rust-things/libs/things-common/src/utils.rs
FN:9,_RNCNvNtCskPXalfIOYQP_13things_common5utils25get_default_database_path0B5_
FN:78,_RNvNtNtCskPXalfIOYQP_13things_common5utils5testss_16test_format_date
FN:103,_RNvNtNtCskPXalfIOYQP_13things_common5utils5testss_20test_format_datetime
FN:128,_RNvNtNtCskPXalfIOYQP_13things_common5utils5testss_21test_parse_date_valid
FN:291,_RNvNtNtCskPXalfIOYQP_13things_common5utils5testss_22test_utils_integration
FN:165,_RNvNtNtCskPXalfIOYQP_13things_common5utils5testss_23test_parse_date_invalid
FN:188,_RNvNtNtCskPXalfIOYQP_13things_common5utils5testss_24test_is_valid_uuid_valid
FN:222,_RNvNtNtCskPXalfIOYQP_13things_common5utils5testss_25test_truncate_string_long
FN:198,_RNvNtNtCskPXalfIOYQP_13things_common5utils5testss_26test_is_valid_uuid_invalid
FN:138,_RNvNtNtCskPXalfIOYQP_13things_common5utils5testss_26test_parse_date_edge_cases
FN:260,_RNvNtNtCskPXalfIOYQP_13things_common5utils5testss_26test_truncate_string_empty
FN:211,_RNvNtNtCskPXalfIOYQP_13things_common5utils5testss_26test_truncate_string_short
FN:85,_RNvNtNtCskPXalfIOYQP_13things_common5utils5testss_27test_format_date_edge_cases
FN:314,_RNvNtNtCskPXalfIOYQP_13things_common5utils5testss_28test_format_date_consistency
FN:271,_RNvNtNtCskPXalfIOYQP_13things_common5utils5testss_28test_truncate_string_unicode
FN:118,_RNvNtNtCskPXalfIOYQP_13things_common5utils5testss_29test_format_datetime_specific
FN:57,_RNvNtNtCskPXalfIOYQP_13things_common5utils5testss_30test_get_default_database_path
FN:282,_RNvNtNtCskPXalfIOYQP_13things_common5utils5testss_30test_truncate_string_very_long
FN:233,_RNvNtNtCskPXalfIOYQP_13things_common5utils5testss_31test_truncate_string_edge_cases
FN:306,_RNvNtNtCskPXalfIOYQP_13things_common5utils5testss_42test_get_default_database_path_consistency
FN:73,_RNCNvNtNtCskPXalfIOYQP_13things_common5utils5testss_30test_get_default_database_path0B7_
FN:31,_RNvNtCskPXalfIOYQP_13things_common5utils10parse_date
FN:17,_RNvNtCskPXalfIOYQP_13things_common5utils11format_date
FN:37,_RNvNtCskPXalfIOYQP_13things_common5utils13is_valid_uuid
FN:23,_RNvNtCskPXalfIOYQP_13things_common5utils15format_datetime
FN:43,_RNvNtCskPXalfIOYQP_13things_common5utils15truncate_string
FN:8,_RNvNtCskPXalfIOYQP_13things_common5utils25get_default_database_path
FNDA:0,_RNCNvNtCskPXalfIOYQP_13things_common5utils25get_default_database_path0B5_
FNDA:1,_RNvNtNtCskPXalfIOYQP_13things_common5utils5testss_16test_format_date
FNDA:1,_RNvNtNtCskPXalfIOYQP_13things_common5utils5testss_20test_format_datetime
FNDA:1,_RNvNtNtCskPXalfIOYQP_13things_common5utils5testss_21test_parse_date_valid
FNDA:1,_RNvNtNtCskPXalfIOYQP_13things_common5utils5testss_22test_utils_integration
FNDA:1,_RNvNtNtCskPXalfIOYQP_13things_common5utils5testss_23test_parse_date_invalid
FNDA:1,_RNvNtNtCskPXalfIOYQP_13things_common5utils5testss_24test_is_valid_uuid_valid
FNDA:1,_RNvNtNtCskPXalfIOYQP_13things_common5utils5testss_25test_truncate_string_long
FNDA:1,_RNvNtNtCskPXalfIOYQP_13things_common5utils5testss_26test_is_valid_uuid_invalid
FNDA:1,_RNvNtNtCskPXalfIOYQP_13things_common5utils5testss_26test_parse_date_edge_cases
FNDA:1,_RNvNtNtCskPXalfIOYQP_13things_common5utils5testss_26test_truncate_string_empty
FNDA:1,_RNvNtNtCskPXalfIOYQP_13things_common5utils5testss_26test_truncate_string_short
FNDA:1,_RNvNtNtCskPXalfIOYQP_13things_common5utils5testss_27test_format_date_edge_cases
FNDA:1,_RNvNtNtCskPXalfIOYQP_13things_common5utils5testss_28test_format_date_consistency
FNDA:1,_RNvNtNtCskPXalfIOYQP_13things_common5utils5testss_28test_truncate_string_unicode
FNDA:1,_RNvNtNtCskPXalfIOYQP_13things_common5utils5testss_29test_format_datetime_specific
FNDA:1,_RNvNtNtCskPXalfIOYQP_13things_common5utils5testss_30test_get_default_database_path
FNDA:1,_RNvNtNtCskPXalfIOYQP_13things_common5utils5testss_30test_truncate_string_very_long
FNDA:1,_RNvNtNtCskPXalfIOYQP_13things_common5utils5testss_31test_truncate_string_edge_cases
FNDA:1,_RNvNtNtCskPXalfIOYQP_13things_common5utils5testss_42test_get_default_database_path_consistency
FNDA:0,_RNCNvNtNtCskPXalfIOYQP_13things_common5utils5testss_30test_get_default_database_path0B7_
FNDA:11,_RNvNtCskPXalfIOYQP_13things_common5utils10parse_date
FNDA:6,_RNvNtCskPXalfIOYQP_13things_common5utils11format_date
FNDA:14,_RNvNtCskPXalfIOYQP_13things_common5utils13is_valid_uuid
FNDA:2,_RNvNtCskPXalfIOYQP_13things_common5utils15format_datetime
FNDA:16,_RNvNtCskPXalfIOYQP_13things_common5utils15truncate_string
FNDA:3,_RNvNtCskPXalfIOYQP_13things_common5utils25get_default_database_path
FNF:27
FNH:25
DA:8,3
DA:9,3
DA:10,3
DA:11,3
DA:13,3
DA:17,6
DA:18,6
DA:19,6
DA:23,2
DA:24,2
DA:25,2
DA:31,11
DA:32,11
DA:33,11
DA:37,14
DA:38,14
DA:39,14
DA:43,16
DA:44,16
DA:45,5
DA:47,11
DA:49,16
DA:57,1
DA:58,1
DA:61,1
DA:62,1
DA:63,1
DA:64,1
DA:65,1
DA:66,1
DA:67,1
DA:68,1
DA:69,1
DA:70,1
DA:73,1
DA:74,1
DA:75,1
DA:78,1
DA:79,1
DA:80,1
DA:81,1
DA:82,1
DA:85,1
DA:87,1
DA:88,1
DA:89,1
DA:92,1
DA:93,1
DA:94,1
DA:97,1
DA:98,1
DA:99,1
DA:100,1
DA:103,1
DA:104,1
DA:105,1
DA:108,1
DA:109,1
DA:110,1
DA:111,1
DA:114,1
DA:115,1
DA:118,1
DA:120,1
DA:121,1
DA:122,1
DA:123,1
DA:124,1
DA:125,1
DA:128,1
DA:129,1
DA:130,1
DA:131,1
DA:132,1
DA:133,1
DA:134,1
DA:135,1
DA:138,1
DA:140,1
DA:141,1
DA:142,1
DA:143,1
DA:144,1
DA:145,1
DA:148,1
DA:149,1
DA:150,1
DA:151,1
DA:152,1
DA:153,1
DA:156,1
DA:157,1
DA:158,1
DA:159,1
DA:160,1
DA:161,1
DA:162,1
DA:165,1
DA:167,1
DA:168,1
DA:171,1
DA:172,1
DA:175,1
DA:176,1
DA:179,1
DA:180,1
DA:183,1
DA:184,1
DA:185,1
DA:188,1
DA:190,1
DA:191,1
DA:192,1
DA:193,1
DA:194,1
DA:195,1
DA:198,1
DA:200,1
DA:201,1
DA:202,1
DA:203,1
DA:204,1
DA:205,1
DA:206,1
DA:207,1
DA:208,1
DA:211,1
DA:213,1
DA:214,1
DA:217,1
DA:218,1
DA:219,1
DA:222,1
DA:224,1
DA:225,1
DA:228,1
DA:229,1
DA:230,1
DA:233,1
DA:235,1
DA:236,1
DA:239,1
DA:240,1
DA:243,1
DA:244,1
DA:247,1
DA:248,1
DA:251,1
DA:252,1
DA:255,1
DA:256,1
DA:257,1
DA:260,1
DA:262,1
DA:263,1
DA:266,1
DA:267,1
DA:268,1
DA:271,1
DA:273,1
DA:274,1
DA:277,1
DA:278,1
DA:279,1
DA:282,1
DA:284,1
DA:285,1
DA:286,1
DA:287,1
DA:288,1
DA:291,1
DA:293,1
DA:294,1
DA:295,1
DA:296,1
DA:299,1
DA:300,1
DA:301,1
DA:302,1
DA:303,1
DA:306,1
DA:308,1
DA:309,1
DA:310,1
DA:311,1
DA:314,1
DA:316,1
DA:317,1
DA:318,1
DA:319,1
DA:320,1
BRF:0
BRH:0
LF:193
LH:191
end_of_record
SF:/Users/garthdb/Projects/rust-things/libs/things-core/src/backup.rs
FN:102,_RNvMNtCs5gv2PErl1cl_11things_core6backupNtB2_13BackupManager12list_backups
FN:33,_RNvMNtCs5gv2PErl1cl_11things_core6backupNtB2_13BackupManager13create_backup
FN:146,_RNvMNtCs5gv2PErl1cl_11things_core6backupNtB2_13BackupManager13delete_backup
FN:182,_RNvMNtCs5gv2PErl1cl_11things_core6backupNtB2_13BackupManager13verify_backup
FN:80,_RNvMNtCs5gv2PErl1cl_11things_core6backupNtB2_13BackupManager14restore_backup
FN:195,_RNvMNtCs5gv2PErl1cl_11things_core6backupNtB2_13BackupManager16get_backup_stats
FN:160,_RNvMNtCs5gv2PErl1cl_11things_core6backupNtB2_13BackupManager19cleanup_old_backups
FN:131,_RNvMNtCs5gv2PErl1cl_11things_core6backupNtB2_13BackupManager19get_backup_metadata
FN:28,_RNvMNtCs5gv2PErl1cl_11things_core6backupNtB2_13BackupManager3new
FN:68,_RNCNCNvMNtCs5gv2PErl1cl_11things_core6backupNtB6_13BackupManager13create_backup00B8_
FN:37,_RNCNvMNtCs5gv2PErl1cl_11things_core6backupNtB4_13BackupManager13create_backup0B6_
FN:80,_RNCNvMNtCs5gv2PErl1cl_11things_core6backupNtB4_13BackupManager14restore_backup0B6_
FN:113,_RNCNvMNtCs5gv2PErl1cl_11things_core6backupNtB4_13BackupManager12list_backups0B6_
FN:125,_RNCNvMNtCs5gv2PErl1cl_11things_core6backupNtB4_13BackupManager12list_backupss_0B6_
FN:68,_RNCNCNvMNtCs5gv2PErl1cl_11things_core6backupNtB6_13BackupManager13create_backup00CsiPcz9I3ryp9_9mcp_tests
FN:37,_RNCNvMNtCs5gv2PErl1cl_11things_core6backupNtB4_13BackupManager13create_backup0CsiPcz9I3ryp9_9mcp_tests
FN:80,_RNCNvMNtCs5gv2PErl1cl_11things_core6backupNtB4_13BackupManager14restore_backup0CsiPcz9I3ryp9_9mcp_tests
FN:68,_RNCNCNvMNtCsgowgEPBvTvH_11things_core6backupNtB6_13BackupManager13create_backup00B8_
FN:113,_RNCNvMNtCsgowgEPBvTvH_11things_core6backupNtB4_13BackupManager12list_backups0B6_
FN:125,_RNCNvMNtCsgowgEPBvTvH_11things_core6backupNtB4_13BackupManager12list_backupss_0B6_
FN:37,_RNCNvMNtCsgowgEPBvTvH_11things_core6backupNtB4_13BackupManager13create_backup0B6_
FN:80,_RNCNvMNtCsgowgEPBvTvH_11things_core6backupNtB4_13BackupManager14restore_backup0B6_
FN:279,_RNvNtNtCsgowgEPBvTvH_11things_core6backup5testss_23test_backup_manager_new
FN:392,_RNvNtNtCsgowgEPBvTvH_11things_core6backup5testss_23test_backup_stats_clone
FN:358,_RNvNtNtCsgowgEPBvTvH_11things_core6backup5testss_23test_backup_stats_debug
FN:326,_RNvNtNtCsgowgEPBvTvH_11things_core6backup5testss_23test_backup_stats_empty
FN:373,_RNvNtNtCsgowgEPBvTvH_11things_core6backup5testss_26test_backup_metadata_clone
FN:341,_RNvNtNtCsgowgEPBvTvH_11things_core6backup5testss_26test_backup_metadata_debug
FN:287,_RNvNtNtCsgowgEPBvTvH_11things_core6backup5testss_26test_backup_stats_creation
FN:227,_RNvNtNtCsgowgEPBvTvH_11things_core6backup5testss_29test_backup_metadata_creation
FN:502,_RNvNtNtCsgowgEPBvTvH_11things_core6backup5testss_30test_delete_backup_nonexistent
FN:492,_RNvNtNtCsgowgEPBvTvH_11things_core6backup5testss_30test_verify_backup_nonexistent
FN:303,_RNvNtNtCsgowgEPBvTvH_11things_core6backup5testss_31test_backup_stats_serialization
FN:562,_RNvNtNtCsgowgEPBvTvH_11things_core6backup5testss_31test_restore_backup_nonexistent
FN:249,_RNvNtNtCsgowgEPBvTvH_11things_core6backup5testss_34test_backup_metadata_serialization
FN:460,_RNvNtNtCsgowgEPBvTvH_11things_core6backup5testss_35test_backup_listing_empty_directory
FN:598,_RNvNtNtCsgowgEPBvTvH_11things_core6backup5testss_36test_backup_metadata_path_operations
FN:481,_RNvNtNtCsgowgEPBvTvH_11things_core6backup5testss_36test_get_backup_metadata_nonexistent
FN:535,_RNvNtNtCsgowgEPBvTvH_11things_core6backup5testss_37test_get_backup_stats_empty_directory
FN:575,_RNvNtNtCsgowgEPBvTvH_11things_core6backup5testss_40test_backup_metadata_without_description
FN:512,_RNvNtNtCsgowgEPBvTvH_11things_core6backup5testss_40test_cleanup_old_backups_empty_directory
FN:470,_RNvNtNtCsgowgEPBvTvH_11things_core6backup5testss_41test_backup_listing_nonexistent_directory
FN:548,_RNvNtNtCsgowgEPBvTvH_11things_core6backup5testss_43test_get_backup_stats_nonexistent_directory
FN:408,_RNvNtNtCsgowgEPBvTvH_11things_core6backup5testss_46test_backup_creation_with_nonexistent_database
FN:524,_RNvNtNtCsgowgEPBvTvH_11things_core6backup5testss_46test_cleanup_old_backups_nonexistent_directory
FN:434,_RNvNtNtCsgowgEPBvTvH_11things_core6backup5testss_48test_backup_creation_with_nonexistent_backup_dir
FN:562,_RNCNvNtNtCsgowgEPBvTvH_11things_core6backup5testss_31test_restore_backup_nonexistent0B7_
FN:408,_RNCNvNtNtCsgowgEPBvTvH_11things_core6backup5testss_46test_backup_creation_with_nonexistent_database0B7_
FN:434,_RNCNvNtNtCsgowgEPBvTvH_11things_core6backup5testss_48test_backup_creation_with_nonexistent_backup_dir0B7_
FN:102,_RNvMNtCsgowgEPBvTvH_11things_core6backupNtB2_13BackupManager12list_backups
FN:33,_RNvMNtCsgowgEPBvTvH_11things_core6backupNtB2_13BackupManager13create_backup
FN:146,_RNvMNtCsgowgEPBvTvH_11things_core6backupNtB2_13BackupManager13delete_backup
FN:182,_RNvMNtCsgowgEPBvTvH_11things_core6backupNtB2_13BackupManager13verify_backup
FN:80,_RNvMNtCsgowgEPBvTvH_11things_core6backupNtB2_13BackupManager14restore_backup
FN:195,_RNvMNtCsgowgEPBvTvH_11things_core6backupNtB2_13BackupManager16get_backup_stats
FN:160,_RNvMNtCsgowgEPBvTvH_11things_core6backupNtB2_13BackupManager19cleanup_old_backups
FN:131,_RNvMNtCsgowgEPBvTvH_11things_core6backupNtB2_13BackupManager19get_backup_metadata
FN:28,_RNvMNtCsgowgEPBvTvH_11things_core6backupNtB2_13BackupManager3new
FNDA:1,_RNvMNtCs5gv2PErl1cl_11things_core6backupNtB2_13BackupManager12list_backups
FNDA:1,_RNvMNtCs5gv2PErl1cl_11things_core6backupNtB2_13BackupManager13create_backup
FNDA:0,_RNvMNtCs5gv2PErl1cl_11things_core6backupNtB2_13BackupManager13delete_backup
FNDA:0,_RNvMNtCs5gv2PErl1cl_11things_core6backupNtB2_13BackupManager13verify_backup
FNDA:1,_RNvMNtCs5gv2PErl1cl_11things_core6backupNtB2_13BackupManager14restore_backup
FNDA:0,_RNvMNtCs5gv2PErl1cl_11things_core6backupNtB2_13BackupManager16get_backup_stats
FNDA:0,_RNvMNtCs5gv2PErl1cl_11things_core6backupNtB2_13BackupManager19cleanup_old_backups
FNDA:0,_RNvMNtCs5gv2PErl1cl_11things_core6backupNtB2_13BackupManager19get_backup_metadata
FNDA:38,_RNvMNtCs5gv2PErl1cl_11things_core6backupNtB2_13BackupManager3new
FNDA:0,_RNCNCNvMNtCs5gv2PErl1cl_11things_core6backupNtB6_13BackupManager13create_backup00B8_
FNDA:0,_RNCNvMNtCs5gv2PErl1cl_11things_core6backupNtB4_13BackupManager13create_backup0B6_
FNDA:0,_RNCNvMNtCs5gv2PErl1cl_11things_core6backupNtB4_13BackupManager14restore_backup0B6_
FNDA:0,_RNCNvMNtCs5gv2PErl1cl_11things_core6backupNtB4_13BackupManager12list_backups0B6_
FNDA:0,_RNCNvMNtCs5gv2PErl1cl_11things_core6backupNtB4_13BackupManager12list_backupss_0B6_
FNDA:0,_RNCNCNvMNtCs5gv2PErl1cl_11things_core6backupNtB6_13BackupManager13create_backup00CsiPcz9I3ryp9_9mcp_tests
FNDA:1,_RNCNvMNtCs5gv2PErl1cl_11things_core6backupNtB4_13BackupManager13create_backup0CsiPcz9I3ryp9_9mcp_tests
FNDA:1,_RNCNvMNtCs5gv2PErl1cl_11things_core6backupNtB4_13BackupManager14restore_backup0CsiPcz9I3ryp9_9mcp_tests
FNDA:2,_RNCNCNvMNtCsgowgEPBvTvH_11things_core6backupNtB6_13BackupManager13create_backup00B8_
FNDA:0,_RNCNvMNtCsgowgEPBvTvH_11things_core6backupNtB4_13BackupManager12list_backups0B6_
FNDA:0,_RNCNvMNtCsgowgEPBvTvH_11things_core6backupNtB4_13BackupManager12list_backupss_0B6_
FNDA:2,_RNCNvMNtCsgowgEPBvTvH_11things_core6backupNtB4_13BackupManager13create_backup0B6_
FNDA:1,_RNCNvMNtCsgowgEPBvTvH_11things_core6backupNtB4_13BackupManager14restore_backup0B6_
FNDA:1,_RNvNtNtCsgowgEPBvTvH_11things_core6backup5testss_23test_backup_manager_new
FNDA:1,_RNvNtNtCsgowgEPBvTvH_11things_core6backup5testss_23test_backup_stats_clone
FNDA:1,_RNvNtNtCsgowgEPBvTvH_11things_core6backup5testss_23test_backup_stats_debug
FNDA:1,_RNvNtNtCsgowgEPBvTvH_11things_core6backup5testss_23test_backup_stats_empty
FNDA:1,_RNvNtNtCsgowgEPBvTvH_11things_core6backup5testss_26test_backup_metadata_clone
FNDA:1,_RNvNtNtCsgowgEPBvTvH_11things_core6backup5testss_26test_backup_metadata_debug
FNDA:1,_RNvNtNtCsgowgEPBvTvH_11things_core6backup5testss_26test_backup_stats_creation
FNDA:1,_RNvNtNtCsgowgEPBvTvH_11things_core6backup5testss_29test_backup_metadata_creation
FNDA:1,_RNvNtNtCsgowgEPBvTvH_11things_core6backup5testss_30test_delete_backup_nonexistent
FNDA:1,_RNvNtNtCsgowgEPBvTvH_11things_core6backup5testss_30test_verify_backup_nonexistent
FNDA:1,_RNvNtNtCsgowgEPBvTvH_11things_core6backup5testss_31test_backup_stats_serialization
FNDA:1,_RNvNtNtCsgowgEPBvTvH_11things_core6backup5testss_31test_restore_backup_nonexistent
FNDA:1,_RNvNtNtCsgowgEPBvTvH_11things_core6backup5testss_34test_backup_metadata_serialization
FNDA:1,_RNvNtNtCsgowgEPBvTvH_11things_core6backup5testss_35test_backup_listing_empty_directory
FNDA:1,_RNvNtNtCsgowgEPBvTvH_11things_core6backup5testss_36test_backup_metadata_path_operations
FNDA:1,_RNvNtNtCsgowgEPBvTvH_11things_core6backup5testss_36test_get_backup_metadata_nonexistent
FNDA:1,_RNvNtNtCsgowgEPBvTvH_11things_core6backup5testss_37test_get_backup_stats_empty_directory
FNDA:1,_RNvNtNtCsgowgEPBvTvH_11things_core6backup5testss_40test_backup_metadata_without_description
FNDA:1,_RNvNtNtCsgowgEPBvTvH_11things_core6backup5testss_40test_cleanup_old_backups_empty_directory
FNDA:1,_RNvNtNtCsgowgEPBvTvH_11things_core6backup5testss_41test_backup_listing_nonexistent_directory
FNDA:1,_RNvNtNtCsgowgEPBvTvH_11things_core6backup5testss_43test_get_backup_stats_nonexistent_directory
FNDA:1,_RNvNtNtCsgowgEPBvTvH_11things_core6backup5testss_46test_backup_creation_with_nonexistent_database
FNDA:1,_RNvNtNtCsgowgEPBvTvH_11things_core6backup5testss_46test_cleanup_old_backups_nonexistent_directory
FNDA:1,_RNvNtNtCsgowgEPBvTvH_11things_core6backup5testss_48test_backup_creation_with_nonexistent_backup_dir
FNDA:1,_RNCNvNtNtCsgowgEPBvTvH_11things_core6backup5testss_31test_restore_backup_nonexistent0B7_
FNDA:1,_RNCNvNtNtCsgowgEPBvTvH_11things_core6backup5testss_46test_backup_creation_with_nonexistent_database0B7_
FNDA:1,_RNCNvNtNtCsgowgEPBvTvH_11things_core6backup5testss_48test_backup_creation_with_nonexistent_backup_dir0B7_
FNDA:6,_RNvMNtCsgowgEPBvTvH_11things_core6backupNtB2_13BackupManager12list_backups
FNDA:2,_RNvMNtCsgowgEPBvTvH_11things_core6backupNtB2_13BackupManager13create_backup
FNDA:1,_RNvMNtCsgowgEPBvTvH_11things_core6backupNtB2_13BackupManager13delete_backup
FNDA:1,_RNvMNtCsgowgEPBvTvH_11things_core6backupNtB2_13BackupManager13verify_backup
FNDA:1,_RNvMNtCsgowgEPBvTvH_11things_core6backupNtB2_13BackupManager14restore_backup
FNDA:2,_RNvMNtCsgowgEPBvTvH_11things_core6backupNtB2_13BackupManager16get_backup_stats
FNDA:2,_RNvMNtCsgowgEPBvTvH_11things_core6backupNtB2_13BackupManager19cleanup_old_backups
FNDA:1,_RNvMNtCsgowgEPBvTvH_11things_core6backupNtB2_13BackupManager19get_backup_metadata
FNDA:13,_RNvMNtCsgowgEPBvTvH_11things_core6backupNtB2_13BackupManager3new
FNF:41
FNH:39
DA:28,51
DA:29,51
DA:30,51
DA:33,3
DA:34,3
DA:35,3
DA:36,3
DA:37,3
DA:38,3
DA:40,2
DA:41,0
DA:42,0
DA:43,0
DA:44,0
DA:45,2
DA:48,2
DA:51,2
DA:52,2
DA:53,2
DA:56,2
DA:59,2
DA:62,2
DA:63,2
DA:64,2
DA:65,2
DA:66,2
DA:67,2
DA:68,2
DA:72,2
DA:73,2
DA:74,2
DA:76,2
DA:77,3
DA:80,2
DA:81,2
DA:82,1
DA:83,1
DA:84,1
DA:85,1
DA:86,1
DA:88,1
DA:91,0
DA:92,0
DA:93,0
DA:96,0
DA:98,0
DA:99,2
DA:102,7
DA:103,7
DA:104,3
DA:105,4
DA:107,4
DA:109,4
DA:110,0
DA:111,0
DA:113,0
DA:114,0
DA:115,0
DA:116,0
DA:117,0
DA:118,0
DA:119,0
DA:120,0
DA:121,0
DA:125,4
DA:127,4
DA:128,7
DA:131,1
DA:132,1
DA:133,1
DA:134,1
DA:135,1
DA:136,1
DA:137,1
DA:138,0
DA:140,0
DA:141,0
DA:142,0
DA:143,1
DA:146,1
DA:147,1
DA:148,0
DA:149,1
DA:151,1
DA:152,1
DA:153,0
DA:154,1
DA:156,1
DA:157,1
DA:160,2
DA:161,2
DA:163,2
DA:164,2
DA:165,0
DA:167,0
DA:168,0
DA:170,0
DA:171,0
DA:172,0
DA:173,0
DA:174,0
DA:175,0
DA:178,0
DA:179,2
DA:182,1
DA:183,1
DA:184,1
DA:185,0
DA:188,0
DA:189,0
DA:190,0
DA:192,1
DA:195,2
DA:196,2
DA:198,2
DA:199,2
DA:200,2
DA:201,2
DA:203,2
DA:204,2
DA:205,2
DA:206,2
DA:207,2
DA:208,2
DA:209,2
DA:227,1
DA:228,1
DA:229,1
DA:230,1
DA:232,1
DA:233,1
DA:234,1
DA:235,1
DA:236,1
DA:237,1
DA:238,1
DA:239,1
DA:241,1
DA:242,1
DA:243,1
DA:244,1
DA:245,1
DA:246,1
DA:249,1
DA:250,1
DA:251,1
DA:252,1
DA:253,1
DA:254,1
DA:255,1
DA:256,1
DA:257,1
DA:258,1
DA:261,1
DA:262,1
DA:263,1
DA:264,1
DA:265,1
DA:266,1
DA:267,1
DA:270,1
DA:271,1
DA:272,1
DA:273,1
DA:274,1
DA:275,1
DA:276,1
DA:279,1
DA:280,1
DA:281,1
DA:284,1
DA:287,1
DA:288,1
DA:289,1
DA:290,1
DA:291,1
DA:292,1
DA:293,1
DA:294,1
DA:296,1
DA:297,1
DA:298,1
DA:299,1
DA:300,1
DA:303,1
DA:304,1
DA:305,1
DA:306,1
DA:307,1
DA:308,1
DA:309,1
DA:310,1
DA:313,1
DA:314,1
DA:315,1
DA:316,1
DA:317,1
DA:320,1
DA:321,1
DA:322,1
DA:323,1
DA:326,1
DA:327,1
DA:328,1
DA:329,1
DA:330,1
DA:331,1
DA:332,1
DA:334,1
DA:335,1
DA:336,1
DA:337,1
DA:338,1
DA:341,1
DA:342,1
DA:343,1
DA:344,1
DA:345,1
DA:346,1
DA:347,1
DA:348,1
DA:349,1
DA:351,1
DA:352,1
DA:353,1
DA:354,1
DA:355,1
DA:358,1
DA:359,1
DA:360,1
DA:361,1
DA:362,1
DA:363,1
DA:364,1
DA:366,1
DA:367,1
DA:368,1
DA:369,1
DA:370,1
DA:373,1
DA:374,1
DA:375,1
DA:376,1
DA:377,1
DA:378,1
DA:379,1
DA:380,1
DA:381,1
DA:383,1
DA:384,1
DA:385,1
DA:386,1
DA:387,1
DA:388,1
DA:389,1
DA:392,1
DA:393,1
DA:394,1
DA:395,1
DA:396,1
DA:397,1
DA:398,1
DA:400,1
DA:401,1
DA:402,1
DA:403,1
DA:404,1
DA:405,1
DA:408,1
DA:409,1
DA:410,1
DA:411,1
DA:414,1
DA:415,1
DA:416,1
DA:419,1
DA:420,1
DA:421,1
DA:422,1
DA:423,1
DA:424,1
DA:425,1
DA:426,1
DA:427,1
DA:428,1
DA:429,1
DA:430,1
DA:431,1
DA:434,1
DA:435,1
DA:436,1
DA:437,1
DA:440,1
DA:441,1
DA:442,1
DA:445,1
DA:446,1
DA:447,1
DA:448,1
DA:449,1
DA:450,1
DA:451,1
DA:452,1
DA:453,1
DA:454,1
DA:455,1
DA:456,1
DA:457,1
DA:460,1
DA:461,1
DA:462,1
DA:463,1
DA:465,1
DA:466,1
DA:467,1
DA:470,1
DA:471,1
DA:472,1
DA:474,1
DA:475,1
DA:476,1
DA:477,1
DA:478,1
DA:481,1
DA:482,1
DA:483,1
DA:485,1
DA:486,1
DA:487,1
DA:488,1
DA:489,1
DA:492,1
DA:493,1
DA:494,1
DA:496,1
DA:497,1
DA:498,1
DA:499,1
DA:502,1
DA:503,1
DA:504,1
DA:507,1
DA:508,1
DA:509,1
DA:512,1
DA:513,1
DA:514,1
DA:515,1
DA:517,1
DA:518,1
DA:519,1
DA:520,1
DA:521,1
DA:524,1
DA:525,1
DA:526,1
DA:528,1
DA:529,1
DA:530,1
DA:531,1
DA:532,1
DA:535,1
DA:536,1
DA:537,1
DA:538,1
DA:540,1
DA:541,1
DA:542,1
DA:543,1
DA:544,1
DA:545,1
DA:548,1
DA:549,1
DA:550,1
DA:552,1
DA:553,1
DA:554,1
DA:555,1
DA:556,1
DA:557,1
DA:558,1
DA:559,1
DA:562,1
DA:563,1
DA:564,1
DA:566,1
DA:567,1
DA:568,1
DA:569,1
DA:570,1
DA:571,1
DA:572,1
DA:575,1
DA:576,1
DA:577,1
DA:578,1
DA:579,1
DA:580,1
DA:581,1
DA:582,1
DA:583,1
DA:584,1
DA:586,1
DA:589,1
DA:590,1
DA:593,1
DA:594,1
DA:595,1
DA:598,1
DA:599,1
DA:600,1
DA:602,1
DA:603,1
DA:604,1
DA:605,1
DA:606,1
DA:607,1
DA:608,1
DA:609,1
DA:612,1
DA:613,1
DA:614,1
DA:615,1
DA:616,1
DA:618,1
DA:619,1
DA:620,1
DA:622,1
BRF:0
BRH:0
LF:451
LH:401
end_of_record
SF:/Users/garthdb/Projects/rust-things/libs/things-core/src/cache.rs
FN:155,_RINvMs1_NtCs5gv2PErl1cl_11things_core5cacheNtB6_11ThingsCache12get_projectsppEB8_
FN:195,_RINvMs1_NtCs5gv2PErl1cl_11things_core5cacheNtB6_11ThingsCache18get_search_resultsppEB8_
FN:175,_RINvMs1_NtCs5gv2PErl1cl_11things_core5cacheNtB6_11ThingsCache9get_areasppEB8_
FN:135,_RINvMs1_NtCs5gv2PErl1cl_11things_core5cacheNtB6_11ThingsCache9get_tasksppEB8_
FN:159,_RNCINvMs1_NtCs5gv2PErl1cl_11things_core5cacheNtB8_11ThingsCache12get_projectsppE0Ba_
FN:199,_RNCINvMs1_NtCs5gv2PErl1cl_11things_core5cacheNtB8_11ThingsCache18get_search_resultsppE0Ba_
[...]
FN:167,_RNvNtNtCsgowgEPBvTvH_11things_core5query5testss_33test_task_query_builder_area_uuid
FN:150,_RNvNtNtCsgowgEPBvTvH_11things_core5query5testss_33test_task_query_builder_task_type
FN:158,_RNvNtNtCsgowgEPBvTvH_11things_core5query5testss_36test_task_query_builder_project_uuid
FN:196,_RNvNtNtCsgowgEPBvTvH_11things_core5query5testss_38test_task_query_builder_deadline_range
FN:185,_RNvNtNtCsgowgEPBvTvH_11things_core5query5testss_40test_task_query_builder_start_date_range
FNDA:2,_RNvMNtCsgowgEPBvTvH_11things_core5queryNtB2_16TaskQueryBuilder12project_uuid
FNDA:1,_RNvMNtCsgowgEPBvTvH_11things_core5queryNtB2_16TaskQueryBuilder14deadline_range
FNDA:2,_RNvMNtCsgowgEPBvTvH_11things_core5queryNtB2_16TaskQueryBuilder16start_date_range
FNDA:13,_RNvMNtCsgowgEPBvTvH_11things_core5queryNtB2_16TaskQueryBuilder3new
FNDA:2,_RNvMNtCsgowgEPBvTvH_11things_core5queryNtB2_16TaskQueryBuilder4tags
FNDA:13,_RNvMNtCsgowgEPBvTvH_11things_core5queryNtB2_16TaskQueryBuilder5build
FNDA:2,_RNvMNtCsgowgEPBvTvH_11things_core5queryNtB2_16TaskQueryBuilder5limit
FNDA:2,_RNvMNtCsgowgEPBvTvH_11things_core5queryNtB2_16TaskQueryBuilder6offset
FNDA:2,_RNvMNtCsgowgEPBvTvH_11things_core5queryNtB2_16TaskQueryBuilder6search
FNDA:2,_RNvMNtCsgowgEPBvTvH_11things_core5queryNtB2_16TaskQueryBuilder6status
FNDA:1,_RNvMNtCsgowgEPBvTvH_11things_core5queryNtB2_16TaskQueryBuilder9area_uuid
FNDA:2,_RNvMNtCsgowgEPBvTvH_11things_core5queryNtB2_16TaskQueryBuilder9task_type
FNDA:1,_RNvXs_NtCsgowgEPBvTvH_11things_core5queryNtB4_16TaskQueryBuilderNtNtCsaNl6UpbT7bw_4core7default7Default7default
FNDA:1,_RNvNtNtCsgowgEPBvTvH_11things_core5query5testss_27test_task_query_builder_new
FNDA:1,_RNvNtNtCsgowgEPBvTvH_11things_core5query5testss_28test_task_query_builder_tags
FNDA:1,_RNvNtNtCsgowgEPBvTvH_11things_core5query5testss_29test_task_query_builder_limit
FNDA:1,_RNvNtNtCsgowgEPBvTvH_11things_core5query5testss_30test_task_query_builder_offset
FNDA:1,_RNvNtNtCsgowgEPBvTvH_11things_core5query5testss_30test_task_query_builder_search
FNDA:1,_RNvNtNtCsgowgEPBvTvH_11things_core5query5testss_30test_task_query_builder_status
FNDA:1,_RNvNtNtCsgowgEPBvTvH_11things_core5query5testss_31test_task_query_builder_default
FNDA:1,_RNvNtNtCsgowgEPBvTvH_11things_core5query5testss_32test_task_query_builder_chaining
FNDA:1,_RNvNtNtCsgowgEPBvTvH_11things_core5query5testss_33test_task_query_builder_area_uuid
FNDA:1,_RNvNtNtCsgowgEPBvTvH_11things_core5query5testss_33test_task_query_builder_task_type
FNDA:1,_RNvNtNtCsgowgEPBvTvH_11things_core5query5testss_36test_task_query_builder_project_uuid
FNDA:1,_RNvNtNtCsgowgEPBvTvH_11things_core5query5testss_38test_task_query_builder_deadline_range
FNDA:1,_RNvNtNtCsgowgEPBvTvH_11things_core5query5testss_40test_task_query_builder_start_date_range
FNF:26
FNH:26
DA:16,13
DA:17,13
DA:18,13
DA:19,13
DA:20,13
DA:24,2
DA:25,2
DA:26,2
DA:27,2
DA:31,2
DA:32,2
DA:33,2
DA:34,2
DA:38,2
DA:39,2
DA:40,2
DA:41,2
DA:45,1
DA:46,1
DA:47,1
DA:48,1
DA:52,2
DA:53,2
DA:54,2
DA:55,2
DA:59,2
DA:60,2
DA:61,2
DA:62,2
DA:63,2
DA:67,1
DA:68,1
DA:69,1
DA:70,1
DA:71,1
DA:75,2
DA:76,2
DA:77,2
DA:78,2
DA:82,2
DA:83,2
DA:84,2
DA:85,2
DA:89,2
DA:90,2
DA:91,2
DA:92,2
DA:96,13
DA:97,13
DA:98,13
DA:102,1
DA:103,1
DA:104,1
DA:114,1
DA:115,1
DA:116,1
DA:118,1
DA:119,1
DA:120,1
DA:121,1
DA:122,1
DA:123,1
DA:124,1
DA:125,1
DA:126,1
DA:127,1
DA:128,1
DA:129,1
DA:130,1
DA:133,1
DA:134,1
DA:135,1
DA:137,1
DA:138,1
DA:139,1
DA:142,1
DA:143,1
DA:144,1
DA:146,1
DA:147,1
DA:150,1
DA:151,1
DA:152,1
DA:154,1
DA:155,1
DA:158,1
DA:159,1
DA:160,1
DA:161,1
DA:163,1
DA:164,1
DA:167,1
DA:168,1
DA:169,1
DA:170,1
DA:172,1
DA:173,1
DA:176,1
DA:177,1
DA:178,1
DA:179,1
DA:181,1
DA:182,1
DA:185,1
DA:186,1
DA:187,1
DA:188,1
DA:189,1
DA:191,1
DA:192,1
DA:193,1
DA:196,1
DA:197,1
DA:198,1
DA:199,1
DA:200,1
DA:202,1
DA:203,1
DA:204,1
DA:207,1
DA:208,1
DA:209,1
DA:210,1
DA:212,1
DA:213,1
DA:216,1
DA:217,1
DA:218,1
DA:220,1
DA:221,1
DA:224,1
DA:225,1
DA:226,1
DA:228,1
DA:229,1
DA:232,1
DA:233,1
DA:234,1
DA:235,1
DA:236,1
DA:238,1
DA:239,1
DA:240,1
DA:241,1
DA:242,1
DA:243,1
DA:244,1
DA:245,1
DA:246,1
DA:248,1
DA:250,1
DA:251,1
DA:252,1
DA:253,1
DA:254,1
DA:255,1
DA:256,1
DA:257,1
DA:258,1
DA:259,1
BRF:0
BRH:0
LF:160
LH:160
end_of_record
SF:/Users/garthdb/Projects/rust-things/libs/things-core/src/test_utils.rs
FN:13,_RINvNtCs5gv2PErl1cl_11things_core10test_utils20create_test_databaseRNtNtCsht3nMU9UgFu_3std4path4PathECsjC5STkO5s35_8ci_tests
FN:13,_RINvNtCs5gv2PErl1cl_11things_core10test_utils20create_test_databasepEB4_
FN:274,_RNCNvNtCs5gv2PErl1cl_11things_core10test_utils16insert_mock_data0B5_
FN:279,_RNCNvNtCs5gv2PErl1cl_11things_core10test_utils16insert_mock_datas_0B5_
FN:100,_RNvNtCs5gv2PErl1cl_11things_core10test_utils16insert_mock_data
FN:407,_RNvNtCs5gv2PErl1cl_11things_core10test_utils17create_mock_areas
FN:336,_RNvNtCs5gv2PErl1cl_11things_core10test_utils17create_mock_tasks
FN:382,_RNvNtCs5gv2PErl1cl_11things_core10test_utils20create_mock_projects
FN:13,_RINvNtCs5gv2PErl1cl_11things_core10test_utils20create_test_databaseRNtNtCsht3nMU9UgFu_3std4path4PathECs8fl7cGAHUQL_14database_tests
FN:13,_RINvNtCs5gv2PErl1cl_11things_core10test_utils20create_test_databaseRNtNtCsht3nMU9UgFu_3std4path7PathBufECs8fl7cGAHUQL_14database_tests
FN:13,_RINvNtCs5gv2PErl1cl_11things_core10test_utils20create_test_databaseRNtNtCsht3nMU9UgFu_3std4path4PathECs9fpwJH2o9XW_17integration_tests
FN:13,_RINvNtCs5gv2PErl1cl_11things_core10test_utils20create_test_databaseRNtNtCsht3nMU9UgFu_3std4path7PathBufECsNtjMDWdEDx_10things_cli
FN:451,_RNvNtNtCsgowgEPBvTvH_11things_core10test_utils5testss_23test_mock_data_creation
FN:438,_RNvNtNtCsgowgEPBvTvH_11things_core10test_utils5testss_25test_create_test_database
FN:522,_RNvNtNtCsgowgEPBvTvH_11things_core10test_utils5testss_25test_mock_areas_structure
FN:541,_RNvNtNtCsgowgEPBvTvH_11things_core10test_utils5testss_25test_mock_data_timestamps
FN:474,_RNvNtNtCsgowgEPBvTvH_11things_core10test_utils5testss_25test_mock_tasks_structure
FN:566,_RNvNtNtCsgowgEPBvTvH_11things_core10test_utils5testss_27test_mock_data_uuid_parsing
FN:507,_RNvNtNtCsgowgEPBvTvH_11things_core10test_utils5testss_28test_mock_projects_structure
FN:466,_RNvNtNtCsgowgEPBvTvH_11things_core10test_utils5testss_40test_create_test_database_error_handling
FN:13,_RINvNtCsgowgEPBvTvH_11things_core10test_utils20create_test_databaseRNtNtCsht3nMU9UgFu_3std4path4PathEB4_
FN:13,_RINvNtCsgowgEPBvTvH_11things_core10test_utils20create_test_databaseReEB4_
FN:274,_RNCNvNtCsgowgEPBvTvH_11things_core10test_utils16insert_mock_data0B5_
FN:279,_RNCNvNtCsgowgEPBvTvH_11things_core10test_utils16insert_mock_datas_0B5_
FN:446,_RNCNvNtNtCsgowgEPBvTvH_11things_core10test_utils5testss_25test_create_test_database0B7_
FN:100,_RNvNtCsgowgEPBvTvH_11things_core10test_utils16insert_mock_data
FN:407,_RNvNtCsgowgEPBvTvH_11things_core10test_utils17create_mock_areas
FN:336,_RNvNtCsgowgEPBvTvH_11things_core10test_utils17create_mock_tasks
FN:382,_RNvNtCsgowgEPBvTvH_11things_core10test_utils20create_mock_projects
FNDA:1,_RINvNtCs5gv2PErl1cl_11things_core10test_utils20create_test_databaseRNtNtCsht3nMU9UgFu_3std4path4PathECsjC5STkO5s35_8ci_tests
FNDA:0,_RINvNtCs5gv2PErl1cl_11things_core10test_utils20create_test_databasepEB4_
FNDA:100,_RNCNvNtCs5gv2PErl1cl_11things_core10test_utils16insert_mock_data0B5_
FNDA:60,_RNCNvNtCs5gv2PErl1cl_11things_core10test_utils16insert_mock_datas_0B5_
FNDA:20,_RNvNtCs5gv2PErl1cl_11things_core10test_utils16insert_mock_data
FNDA:3,_RNvNtCs5gv2PErl1cl_11things_core10test_utils17create_mock_areas
FNDA:4,_RNvNtCs5gv2PErl1cl_11things_core10test_utils17create_mock_tasks
FNDA:3,_RNvNtCs5gv2PErl1cl_11things_core10test_utils20create_mock_projects
FNDA:3,_RINvNtCs5gv2PErl1cl_11things_core10test_utils20create_test_databaseRNtNtCsht3nMU9UgFu_3std4path4PathECs8fl7cGAHUQL_14database_tests
FNDA:14,_RINvNtCs5gv2PErl1cl_11things_core10test_utils20create_test_databaseRNtNtCsht3nMU9UgFu_3std4path7PathBufECs8fl7cGAHUQL_14database_tests
FNDA:1,_RINvNtCs5gv2PErl1cl_11things_core10test_utils20create_test_databaseRNtNtCsht3nMU9UgFu_3std4path4PathECs9fpwJH2o9XW_17integration_tests
FNDA:1,_RINvNtCs5gv2PErl1cl_11things_core10test_utils20create_test_databaseRNtNtCsht3nMU9UgFu_3std4path7PathBufECsNtjMDWdEDx_10things_cli
FNDA:1,_RNvNtNtCsgowgEPBvTvH_11things_core10test_utils5testss_23test_mock_data_creation
FNDA:1,_RNvNtNtCsgowgEPBvTvH_11things_core10test_utils5testss_25test_create_test_database
FNDA:1,_RNvNtNtCsgowgEPBvTvH_11things_core10test_utils5testss_25test_mock_areas_structure
FNDA:1,_RNvNtNtCsgowgEPBvTvH_11things_core10test_utils5testss_25test_mock_data_timestamps
FNDA:1,_RNvNtNtCsgowgEPBvTvH_11things_core10test_utils5testss_25test_mock_tasks_structure
FNDA:1,_RNvNtNtCsgowgEPBvTvH_11things_core10test_utils5testss_27test_mock_data_uuid_parsing
FNDA:1,_RNvNtNtCsgowgEPBvTvH_11things_core10test_utils5testss_28test_mock_projects_structure
FNDA:1,_RNvNtNtCsgowgEPBvTvH_11things_core10test_utils5testss_40test_create_test_database_error_handling
FNDA:1,_RINvNtCsgowgEPBvTvH_11things_core10test_utils20create_test_databaseRNtNtCsht3nMU9UgFu_3std4path4PathEB4_
FNDA:1,_RINvNtCsgowgEPBvTvH_11things_core10test_utils20create_test_databaseReEB4_
FNDA:5,_RNCNvNtCsgowgEPBvTvH_11things_core10test_utils16insert_mock_data0B5_
FNDA:3,_RNCNvNtCsgowgEPBvTvH_11things_core10test_utils16insert_mock_datas_0B5_
FNDA:1,_RNCNvNtNtCsgowgEPBvTvH_11things_core10test_utils5testss_25test_create_test_database0B7_
FNDA:1,_RNvNtCsgowgEPBvTvH_11things_core10test_utils16insert_mock_data
FNDA:11,_RNvNtCsgowgEPBvTvH_11things_core10test_utils17create_mock_areas
FNDA:14,_RNvNtCsgowgEPBvTvH_11things_core10test_utils17create_mock_tasks
FNDA:11,_RNvNtCsgowgEPBvTvH_11things_core10test_utils20create_mock_projects
FNF:16
FNH:16
DA:13,22
DA:14,22
DA:17,21
DA:18,21
DA:19,21
DA:20,21
DA:21,21
DA:22,21
DA:23,21
DA:24,21
DA:25,21
DA:26,21
DA:27,21
DA:28,21
DA:29,21
DA:30,21
DA:31,21
DA:32,21
DA:33,21
DA:34,21
DA:35,21
DA:36,21
DA:37,21
DA:38,21
DA:39,21
DA:40,21
DA:41,21
DA:42,21
DA:43,21
DA:44,21
DA:45,21
DA:46,21
DA:47,21
DA:48,21
DA:49,21
DA:50,21
DA:51,21
DA:52,21
DA:53,21
DA:54,21
DA:55,21
DA:56,21
DA:57,21
DA:58,21
DA:59,21
DA:60,21
DA:61,21
DA:62,21
DA:63,21
DA:64,21
DA:65,21
DA:66,21
DA:67,21
DA:68,21
DA:69,21
DA:70,21
DA:71,21
DA:72,21
DA:73,21
DA:74,21
DA:75,21
DA:76,21
DA:77,21
DA:78,21
DA:79,21
DA:80,21
DA:81,21
DA:82,21
DA:83,21
DA:84,21
DA:85,21
DA:86,21
DA:87,21
DA:88,21
DA:89,21
DA:90,0
DA:93,21
DA:95,21
DA:96,22
DA:100,21
DA:101,21
DA:102,21
DA:103,21
DA:104,21
DA:107,21
DA:108,21
DA:109,21
DA:110,21
DA:111,21
DA:112,21
DA:113,21
DA:114,21
DA:115,21
DA:116,21
DA:117,21
DA:118,21
DA:119,21
DA:120,21
DA:121,21
DA:122,21
DA:125,84
DA:126,63
DA:127,63
DA:128,63
DA:129,63
DA:130,63
DA:131,63
DA:132,0
DA:136,21
DA:137,21
DA:138,21
DA:139,21
DA:140,21
DA:141,21
DA:144,126
DA:145,105
DA:146,105
DA:147,105
DA:148,0
DA:152,21
DA:154,21
DA:155,21
DA:156,21
DA:157,21
DA:158,21
DA:159,21
DA:160,21
DA:161,21
DA:162,21
DA:163,21
DA:164,21
DA:165,21
DA:166,21
DA:167,21
DA:168,21
DA:169,21
DA:170,21
DA:171,21
DA:172,21
DA:173,21
DA:174,21
DA:175,21
DA:176,21
DA:177,21
DA:178,21
DA:179,21
DA:180,21
DA:181,21
DA:182,21
DA:183,21
DA:184,21
DA:185,21
DA:186,21
DA:187,21
DA:188,21
DA:189,21
DA:191,21
DA:192,21
DA:193,21
DA:194,21
DA:195,21
DA:196,21
DA:197,21
DA:198,21
DA:199,21
DA:200,21
DA:201,21
DA:202,21
DA:203,21
DA:204,21
DA:205,21
DA:206,21
DA:207,21
DA:208,21
DA:209,21
DA:210,21
DA:211,21
DA:212,21
DA:213,21
DA:214,21
DA:216,21
DA:217,21
DA:218,21
DA:219,21
DA:220,21
DA:221,21
DA:222,21
DA:223,21
DA:224,21
DA:225,21
DA:226,21
DA:227,21
DA:228,21
DA:229,21
DA:230,21
DA:231,21
DA:232,21
DA:233,21
DA:234,21
DA:235,21
DA:236,21
DA:237,21
DA:238,21
DA:239,21
DA:241,21
DA:242,21
DA:243,21
DA:244,21
DA:245,21
DA:246,21
DA:247,21
DA:248,21
DA:249,21
DA:250,21
DA:251,21
DA:252,21
DA:256,168
DA:257,168
DA:258,168
DA:259,168
DA:260,168
DA:261,168
DA:262,168
DA:263,168
DA:264,168
DA:265,168
DA:266,189
DA:268,168
DA:269,168
DA:271,168
DA:272,168
DA:273,168
DA:274,168
DA:276,105
DA:277,105
DA:278,105
DA:279,168
DA:281,63
DA:282,63
DA:283,63
DA:286,168
DA:290,168
DA:292,168
DA:293,168
DA:294,147
DA:295,147
DA:296,147
DA:298,168
DA:299,168
DA:300,126
DA:301,126
DA:302,126
DA:304,168
DA:305,168
DA:306,168
DA:309,0
DA:313,21
DA:314,21
DA:315,21
DA:316,21
DA:317,21
DA:318,21
DA:321,126
DA:322,105
DA:323,105
DA:324,105
DA:325,0
DA:328,21
DA:329,21
DA:336,18
DA:337,18
DA:338,18
DA:339,18
DA:341,18
DA:342,18
DA:343,18
DA:344,18
DA:345,18
DA:346,18
DA:347,18
DA:348,18
DA:349,18
DA:350,18
DA:351,18
DA:352,18
DA:353,18
DA:354,18
DA:355,18
DA:356,18
DA:357,18
DA:358,18
DA:359,18
DA:360,18
DA:361,18
DA:362,18
DA:363,18
DA:364,18
DA:365,18
DA:366,18
DA:367,18
DA:368,18
DA:369,18
DA:370,18
DA:371,18
DA:372,18
DA:373,18
DA:375,18
DA:382,14
DA:383,14
DA:384,14
DA:385,14
DA:387,14
DA:388,14
DA:389,14
DA:390,14
DA:391,14
DA:392,14
DA:393,14
DA:394,14
DA:395,14
DA:396,14
DA:397,14
DA:398,14
DA:399,14
DA:400,14
DA:407,14
DA:408,14
DA:410,14
DA:411,14
DA:412,14
DA:413,14
DA:414,14
DA:415,14
DA:416,14
DA:417,14
DA:418,14
DA:419,14
DA:420,14
DA:421,14
DA:422,14
DA:423,14
DA:424,14
DA:425,14
DA:426,14
DA:427,14
DA:428,14
DA:430,14
DA:438,1
DA:439,1
DA:440,1
DA:442,1
DA:445,1
DA:446,1
DA:447,1
DA:448,1
DA:451,1
DA:452,1
DA:453,1
DA:454,1
DA:456,1
DA:457,1
DA:458,1
DA:460,1
DA:461,1
DA:462,1
DA:463,1
DA:466,1
DA:468,1
DA:469,1
DA:470,1
DA:471,1
DA:474,1
DA:475,1
DA:478,1
DA:479,1
DA:480,1
DA:481,1
DA:482,1
DA:483,1
DA:484,1
DA:485,1
DA:486,1
DA:487,1
DA:488,1
DA:489,1
DA:492,1
DA:493,1
DA:494,1
DA:495,1
DA:496,1
DA:497,1
DA:498,1
DA:499,1
DA:500,1
DA:501,1
DA:502,1
DA:503,1
DA:504,1
DA:507,1
DA:508,1
DA:509,1
DA:511,1
DA:512,1
DA:513,1
DA:514,1
DA:515,1
DA:516,1
DA:517,1
DA:518,1
DA:519,1
DA:522,1
DA:523,1
DA:526,1
DA:527,1
DA:528,1
DA:529,1
DA:530,1
DA:533,1
DA:534,1
DA:535,1
DA:536,1
DA:537,1
DA:538,1
DA:541,1
DA:542,1
DA:543,1
DA:544,1
DA:546,1
DA:549,3
DA:550,2
DA:551,2
DA:554,2
DA:555,1
DA:556,1
DA:559,3
DA:560,2
DA:561,2
DA:563,1
DA:566,1
DA:567,1
DA:568,1
DA:569,1
DA:572,3
DA:573,2
DA:576,2
DA:577,1
DA:578,1
DA:579,1
DA:580,0
DA:583,3
DA:584,2
DA:586,1
BRF:0
BRH:0
LF:455
LH:449
end_of_record
SF:/Users/garthdb/Projects/rust-things/tools/xtask/src/main.rs
FN:272,_RNvNtCs2nDjnESWUQb_5xtask5testss_16test_cli_parsing
FN:329,_RNvNtCs2nDjnESWUQb_5xtask5testss_20test_things_commands
FN:401,_RNvNtCs2nDjnESWUQb_5xtask5testss_21test_analyze_function
FN:305,_RNvNtCs2nDjnESWUQb_5xtask5testss_23test_local_dev_commands
FN:407,_RNvNtCs2nDjnESWUQb_5xtask5testss_23test_perf_test_function
FN:295,_RNvNtCs2nDjnESWUQb_5xtask5testss_26test_generate_code_command
FN:359,_RNvNtCs2nDjnESWUQb_5xtask5testss_27test_generate_code_function
FN:285,_RNvNtCs2nDjnESWUQb_5xtask5testss_27test_generate_tests_command
FN:389,_RNvNtCs2nDjnESWUQb_5xtask5testss_27test_things_backup_function
FN:353,_RNvNtCs2nDjnESWUQb_5xtask5testss_28test_generate_tests_function
FN:377,_RNvNtCs2nDjnESWUQb_5xtask5testss_29test_local_dev_clean_function
FN:365,_RNvNtCs2nDjnESWUQb_5xtask5testss_29test_local_dev_setup_function
FN:413,_RNvNtCs2nDjnESWUQb_5xtask5testss_29test_setup_git_hooks_function
FN:383,_RNvNtCs2nDjnESWUQb_5xtask5testss_29test_things_validate_function
FN:371,_RNvNtCs2nDjnESWUQb_5xtask5testss_30test_local_dev_health_function
FN:395,_RNvNtCs2nDjnESWUQb_5xtask5testss_32test_things_db_location_function
FN:120,_RNvCs2nDjnESWUQb_5xtask13generate_code
FN:148,_RNvCs2nDjnESWUQb_5xtask13things_backup
FN:114,_RNvCs2nDjnESWUQb_5xtask14generate_tests
FN:138,_RNvCs2nDjnESWUQb_5xtask15local_dev_clean
FN:126,_RNvCs2nDjnESWUQb_5xtask15local_dev_setup
FN:171,_RNvCs2nDjnESWUQb_5xtask15setup_git_hooks
FN:143,_RNvCs2nDjnESWUQb_5xtask15things_validate
FN:133,_RNvCs2nDjnESWUQb_5xtask16local_dev_health
FN:153,_RNvCs2nDjnESWUQb_5xtask18things_db_location
FN:161,_RNvCs2nDjnESWUQb_5xtask7analyze
FN:166,_RNvCs2nDjnESWUQb_5xtask9perf_test
FN:68,_RNvCs2nDjnESWUQb_5xtask4main
FN:154,_RNCNvCs2nDjnESWUQb_5xtask18things_db_location0B3_
FNDA:1,_RNvNtCs2nDjnESWUQb_5xtask5testss_16test_cli_parsing
FNDA:1,_RNvNtCs2nDjnESWUQb_5xtask5testss_20test_things_commands
FNDA:1,_RNvNtCs2nDjnESWUQb_5xtask5testss_21test_analyze_function
FNDA:1,_RNvNtCs2nDjnESWUQb_5xtask5testss_23test_local_dev_commands
FNDA:1,_RNvNtCs2nDjnESWUQb_5xtask5testss_23test_perf_test_function
FNDA:1,_RNvNtCs2nDjnESWUQb_5xtask5testss_26test_generate_code_command
FNDA:1,_RNvNtCs2nDjnESWUQb_5xtask5testss_27test_generate_code_function
FNDA:1,_RNvNtCs2nDjnESWUQb_5xtask5testss_27test_generate_tests_command
FNDA:1,_RNvNtCs2nDjnESWUQb_5xtask5testss_27test_things_backup_function
FNDA:1,_RNvNtCs2nDjnESWUQb_5xtask5testss_28test_generate_tests_function
FNDA:1,_RNvNtCs2nDjnESWUQb_5xtask5testss_29test_local_dev_clean_function
FNDA:1,_RNvNtCs2nDjnESWUQb_5xtask5testss_29test_local_dev_setup_function
FNDA:1,_RNvNtCs2nDjnESWUQb_5xtask5testss_29test_setup_git_hooks_function
FNDA:1,_RNvNtCs2nDjnESWUQb_5xtask5testss_29test_things_validate_function
FNDA:1,_RNvNtCs2nDjnESWUQb_5xtask5testss_30test_local_dev_health_function
FNDA:1,_RNvNtCs2nDjnESWUQb_5xtask5testss_32test_things_db_location_function
FNDA:1,_RNvCs2nDjnESWUQb_5xtask13generate_code
FNDA:1,_RNvCs2nDjnESWUQb_5xtask13things_backup
FNDA:1,_RNvCs2nDjnESWUQb_5xtask14generate_tests
FNDA:1,_RNvCs2nDjnESWUQb_5xtask15local_dev_clean
FNDA:1,_RNvCs2nDjnESWUQb_5xtask15local_dev_setup
FNDA:1,_RNvCs2nDjnESWUQb_5xtask15setup_git_hooks
FNDA:1,_RNvCs2nDjnESWUQb_5xtask15things_validate
FNDA:1,_RNvCs2nDjnESWUQb_5xtask16local_dev_health
FNDA:1,_RNvCs2nDjnESWUQb_5xtask18things_db_location
FNDA:1,_RNvCs2nDjnESWUQb_5xtask7analyze
FNDA:1,_RNvCs2nDjnESWUQb_5xtask9perf_test
FNDA:0,_RNvCs2nDjnESWUQb_5xtask4main
FNDA:0,_RNCNvCs2nDjnESWUQb_5xtask18things_db_location0B3_
FNF:29
FNH:27
DA:68,0
DA:69,0
DA:71,0
DA:72,0
DA:73,0
DA:74,0
DA:75,0
DA:76,0
DA:77,0
DA:78,0
DA:79,0
DA:80,0
DA:81,0
DA:82,0
DA:83,0
DA:84,0
DA:85,0
DA:86,0
DA:87,0
DA:89,0
DA:90,0
DA:91,0
DA:92,0
DA:93,0
DA:94,0
DA:95,0
DA:96,0
DA:97,0
DA:98,0
DA:100,0
DA:101,0
DA:102,0
DA:103,0
DA:104,0
DA:105,0
DA:107,0
DA:111,0
DA:112,0
DA:114,1
DA:115,1
DA:116,1
DA:117,1
DA:118,1
DA:120,1
DA:121,1
DA:122,1
DA:123,1
DA:124,1
DA:126,1
DA:127,1
DA:128,1
DA:129,1
DA:130,1
DA:131,1
DA:133,1
DA:134,1
DA:135,1
DA:136,1
DA:138,1
DA:139,1
DA:140,1
DA:141,1
DA:143,1
DA:144,1
DA:145,1
DA:146,1
DA:148,1
DA:149,1
DA:150,1
DA:151,1
DA:153,1
DA:154,1
DA:155,1
DA:156,1
DA:158,1
DA:159,1
DA:161,1
DA:162,1
DA:163,1
DA:164,1
DA:166,1
DA:167,1
DA:168,1
DA:169,1
DA:171,1
DA:172,1
DA:175,1
DA:176,1
DA:177,0
DA:178,1
DA:181,1
DA:182,1
DA:183,1
DA:184,1
DA:185,1
DA:186,1
DA:187,1
DA:188,1
DA:189,1
DA:190,1
DA:191,1
DA:192,1
DA:193,1
DA:194,1
DA:195,1
DA:196,1
DA:197,1
DA:198,1
DA:199,1
DA:200,1
DA:201,1
DA:202,1
DA:203,1
DA:204,1
DA:205,1
DA:206,1
DA:207,1
DA:208,1
DA:209,1
DA:210,1
DA:211,1
DA:213,1
DA:214,1
DA:217,1
DA:218,1
DA:219,1
DA:222,1
DA:223,1
DA:224,1
DA:225,1
DA:226,1
DA:227,1
DA:228,1
DA:229,1
DA:230,1
DA:231,1
DA:232,1
DA:233,1
DA:234,1
DA:235,1
DA:236,1
DA:237,1
DA:238,1
DA:239,1
DA:240,1
DA:241,1
DA:242,1
DA:243,1
DA:244,1
DA:246,1
DA:247,1
DA:250,1
DA:251,1
DA:252,1
DA:254,1
DA:255,1
DA:256,1
DA:257,1
DA:258,1
DA:259,1
DA:260,1
DA:261,1
DA:263,1
DA:264,1
DA:272,1
DA:274,1
DA:275,1
DA:277,1
DA:278,1
DA:280,1
DA:281,1
DA:282,1
DA:285,1
DA:286,1
DA:287,1
DA:288,1
DA:290,0
DA:292,1
DA:295,1
DA:296,1
DA:297,1
DA:298,1
DA:300,0
DA:302,1
DA:305,1
DA:306,1
DA:307,1
DA:308,1
DA:310,0
DA:313,1
DA:314,1
DA:315,1
DA:317,0
DA:320,1
DA:321,1
DA:322,1
DA:324,0
DA:326,1
DA:329,1
DA:330,1
DA:331,1
DA:332,1
DA:334,0
DA:337,1
DA:338,1
DA:339,1
DA:341,0
DA:344,1
DA:345,1
DA:346,1
DA:348,0
DA:350,1
DA:353,1
DA:355,1
DA:356,1
DA:359,1
DA:361,1
DA:362,1
DA:365,1
DA:367,1
DA:368,1
DA:371,1
DA:373,1
DA:374,1
DA:377,1
DA:379,1
DA:380,1
DA:383,1
DA:385,1
DA:386,1
DA:389,1
DA:391,1
DA:392,1
DA:395,1
DA:397,1
DA:398,1
DA:401,1
DA:403,1
DA:404,1
DA:407,1
DA:409,1
DA:410,1
DA:413,1
DA:415,1
DA:416,1
DA:419,1
DA:422,1
DA:425,1
DA:426,1
DA:429,1
DA:430,1
DA:433,1
DA:434,1
BRF:0
BRH:0
LF:254
LH:206
end_of_record