SF:/Users/garthdb/Projects/rust-things/apps/things-cli/src/main.rs
FN:97,_RNCNCNvCslPKhtpihyKE_10things_cli4main00B5_
FN:203,_RNCNvCslPKhtpihyKE_10things_cli16start_mcp_server0B3_
FN:67,_RNCNvCslPKhtpihyKE_10things_cli4main0B3_
FN:171,_RNvCslPKhtpihyKE_10things_cli11print_areas
FN:127,_RNvCslPKhtpihyKE_10things_cli11print_tasks
FN:190,_RNvCslPKhtpihyKE_10things_cli12health_check
FN:149,_RNvCslPKhtpihyKE_10things_cli14print_projects
FN:203,_RNvCslPKhtpihyKE_10things_cli16start_mcp_server
FN:67,_RNvCslPKhtpihyKE_10things_cli4main
FNDA:0,_RNCNCNvCslPKhtpihyKE_10things_cli4main00B5_
FNDA:0,_RNCNvCslPKhtpihyKE_10things_cli16start_mcp_server0B3_
FNDA:0,_RNCNvCslPKhtpihyKE_10things_cli4main0B3_
FNDA:0,_RNvCslPKhtpihyKE_10things_cli11print_areas
FNDA:0,_RNvCslPKhtpihyKE_10things_cli11print_tasks
FNDA:0,_RNvCslPKhtpihyKE_10things_cli12health_check
FNDA:0,_RNvCslPKhtpihyKE_10things_cli14print_projects
FNDA:0,_RNvCslPKhtpihyKE_10things_cli16start_mcp_server
FNDA:0,_RNvCslPKhtpihyKE_10things_cli4main
FNF:9
FNH:0
DA:67,0
DA:68,0
DA:71,0
DA:72,0
DA:73,0
DA:74,0
DA:75,0
DA:78,0
DA:79,0
DA:81,0
DA:85,0
DA:87,0
DA:88,0
DA:89,0
DA:90,0
DA:91,0
DA:92,0
DA:93,0
DA:94,0
DA:95,0
DA:96,0
DA:97,0
DA:98,0
DA:99,0
DA:100,0
DA:101,0
DA:102,0
DA:103,0
DA:104,0
DA:105,0
DA:106,0
DA:107,0
DA:108,0
DA:109,0
DA:110,0
DA:111,0
DA:112,0
DA:113,0
DA:114,0
DA:115,0
DA:116,0
DA:117,0
DA:118,0
DA:119,0
DA:120,0
DA:121,0
DA:122,0
DA:123,0
DA:124,0
DA:125,0
DA:127,0
DA:128,0
DA:129,0
DA:130,0
DA:131,0
DA:133,0
DA:134,0
DA:135,0
DA:136,0
DA:137,0
DA:138,0
DA:139,0
DA:140,0
DA:141,0
DA:142,0
DA:143,0
DA:144,0
DA:145,0
DA:147,0
DA:149,0
DA:150,0
DA:151,0
DA:152,0
DA:153,0
DA:155,0
DA:156,0
DA:157,0
DA:158,0
DA:159,0
DA:160,0
DA:161,0
DA:162,0
DA:163,0
DA:164,0
DA:165,0
DA:166,0
DA:167,0
DA:169,0
DA:171,0
DA:172,0
DA:173,0
DA:174,0
DA:175,0
DA:177,0
DA:178,0
DA:179,0
DA:180,0
DA:181,0
DA:182,0
DA:183,0
DA:184,0
DA:185,0
DA:186,0
DA:188,0
DA:190,0
DA:191,0
DA:194,0
DA:196,0
DA:197,0
DA:198,0
DA:200,0
DA:201,0
DA:203,0
DA:204,0
DA:205,0
DA:206,0
DA:211,0
BRF:0
BRH:0
LF:144
LH:0
end_of_record
SF:/Users/garthdb/Projects/rust-things/apps/things-cli/src/mcp.rs
FN:390,_RNCNCNvMNtCslPKhtpihyKE_10things_cli3mcpNtB6_15ThingsMcpServer16handle_get_inbox00B8_
FN:391,_RNCNCNvMNtCslPKhtpihyKE_10things_cli3mcpNtB6_15ThingsMcpServer16handle_get_inbox0s_0B8_
FN:403,_RNCNCNvMNtCslPKhtpihyKE_10things_cli3mcpNtB6_15ThingsMcpServer16handle_get_today00B8_
FN:404,_RNCNCNvMNtCslPKhtpihyKE_10things_cli3mcpNtB6_15ThingsMcpServer16handle_get_today0s_0B8_
FN:457,_RNCNCNvMNtCslPKhtpihyKE_10things_cli3mcpNtB6_15ThingsMcpServer18handle_create_task00B8_
FN:458,_RNCNCNvMNtCslPKhtpihyKE_10things_cli3mcpNtB6_15ThingsMcpServer18handle_create_task0s_0B8_
FN:527,_RNCNCNvMNtCslPKhtpihyKE_10things_cli3mcpNtB6_15ThingsMcpServer18handle_export_data00B8_
FN:531,_RNCNCNvMNtCslPKhtpihyKE_10things_cli3mcpNtB6_15ThingsMcpServer18handle_export_data0s0_0B8_
FN:532,_RNCNCNvMNtCslPKhtpihyKE_10things_cli3mcpNtB6_15ThingsMcpServer18handle_export_data0s1_0B8_
FN:528,_RNCNCNvMNtCslPKhtpihyKE_10things_cli3mcpNtB6_15ThingsMcpServer18handle_export_data0s_0B8_
FN:479,_RNCNCNvMNtCslPKhtpihyKE_10things_cli3mcpNtB6_15ThingsMcpServer18handle_update_task00B8_
FN:480,_RNCNCNvMNtCslPKhtpihyKE_10things_cli3mcpNtB6_15ThingsMcpServer18handle_update_task0s_0B8_
FN:416,_RNCNCNvMNtCslPKhtpihyKE_10things_cli3mcpNtB6_15ThingsMcpServer19handle_get_projects00B8_
FN:417,_RNCNCNvMNtCslPKhtpihyKE_10things_cli3mcpNtB6_15ThingsMcpServer19handle_get_projects0s_0B8_
FN:677,_RNCNCNvMNtCslPKhtpihyKE_10things_cli3mcpNtB6_15ThingsMcpServer19handle_list_backups00B8_
FN:678,_RNCNCNvMNtCslPKhtpihyKE_10things_cli3mcpNtB6_15ThingsMcpServer19handle_list_backups0s_0B8_
FN:438,_RNCNCNvMNtCslPKhtpihyKE_10things_cli3mcpNtB6_15ThingsMcpServer19handle_search_tasks00B8_
FN:442,_RNCNCNvMNtCslPKhtpihyKE_10things_cli3mcpNtB6_15ThingsMcpServer19handle_search_tasks0s0_0B8_
FN:443,_RNCNCNvMNtCslPKhtpihyKE_10things_cli3mcpNtB6_15ThingsMcpServer19handle_search_tasks0s1_0B8_
FN:439,_RNCNCNvMNtCslPKhtpihyKE_10things_cli3mcpNtB6_15ThingsMcpServer19handle_search_tasks0s_0B8_
FN:627,_RNCNCNvMNtCslPKhtpihyKE_10things_cli3mcpNtB6_15ThingsMcpServer22handle_backup_database00B8_
FN:629,_RNCNCNvMNtCslPKhtpihyKE_10things_cli3mcpNtB6_15ThingsMcpServer22handle_backup_database0s0_0B8_
FN:628,_RNCNCNvMNtCslPKhtpihyKE_10things_cli3mcpNtB6_15ThingsMcpServer22handle_backup_database0s_0B8_
FN:602,_RNCNCNvMNtCslPKhtpihyKE_10things_cli3mcpNtB6_15ThingsMcpServer23handle_get_recent_tasks00B8_
FN:604,_RNCNCNvMNtCslPKhtpihyKE_10things_cli3mcpNtB6_15ThingsMcpServer23handle_get_recent_tasks0s0_0B8_
FN:603,_RNCNCNvMNtCslPKhtpihyKE_10things_cli3mcpNtB6_15ThingsMcpServer23handle_get_recent_tasks0s_0B8_
FN:655,_RNCNCNvMNtCslPKhtpihyKE_10things_cli3mcpNtB6_15ThingsMcpServer23handle_restore_database00B8_
FN:656,_RNCNCNvMNtCslPKhtpihyKE_10things_cli3mcpNtB6_15ThingsMcpServer23handle_restore_database0s_0B8_
FN:582,_RNCNCNvMNtCslPKhtpihyKE_10things_cli3mcpNtB6_15ThingsMcpServer24handle_bulk_create_tasks00B8_
FN:583,_RNCNCNvMNtCslPKhtpihyKE_10things_cli3mcpNtB6_15ThingsMcpServer24handle_bulk_create_tasks0s_0B8_
FN:497,_RNCNCNvMNtCslPKhtpihyKE_10things_cli3mcpNtB6_15ThingsMcpServer31handle_get_productivity_metrics00B8_
FN:512,_RNCNCNvMNtCslPKhtpihyKE_10things_cli3mcpNtB6_15ThingsMcpServer31handle_get_productivity_metrics0s0_0B8_
FN:511,_RNCNCNvMNtCslPKhtpihyKE_10things_cli3mcpNtB6_15ThingsMcpServer31handle_get_productivity_metrics0s_0B8_
FN:72,_RNCNvMNtCslPKhtpihyKE_10things_cli3mcpNtB4_15ThingsMcpServer10list_tools0B6_
FN:426,_RNCNvMNtCslPKhtpihyKE_10things_cli3mcpNtB4_15ThingsMcpServer16handle_get_areas0B6_
FN:387,_RNCNvMNtCslPKhtpihyKE_10things_cli3mcpNtB4_15ThingsMcpServer16handle_get_inbox0B6_
FN:400,_RNCNvMNtCslPKhtpihyKE_10things_cli3mcpNtB4_15ThingsMcpServer16handle_get_today0B6_
FN:352,_RNCNvMNtCslPKhtpihyKE_10things_cli3mcpNtB4_15ThingsMcpServer16handle_tool_call0B6_
FN:452,_RNCNvMNtCslPKhtpihyKE_10things_cli3mcpNtB4_15ThingsMcpServer18handle_create_task0B6_
FN:524,_RNCNvMNtCslPKhtpihyKE_10things_cli3mcpNtB4_15ThingsMcpServer18handle_export_data0B6_
FN:474,_RNCNvMNtCslPKhtpihyKE_10things_cli3mcpNtB4_15ThingsMcpServer18handle_update_task0B6_
FN:84,_RNCNvMNtCslPKhtpihyKE_10things_cli3mcpNtB4_15ThingsMcpServer19get_available_tools0B6_
FN:413,_RNCNvMNtCslPKhtpihyKE_10things_cli3mcpNtB4_15ThingsMcpServer19handle_get_projects0B6_
FN:674,_RNCNvMNtCslPKhtpihyKE_10things_cli3mcpNtB4_15ThingsMcpServer19handle_list_backups0B6_
FN:435,_RNCNvMNtCslPKhtpihyKE_10things_cli3mcpNtB4_15ThingsMcpServer19handle_search_tasks0B6_
FN:624,_RNCNvMNtCslPKhtpihyKE_10things_cli3mcpNtB4_15ThingsMcpServer22handle_backup_database0B6_
FN:724,_RNCNvMNtCslPKhtpihyKE_10things_cli3mcpNtB4_15ThingsMcpServer22handle_get_cache_stats0B6_
FN:599,_RNCNvMNtCslPKhtpihyKE_10things_cli3mcpNtB4_15ThingsMcpServer23handle_get_recent_tasks0B6_
FN:652,_RNCNvMNtCslPKhtpihyKE_10things_cli3mcpNtB4_15ThingsMcpServer23handle_restore_database0B6_
FN:579,_RNCNvMNtCslPKhtpihyKE_10things_cli3mcpNtB4_15ThingsMcpServer24handle_bulk_create_tasks0B6_
FN:713,_RNCNvMNtCslPKhtpihyKE_10things_cli3mcpNtB4_15ThingsMcpServer25handle_get_system_metrics0B6_
FN:696,_RNCNvMNtCslPKhtpihyKE_10things_cli3mcpNtB4_15ThingsMcpServer28handle_get_performance_stats0B6_
FN:496,_RNCNvMNtCslPKhtpihyKE_10things_cli3mcpNtB4_15ThingsMcpServer31handle_get_productivity_metrics0B6_
FN:79,_RNCNvMNtCslPKhtpihyKE_10things_cli3mcpNtB4_15ThingsMcpServer9call_tool0B6_
FN:72,_RNvMNtCslPKhtpihyKE_10things_cli3mcpNtB2_15ThingsMcpServer10list_tools
FN:426,_RNvMNtCslPKhtpihyKE_10things_cli3mcpNtB2_15ThingsMcpServer16handle_get_areas
FN:387,_RNvMNtCslPKhtpihyKE_10things_cli3mcpNtB2_15ThingsMcpServer16handle_get_inbox
FN:400,_RNvMNtCslPKhtpihyKE_10things_cli3mcpNtB2_15ThingsMcpServer16handle_get_today
FN:352,_RNvMNtCslPKhtpihyKE_10things_cli3mcpNtB2_15ThingsMcpServer16handle_tool_call
FN:452,_RNvMNtCslPKhtpihyKE_10things_cli3mcpNtB2_15ThingsMcpServer18handle_create_task
FN:524,_RNvMNtCslPKhtpihyKE_10things_cli3mcpNtB2_15ThingsMcpServer18handle_export_data
FN:474,_RNvMNtCslPKhtpihyKE_10things_cli3mcpNtB2_15ThingsMcpServer18handle_update_task
FN:84,_RNvMNtCslPKhtpihyKE_10things_cli3mcpNtB2_15ThingsMcpServer19get_available_tools
FN:413,_RNvMNtCslPKhtpihyKE_10things_cli3mcpNtB2_15ThingsMcpServer19handle_get_projects
FN:674,_RNvMNtCslPKhtpihyKE_10things_cli3mcpNtB2_15ThingsMcpServer19handle_list_backups
FN:435,_RNvMNtCslPKhtpihyKE_10things_cli3mcpNtB2_15ThingsMcpServer19handle_search_tasks
FN:624,_RNvMNtCslPKhtpihyKE_10things_cli3mcpNtB2_15ThingsMcpServer22handle_backup_database
FN:724,_RNvMNtCslPKhtpihyKE_10things_cli3mcpNtB2_15ThingsMcpServer22handle_get_cache_stats
FN:599,_RNvMNtCslPKhtpihyKE_10things_cli3mcpNtB2_15ThingsMcpServer23handle_get_recent_tasks
FN:652,_RNvMNtCslPKhtpihyKE_10things_cli3mcpNtB2_15ThingsMcpServer23handle_restore_database
FN:579,_RNvMNtCslPKhtpihyKE_10things_cli3mcpNtB2_15ThingsMcpServer24handle_bulk_create_tasks
FN:713,_RNvMNtCslPKhtpihyKE_10things_cli3mcpNtB2_15ThingsMcpServer25handle_get_system_metrics
FN:696,_RNvMNtCslPKhtpihyKE_10things_cli3mcpNtB2_15ThingsMcpServer28handle_get_performance_stats
FN:496,_RNvMNtCslPKhtpihyKE_10things_cli3mcpNtB2_15ThingsMcpServer31handle_get_productivity_metrics
FN:56,_RNvMNtCslPKhtpihyKE_10things_cli3mcpNtB2_15ThingsMcpServer3new
FN:79,_RNvMNtCslPKhtpihyKE_10things_cli3mcpNtB2_15ThingsMcpServer9call_tool
FNDA:0,_RNCNCNvMNtCslPKhtpihyKE_10things_cli3mcpNtB6_15ThingsMcpServer16handle_get_inbox00B8_
FNDA:0,_RNCNCNvMNtCslPKhtpihyKE_10things_cli3mcpNtB6_15ThingsMcpServer16handle_get_inbox0s_0B8_
FNDA:0,_RNCNCNvMNtCslPKhtpihyKE_10things_cli3mcpNtB6_15ThingsMcpServer16handle_get_today00B8_
FNDA:0,_RNCNCNvMNtCslPKhtpihyKE_10things_cli3mcpNtB6_15ThingsMcpServer16handle_get_today0s_0B8_
FNDA:0,_RNCNCNvMNtCslPKhtpihyKE_10things_cli3mcpNtB6_15ThingsMcpServer18handle_create_task00B8_
FNDA:0,_RNCNCNvMNtCslPKhtpihyKE_10things_cli3mcpNtB6_15ThingsMcpServer18handle_create_task0s_0B8_
FNDA:0,_RNCNCNvMNtCslPKhtpihyKE_10things_cli3mcpNtB6_15ThingsMcpServer18handle_export_data00B8_
FNDA:0,_RNCNCNvMNtCslPKhtpihyKE_10things_cli3mcpNtB6_15ThingsMcpServer18handle_export_data0s0_0B8_
FNDA:0,_RNCNCNvMNtCslPKhtpihyKE_10things_cli3mcpNtB6_15ThingsMcpServer18handle_export_data0s1_0B8_
FNDA:0,_RNCNCNvMNtCslPKhtpihyKE_10things_cli3mcpNtB6_15ThingsMcpServer18handle_export_data0s_0B8_
FNDA:0,_RNCNCNvMNtCslPKhtpihyKE_10things_cli3mcpNtB6_15ThingsMcpServer18handle_update_task00B8_
FNDA:0,_RNCNCNvMNtCslPKhtpihyKE_10things_cli3mcpNtB6_15ThingsMcpServer18handle_update_task0s_0B8_
FNDA:0,_RNCNCNvMNtCslPKhtpihyKE_10things_cli3mcpNtB6_15ThingsMcpServer19handle_get_projects00B8_
FNDA:0,_RNCNCNvMNtCslPKhtpihyKE_10things_cli3mcpNtB6_15ThingsMcpServer19handle_get_projects0s_0B8_
FNDA:0,_RNCNCNvMNtCslPKhtpihyKE_10things_cli3mcpNtB6_15ThingsMcpServer19handle_list_backups00B8_
FNDA:0,_RNCNCNvMNtCslPKhtpihyKE_10things_cli3mcpNtB6_15ThingsMcpServer19handle_list_backups0s_0B8_
FNDA:0,_RNCNCNvMNtCslPKhtpihyKE_10things_cli3mcpNtB6_15ThingsMcpServer19handle_search_tasks00B8_
FNDA:0,_RNCNCNvMNtCslPKhtpihyKE_10things_cli3mcpNtB6_15ThingsMcpServer19handle_search_tasks0s0_0B8_
FNDA:0,_RNCNCNvMNtCslPKhtpihyKE_10things_cli3mcpNtB6_15ThingsMcpServer19handle_search_tasks0s1_0B8_
FNDA:0,_RNCNCNvMNtCslPKhtpihyKE_10things_cli3mcpNtB6_15ThingsMcpServer19handle_search_tasks0s_0B8_
FNDA:0,_RNCNCNvMNtCslPKhtpihyKE_10things_cli3mcpNtB6_15ThingsMcpServer22handle_backup_database00B8_
FNDA:0,_RNCNCNvMNtCslPKhtpihyKE_10things_cli3mcpNtB6_15ThingsMcpServer22handle_backup_database0s0_0B8_
FNDA:0,_RNCNCNvMNtCslPKhtpihyKE_10things_cli3mcpNtB6_15ThingsMcpServer22handle_backup_database0s_0B8_
FNDA:0,_RNCNCNvMNtCslPKhtpihyKE_10things_cli3mcpNtB6_15ThingsMcpServer23handle_get_recent_tasks00B8_
FNDA:0,_RNCNCNvMNtCslPKhtpihyKE_10things_cli3mcpNtB6_15ThingsMcpServer23handle_get_recent_tasks0s0_0B8_
FNDA:0,_RNCNCNvMNtCslPKhtpihyKE_10things_cli3mcpNtB6_15ThingsMcpServer23handle_get_recent_tasks0s_0B8_
FNDA:0,_RNCNCNvMNtCslPKhtpihyKE_10things_cli3mcpNtB6_15ThingsMcpServer23handle_restore_database00B8_
FNDA:0,_RNCNCNvMNtCslPKhtpihyKE_10things_cli3mcpNtB6_15ThingsMcpServer23handle_restore_database0s_0B8_
FNDA:0,_RNCNCNvMNtCslPKhtpihyKE_10things_cli3mcpNtB6_15ThingsMcpServer24handle_bulk_create_tasks00B8_
FNDA:0,_RNCNCNvMNtCslPKhtpihyKE_10things_cli3mcpNtB6_15ThingsMcpServer24handle_bulk_create_tasks0s_0B8_
FNDA:0,_RNCNCNvMNtCslPKhtpihyKE_10things_cli3mcpNtB6_15ThingsMcpServer31handle_get_productivity_metrics00B8_
FNDA:0,_RNCNCNvMNtCslPKhtpihyKE_10things_cli3mcpNtB6_15ThingsMcpServer31handle_get_productivity_metrics0s0_0B8_
FNDA:0,_RNCNCNvMNtCslPKhtpihyKE_10things_cli3mcpNtB6_15ThingsMcpServer31handle_get_productivity_metrics0s_0B8_
FNDA:0,_RNCNvMNtCslPKhtpihyKE_10things_cli3mcpNtB4_15ThingsMcpServer10list_tools0B6_
FNDA:0,_RNCNvMNtCslPKhtpihyKE_10things_cli3mcpNtB4_15ThingsMcpServer16handle_get_areas0B6_
FNDA:0,_RNCNvMNtCslPKhtpihyKE_10things_cli3mcpNtB4_15ThingsMcpServer16handle_get_inbox0B6_
FNDA:0,_RNCNvMNtCslPKhtpihyKE_10things_cli3mcpNtB4_15ThingsMcpServer16handle_get_today0B6_
FNDA:0,_RNCNvMNtCslPKhtpihyKE_10things_cli3mcpNtB4_15ThingsMcpServer16handle_tool_call0B6_
FNDA:0,_RNCNvMNtCslPKhtpihyKE_10things_cli3mcpNtB4_15ThingsMcpServer18handle_create_task0B6_
FNDA:0,_RNCNvMNtCslPKhtpihyKE_10things_cli3mcpNtB4_15ThingsMcpServer18handle_export_data0B6_
FNDA:0,_RNCNvMNtCslPKhtpihyKE_10things_cli3mcpNtB4_15ThingsMcpServer18handle_update_task0B6_
FNDA:0,_RNCNvMNtCslPKhtpihyKE_10things_cli3mcpNtB4_15ThingsMcpServer19get_available_tools0B6_
FNDA:0,_RNCNvMNtCslPKhtpihyKE_10things_cli3mcpNtB4_15ThingsMcpServer19handle_get_projects0B6_
FNDA:0,_RNCNvMNtCslPKhtpihyKE_10things_cli3mcpNtB4_15ThingsMcpServer19handle_list_backups0B6_
FNDA:0,_RNCNvMNtCslPKhtpihyKE_10things_cli3mcpNtB4_15ThingsMcpServer19handle_search_tasks0B6_
FNDA:0,_RNCNvMNtCslPKhtpihyKE_10things_cli3mcpNtB4_15ThingsMcpServer22handle_backup_database0B6_
FNDA:0,_RNCNvMNtCslPKhtpihyKE_10things_cli3mcpNtB4_15ThingsMcpServer22handle_get_cache_stats0B6_
FNDA:0,_RNCNvMNtCslPKhtpihyKE_10things_cli3mcpNtB4_15ThingsMcpServer23handle_get_recent_tasks0B6_
FNDA:0,_RNCNvMNtCslPKhtpihyKE_10things_cli3mcpNtB4_15ThingsMcpServer23handle_restore_database0B6_
FNDA:0,_RNCNvMNtCslPKhtpihyKE_10things_cli3mcpNtB4_15ThingsMcpServer24handle_bulk_create_tasks0B6_
FNDA:0,_RNCNvMNtCslPKhtpihyKE_10things_cli3mcpNtB4_15ThingsMcpServer25handle_get_system_metrics0B6_
FNDA:0,_RNCNvMNtCslPKhtpihyKE_10things_cli3mcpNtB4_15ThingsMcpServer28handle_get_performance_stats0B6_
FNDA:0,_RNCNvMNtCslPKhtpihyKE_10things_cli3mcpNtB4_15ThingsMcpServer31handle_get_productivity_metrics0B6_
FNDA:0,_RNCNvMNtCslPKhtpihyKE_10things_cli3mcpNtB4_15ThingsMcpServer9call_tool0B6_
FNDA:0,_RNvMNtCslPKhtpihyKE_10things_cli3mcpNtB2_15ThingsMcpServer10list_tools
FNDA:0,_RNvMNtCslPKhtpihyKE_10things_cli3mcpNtB2_15ThingsMcpServer16handle_get_areas
FNDA:0,_RNvMNtCslPKhtpihyKE_10things_cli3mcpNtB2_15ThingsMcpServer16handle_get_inbox
FNDA:0,_RNvMNtCslPKhtpihyKE_10things_cli3mcpNtB2_15ThingsMcpServer16handle_get_today
FNDA:0,_RNvMNtCslPKhtpihyKE_10things_cli3mcpNtB2_15ThingsMcpServer16handle_tool_call
FNDA:0,_RNvMNtCslPKhtpihyKE_10things_cli3mcpNtB2_15ThingsMcpServer18handle_create_task
FNDA:0,_RNvMNtCslPKhtpihyKE_10things_cli3mcpNtB2_15ThingsMcpServer18handle_export_data
FNDA:0,_RNvMNtCslPKhtpihyKE_10things_cli3mcpNtB2_15ThingsMcpServer18handle_update_task
FNDA:0,_RNvMNtCslPKhtpihyKE_10things_cli3mcpNtB2_15ThingsMcpServer19get_available_tools
FNDA:0,_RNvMNtCslPKhtpihyKE_10things_cli3mcpNtB2_15ThingsMcpServer19handle_get_projects
FNDA:0,_RNvMNtCslPKhtpihyKE_10things_cli3mcpNtB2_15ThingsMcpServer19handle_list_backups
FNDA:0,_RNvMNtCslPKhtpihyKE_10things_cli3mcpNtB2_15ThingsMcpServer19handle_search_tasks
FNDA:0,_RNvMNtCslPKhtpihyKE_10things_cli3mcpNtB2_15ThingsMcpServer22handle_backup_database
FNDA:0,_RNvMNtCslPKhtpihyKE_10things_cli3mcpNtB2_15ThingsMcpServer22handle_get_cache_stats
FNDA:0,_RNvMNtCslPKhtpihyKE_10things_cli3mcpNtB2_15ThingsMcpServer23handle_get_recent_tasks
FNDA:0,_RNvMNtCslPKhtpihyKE_10things_cli3mcpNtB2_15ThingsMcpServer23handle_restore_database
FNDA:0,_RNvMNtCslPKhtpihyKE_10things_cli3mcpNtB2_15ThingsMcpServer24handle_bulk_create_tasks
FNDA:0,_RNvMNtCslPKhtpihyKE_10things_cli3mcpNtB2_15ThingsMcpServer25handle_get_system_metrics
FNDA:0,_RNvMNtCslPKhtpihyKE_10things_cli3mcpNtB2_15ThingsMcpServer28handle_get_performance_stats
FNDA:0,_RNvMNtCslPKhtpihyKE_10things_cli3mcpNtB2_15ThingsMcpServer31handle_get_productivity_metrics
FNDA:0,_RNvMNtCslPKhtpihyKE_10things_cli3mcpNtB2_15ThingsMcpServer3new
FNDA:0,_RNvMNtCslPKhtpihyKE_10things_cli3mcpNtB2_15ThingsMcpServer9call_tool
FNF:76
FNH:0
DA:56,0
DA:57,0
DA:58,0
DA:59,0
DA:60,0
DA:62,0
DA:63,0
DA:64,0
DA:65,0
DA:66,0
DA:67,0
DA:68,0
DA:69,0
DA:72,0
DA:74,0
DA:76,0
DA:79,0
DA:80,0
DA:81,0
DA:84,0
DA:85,0
DA:86,0
DA:87,0
DA:88,0
DA:89,0
DA:90,0
DA:91,0
DA:92,0
DA:93,0
DA:94,0
DA:95,0
DA:96,0
DA:97,0
DA:98,0
DA:99,0
DA:100,0
DA:101,0
DA:102,0
DA:103,0
DA:104,0
DA:105,0
DA:106,0
DA:107,0
DA:108,0
DA:109,0
DA:110,0
DA:111,0
DA:112,0
DA:113,0
DA:114,0
DA:115,0
DA:116,0
DA:117,0
DA:118,0
DA:119,0
DA:120,0
DA:121,0
DA:122,0
DA:123,0
DA:124,0
DA:125,0
DA:126,0
DA:127,0
DA:128,0
DA:129,0
DA:130,0
DA:131,0
DA:132,0
DA:133,0
DA:134,0
DA:135,0
DA:136,0
DA:137,0
DA:138,0
DA:139,0
DA:140,0
DA:141,0
DA:142,0
DA:143,0
DA:144,0
DA:145,0
DA:146,0
DA:147,0
DA:148,0
DA:149,0
DA:150,0
DA:151,0
DA:152,0
DA:153,0
DA:154,0
DA:155,0
DA:156,0
DA:157,0
DA:158,0
DA:159,0
DA:160,0
DA:161,0
DA:162,0
DA:163,0
DA:164,0
DA:165,0
DA:166,0
DA:167,0
DA:168,0
DA:169,0
DA:170,0
DA:171,0
DA:172,0
DA:173,0
DA:174,0
DA:175,0
DA:176,0
DA:177,0
DA:178,0
DA:179,0
DA:180,0
DA:181,0
DA:182,0
DA:183,0
DA:184,0
DA:185,0
DA:186,0
DA:187,0
DA:188,0
DA:189,0
DA:190,0
DA:191,0
DA:192,0
DA:193,0
DA:194,0
DA:195,0
DA:196,0
DA:197,0
DA:198,0
DA:199,0
DA:200,0
DA:201,0
DA:202,0
DA:203,0
DA:204,0
DA:205,0
DA:206,0
DA:207,0
DA:208,0
DA:209,0
DA:210,0
DA:211,0
DA:212,0
DA:213,0
DA:214,0
DA:215,0
DA:216,0
DA:217,0
DA:218,0
DA:219,0
DA:220,0
DA:221,0
DA:222,0
DA:223,0
DA:224,0
DA:225,0
DA:226,0
DA:227,0
DA:228,0
DA:229,0
DA:230,0
DA:231,0
DA:232,0
DA:233,0
DA:234,0
DA:235,0
DA:236,0
DA:237,0
DA:238,0
DA:239,0
DA:240,0
DA:241,0
DA:242,0
DA:243,0
DA:244,0
DA:245,0
DA:246,0
DA:247,0
DA:248,0
DA:249,0
DA:250,0
DA:251,0
DA:252,0
DA:253,0
DA:254,0
DA:255,0
DA:256,0
DA:257,0
DA:258,0
DA:259,0
DA:260,0
DA:261,0
DA:262,0
DA:263,0
DA:264,0
DA:265,0
DA:266,0
DA:267,0
DA:268,0
DA:269,0
DA:270,0
DA:271,0
DA:272,0
DA:273,0
DA:274,0
DA:275,0
DA:276,0
DA:277,0
DA:278,0
DA:279,0
DA:280,0
DA:281,0
DA:282,0
DA:283,0
DA:284,0
DA:285,0
DA:286,0
DA:287,0
DA:288,0
DA:289,0
DA:290,0
DA:291,0
DA:292,0
DA:293,0
DA:294,0
DA:295,0
DA:296,0
DA:297,0
DA:298,0
DA:299,0
DA:300,0
DA:301,0
DA:302,0
DA:303,0
DA:304,0
DA:305,0
DA:306,0
DA:307,0
DA:308,0
DA:309,0
DA:310,0
DA:311,0
DA:312,0
DA:313,0
DA:314,0
DA:315,0
DA:316,0
DA:317,0
DA:318,0
DA:319,0
DA:320,0
DA:321,0
DA:322,0
DA:323,0
DA:324,0
DA:325,0
DA:326,0
DA:327,0
DA:328,0
DA:329,0
DA:330,0
DA:331,0
DA:332,0
DA:333,0
DA:334,0
DA:335,0
DA:336,0
DA:337,0
DA:338,0
DA:339,0
DA:340,0
DA:341,0
DA:342,0
DA:343,0
DA:344,0
DA:345,0
DA:346,0
DA:347,0
DA:348,0
DA:349,0
DA:352,0
DA:353,0
DA:354,0
DA:356,0
DA:357,0
DA:358,0
DA:359,0
DA:360,0
DA:361,0
DA:362,0
DA:363,0
DA:364,0
DA:365,0
DA:366,0
DA:367,0
DA:368,0
DA:369,0
DA:370,0
DA:371,0
DA:372,0
DA:373,0
DA:375,0
DA:376,0
DA:377,0
DA:378,0
DA:379,0
DA:380,0
DA:384,0
DA:385,0
DA:387,0
DA:388,0
DA:389,0
DA:390,0
DA:391,0
DA:392,0
DA:393,0
DA:394,0
DA:395,0
DA:396,0
DA:397,0
DA:398,0
DA:400,0
DA:401,0
DA:402,0
DA:403,0
DA:404,0
DA:405,0
DA:406,0
DA:407,0
DA:408,0
DA:409,0
DA:410,0
DA:411,0
DA:413,0
DA:414,0
DA:415,0
DA:416,0
DA:417,0
DA:418,0
DA:419,0
DA:420,0
DA:421,0
DA:422,0
DA:423,0
DA:424,0
DA:426,0
DA:427,0
DA:428,0
DA:429,0
DA:430,0
DA:431,0
DA:432,0
DA:433,0
DA:435,0
DA:436,0
DA:437,0
DA:438,0
DA:439,0
DA:440,0
DA:441,0
DA:442,0
DA:443,0
DA:444,0
DA:445,0
DA:446,0
DA:447,0
DA:448,0
DA:449,0
DA:450,0
DA:452,0
DA:455,0
DA:456,0
DA:457,0
DA:458,0
DA:460,0
DA:461,0
DA:462,0
DA:463,0
DA:467,0
DA:468,0
DA:472,0
DA:474,0
DA:477,0
DA:478,0
DA:479,0
DA:480,0
DA:482,0
DA:483,0
DA:484,0
DA:485,0
DA:489,0
DA:490,0
DA:494,0
DA:496,0
DA:497,0
DA:500,0
DA:501,0
DA:502,0
DA:503,0
DA:505,0
DA:506,0
DA:507,0
DA:508,0
DA:509,0
DA:510,0
DA:511,0
DA:512,0
DA:513,0
DA:517,0
DA:518,0
DA:522,0
DA:524,0
DA:525,0
DA:526,0
DA:527,0
DA:528,0
DA:529,0
DA:530,0
DA:531,0
DA:532,0
DA:534,0
DA:535,0
DA:536,0
DA:537,0
DA:538,0
DA:539,0
DA:540,0
DA:543,0
DA:544,0
DA:545,0
DA:547,0
DA:548,0
DA:549,0
DA:551,0
DA:552,0
DA:553,0
DA:554,0
DA:555,0
DA:556,0
DA:557,0
DA:558,0
DA:559,0
DA:560,0
DA:563,0
DA:566,0
DA:567,0
DA:568,0
DA:569,0
DA:570,0
DA:573,0
DA:574,0
DA:575,0
DA:576,0
DA:577,0
DA:579,0
DA:580,0
DA:581,0
DA:582,0
DA:583,0
DA:585,0
DA:586,0
DA:587,0
DA:588,0
DA:592,0
DA:593,0
DA:597,0
DA:599,0
DA:600,0
DA:601,0
DA:602,0
DA:603,0
DA:604,0
DA:608,0
DA:610,0
DA:611,0
DA:612,0
DA:613,0
DA:617,0
DA:618,0
DA:622,0
DA:624,0
DA:625,0
DA:626,0
DA:627,0
DA:628,0
DA:629,0
DA:631,0
DA:632,0
DA:633,0
DA:634,0
DA:635,0
DA:637,0
DA:638,0
DA:639,0
DA:640,0
DA:641,0
DA:645,0
DA:646,0
DA:650,0
DA:652,0
DA:653,0
DA:654,0
DA:655,0
DA:656,0
DA:658,0
DA:659,0
DA:661,0
DA:662,0
DA:663,0
DA:667,0
DA:668,0
DA:672,0
DA:674,0
DA:675,0
DA:676,0
DA:677,0
DA:678,0
DA:680,0
DA:681,0
DA:683,0
DA:684,0
DA:685,0
DA:689,0
DA:690,0
DA:694,0
DA:696,0
DA:697,0
DA:698,0
DA:700,0
DA:701,0
DA:702,0
DA:706,0
DA:707,0
DA:711,0
DA:713,0
DA:714,0
DA:717,0
DA:718,0
DA:722,0
DA:724,0
DA:725,0
DA:728,0
DA:729,0
DA:733,0
BRF:0
BRH:0
LF:603
LH:0
end_of_record
SF:/Users/garthdb/Projects/rust-things/libs/things-common/src/utils.rs
FN:9,_RNCNvNtCskPXalfIOYQP_13things_common5utils25get_default_database_path0B5_
FN:31,_RNvNtCskPXalfIOYQP_13things_common5utils10parse_date
FN:17,_RNvNtCskPXalfIOYQP_13things_common5utils11format_date
FN:37,_RNvNtCskPXalfIOYQP_13things_common5utils13is_valid_uuid
FN:23,_RNvNtCskPXalfIOYQP_13things_common5utils15format_datetime
FN:43,_RNvNtCskPXalfIOYQP_13things_common5utils15truncate_string
FN:8,_RNvNtCskPXalfIOYQP_13things_common5utils25get_default_database_path
FNDA:0,_RNCNvNtCskPXalfIOYQP_13things_common5utils25get_default_database_path0B5_
FNDA:0,_RNvNtCskPXalfIOYQP_13things_common5utils10parse_date
FNDA:0,_RNvNtCskPXalfIOYQP_13things_common5utils11format_date
FNDA:0,_RNvNtCskPXalfIOYQP_13things_common5utils13is_valid_uuid
FNDA:0,_RNvNtCskPXalfIOYQP_13things_common5utils15format_datetime
FNDA:0,_RNvNtCskPXalfIOYQP_13things_common5utils15truncate_string
FNDA:0,_RNvNtCskPXalfIOYQP_13things_common5utils25get_default_database_path
FNF:7
FNH:0
DA:8,0
DA:9,0
DA:10,0
DA:11,0
DA:13,0
DA:17,0
DA:18,0
DA:19,0
DA:23,0
DA:24,0
DA:25,0
DA:31,0
DA:32,0
DA:33,0
DA:37,0
DA:38,0
DA:39,0
DA:43,0
DA:44,0
DA:45,0
DA:47,0
DA:49,0
BRF:0
BRH:0
LF:23
LH:0
end_of_record
SF:/Users/garthdb/Projects/rust-things/libs/things-core/src/backup.rs
FN:102,_RNvMNtCs5gv2PErl1cl_11things_core6backupNtB2_13BackupManager12list_backups
FN:33,_RNvMNtCs5gv2PErl1cl_11things_core6backupNtB2_13BackupManager13create_backup
FN:146,_RNvMNtCs5gv2PErl1cl_11things_core6backupNtB2_13BackupManager13delete_backup
FN:182,_RNvMNtCs5gv2PErl1cl_11things_core6backupNtB2_13BackupManager13verify_backup
FN:80,_RNvMNtCs5gv2PErl1cl_11things_core6backupNtB2_13BackupManager14restore_backup
FN:195,_RNvMNtCs5gv2PErl1cl_11things_core6backupNtB2_13BackupManager16get_backup_stats
FN:160,_RNvMNtCs5gv2PErl1cl_11things_core6backupNtB2_13BackupManager19cleanup_old_backups
FN:131,_RNvMNtCs5gv2PErl1cl_11things_core6backupNtB2_13BackupManager19get_backup_metadata
FN:28,_RNvMNtCs5gv2PErl1cl_11things_core6backupNtB2_13BackupManager3new
FN:68,_RNCNCNvMNtCs5gv2PErl1cl_11things_core6backupNtB6_13BackupManager13create_backup00B8_
FN:37,_RNCNvMNtCs5gv2PErl1cl_11things_core6backupNtB4_13BackupManager13create_backup0B6_
FN:80,_RNCNvMNtCs5gv2PErl1cl_11things_core6backupNtB4_13BackupManager14restore_backup0B6_
FN:113,_RNCNvMNtCs5gv2PErl1cl_11things_core6backupNtB4_13BackupManager12list_backups0B6_
FN:125,_RNCNvMNtCs5gv2PErl1cl_11things_core6backupNtB4_13BackupManager12list_backupss_0B6_
FN:68,_RNCNCNvMNtCsgowgEPBvTvH_11things_core6backupNtB6_13BackupManager13create_backup00B8_
FN:113,_RNCNvMNtCsgowgEPBvTvH_11things_core6backupNtB4_13BackupManager12list_backups0B6_
FN:125,_RNCNvMNtCsgowgEPBvTvH_11things_core6backupNtB4_13BackupManager12list_backupss_0B6_
FN:37,_RNCNvMNtCsgowgEPBvTvH_11things_core6backupNtB4_13BackupManager13create_backup0B6_
FN:253,_RNvNtNtCsgowgEPBvTvH_11things_core6backup5testss_19test_backup_listing
FN:227,_RNvNtNtCsgowgEPBvTvH_11things_core6backup5testss_20test_backup_creation
FN:227,_RNCNvNtNtCsgowgEPBvTvH_11things_core6backup5testss_20test_backup_creation0B7_
FN:80,_RNCNvMNtCsgowgEPBvTvH_11things_core6backupNtB4_13BackupManager14restore_backup0B6_
FN:146,_RNvMNtCsgowgEPBvTvH_11things_core6backupNtB2_13BackupManager13delete_backup
FN:182,_RNvMNtCsgowgEPBvTvH_11things_core6backupNtB2_13BackupManager13verify_backup
FN:80,_RNvMNtCsgowgEPBvTvH_11things_core6backupNtB2_13BackupManager14restore_backup
FN:195,_RNvMNtCsgowgEPBvTvH_11things_core6backupNtB2_13BackupManager16get_backup_stats
FN:160,_RNvMNtCsgowgEPBvTvH_11things_core6backupNtB2_13BackupManager19cleanup_old_backups
FN:131,_RNvMNtCsgowgEPBvTvH_11things_core6backupNtB2_13BackupManager19get_backup_metadata
FN:102,_RNvMNtCsgowgEPBvTvH_11things_core6backupNtB2_13BackupManager12list_backups
FN:33,_RNvMNtCsgowgEPBvTvH_11things_core6backupNtB2_13BackupManager13create_backup
FN:28,_RNvMNtCsgowgEPBvTvH_11things_core6backupNtB2_13BackupManager3new
FNDA:0,_RNvMNtCs5gv2PErl1cl_11things_core6backupNtB2_13BackupManager12list_backups
FNDA:0,_RNvMNtCs5gv2PErl1cl_11things_core6backupNtB2_13BackupManager13create_backup
FNDA:0,_RNvMNtCs5gv2PErl1cl_11things_core6backupNtB2_13BackupManager13delete_backup
FNDA:0,_RNvMNtCs5gv2PErl1cl_11things_core6backupNtB2_13BackupManager13verify_backup
FNDA:0,_RNvMNtCs5gv2PErl1cl_11things_core6backupNtB2_13BackupManager14restore_backup
FNDA:0,_RNvMNtCs5gv2PErl1cl_11things_core6backupNtB2_13BackupManager16get_backup_stats
FNDA:0,_RNvMNtCs5gv2PErl1cl_11things_core6backupNtB2_13BackupManager19cleanup_old_backups
FNDA:0,_RNvMNtCs5gv2PErl1cl_11things_core6backupNtB2_13BackupManager19get_backup_metadata
FNDA:0,_RNvMNtCs5gv2PErl1cl_11things_core6backupNtB2_13BackupManager3new
FNDA:0,_RNCNCNvMNtCs5gv2PErl1cl_11things_core6backupNtB6_13BackupManager13create_backup00B8_
FNDA:0,_RNCNvMNtCs5gv2PErl1cl_11things_core6backupNtB4_13BackupManager13create_backup0B6_
FNDA:0,_RNCNvMNtCs5gv2PErl1cl_11things_core6backupNtB4_13BackupManager14restore_backup0B6_
FNDA:0,_RNCNvMNtCs5gv2PErl1cl_11things_core6backupNtB4_13BackupManager12list_backups0B6_
FNDA:0,_RNCNvMNtCs5gv2PErl1cl_11things_core6backupNtB4_13BackupManager12list_backupss_0B6_
FNDA:1,_RNCNCNvMNtCsgowgEPBvTvH_11things_core6backupNtB6_13BackupManager13create_backup00B8_
FNDA:0,_RNCNvMNtCsgowgEPBvTvH_11things_core6backupNtB4_13BackupManager12list_backups0B6_
FNDA:0,_RNCNvMNtCsgowgEPBvTvH_11things_core6backupNtB4_13BackupManager12list_backupss_0B6_
FNDA:1,_RNCNvMNtCsgowgEPBvTvH_11things_core6backupNtB4_13BackupManager13create_backup0B6_
FNDA:1,_RNvNtNtCsgowgEPBvTvH_11things_core6backup5testss_19test_backup_listing
FNDA:1,_RNvNtNtCsgowgEPBvTvH_11things_core6backup5testss_20test_backup_creation
FNDA:1,_RNCNvNtNtCsgowgEPBvTvH_11things_core6backup5testss_20test_backup_creation0B7_
FNDA:0,_RNCNvMNtCsgowgEPBvTvH_11things_core6backupNtB4_13BackupManager14restore_backup0B6_
FNDA:0,_RNvMNtCsgowgEPBvTvH_11things_core6backupNtB2_13BackupManager13delete_backup
FNDA:0,_RNvMNtCsgowgEPBvTvH_11things_core6backupNtB2_13BackupManager13verify_backup
FNDA:0,_RNvMNtCsgowgEPBvTvH_11things_core6backupNtB2_13BackupManager14restore_backup
FNDA:0,_RNvMNtCsgowgEPBvTvH_11things_core6backupNtB2_13BackupManager16get_backup_stats
FNDA:0,_RNvMNtCsgowgEPBvTvH_11things_core6backupNtB2_13BackupManager19cleanup_old_backups
FNDA:0,_RNvMNtCsgowgEPBvTvH_11things_core6backupNtB2_13BackupManager19get_backup_metadata
FNDA:1,_RNvMNtCsgowgEPBvTvH_11things_core6backupNtB2_13BackupManager12list_backups
FNDA:1,_RNvMNtCsgowgEPBvTvH_11things_core6backupNtB2_13BackupManager13create_backup
FNDA:2,_RNvMNtCsgowgEPBvTvH_11things_core6backupNtB2_13BackupManager3new
FNF:17
FNH:8
DA:28,2
DA:29,2
DA:30,2
DA:33,1
DA:34,1
DA:35,1
DA:36,1
DA:37,1
DA:38,1
DA:40,1
DA:41,0
DA:42,0
DA:43,0
DA:44,0
DA:45,1
DA:48,1
DA:51,1
DA:52,1
DA:53,1
DA:56,1
DA:59,1
DA:62,1
DA:63,1
DA:64,1
DA:65,1
DA:66,1
DA:67,1
DA:68,1
DA:72,1
DA:73,1
DA:74,1
DA:76,1
DA:77,1
DA:80,0
DA:81,0
DA:82,0
DA:83,0
DA:84,0
DA:85,0
DA:86,0
DA:88,0
DA:91,0
DA:92,0
DA:93,0
DA:96,0
DA:98,0
DA:99,0
DA:102,1
DA:103,1
DA:104,0
DA:105,1
DA:107,1
DA:109,1
DA:110,0
DA:111,0
DA:113,0
DA:114,0
DA:115,0
DA:116,0
DA:117,0
DA:118,0
DA:119,0
DA:120,0
DA:121,0
DA:125,1
DA:127,1
DA:128,1
DA:131,0
DA:132,0
DA:133,0
DA:134,0
DA:135,0
DA:136,0
DA:137,0
DA:138,0
DA:140,0
DA:141,0
DA:142,0
DA:143,0
DA:146,0
DA:147,0
DA:148,0
DA:149,0
DA:151,0
DA:152,0
DA:153,0
DA:154,0
DA:156,0
DA:157,0
DA:160,0
DA:161,0
DA:163,0
DA:164,0
DA:165,0
DA:167,0
DA:168,0
DA:170,0
DA:171,0
DA:172,0
DA:173,0
DA:174,0
DA:175,0
DA:178,0
DA:179,0
DA:182,0
DA:183,0
DA:184,0
DA:185,0
DA:188,0
DA:189,0
DA:190,0
DA:192,0
DA:195,0
DA:196,0
DA:198,0
DA:199,0
DA:200,0
DA:201,0
DA:203,0
DA:204,0
DA:205,0
DA:206,0
DA:207,0
DA:208,0
DA:209,0
DA:227,1
DA:228,1
DA:229,1
DA:230,1
DA:233,1
DA:234,1
DA:235,1
DA:238,1
DA:239,1
DA:240,1
DA:241,1
DA:242,1
DA:243,1
DA:244,1
DA:245,1
DA:246,1
DA:247,1
DA:248,1
DA:249,1
DA:250,1
DA:253,1
DA:254,1
DA:255,1
DA:256,1
DA:258,1
DA:259,1
DA:260,1
BRF:0
BRH:0
LF:165
LH:71
end_of_record
SF:/Users/garthdb/Projects/rust-things/libs/things-core/src/cache.rs
FN:155,_RINvMs1_NtCs5gv2PErl1cl_11things_core5cacheNtB6_11ThingsCache12get_projectsppEB8_
FN:195,_RINvMs1_NtCs5gv2PErl1cl_11things_core5cacheNtB6_11ThingsCache18get_search_resultsppEB8_
FN:175,_RINvMs1_NtCs5gv2PErl1cl_11things_core5cacheNtB6_11ThingsCache9get_areasppEB8_
FN:135,_RINvMs1_NtCs5gv2PErl1cl_11things_core5cacheNtB6_11ThingsCache9get_tasksppEB8_
FN:159,_RNCINvMs1_NtCs5gv2PErl1cl_11things_core5cacheNtB8_11ThingsCache12get_projectsppE0Ba_
FN:199,_RNCINvMs1_NtCs5gv2PErl1cl_11things_core5cacheNtB8_11ThingsCache18get_search_resultsppE0Ba_
FN:179,_RNCINvMs1_NtCs5gv2PErl1cl_11things_core5cacheNtB8_11ThingsCache9get_areasppE0Ba_
FN:139,_RNCINvMs1_NtCs5gv2PErl1cl_11things_core5cacheNtB8_11ThingsCache9get_tasksppE0Ba_
FN:225,_RNCNvMs1_NtCs5gv2PErl1cl_11things_core5cacheNtB7_11ThingsCache10invalidate0B9_
FN:217,_RNCNvMs1_NtCs5gv2PErl1cl_11things_core5cacheNtB7_11ThingsCache14invalidate_all0B9_
FN:51,_RNvMs_NtCs5gv2PErl1cl_11things_core5cacheINtB4_10CachedDatapE10is_expiredB6_
FN:42,_RNvMs_NtCs5gv2PErl1cl_11things_core5cacheINtB4_10CachedDatapE3newB6_
FN:268,_RNCNvNtNtCs5gv2PErl1cl_11things_core5cache4keys5inbox0B7_
FN:276,_RNCNvNtNtCs5gv2PErl1cl_11things_core5cache4keys5today0B7_
FN:295,_RNCNvNtNtCs5gv2PErl1cl_11things_core5cache4keys6search0B7_
FN:332,_RNCNCNCNvNtNtCsgowgEPBvTvH_11things_core5cache5testss_21test_cache_expiration000Bb_
FN:338,_RNCNCNCNvNtNtCsgowgEPBvTvH_11things_core5cache5testss_21test_cache_expiration0s_00Bb_
FN:310,_RNCNCNCNvNtNtCsgowgEPBvTvH_11things_core5cache5testss_27test_cache_basic_operations000Bb_
FN:314,_RNCNCNCNvNtNtCsgowgEPBvTvH_11things_core5cache5testss_27test_cache_basic_operations0s_00Bb_
FN:332,_RNCNCNvNtNtCsgowgEPBvTvH_11things_core5cache5testss_21test_cache_expiration00B9_
FN:338,_RNCNCNvNtNtCsgowgEPBvTvH_11things_core5cache5testss_21test_cache_expiration0s_0B9_
FN:310,_RNCNCNvNtNtCsgowgEPBvTvH_11things_core5cache5testss_27test_cache_basic_operations00B9_
FN:314,_RNCNCNvNtNtCsgowgEPBvTvH_11things_core5cache5testss_27test_cache_basic_operations0s_0B9_
FN:323,_RNCNvNtNtCsgowgEPBvTvH_11things_core5cache5testss_21test_cache_expiration0B7_
FN:306,_RNCNvNtNtCsgowgEPBvTvH_11things_core5cache5testss_27test_cache_basic_operations0B7_
FN:323,_RNvNtNtCsgowgEPBvTvH_11things_core5cache5testss_21test_cache_expiration
FN:306,_RNvNtNtCsgowgEPBvTvH_11things_core5cache5testss_27test_cache_basic_operations
FN:66,_RNvMs0_NtCsgowgEPBvTvH_11things_core5cacheNtB5_10CacheStats18calculate_hit_rate
FN:250,_RNvMs1_NtCsgowgEPBvTvH_11things_core5cacheNtB5_11ThingsCache10record_hit
FN:130,_RNvMs1_NtCsgowgEPBvTvH_11things_core5cacheNtB5_11ThingsCache11new_default
FN:256,_RNvMs1_NtCsgowgEPBvTvH_11things_core5cacheNtB5_11ThingsCache11record_miss
FN:94,_RNvMs1_NtCsgowgEPBvTvH_11things_core5cacheNtB5_11ThingsCache3new
FN:233,_RNvMs1_NtCsgowgEPBvTvH_11things_core5cacheNtB5_11ThingsCache9get_stats
FN:24,_RNvXNtCsgowgEPBvTvH_11things_core5cacheNtB2_11CacheConfigNtNtCsaNl6UpbT7bw_4core7default7Default7default
FN:155,_RINvMs1_NtCsgowgEPBvTvH_11things_core5cacheNtB6_11ThingsCache12get_projectsppEB8_
FN:195,_RINvMs1_NtCsgowgEPBvTvH_11things_core5cacheNtB6_11ThingsCache18get_search_resultsppEB8_
FN:175,_RINvMs1_NtCsgowgEPBvTvH_11things_core5cacheNtB6_11ThingsCache9get_areasppEB8_
FN:159,_RNCINvMs1_NtCsgowgEPBvTvH_11things_core5cacheNtB8_11ThingsCache12get_projectsppE0Ba_
FN:199,_RNCINvMs1_NtCsgowgEPBvTvH_11things_core5cacheNtB8_11ThingsCache18get_search_resultsppE0Ba_
FN:179,_RNCINvMs1_NtCsgowgEPBvTvH_11things_core5cacheNtB8_11ThingsCache9get_areasppE0Ba_
FN:225,_RNCNvMs1_NtCsgowgEPBvTvH_11things_core5cacheNtB7_11ThingsCache10invalidate0B9_
FN:217,_RNCNvMs1_NtCsgowgEPBvTvH_11things_core5cacheNtB7_11ThingsCache14invalidate_all0B9_
FN:268,_RNCNvNtNtCsgowgEPBvTvH_11things_core5cache4keys5inbox0B7_
FN:276,_RNCNvNtNtCsgowgEPBvTvH_11things_core5cache4keys5today0B7_
FN:295,_RNCNvNtNtCsgowgEPBvTvH_11things_core5cache4keys6search0B7_
FN:225,_RNvMs1_NtCsgowgEPBvTvH_11things_core5cacheNtB5_11ThingsCache10invalidate
FN:244,_RNvMs1_NtCsgowgEPBvTvH_11things_core5cacheNtB5_11ThingsCache11reset_stats
FN:217,_RNvMs1_NtCsgowgEPBvTvH_11things_core5cacheNtB5_11ThingsCache14invalidate_all
FN:286,_RNvNtNtCsgowgEPBvTvH_11things_core5cache4keys5areas
FN:265,_RNvNtNtCsgowgEPBvTvH_11things_core5cache4keys5inbox
FN:273,_RNvNtNtCsgowgEPBvTvH_11things_core5cache4keys5today
FN:291,_RNvNtNtCsgowgEPBvTvH_11things_core5cache4keys6search
FN:281,_RNvNtNtCsgowgEPBvTvH_11things_core5cache4keys8projects
FN:135,_RINvMs1_NtCsgowgEPBvTvH_11things_core5cacheNtB6_11ThingsCache9get_tasksNCNCNvNtB6_5testss_21test_cache_expiration00NCNCB19_00EB8_
FN:135,_RINvMs1_NtCsgowgEPBvTvH_11things_core5cacheNtB6_11ThingsCache9get_tasksNCNCNvNtB6_5testss_21test_cache_expiration0s_0NCNCB19_s_00EB8_
FN:135,_RINvMs1_NtCsgowgEPBvTvH_11things_core5cacheNtB6_11ThingsCache9get_tasksNCNCNvNtB6_5testss_27test_cache_basic_operations00NCNCB19_00EB8_
FN:135,_RINvMs1_NtCsgowgEPBvTvH_11things_core5cacheNtB6_11ThingsCache9get_tasksNCNCNvNtB6_5testss_27test_cache_basic_operations0s_0NCNCB19_s_00EB8_
FN:139,_RNCINvMs1_NtCsgowgEPBvTvH_11things_core5cacheNtB8_11ThingsCache9get_tasksNCNCNvNtB8_5testss_21test_cache_expiration00NCNCB1b_00E0Ba_
FN:139,_RNCINvMs1_NtCsgowgEPBvTvH_11things_core5cacheNtB8_11ThingsCache9get_tasksNCNCNvNtB8_5testss_21test_cache_expiration0s_0NCNCB1b_s_00E0Ba_
FN:139,_RNCINvMs1_NtCsgowgEPBvTvH_11things_core5cacheNtB8_11ThingsCache9get_tasksNCNCNvNtB8_5testss_27test_cache_basic_operations00NCNCB1b_00E0Ba_
FN:139,_RNCINvMs1_NtCsgowgEPBvTvH_11things_core5cacheNtB8_11ThingsCache9get_tasksNCNCNvNtB8_5testss_27test_cache_basic_operations0s_0NCNCB1b_s_00E0Ba_
FN:51,_RNvMs_NtCsgowgEPBvTvH_11things_core5cacheINtB4_10CachedDataINtNtCsiTraAjBDcu4_5alloc3vec3VecNtNtB6_6models4TaskEE10is_expiredB6_
FN:42,_RNvMs_NtCsgowgEPBvTvH_11things_core5cacheINtB4_10CachedDataINtNtCsiTraAjBDcu4_5alloc3vec3VecNtNtB6_6models4TaskEE3newB6_
FNDA:0,_RINvMs1_NtCs5gv2PErl1cl_11things_core5cacheNtB6_11ThingsCache12get_projectsppEB8_
FNDA:0,_RINvMs1_NtCs5gv2PErl1cl_11things_core5cacheNtB6_11ThingsCache18get_search_resultsppEB8_
FNDA:0,_RINvMs1_NtCs5gv2PErl1cl_11things_core5cacheNtB6_11ThingsCache9get_areasppEB8_
FNDA:0,_RINvMs1_NtCs5gv2PErl1cl_11things_core5cacheNtB6_11ThingsCache9get_tasksppEB8_
FNDA:0,_RNCINvMs1_NtCs5gv2PErl1cl_11things_core5cacheNtB8_11ThingsCache12get_projectsppE0Ba_
FNDA:0,_RNCINvMs1_NtCs5gv2PErl1cl_11things_core5cacheNtB8_11ThingsCache18get_search_resultsppE0Ba_
FNDA:0,_RNCINvMs1_NtCs5gv2PErl1cl_11things_core5cacheNtB8_11ThingsCache9get_areasppE0Ba_
FNDA:0,_RNCINvMs1_NtCs5gv2PErl1cl_11things_core5cacheNtB8_11ThingsCache9get_tasksppE0Ba_
FNDA:0,_RNCNvMs1_NtCs5gv2PErl1cl_11things_core5cacheNtB7_11ThingsCache10invalidate0B9_
FNDA:0,_RNCNvMs1_NtCs5gv2PErl1cl_11things_core5cacheNtB7_11ThingsCache14invalidate_all0B9_
FNDA:0,_RNvMs_NtCs5gv2PErl1cl_11things_core5cacheINtB4_10CachedDatapE10is_expiredB6_
FNDA:0,_RNvMs_NtCs5gv2PErl1cl_11things_core5cacheINtB4_10CachedDatapE3newB6_
FNDA:0,_RNCNvNtNtCs5gv2PErl1cl_11things_core5cache4keys5inbox0B7_
FNDA:0,_RNCNvNtNtCs5gv2PErl1cl_11things_core5cache4keys5today0B7_
FNDA:0,_RNCNvNtNtCs5gv2PErl1cl_11things_core5cache4keys6search0B7_
FNDA:1,_RNCNCNCNvNtNtCsgowgEPBvTvH_11things_core5cache5testss_21test_cache_expiration000Bb_
FNDA:1,_RNCNCNCNvNtNtCsgowgEPBvTvH_11things_core5cache5testss_21test_cache_expiration0s_00Bb_
FNDA:1,_RNCNCNCNvNtNtCsgowgEPBvTvH_11things_core5cache5testss_27test_cache_basic_operations000Bb_
FNDA:0,_RNCNCNCNvNtNtCsgowgEPBvTvH_11things_core5cache5testss_27test_cache_basic_operations0s_00Bb_
FNDA:1,_RNCNCNvNtNtCsgowgEPBvTvH_11things_core5cache5testss_21test_cache_expiration00B9_
FNDA:1,_RNCNCNvNtNtCsgowgEPBvTvH_11things_core5cache5testss_21test_cache_expiration0s_0B9_
FNDA:1,_RNCNCNvNtNtCsgowgEPBvTvH_11things_core5cache5testss_27test_cache_basic_operations00B9_
FNDA:0,_RNCNCNvNtNtCsgowgEPBvTvH_11things_core5cache5testss_27test_cache_basic_operations0s_0B9_
FNDA:1,_RNCNvNtNtCsgowgEPBvTvH_11things_core5cache5testss_21test_cache_expiration0B7_
FNDA:1,_RNCNvNtNtCsgowgEPBvTvH_11things_core5cache5testss_27test_cache_basic_operations0B7_
FNDA:1,_RNvNtNtCsgowgEPBvTvH_11things_core5cache5testss_21test_cache_expiration
FNDA:1,_RNvNtNtCsgowgEPBvTvH_11things_core5cache5testss_27test_cache_basic_operations
FNDA:2,_RNvMs0_NtCsgowgEPBvTvH_11things_core5cacheNtB5_10CacheStats18calculate_hit_rate
FNDA:1,_RNvMs1_NtCsgowgEPBvTvH_11things_core5cacheNtB5_11ThingsCache10record_hit
FNDA:1,_RNvMs1_NtCsgowgEPBvTvH_11things_core5cacheNtB5_11ThingsCache11new_default
FNDA:3,_RNvMs1_NtCsgowgEPBvTvH_11things_core5cacheNtB5_11ThingsCache11record_miss
FNDA:2,_RNvMs1_NtCsgowgEPBvTvH_11things_core5cacheNtB5_11ThingsCache3new
FNDA:2,_RNvMs1_NtCsgowgEPBvTvH_11things_core5cacheNtB5_11ThingsCache9get_stats
FNDA:1,_RNvXNtCsgowgEPBvTvH_11things_core5cacheNtB2_11CacheConfigNtNtCsaNl6UpbT7bw_4core7default7Default7default
FNDA:0,_RINvMs1_NtCsgowgEPBvTvH_11things_core5cacheNtB6_11ThingsCache12get_projectsppEB8_
FNDA:0,_RINvMs1_NtCsgowgEPBvTvH_11things_core5cacheNtB6_11ThingsCache18get_search_resultsppEB8_
FNDA:0,_RINvMs1_NtCsgowgEPBvTvH_11things_core5cacheNtB6_11ThingsCache9get_areasppEB8_
FNDA:0,_RNCINvMs1_NtCsgowgEPBvTvH_11things_core5cacheNtB8_11ThingsCache12get_projectsppE0Ba_
FNDA:0,_RNCINvMs1_NtCsgowgEPBvTvH_11things_core5cacheNtB8_11ThingsCache18get_search_resultsppE0Ba_
FNDA:0,_RNCINvMs1_NtCsgowgEPBvTvH_11things_core5cacheNtB8_11ThingsCache9get_areasppE0Ba_
FNDA:0,_RNCNvMs1_NtCsgowgEPBvTvH_11things_core5cacheNtB7_11ThingsCache10invalidate0B9_
FNDA:0,_RNCNvMs1_NtCsgowgEPBvTvH_11things_core5cacheNtB7_11ThingsCache14invalidate_all0B9_
FNDA:0,_RNCNvNtNtCsgowgEPBvTvH_11things_core5cache4keys5inbox0B7_
FNDA:0,_RNCNvNtNtCsgowgEPBvTvH_11things_core5cache4keys5today0B7_
FNDA:0,_RNCNvNtNtCsgowgEPBvTvH_11things_core5cache4keys6search0B7_
FNDA:0,_RNvMs1_NtCsgowgEPBvTvH_11things_core5cacheNtB5_11ThingsCache10invalidate
FNDA:0,_RNvMs1_NtCsgowgEPBvTvH_11things_core5cacheNtB5_11ThingsCache11reset_stats
FNDA:0,_RNvMs1_NtCsgowgEPBvTvH_11things_core5cacheNtB5_11ThingsCache14invalidate_all
FNDA:0,_RNvNtNtCsgowgEPBvTvH_11things_core5cache4keys5areas
FNDA:0,_RNvNtNtCsgowgEPBvTvH_11things_core5cache4keys5inbox
FNDA:0,_RNvNtNtCsgowgEPBvTvH_11things_core5cache4keys5today
FNDA:0,_RNvNtNtCsgowgEPBvTvH_11things_core5cache4keys6search
FNDA:0,_RNvNtNtCsgowgEPBvTvH_11things_core5cache4keys8projects
FNDA:1,_RINvMs1_NtCsgowgEPBvTvH_11things_core5cacheNtB6_11ThingsCache9get_tasksNCNCNvNtB6_5testss_21test_cache_expiration00NCNCB19_00EB8_
FNDA:1,_RINvMs1_NtCsgowgEPBvTvH_11things_core5cacheNtB6_11ThingsCache9get_tasksNCNCNvNtB6_5testss_21test_cache_expiration0s_0NCNCB19_s_00EB8_
FNDA:1,_RINvMs1_NtCsgowgEPBvTvH_11things_core5cacheNtB6_11ThingsCache9get_tasksNCNCNvNtB6_5testss_27test_cache_basic_operations00NCNCB19_00EB8_
FNDA:1,_RINvMs1_NtCsgowgEPBvTvH_11things_core5cacheNtB6_11ThingsCache9get_tasksNCNCNvNtB6_5testss_27test_cache_basic_operations0s_0NCNCB19_s_00EB8_
FNDA:1,_RNCINvMs1_NtCsgowgEPBvTvH_11things_core5cacheNtB8_11ThingsCache9get_tasksNCNCNvNtB8_5testss_21test_cache_expiration00NCNCB1b_00E0Ba_
FNDA:1,_RNCINvMs1_NtCsgowgEPBvTvH_11things_core5cacheNtB8_11ThingsCache9get_tasksNCNCNvNtB8_5testss_21test_cache_expiration0s_0NCNCB1b_s_00E0Ba_
FNDA:1,_RNCINvMs1_NtCsgowgEPBvTvH_11things_core5cacheNtB8_11ThingsCache9get_tasksNCNCNvNtB8_5testss_27test_cache_basic_operations00NCNCB1b_00E0Ba_
FNDA:1,_RNCINvMs1_NtCsgowgEPBvTvH_11things_core5cacheNtB8_11ThingsCache9get_tasksNCNCNvNtB8_5testss_27test_cache_basic_operations0s_0NCNCB1b_s_00E0Ba_
FNDA:1,_RNvMs_NtCsgowgEPBvTvH_11things_core5cacheINtB4_10CachedDataINtNtCsiTraAjBDcu4_5alloc3vec3VecNtNtB6_6models4TaskEE10is_expiredB6_
FNDA:3,_RNvMs_NtCsgowgEPBvTvH_11things_core5cacheINtB4_10CachedDataINtNtCsiTraAjBDcu4_5alloc3vec3VecNtNtB6_6models4TaskEE3newB6_
FNF:42
FNH:21
DA:24,1
DA:25,1
DA:26,1
DA:27,1
DA:28,1
DA:29,1
DA:30,1
DA:42,3
DA:43,3
DA:44,3
DA:45,3
DA:46,3
DA:47,3
DA:48,3
DA:49,3
DA:51,1
DA:52,1
DA:53,1
DA:66,2
DA:67,2
DA:68,2
DA:69,2
DA:71,0
DA:73,2
DA:94,2
DA:95,2
DA:96,2
DA:97,2
DA:98,2
DA:99,2
DA:101,2
DA:102,2
DA:103,2
DA:104,2
DA:105,2
DA:107,2
DA:108,2
DA:109,2
DA:110,2
DA:111,2
DA:113,2
DA:114,2
DA:115,2
DA:116,2
DA:117,2
DA:119,2
DA:120,2
DA:121,2
DA:122,2
DA:123,2
DA:124,2
DA:125,2
DA:126,2
DA:127,2
DA:130,1
DA:131,1
DA:132,1
DA:135,4
DA:136,4
DA:137,4
DA:138,4
DA:139,4
DA:140,4
DA:141,1
DA:142,1
DA:143,1
DA:144,0
DA:145,3
DA:147,3
DA:148,3
DA:149,3
DA:150,3
DA:151,3
DA:152,4
DA:155,0
DA:156,0
DA:157,0
DA:158,0
DA:159,0
DA:160,0
DA:161,0
DA:162,0
DA:163,0
DA:164,0
DA:165,0
DA:167,0
DA:168,0
DA:169,0
DA:170,0
DA:171,0
DA:172,0
DA:175,0
DA:176,0
DA:177,0
DA:178,0
DA:179,0
DA:180,0
DA:181,0
DA:182,0
DA:183,0
DA:184,0
DA:185,0
DA:187,0
DA:188,0
DA:189,0
DA:190,0
DA:191,0
DA:192,0
DA:195,0
DA:196,0
DA:197,0
DA:198,0
DA:199,0
DA:200,0
DA:201,0
DA:202,0
DA:203,0
DA:204,0
DA:205,0
DA:207,0
DA:208,0
DA:209,0
DA:210,0
DA:211,0
DA:212,0
DA:213,0
DA:214,0
DA:217,0
DA:218,0
DA:219,0
DA:220,0
DA:221,0
DA:222,0
DA:225,0
DA:226,0
DA:227,0
DA:228,0
DA:229,0
DA:230,0
DA:233,2
DA:234,2
DA:235,2
DA:236,2
DA:237,2
DA:238,2
DA:239,2
DA:240,2
DA:241,2
DA:244,0
DA:245,0
DA:246,0
DA:247,0
DA:250,1
DA:251,1
DA:252,1
DA:253,1
DA:256,3
DA:257,3
DA:258,3
DA:259,3
DA:265,0
DA:266,0
DA:267,0
DA:268,0
DA:270,0
DA:273,0
DA:274,0
DA:275,0
DA:276,0
DA:278,0
DA:281,0
DA:282,0
DA:283,0
DA:286,0
DA:287,0
DA:288,0
DA:291,0
DA:292,0
DA:293,0
DA:295,0
DA:297,0
DA:306,1
DA:307,1
DA:310,2
DA:311,1
DA:314,1
DA:315,1
DA:317,1
DA:318,1
DA:319,1
DA:320,1
DA:323,1
DA:324,1
DA:325,1
DA:326,1
DA:327,1
DA:328,1
DA:329,1
DA:332,2
DA:335,1
DA:338,2
DA:340,1
DA:341,1
DA:342,1
BRF:0
BRH:0
LF:221
LH:119
end_of_record
SF:/Users/garthdb/Projects/rust-things/libs/things-core/src/config.rs
FN:22,_RINvMNtCs5gv2PErl1cl_11things_core6configNtB3_12ThingsConfig3newNtNtCsht3nMU9UgFu_3std4path7PathBufEB5_
FN:70,_RNCNvMNtCs5gv2PErl1cl_11things_core6configNtB4_12ThingsConfig25get_default_database_path0B6_
FN:82,_RNCNvMNtCs5gv2PErl1cl_11things_core6configNtB4_12ThingsConfig8from_env0B6_
FN:85,_RNCNvMNtCs5gv2PErl1cl_11things_core6configNtB4_12ThingsConfig8from_envs_0B6_
FN:95,_RNvMNtCs5gv2PErl1cl_11things_core6configNtB2_12ThingsConfig11for_testing
FN:31,_RNvMNtCs5gv2PErl1cl_11things_core6configNtB2_12ThingsConfig17with_default_path
FN:69,_RNvMNtCs5gv2PErl1cl_11things_core6configNtB2_12ThingsConfig25get_default_database_path
FN:42,_RNvMNtCs5gv2PErl1cl_11things_core6configNtB2_12ThingsConfig27get_effective_database_path
FN:80,_RNvMNtCs5gv2PErl1cl_11things_core6configNtB2_12ThingsConfig8from_env
FN:104,_RNvXs_NtCs5gv2PErl1cl_11things_core6configNtB4_12ThingsConfigNtNtCsaNl6UpbT7bw_4core7default7Default7default
FN:122,_RNvNtNtCsgowgEPBvTvH_11things_core6config5testss_19test_default_config
FN:115,_RNvNtNtCsgowgEPBvTvH_11things_core6config5testss_20test_config_creation
FN:132,_RNvNtNtCsgowgEPBvTvH_11things_core6config5testss_20test_config_from_env
FN:160,_RNvNtNtCsgowgEPBvTvH_11things_core6config5testss_22test_fallback_behavior
FN:176,_RNvNtNtCsgowgEPBvTvH_11things_core6config5testss_22test_fallback_disabled
FN:149,_RNvNtNtCsgowgEPBvTvH_11things_core6config5testss_28test_effective_database_path
FN:31,_RNvMNtCsgowgEPBvTvH_11things_core6configNtB2_12ThingsConfig17with_default_path
FN:69,_RNvMNtCsgowgEPBvTvH_11things_core6configNtB2_12ThingsConfig25get_default_database_path
FN:42,_RNvMNtCsgowgEPBvTvH_11things_core6configNtB2_12ThingsConfig27get_effective_database_path
FN:80,_RNvMNtCsgowgEPBvTvH_11things_core6configNtB2_12ThingsConfig8from_env
FN:104,_RNvXs_NtCsgowgEPBvTvH_11things_core6configNtB4_12ThingsConfigNtNtCsaNl6UpbT7bw_4core7default7Default7default
FN:95,_RNvMNtCsgowgEPBvTvH_11things_core6configNtB2_12ThingsConfig11for_testing
FN:22,_RINvMNtCsgowgEPBvTvH_11things_core6configNtB3_12ThingsConfig3newNtNtCsht3nMU9UgFu_3std4path7PathBufEB5_
FN:22,_RINvMNtCsgowgEPBvTvH_11things_core6configNtB3_12ThingsConfig3newRNtNtCsht3nMU9UgFu_3std4path4PathEB5_
FN:22,_RINvMNtCsgowgEPBvTvH_11things_core6configNtB3_12ThingsConfig3newReEB5_
FN:70,_RNCNvMNtCsgowgEPBvTvH_11things_core6configNtB4_12ThingsConfig25get_default_database_path0B6_
FN:82,_RNCNvMNtCsgowgEPBvTvH_11things_core6configNtB4_12ThingsConfig8from_env0B6_
FN:85,_RNCNvMNtCsgowgEPBvTvH_11things_core6configNtB4_12ThingsConfig8from_envs_0B6_
FNDA:0,_RINvMNtCs5gv2PErl1cl_11things_core6configNtB3_12ThingsConfig3newNtNtCsht3nMU9UgFu_3std4path7PathBufEB5_
FNDA:0,_RNCNvMNtCs5gv2PErl1cl_11things_core6configNtB4_12ThingsConfig25get_default_database_path0B6_
FNDA:0,_RNCNvMNtCs5gv2PErl1cl_11things_core6configNtB4_12ThingsConfig8from_env0B6_
FNDA:0,_RNCNvMNtCs5gv2PErl1cl_11things_core6configNtB4_12ThingsConfig8from_envs_0B6_
FNDA:0,_RNvMNtCs5gv2PErl1cl_11things_core6configNtB2_12ThingsConfig11for_testing
FNDA:0,_RNvMNtCs5gv2PErl1cl_11things_core6configNtB2_12ThingsConfig17with_default_path
FNDA:0,_RNvMNtCs5gv2PErl1cl_11things_core6configNtB2_12ThingsConfig25get_default_database_path
FNDA:0,_RNvMNtCs5gv2PErl1cl_11things_core6configNtB2_12ThingsConfig27get_effective_database_path
FNDA:0,_RNvMNtCs5gv2PErl1cl_11things_core6configNtB2_12ThingsConfig8from_env
FNDA:0,_RNvXs_NtCs5gv2PErl1cl_11things_core6configNtB4_12ThingsConfigNtNtCsaNl6UpbT7bw_4core7default7Default7default
FNDA:1,_RNvNtNtCsgowgEPBvTvH_11things_core6config5testss_19test_default_config
FNDA:1,_RNvNtNtCsgowgEPBvTvH_11things_core6config5testss_20test_config_creation
FNDA:1,_RNvNtNtCsgowgEPBvTvH_11things_core6config5testss_20test_config_from_env
FNDA:1,_RNvNtNtCsgowgEPBvTvH_11things_core6config5testss_22test_fallback_behavior
FNDA:1,_RNvNtNtCsgowgEPBvTvH_11things_core6config5testss_22test_fallback_disabled
FNDA:1,_RNvNtNtCsgowgEPBvTvH_11things_core6config5testss_28test_effective_database_path
FNDA:1,_RNvMNtCsgowgEPBvTvH_11things_core6configNtB2_12ThingsConfig17with_default_path
FNDA:6,_RNvMNtCsgowgEPBvTvH_11things_core6configNtB2_12ThingsConfig25get_default_database_path
FNDA:4,_RNvMNtCsgowgEPBvTvH_11things_core6configNtB2_12ThingsConfig27get_effective_database_path
FNDA:3,_RNvMNtCsgowgEPBvTvH_11things_core6configNtB2_12ThingsConfig8from_env
FNDA:1,_RNvXs_NtCsgowgEPBvTvH_11things_core6configNtB4_12ThingsConfigNtNtCsaNl6UpbT7bw_4core7default7Default7default
FNDA:0,_RNvMNtCsgowgEPBvTvH_11things_core6configNtB2_12ThingsConfig11for_testing
FNDA:3,_RINvMNtCsgowgEPBvTvH_11things_core6configNtB3_12ThingsConfig3newNtNtCsht3nMU9UgFu_3std4path7PathBufEB5_
FNDA:1,_RINvMNtCsgowgEPBvTvH_11things_core6configNtB3_12ThingsConfig3newRNtNtCsht3nMU9UgFu_3std4path4PathEB5_
FNDA:3,_RINvMNtCsgowgEPBvTvH_11things_core6configNtB3_12ThingsConfig3newReEB5_
FNDA:0,_RNCNvMNtCsgowgEPBvTvH_11things_core6configNtB4_12ThingsConfig25get_default_database_path0B6_
FNDA:2,_RNCNvMNtCsgowgEPBvTvH_11things_core6configNtB4_12ThingsConfig8from_env0B6_
FNDA:1,_RNCNvMNtCsgowgEPBvTvH_11things_core6configNtB4_12ThingsConfig8from_envs_0B6_
FNF:16
FNH:14
DA:22,7
DA:23,7
DA:24,7
DA:25,7
DA:26,7
DA:27,7
DA:31,1
DA:32,1
DA:33,1
DA:34,1
DA:35,1
DA:36,1
DA:42,4
DA:44,4
DA:45,2
DA:46,2
DA:49,2
DA:50,1
DA:51,1
DA:52,1
DA:53,0
DA:54,1
DA:56,1
DA:57,1
DA:58,1
DA:59,1
DA:60,0
DA:62,1
DA:65,4
DA:69,6
DA:70,6
DA:71,6
DA:72,6
DA:74,6
DA:80,3
DA:81,3
DA:82,3
DA:84,3
DA:85,3
DA:86,3
DA:88,3
DA:89,3
DA:95,0
DA:97,0
DA:98,0
DA:99,0
DA:100,0
DA:104,1
DA:105,1
DA:106,1
DA:115,1
DA:116,1
DA:117,1
DA:118,1
DA:119,1
DA:122,1
DA:123,1
DA:124,1
DA:125,1
DA:126,1
DA:127,1
DA:128,1
DA:129,1
DA:132,1
DA:133,1
DA:134,1
DA:136,1
DA:137,1
DA:139,1
DA:141,1
DA:144,1
DA:145,1
DA:146,1
DA:149,1
DA:151,1
DA:152,1
DA:153,1
DA:155,1
DA:156,1
DA:157,1
DA:160,1
DA:162,1
DA:163,1
DA:166,1
DA:167,1
DA:168,1
DA:171,0
DA:173,1
DA:176,1
DA:178,1
DA:179,1
DA:182,1
DA:183,1
BRF:0
BRH:0
LF:96
LH:87
end_of_record
SF:/Users/garthdb/Projects/rust-things/libs/things-core/src/database.rs
FN:84,_RINvMNtCs5gv2PErl1cl_11things_core8databaseNtB3_14ThingsDatabase3newRNtNtCsiTraAjBDcu4_5alloc6string6StringECsjC5STkO5s35_8ci_tests
FN:84,_RINvMNtCs5gv2PErl1cl_11things_core8databaseNtB3_14ThingsDatabase3newNtNtCsht3nMU9UgFu_3std4path7PathBufEB5_
FN:84,_RINvMNtCs5gv2PErl1cl_11things_core8databaseNtB3_14ThingsDatabase3newNtNtCsiTraAjBDcu4_5alloc6string6StringEB5_
FN:84,_RINvMNtCs5gv2PErl1cl_11things_core8databaseNtB3_14ThingsDatabase3newRNtNtCsht3nMU9UgFu_3std4path4PathEB5_
FN:320,_RNCNCNvMNtCs5gv2PErl1cl_11things_core8databaseNtB6_14ThingsDatabase12search_tasks00B8_
FN:345,_RNCNCNvMNtCs5gv2PErl1cl_11things_core8databaseNtB6_14ThingsDatabase12search_tasks0s0_0B8_
FN:368,_RNCNCNvMNtCs5gv2PErl1cl_11things_core8databaseNtB6_14ThingsDatabase12search_tasks0s1_0B8_
FN:371,_RNCNCNvMNtCs5gv2PErl1cl_11things_core8databaseNtB6_14ThingsDatabase12search_tasks0s2_0B8_
FN:374,_RNCNCNvMNtCs5gv2PErl1cl_11things_core8databaseNtB6_14ThingsDatabase12search_tasks0s3_0B8_
FN:340,_RNCNCNvMNtCs5gv2PErl1cl_11things_core8databaseNtB6_14ThingsDatabase12search_tasks0s_0B8_
FN:288,_RNCNCNvMNtCs5gv2PErl1cl_11things_core8databaseNtB6_14ThingsDatabase9get_areas00B8_
FN:178,_RNCNCNvMNtCs5gv2PErl1cl_11things_core8databaseNtB6_14ThingsDatabase9get_today00B8_
FN:198,_RNCNCNvMNtCs5gv2PErl1cl_11things_core8databaseNtB6_14ThingsDatabase9get_today0s0_0B8_
FN:221,_RNCNCNvMNtCs5gv2PErl1cl_11things_core8databaseNtB6_14ThingsDatabase9get_today0s1_0B8_
FN:224,_RNCNCNvMNtCs5gv2PErl1cl_11things_core8databaseNtB6_14ThingsDatabase9get_today0s2_0B8_
FN:227,_RNCNCNvMNtCs5gv2PErl1cl_11things_core8databaseNtB6_14ThingsDatabase9get_today0s3_0B8_
FN:193,_RNCNCNvMNtCs5gv2PErl1cl_11things_core8databaseNtB6_14ThingsDatabase9get_today0s_0B8_
FN:51,_RNCNvMNtCs5gv2PErl1cl_11things_core8databaseNtB4_14ThingsDatabase12convert_date0B6_
FN:64,_RNCNvMNtCs5gv2PErl1cl_11things_core8databaseNtB4_14ThingsDatabase12convert_uuid0B6_
FN:104,_RNCNvMNtCs5gv2PErl1cl_11things_core8databaseNtB4_14ThingsDatabase12default_path0B6_
FN:318,_RNCNvMNtCs5gv2PErl1cl_11things_core8databaseNtB4_14ThingsDatabase12search_tasks0B6_
FN:393,_RNCNvMNtCs5gv2PErl1cl_11things_core8databaseNtB4_14ThingsDatabase15map_project_row0B6_
FN:401,_RNCNvMNtCs5gv2PErl1cl_11things_core8databaseNtB4_14ThingsDatabase15map_project_rows0_0B6_
FN:424,_RNCNvMNtCs5gv2PErl1cl_11things_core8databaseNtB4_14ThingsDatabase15map_project_rows1_0B6_
FN:396,_RNCNvMNtCs5gv2PErl1cl_11things_core8databaseNtB4_14ThingsDatabase15map_project_rows_0B6_
FN:41,_RNCNvMNtCs5gv2PErl1cl_11things_core8databaseNtB4_14ThingsDatabase17convert_timestamp0B6_
FN:285,_RNCNvMNtCs5gv2PErl1cl_11things_core8databaseNtB4_14ThingsDatabase9get_areas0B6_
FN:131,_RNCNvMNtCs5gv2PErl1cl_11things_core8databaseNtB4_14ThingsDatabase9get_inbox0B6_
FN:175,_RNCNvMNtCs5gv2PErl1cl_11things_core8databaseNtB4_14ThingsDatabase9get_today0B6_
FN:94,_RNvMNtCs5gv2PErl1cl_11things_core8databaseNtB2_14ThingsDatabase11with_config
FN:50,_RNvMNtCs5gv2PErl1cl_11things_core8databaseNtB2_14ThingsDatabase12convert_date
FN:63,_RNvMNtCs5gv2PErl1cl_11things_core8databaseNtB2_14ThingsDatabase12convert_uuid
FN:101,_RNvMNtCs5gv2PErl1cl_11things_core8databaseNtB2_14ThingsDatabase12default_path
FN:246,_RNvMNtCs5gv2PErl1cl_11things_core8databaseNtB2_14ThingsDatabase12get_projects
FN:309,_RNvMNtCs5gv2PErl1cl_11things_core8databaseNtB2_14ThingsDatabase12search_tasks
FN:390,_RNvMNtCs5gv2PErl1cl_11things_core8databaseNtB2_14ThingsDatabase15map_project_row
FN:20,_RNvMNtCs5gv2PErl1cl_11things_core8databaseNtB2_14ThingsDatabase17convert_task_type
FN:40,_RNvMNtCs5gv2PErl1cl_11things_core8databaseNtB2_14ThingsDatabase17convert_timestamp
FN:112,_RNvMNtCs5gv2PErl1cl_11things_core8databaseNtB2_14ThingsDatabase17with_default_path
FN:30,_RNvMNtCs5gv2PErl1cl_11things_core8databaseNtB2_14ThingsDatabase19convert_task_status
FN:277,_RNvMNtCs5gv2PErl1cl_11things_core8databaseNtB2_14ThingsDatabase9get_areas
FN:123,_RNvMNtCs5gv2PErl1cl_11things_core8databaseNtB2_14ThingsDatabase9get_inbox
FN:166,_RNvMNtCs5gv2PErl1cl_11things_core8databaseNtB2_14ThingsDatabase9get_today
FN:84,_RINvMNtCs5gv2PErl1cl_11things_core8databaseNtB3_14ThingsDatabase3newRNtNtCsiTraAjBDcu4_5alloc6string6StringECs9fpwJH2o9XW_17integration_tests
FN:84,_RINvMNtCsgowgEPBvTvH_11things_core8databaseNtB3_14ThingsDatabase3newpEB5_
FN:320,_RNCNCNvMNtCsgowgEPBvTvH_11things_core8databaseNtB6_14ThingsDatabase12search_tasks00B8_
FN:345,_RNCNCNvMNtCsgowgEPBvTvH_11things_core8databaseNtB6_14ThingsDatabase12search_tasks0s0_0B8_
FN:368,_RNCNCNvMNtCsgowgEPBvTvH_11things_core8databaseNtB6_14ThingsDatabase12search_tasks0s1_0B8_
FN:371,_RNCNCNvMNtCsgowgEPBvTvH_11things_core8databaseNtB6_14ThingsDatabase12search_tasks0s2_0B8_
FN:374,_RNCNCNvMNtCsgowgEPBvTvH_11things_core8databaseNtB6_14ThingsDatabase12search_tasks0s3_0B8_
FN:340,_RNCNCNvMNtCsgowgEPBvTvH_11things_core8databaseNtB6_14ThingsDatabase12search_tasks0s_0B8_
FN:288,_RNCNCNvMNtCsgowgEPBvTvH_11things_core8databaseNtB6_14ThingsDatabase9get_areas00B8_
FN:178,_RNCNCNvMNtCsgowgEPBvTvH_11things_core8databaseNtB6_14ThingsDatabase9get_today00B8_
FN:198,_RNCNCNvMNtCsgowgEPBvTvH_11things_core8databaseNtB6_14ThingsDatabase9get_today0s0_0B8_
FN:221,_RNCNCNvMNtCsgowgEPBvTvH_11things_core8databaseNtB6_14ThingsDatabase9get_today0s1_0B8_
FN:224,_RNCNCNvMNtCsgowgEPBvTvH_11things_core8databaseNtB6_14ThingsDatabase9get_today0s2_0B8_
FN:227,_RNCNCNvMNtCsgowgEPBvTvH_11things_core8databaseNtB6_14ThingsDatabase9get_today0s3_0B8_
FN:193,_RNCNCNvMNtCsgowgEPBvTvH_11things_core8databaseNtB6_14ThingsDatabase9get_today0s_0B8_
FN:51,_RNCNvMNtCsgowgEPBvTvH_11things_core8databaseNtB4_14ThingsDatabase12convert_date0B6_
FN:64,_RNCNvMNtCsgowgEPBvTvH_11things_core8databaseNtB4_14ThingsDatabase12convert_uuid0B6_
FN:104,_RNCNvMNtCsgowgEPBvTvH_11things_core8databaseNtB4_14ThingsDatabase12default_path0B6_
FN:318,_RNCNvMNtCsgowgEPBvTvH_11things_core8databaseNtB4_14ThingsDatabase12search_tasks0B6_
FN:393,_RNCNvMNtCsgowgEPBvTvH_11things_core8databaseNtB4_14ThingsDatabase15map_project_row0B6_
FN:401,_RNCNvMNtCsgowgEPBvTvH_11things_core8databaseNtB4_14ThingsDatabase15map_project_rows0_0B6_
FN:424,_RNCNvMNtCsgowgEPBvTvH_11things_core8databaseNtB4_14ThingsDatabase15map_project_rows1_0B6_
FN:396,_RNCNvMNtCsgowgEPBvTvH_11things_core8databaseNtB4_14ThingsDatabase15map_project_rows_0B6_
FN:41,_RNCNvMNtCsgowgEPBvTvH_11things_core8databaseNtB4_14ThingsDatabase17convert_timestamp0B6_
FN:285,_RNCNvMNtCsgowgEPBvTvH_11things_core8databaseNtB4_14ThingsDatabase9get_areas0B6_
FN:131,_RNCNvMNtCsgowgEPBvTvH_11things_core8databaseNtB4_14ThingsDatabase9get_inbox0B6_
FN:175,_RNCNvMNtCsgowgEPBvTvH_11things_core8databaseNtB4_14ThingsDatabase9get_today0B6_
FN:94,_RNvMNtCsgowgEPBvTvH_11things_core8databaseNtB2_14ThingsDatabase11with_config
FN:50,_RNvMNtCsgowgEPBvTvH_11things_core8databaseNtB2_14ThingsDatabase12convert_date
FN:63,_RNvMNtCsgowgEPBvTvH_11things_core8databaseNtB2_14ThingsDatabase12convert_uuid
FN:101,_RNvMNtCsgowgEPBvTvH_11things_core8databaseNtB2_14ThingsDatabase12default_path
FN:246,_RNvMNtCsgowgEPBvTvH_11things_core8databaseNtB2_14ThingsDatabase12get_projects
FN:309,_RNvMNtCsgowgEPBvTvH_11things_core8databaseNtB2_14ThingsDatabase12search_tasks
FN:390,_RNvMNtCsgowgEPBvTvH_11things_core8databaseNtB2_14ThingsDatabase15map_project_row
FN:20,_RNvMNtCsgowgEPBvTvH_11things_core8databaseNtB2_14ThingsDatabase17convert_task_type
FN:40,_RNvMNtCsgowgEPBvTvH_11things_core8databaseNtB2_14ThingsDatabase17convert_timestamp
FN:112,_RNvMNtCsgowgEPBvTvH_11things_core8databaseNtB2_14ThingsDatabase17with_default_path
FN:30,_RNvMNtCsgowgEPBvTvH_11things_core8databaseNtB2_14ThingsDatabase19convert_task_status
FN:277,_RNvMNtCsgowgEPBvTvH_11things_core8databaseNtB2_14ThingsDatabase9get_areas
FN:123,_RNvMNtCsgowgEPBvTvH_11things_core8databaseNtB2_14ThingsDatabase9get_inbox
FN:166,_RNvMNtCsgowgEPBvTvH_11things_core8databaseNtB2_14ThingsDatabase9get_today
FNDA:1,_RINvMNtCs5gv2PErl1cl_11things_core8databaseNtB3_14ThingsDatabase3newRNtNtCsiTraAjBDcu4_5alloc6string6StringECsjC5STkO5s35_8ci_tests
FNDA:0,_RINvMNtCs5gv2PErl1cl_11things_core8databaseNtB3_14ThingsDatabase3newNtNtCsht3nMU9UgFu_3std4path7PathBufEB5_
FNDA:0,_RINvMNtCs5gv2PErl1cl_11things_core8databaseNtB3_14ThingsDatabase3newNtNtCsiTraAjBDcu4_5alloc6string6StringEB5_
FNDA:2,_RINvMNtCs5gv2PErl1cl_11things_core8databaseNtB3_14ThingsDatabase3newRNtNtCsht3nMU9UgFu_3std4path4PathEB5_
FNDA:0,_RNCNCNvMNtCs5gv2PErl1cl_11things_core8databaseNtB6_14ThingsDatabase12search_tasks00B8_
FNDA:1,_RNCNCNvMNtCs5gv2PErl1cl_11things_core8databaseNtB6_14ThingsDatabase12search_tasks0s0_0B8_
FNDA:0,_RNCNCNvMNtCs5gv2PErl1cl_11things_core8databaseNtB6_14ThingsDatabase12search_tasks0s1_0B8_
FNDA:0,_RNCNCNvMNtCs5gv2PErl1cl_11things_core8databaseNtB6_14ThingsDatabase12search_tasks0s2_0B8_
FNDA:0,_RNCNCNvMNtCs5gv2PErl1cl_11things_core8databaseNtB6_14ThingsDatabase12search_tasks0s3_0B8_
FNDA:1,_RNCNCNvMNtCs5gv2PErl1cl_11things_core8databaseNtB6_14ThingsDatabase12search_tasks0s_0B8_
FNDA:0,_RNCNCNvMNtCs5gv2PErl1cl_11things_core8databaseNtB6_14ThingsDatabase9get_areas00B8_
FNDA:0,_RNCNCNvMNtCs5gv2PErl1cl_11things_core8databaseNtB6_14ThingsDatabase9get_today00B8_
FNDA:0,_RNCNCNvMNtCs5gv2PErl1cl_11things_core8databaseNtB6_14ThingsDatabase9get_today0s0_0B8_
FNDA:0,_RNCNCNvMNtCs5gv2PErl1cl_11things_core8databaseNtB6_14ThingsDatabase9get_today0s1_0B8_
FNDA:0,_RNCNCNvMNtCs5gv2PErl1cl_11things_core8databaseNtB6_14ThingsDatabase9get_today0s2_0B8_
FNDA:0,_RNCNCNvMNtCs5gv2PErl1cl_11things_core8databaseNtB6_14ThingsDatabase9get_today0s3_0B8_
FNDA:0,_RNCNCNvMNtCs5gv2PErl1cl_11things_core8databaseNtB6_14ThingsDatabase9get_today0s_0B8_
FNDA:3,_RNCNvMNtCs5gv2PErl1cl_11things_core8databaseNtB4_14ThingsDatabase12convert_date0B6_
FNDA:5,_RNCNvMNtCs5gv2PErl1cl_11things_core8databaseNtB4_14ThingsDatabase12convert_uuid0B6_
FNDA:0,_RNCNvMNtCs5gv2PErl1cl_11things_core8databaseNtB4_14ThingsDatabase12default_path0B6_
FNDA:2,_RNCNvMNtCs5gv2PErl1cl_11things_core8databaseNtB4_14ThingsDatabase12search_tasks0B6_
FNDA:0,_RNCNvMNtCs5gv2PErl1cl_11things_core8databaseNtB4_14ThingsDatabase15map_project_row0B6_
FNDA:1,_RNCNvMNtCs5gv2PErl1cl_11things_core8databaseNtB4_14ThingsDatabase15map_project_rows0_0B6_
FNDA:2,_RNCNvMNtCs5gv2PErl1cl_11things_core8databaseNtB4_14ThingsDatabase15map_project_rows1_0B6_
FNDA:2,_RNCNvMNtCs5gv2PErl1cl_11things_core8databaseNtB4_14ThingsDatabase15map_project_rows_0B6_
FNDA:10,_RNCNvMNtCs5gv2PErl1cl_11things_core8databaseNtB4_14ThingsDatabase17convert_timestamp0B6_
FNDA:3,_RNCNvMNtCs5gv2PErl1cl_11things_core8databaseNtB4_14ThingsDatabase9get_areas0B6_
FNDA:5,_RNCNvMNtCs5gv2PErl1cl_11things_core8databaseNtB4_14ThingsDatabase9get_inbox0B6_
FNDA:0,_RNCNvMNtCs5gv2PErl1cl_11things_core8databaseNtB4_14ThingsDatabase9get_today0B6_
FNDA:0,_RNvMNtCs5gv2PErl1cl_11things_core8databaseNtB2_14ThingsDatabase11with_config
FNDA:10,_RNvMNtCs5gv2PErl1cl_11things_core8databaseNtB2_14ThingsDatabase12convert_date
FNDA:20,_RNvMNtCs5gv2PErl1cl_11things_core8databaseNtB2_14ThingsDatabase12convert_uuid
FNDA:4,_RNvMNtCs5gv2PErl1cl_11things_core8databaseNtB2_14ThingsDatabase12default_path
FNDA:1,_RNvMNtCs5gv2PErl1cl_11things_core8databaseNtB2_14ThingsDatabase12get_projects
FNDA:1,_RNvMNtCs5gv2PErl1cl_11things_core8databaseNtB2_14ThingsDatabase12search_tasks
FNDA:2,_RNvMNtCs5gv2PErl1cl_11things_core8databaseNtB2_14ThingsDatabase15map_project_row
FNDA:5,_RNvMNtCs5gv2PErl1cl_11things_core8databaseNtB2_14ThingsDatabase17convert_task_type
FNDA:10,_RNvMNtCs5gv2PErl1cl_11things_core8databaseNtB2_14ThingsDatabase17convert_timestamp
FNDA:0,_RNvMNtCs5gv2PErl1cl_11things_core8databaseNtB2_14ThingsDatabase17with_default_path
FNDA:5,_RNvMNtCs5gv2PErl1cl_11things_core8databaseNtB2_14ThingsDatabase19convert_task_status
FNDA:1,_RNvMNtCs5gv2PErl1cl_11things_core8databaseNtB2_14ThingsDatabase9get_areas
FNDA:1,_RNvMNtCs5gv2PErl1cl_11things_core8databaseNtB2_14ThingsDatabase9get_inbox
FNDA:1,_RNvMNtCs5gv2PErl1cl_11things_core8databaseNtB2_14ThingsDatabase9get_today
FNDA:1,_RINvMNtCs5gv2PErl1cl_11things_core8databaseNtB3_14ThingsDatabase3newRNtNtCsiTraAjBDcu4_5alloc6string6StringECs9fpwJH2o9XW_17integration_tests
FNDA:0,_RINvMNtCsgowgEPBvTvH_11things_core8databaseNtB3_14ThingsDatabase3newpEB5_
FNDA:0,_RNCNCNvMNtCsgowgEPBvTvH_11things_core8databaseNtB6_14ThingsDatabase12search_tasks00B8_
FNDA:0,_RNCNCNvMNtCsgowgEPBvTvH_11things_core8databaseNtB6_14ThingsDatabase12search_tasks0s0_0B8_
FNDA:0,_RNCNCNvMNtCsgowgEPBvTvH_11things_core8databaseNtB6_14ThingsDatabase12search_tasks0s1_0B8_
FNDA:0,_RNCNCNvMNtCsgowgEPBvTvH_11things_core8databaseNtB6_14ThingsDatabase12search_tasks0s2_0B8_
FNDA:0,_RNCNCNvMNtCsgowgEPBvTvH_11things_core8databaseNtB6_14ThingsDatabase12search_tasks0s3_0B8_
FNDA:0,_RNCNCNvMNtCsgowgEPBvTvH_11things_core8databaseNtB6_14ThingsDatabase12search_tasks0s_0B8_
FNDA:0,_RNCNCNvMNtCsgowgEPBvTvH_11things_core8databaseNtB6_14ThingsDatabase9get_areas00B8_
FNDA:0,_RNCNCNvMNtCsgowgEPBvTvH_11things_core8databaseNtB6_14ThingsDatabase9get_today00B8_
FNDA:0,_RNCNCNvMNtCsgowgEPBvTvH_11things_core8databaseNtB6_14ThingsDatabase9get_today0s0_0B8_
FNDA:0,_RNCNCNvMNtCsgowgEPBvTvH_11things_core8databaseNtB6_14ThingsDatabase9get_today0s1_0B8_
FNDA:0,_RNCNCNvMNtCsgowgEPBvTvH_11things_core8databaseNtB6_14ThingsDatabase9get_today0s2_0B8_
FNDA:0,_RNCNCNvMNtCsgowgEPBvTvH_11things_core8databaseNtB6_14ThingsDatabase9get_today0s3_0B8_
FNDA:0,_RNCNCNvMNtCsgowgEPBvTvH_11things_core8databaseNtB6_14ThingsDatabase9get_today0s_0B8_
FNDA:0,_RNCNvMNtCsgowgEPBvTvH_11things_core8databaseNtB4_14ThingsDatabase12convert_date0B6_
FNDA:0,_RNCNvMNtCsgowgEPBvTvH_11things_core8databaseNtB4_14ThingsDatabase12convert_uuid0B6_
FNDA:0,_RNCNvMNtCsgowgEPBvTvH_11things_core8databaseNtB4_14ThingsDatabase12default_path0B6_
FNDA:0,_RNCNvMNtCsgowgEPBvTvH_11things_core8databaseNtB4_14ThingsDatabase12search_tasks0B6_
FNDA:0,_RNCNvMNtCsgowgEPBvTvH_11things_core8databaseNtB4_14ThingsDatabase15map_project_row0B6_
FNDA:0,_RNCNvMNtCsgowgEPBvTvH_11things_core8databaseNtB4_14ThingsDatabase15map_project_rows0_0B6_
FNDA:0,_RNCNvMNtCsgowgEPBvTvH_11things_core8databaseNtB4_14ThingsDatabase15map_project_rows1_0B6_
FNDA:0,_RNCNvMNtCsgowgEPBvTvH_11things_core8databaseNtB4_14ThingsDatabase15map_project_rows_0B6_
FNDA:0,_RNCNvMNtCsgowgEPBvTvH_11things_core8databaseNtB4_14ThingsDatabase17convert_timestamp0B6_
FNDA:0,_RNCNvMNtCsgowgEPBvTvH_11things_core8databaseNtB4_14ThingsDatabase9get_areas0B6_
FNDA:0,_RNCNvMNtCsgowgEPBvTvH_11things_core8databaseNtB4_14ThingsDatabase9get_inbox0B6_
FNDA:0,_RNCNvMNtCsgowgEPBvTvH_11things_core8databaseNtB4_14ThingsDatabase9get_today0B6_
FNDA:0,_RNvMNtCsgowgEPBvTvH_11things_core8databaseNtB2_14ThingsDatabase11with_config
FNDA:0,_RNvMNtCsgowgEPBvTvH_11things_core8databaseNtB2_14ThingsDatabase12convert_date
FNDA:0,_RNvMNtCsgowgEPBvTvH_11things_core8databaseNtB2_14ThingsDatabase12convert_uuid
FNDA:0,_RNvMNtCsgowgEPBvTvH_11things_core8databaseNtB2_14ThingsDatabase12default_path
FNDA:0,_RNvMNtCsgowgEPBvTvH_11things_core8databaseNtB2_14ThingsDatabase12get_projects
FNDA:0,_RNvMNtCsgowgEPBvTvH_11things_core8databaseNtB2_14ThingsDatabase12search_tasks
FNDA:0,_RNvMNtCsgowgEPBvTvH_11things_core8databaseNtB2_14ThingsDatabase15map_project_row
FNDA:0,_RNvMNtCsgowgEPBvTvH_11things_core8databaseNtB2_14ThingsDatabase17convert_task_type
FNDA:0,_RNvMNtCsgowgEPBvTvH_11things_core8databaseNtB2_14ThingsDatabase17convert_timestamp
FNDA:0,_RNvMNtCsgowgEPBvTvH_11things_core8databaseNtB2_14ThingsDatabase17with_default_path
FNDA:0,_RNvMNtCsgowgEPBvTvH_11things_core8databaseNtB2_14ThingsDatabase19convert_task_status
FNDA:0,_RNvMNtCsgowgEPBvTvH_11things_core8databaseNtB2_14ThingsDatabase9get_areas
FNDA:0,_RNvMNtCsgowgEPBvTvH_11things_core8databaseNtB2_14ThingsDatabase9get_inbox
FNDA:0,_RNvMNtCsgowgEPBvTvH_11things_core8databaseNtB2_14ThingsDatabase9get_today
FNF:40
FNH:24
DA:20,5
DA:21,5
DA:22,0
DA:23,0
DA:24,0
DA:25,5
DA:27,5
DA:30,5
DA:31,5
DA:32,0
DA:33,0
DA:34,0
DA:35,5
DA:37,5
DA:40,10
DA:41,10
DA:44,10
DA:46,10
DA:47,10
DA:50,10
DA:51,10
DA:53,3
DA:56,3
DA:58,3
DA:59,10
DA:63,20
DA:64,20
DA:66,5
DA:67,5
DA:72,0
DA:73,0
DA:74,0
DA:76,0
DA:78,5
DA:79,20
DA:84,4
DA:85,4
DA:86,4
DA:87,4
DA:94,0
DA:95,0
DA:96,0
DA:97,0
DA:101,4
DA:102,4
DA:103,4
DA:104,4
DA:106,4
DA:112,0
DA:113,0
DA:114,0
DA:123,1
DA:124,1
DA:125,1
DA:126,1
DA:127,1
DA:128,1
DA:129,0
DA:131,5
DA:133,5
DA:134,5
DA:135,5
DA:136,5
DA:137,5
DA:138,5
DA:139,5
DA:140,5
DA:141,5
DA:142,5
DA:143,5
DA:144,5
DA:145,5
DA:146,5
DA:148,5
DA:150,1
DA:152,1
DA:153,1
DA:154,1
DA:156,1
DA:157,1
DA:166,1
DA:167,1
DA:168,1
DA:169,1
DA:170,1
DA:171,1
DA:172,1
DA:173,0
DA:175,1
DA:177,0
DA:178,0
DA:179,0
DA:180,0
DA:181,0
DA:182,0
DA:183,0
DA:184,0
DA:186,0
DA:187,0
DA:188,0
DA:189,0
DA:190,0
DA:192,0
DA:193,0
DA:195,0
DA:196,0
DA:197,0
DA:198,0
DA:200,0
DA:201,0
DA:202,0
DA:204,0
DA:206,0
DA:207,0
DA:208,0
DA:209,0
DA:212,0
DA:214,0
DA:215,0
DA:216,0
DA:217,0
DA:219,0
DA:220,0
DA:221,0
DA:222,0
DA:223,0
DA:224,0
DA:225,0
DA:226,0
DA:227,0
DA:228,0
DA:229,0
DA:231,0
DA:233,1
DA:235,1
DA:236,1
DA:237,1
DA:239,1
DA:240,1
DA:246,1
DA:247,1
DA:248,0
DA:249,0
DA:250,0
DA:251,0
DA:253,1
DA:254,1
DA:255,1
DA:256,1
DA:259,1
DA:260,1
DA:261,0
DA:263,1
DA:266,1
DA:267,1
DA:268,1
DA:277,1
DA:278,1
DA:279,1
DA:280,1
DA:281,1
DA:282,1
DA:283,0
DA:285,3
DA:287,3
DA:288,3
DA:289,3
DA:290,3
DA:291,3
DA:292,3
DA:293,3
DA:294,3
DA:296,3
DA:298,1
DA:299,1
DA:300,1
DA:309,1
DA:310,1
DA:311,1
DA:312,1
DA:313,1
DA:314,1
DA:315,1
DA:316,0
DA:318,2
DA:319,2
DA:320,2
DA:322,0
DA:323,0
DA:325,2
DA:326,2
DA:327,2
DA:328,0
DA:329,0
DA:330,0
DA:331,2
DA:333,2
DA:334,0
DA:335,0
DA:336,0
DA:337,2
DA:339,2
DA:340,2
DA:342,1
DA:343,1
DA:344,1
DA:345,2
DA:347,1
DA:348,1
DA:349,1
DA:351,2
DA:353,2
DA:354,2
DA:355,2
DA:356,2
DA:359,2
DA:361,2
DA:362,2
DA:363,2
DA:364,2
DA:366,2
DA:367,2
DA:368,2
DA:369,2
DA:370,2
DA:371,2
DA:372,2
DA:373,2
DA:374,2
DA:375,2
DA:376,2
DA:378,2
DA:380,1
DA:382,1
DA:383,1
DA:384,1
DA:386,1
DA:387,1
DA:390,2
DA:392,2
DA:393,2
DA:394,2
DA:395,2
DA:396,2
DA:398,2
DA:399,2
DA:400,2
DA:401,2
DA:403,1
DA:404,1
DA:405,1
DA:407,2
DA:409,2
DA:410,2
DA:411,2
DA:412,2
DA:415,2
DA:417,2
DA:418,2
DA:419,2
DA:420,2
DA:422,2
DA:423,2
DA:424,2
DA:425,2
DA:426,2
DA:427,0
DA:428,0
DA:429,0
DA:430,2
DA:432,2
DA:434,2
BRF:0
BRH:0
LF:301
LH:202
end_of_record
SF:/Users/garthdb/Projects/rust-things/libs/things-core/src/error.rs
FN:50,_RINvMNtCs5gv2PErl1cl_11things_core5errorNtB3_11ThingsError10validationpEB5_
FN:64,_RINvMNtCs5gv2PErl1cl_11things_core5errorNtB3_11ThingsError7unknownpEB5_
FN:57,_RINvMNtCs5gv2PErl1cl_11things_core5errorNtB3_11ThingsError13configurationNtNtCsiTraAjBDcu4_5alloc6string6StringEB5_
FN:50,_RINvMNtCsgowgEPBvTvH_11things_core5errorNtB3_11ThingsError10validationpEB5_
FN:64,_RINvMNtCsgowgEPBvTvH_11things_core5errorNtB3_11ThingsError7unknownpEB5_
FN:57,_RINvMNtCsgowgEPBvTvH_11things_core5errorNtB3_11ThingsError13configurationNtNtCsiTraAjBDcu4_5alloc6string6StringEB5_
FNDA:0,_RINvMNtCs5gv2PErl1cl_11things_core5errorNtB3_11ThingsError10validationpEB5_
FNDA:0,_RINvMNtCs5gv2PErl1cl_11things_core5errorNtB3_11ThingsError7unknownpEB5_
FNDA:0,_RINvMNtCs5gv2PErl1cl_11things_core5errorNtB3_11ThingsError13configurationNtNtCsiTraAjBDcu4_5alloc6string6StringEB5_
FNDA:0,_RINvMNtCsgowgEPBvTvH_11things_core5errorNtB3_11ThingsError10validationpEB5_
FNDA:0,_RINvMNtCsgowgEPBvTvH_11things_core5errorNtB3_11ThingsError7unknownpEB5_
FNDA:1,_RINvMNtCsgowgEPBvTvH_11things_core5errorNtB3_11ThingsError13configurationNtNtCsiTraAjBDcu4_5alloc6string6StringEB5_
FNF:3
FNH:1
DA:50,0
DA:51,0
DA:52,0
DA:53,0
DA:54,0
DA:57,1
DA:58,1
DA:59,1
DA:60,1
DA:61,1
DA:64,0
DA:65,0
DA:66,0
DA:67,0
DA:68,0
BRF:0
BRH:0
LF:15
LH:5
end_of_record
SF:/Users/garthdb/Projects/rust-things/libs/things-core/src/export.rs
FN:125,_RNCNvMs1_NtCs5gv2PErl1cl_11things_core6exportNtB7_12DataExporter10export_csv0B9_
FN:127,_RNCNvMs1_NtCs5gv2PErl1cl_11things_core6exportNtB7_12DataExporter10export_csvs0_0B9_
FN:146,_RNCNvMs1_NtCs5gv2PErl1cl_11things_core6exportNtB7_12DataExporter10export_csvs1_0B9_
FN:126,_RNCNvMs1_NtCs5gv2PErl1cl_11things_core6exportNtB7_12DataExporter10export_csvs_0B9_
FN:307,_RNCNvNtCs5gv2PErl1cl_11things_core6export15format_date_csv0B5_
FN:344,_RNvNtNtCsgowgEPBvTvH_11things_core6export5testss_15test_export_csv
FN:336,_RNvNtNtCsgowgEPBvTvH_11things_core6export5testss_16test_export_json
FN:360,_RNvNtNtCsgowgEPBvTvH_11things_core6export5testss_16test_export_opml
FN:352,_RNvNtNtCsgowgEPBvTvH_11things_core6export5testss_20test_export_markdown
FN:21,_RNvXNtCsgowgEPBvTvH_11things_core6exportNtB2_12ExportFormatNtNtNtCsaNl6UpbT7bw_4core3str6traits7FromStr8from_str
FN:108,_RNvMs1_NtCsgowgEPBvTvH_11things_core6exportNtB5_12DataExporter10export_csv
FN:103,_RNvMs1_NtCsgowgEPBvTvH_11things_core6exportNtB5_12DataExporter11export_json
FN:170,_RNvMs1_NtCsgowgEPBvTvH_11things_core6exportNtB5_12DataExporter11export_opml
FN:88,_RNvMs1_NtCsgowgEPBvTvH_11things_core6exportNtB5_12DataExporter11new_default
FN:224,_RNvMs1_NtCsgowgEPBvTvH_11things_core6exportNtB5_12DataExporter15export_markdown
FN:84,_RNvMs1_NtCsgowgEPBvTvH_11things_core6exportNtB5_12DataExporter3new
FN:93,_RNvMs1_NtCsgowgEPBvTvH_11things_core6exportNtB5_12DataExporter6export
FN:43,_RNvMs_NtCsgowgEPBvTvH_11things_core6exportNtB4_10ExportData3new
FN:315,_RNvNtCsgowgEPBvTvH_11things_core6export10escape_csv
FN:323,_RNvNtCsgowgEPBvTvH_11things_core6export10escape_xml
FN:306,_RNvNtCsgowgEPBvTvH_11things_core6export15format_date_csv
FN:311,_RNvNtCsgowgEPBvTvH_11things_core6export19format_datetime_csv
FN:288,_RNvNtCsgowgEPBvTvH_11things_core6export20format_task_type_csv
FN:297,_RNvNtCsgowgEPBvTvH_11things_core6export22format_task_status_csv
FN:66,_RNvXs0_NtCsgowgEPBvTvH_11things_core6exportNtB5_12ExportConfigNtNtCsaNl6UpbT7bw_4core7default7Default7default
FN:125,_RNCNvMs1_NtCsgowgEPBvTvH_11things_core6exportNtB7_12DataExporter10export_csv0B9_
FN:127,_RNCNvMs1_NtCsgowgEPBvTvH_11things_core6exportNtB7_12DataExporter10export_csvs0_0B9_
FN:146,_RNCNvMs1_NtCsgowgEPBvTvH_11things_core6exportNtB7_12DataExporter10export_csvs1_0B9_
FN:126,_RNCNvMs1_NtCsgowgEPBvTvH_11things_core6exportNtB7_12DataExporter10export_csvs_0B9_
FN:307,_RNCNvNtCsgowgEPBvTvH_11things_core6export15format_date_csv0B5_
FNDA:0,_RNCNvMs1_NtCs5gv2PErl1cl_11things_core6exportNtB7_12DataExporter10export_csv0B9_
FNDA:0,_RNCNvMs1_NtCs5gv2PErl1cl_11things_core6exportNtB7_12DataExporter10export_csvs0_0B9_
FNDA:0,_RNCNvMs1_NtCs5gv2PErl1cl_11things_core6exportNtB7_12DataExporter10export_csvs1_0B9_
FNDA:0,_RNCNvMs1_NtCs5gv2PErl1cl_11things_core6exportNtB7_12DataExporter10export_csvs_0B9_
FNDA:0,_RNCNvNtCs5gv2PErl1cl_11things_core6export15format_date_csv0B5_
FNDA:1,_RNvNtNtCsgowgEPBvTvH_11things_core6export5testss_15test_export_csv
FNDA:1,_RNvNtNtCsgowgEPBvTvH_11things_core6export5testss_16test_export_json
FNDA:1,_RNvNtNtCsgowgEPBvTvH_11things_core6export5testss_16test_export_opml
FNDA:1,_RNvNtNtCsgowgEPBvTvH_11things_core6export5testss_20test_export_markdown
FNDA:0,_RNvXNtCsgowgEPBvTvH_11things_core6exportNtB2_12ExportFormatNtNtNtCsaNl6UpbT7bw_4core3str6traits7FromStr8from_str
FNDA:1,_RNvMs1_NtCsgowgEPBvTvH_11things_core6exportNtB5_12DataExporter10export_csv
FNDA:1,_RNvMs1_NtCsgowgEPBvTvH_11things_core6exportNtB5_12DataExporter11export_json
FNDA:1,_RNvMs1_NtCsgowgEPBvTvH_11things_core6exportNtB5_12DataExporter11export_opml
FNDA:4,_RNvMs1_NtCsgowgEPBvTvH_11things_core6exportNtB5_12DataExporter11new_default
FNDA:1,_RNvMs1_NtCsgowgEPBvTvH_11things_core6exportNtB5_12DataExporter15export_markdown
FNDA:4,_RNvMs1_NtCsgowgEPBvTvH_11things_core6exportNtB5_12DataExporter3new
FNDA:4,_RNvMs1_NtCsgowgEPBvTvH_11things_core6exportNtB5_12DataExporter6export
FNDA:4,_RNvMs_NtCsgowgEPBvTvH_11things_core6exportNtB4_10ExportData3new
FNDA:0,_RNvNtCsgowgEPBvTvH_11things_core6export10escape_csv
FNDA:0,_RNvNtCsgowgEPBvTvH_11things_core6export10escape_xml
FNDA:0,_RNvNtCsgowgEPBvTvH_11things_core6export15format_date_csv
FNDA:0,_RNvNtCsgowgEPBvTvH_11things_core6export19format_datetime_csv
FNDA:0,_RNvNtCsgowgEPBvTvH_11things_core6export20format_task_type_csv
FNDA:0,_RNvNtCsgowgEPBvTvH_11things_core6export22format_task_status_csv
FNDA:4,_RNvXs0_NtCsgowgEPBvTvH_11things_core6exportNtB5_12ExportConfigNtNtCsaNl6UpbT7bw_4core7default7Default7default
FNDA:0,_RNCNvMs1_NtCsgowgEPBvTvH_11things_core6exportNtB7_12DataExporter10export_csv0B9_
FNDA:0,_RNCNvMs1_NtCsgowgEPBvTvH_11things_core6exportNtB7_12DataExporter10export_csvs0_0B9_
FNDA:0,_RNCNvMs1_NtCsgowgEPBvTvH_11things_core6exportNtB7_12DataExporter10export_csvs1_0B9_
FNDA:0,_RNCNvMs1_NtCsgowgEPBvTvH_11things_core6exportNtB7_12DataExporter10export_csvs_0B9_
FNDA:0,_RNCNvNtCsgowgEPBvTvH_11things_core6export15format_date_csv0B5_
FNF:25
FNH:13
DA:21,0
DA:22,0
DA:23,0
DA:24,0
DA:25,0
DA:26,0
DA:27,0
DA:29,0
DA:43,4
DA:44,4
DA:45,4
DA:46,4
DA:47,4
DA:48,4
DA:49,4
DA:50,4
DA:51,4
DA:52,4
DA:66,4
DA:67,4
DA:68,4
DA:69,4
DA:70,4
DA:71,4
DA:72,4
DA:73,4
DA:74,4
DA:84,4
DA:85,4
DA:86,4
DA:88,4
DA:89,4
DA:90,4
DA:93,4
DA:94,4
DA:95,1
DA:96,1
DA:97,1
DA:98,1
DA:100,4
DA:103,1
DA:104,1
DA:105,1
DA:108,1
DA:109,1
DA:112,1
DA:113,0
DA:114,0
DA:115,0
DA:116,0
DA:117,0
DA:118,0
DA:119,0
DA:120,0
DA:121,0
DA:122,0
DA:123,0
DA:124,0
DA:125,0
DA:126,0
DA:127,0
DA:130,1
DA:133,1
DA:134,0
DA:135,0
DA:136,0
DA:137,0
DA:138,0
DA:139,0
DA:140,0
DA:141,0
DA:142,0
DA:143,0
DA:144,0
DA:145,0
DA:146,0
DA:149,1
DA:152,1
DA:153,0
DA:154,0
DA:155,0
DA:156,0
DA:157,0
DA:158,0
DA:159,0
DA:160,0
DA:161,0
DA:162,0
DA:163,0
DA:164,1
DA:166,1
DA:167,1
DA:170,1
DA:171,1
DA:172,1
DA:173,1
DA:174,1
DA:175,1
DA:176,1
DA:177,1
DA:178,1
DA:179,1
DA:180,1
DA:183,1
DA:184,1
DA:185,0
DA:186,0
DA:188,1
DA:189,0
DA:190,0
DA:191,0
DA:192,0
DA:194,0
DA:195,0
DA:196,0
DA:197,0
DA:198,0
DA:199,0
DA:202,0
DA:203,0
DA:204,0
DA:205,0
DA:206,0
DA:207,0
DA:208,0
DA:211,0
DA:213,0
DA:215,0
DA:218,1
DA:219,1
DA:220,1
DA:221,1
DA:224,1
DA:225,1
DA:227,1
DA:228,1
DA:229,1
DA:230,1
DA:231,1
DA:232,1
DA:235,1
DA:236,0
DA:237,0
DA:238,0
DA:239,0
DA:240,0
DA:241,0
DA:243,1
DA:246,1
DA:247,0
DA:248,0
DA:249,0
DA:250,0
DA:251,0
DA:252,0
DA:253,0
DA:254,0
DA:255,0
DA:256,0
DA:257,0
DA:259,1
DA:262,1
DA:263,0
DA:264,0
DA:265,0
DA:266,0
DA:267,0
DA:268,0
DA:270,0
DA:274,0
DA:275,0
DA:276,0
DA:277,0
DA:278,0
DA:279,0
DA:281,1
DA:283,1
DA:284,1
DA:288,0
DA:289,0
DA:290,0
DA:291,0
DA:292,0
DA:293,0
DA:295,0
DA:297,0
DA:298,0
DA:299,0
DA:300,0
DA:301,0
DA:302,0
DA:304,0
DA:306,0
DA:307,0
DA:308,0
DA:309,0
DA:311,0
DA:312,0
DA:313,0
DA:315,0
DA:316,0
DA:317,0
DA:319,0
DA:321,0
DA:323,0
DA:324,0
DA:325,0
DA:326,0
DA:327,0
DA:328,0
DA:329,0
DA:336,1
DA:337,1
DA:338,1
DA:339,1
DA:340,1
DA:341,1
DA:344,1
DA:345,1
DA:346,1
DA:347,1
DA:348,1
DA:349,1
DA:352,1
DA:353,1
DA:354,1
DA:355,1
DA:356,1
DA:357,1
DA:360,1
DA:361,1
DA:362,1
DA:363,1
DA:364,1
DA:365,1
BRF:0
BRH:0
LF:240
LH:103
end_of_record
SF:/Users/garthdb/Projects/rust-things/libs/things-core/src/performance.rs
FN:148,_RNCNvMs_NtCs5gv2PErl1cl_11things_core11performanceNtB6_18PerformanceMonitor16record_operation0B8_
FN:179,_RNCNvMs_NtCs5gv2PErl1cl_11things_core11performanceNtB6_18PerformanceMonitor18get_system_metrics0B8_
FN:53,_RNvMNtCs5gv2PErl1cl_11things_core11performanceNtB2_16PerformanceStats10add_metric
FN:38,_RNvMNtCs5gv2PErl1cl_11things_core11performanceNtB2_16PerformanceStats3new
FN:253,_RNvMs1_NtCs5gv2PErl1cl_11things_core11performanceNtB5_14OperationTimer5error
FN:240,_RNvMs1_NtCs5gv2PErl1cl_11things_core11performanceNtB5_14OperationTimer7success
FN:154,_RNvMs_NtCs5gv2PErl1cl_11things_core11performanceNtB4_18PerformanceMonitor11get_metrics
FN:194,_RNvMs_NtCs5gv2PErl1cl_11things_core11performanceNtB4_18PerformanceMonitor11get_summary
FN:116,_RNvMs_NtCs5gv2PErl1cl_11things_core11performanceNtB4_18PerformanceMonitor11new_default
FN:159,_RNvMs_NtCs5gv2PErl1cl_11things_core11performanceNtB4_18PerformanceMonitor13get_all_stats
FN:121,_RNvMs_NtCs5gv2PErl1cl_11things_core11performanceNtB4_18PerformanceMonitor15start_operation
FN:130,_RNvMs_NtCs5gv2PErl1cl_11things_core11performanceNtB4_18PerformanceMonitor16record_operation
FN:169,_RNvMs_NtCs5gv2PErl1cl_11things_core11performanceNtB4_18PerformanceMonitor18get_system_metrics
FN:164,_RNvMs_NtCs5gv2PErl1cl_11things_core11performanceNtB4_18PerformanceMonitor19get_operation_stats
FN:106,_RNvMs_NtCs5gv2PErl1cl_11things_core11performanceNtB4_18PerformanceMonitor3new
FN:188,_RNvMs_NtCs5gv2PErl1cl_11things_core11performanceNtB4_18PerformanceMonitor5clear
FN:221,_RNvXs0_NtCs5gv2PErl1cl_11things_core11performanceNtB5_18PerformanceMonitorNtNtCsaNl6UpbT7bw_4core5clone5Clone5clone
FN:148,_RNCNvMs_NtCsgowgEPBvTvH_11things_core11performanceNtB6_18PerformanceMonitor16record_operation0B8_
FN:179,_RNCNvMs_NtCsgowgEPBvTvH_11things_core11performanceNtB6_18PerformanceMonitor18get_system_metrics0B8_
FN:253,_RNvMs1_NtCsgowgEPBvTvH_11things_core11performanceNtB5_14OperationTimer5error
FN:154,_RNvMs_NtCsgowgEPBvTvH_11things_core11performanceNtB4_18PerformanceMonitor11get_metrics
FN:194,_RNvMs_NtCsgowgEPBvTvH_11things_core11performanceNtB4_18PerformanceMonitor11get_summary
FN:159,_RNvMs_NtCsgowgEPBvTvH_11things_core11performanceNtB4_18PerformanceMonitor13get_all_stats
FN:169,_RNvMs_NtCsgowgEPBvTvH_11things_core11performanceNtB4_18PerformanceMonitor18get_system_metrics
FN:188,_RNvMs_NtCsgowgEPBvTvH_11things_core11performanceNtB4_18PerformanceMonitor5clear
FN:53,_RNvMNtCsgowgEPBvTvH_11things_core11performanceNtB2_16PerformanceStats10add_metric
FN:38,_RNvMNtCsgowgEPBvTvH_11things_core11performanceNtB2_16PerformanceStats3new
FN:240,_RNvMs1_NtCsgowgEPBvTvH_11things_core11performanceNtB5_14OperationTimer7success
FN:116,_RNvMs_NtCsgowgEPBvTvH_11things_core11performanceNtB4_18PerformanceMonitor11new_default
FN:121,_RNvMs_NtCsgowgEPBvTvH_11things_core11performanceNtB4_18PerformanceMonitor15start_operation
FN:130,_RNvMs_NtCsgowgEPBvTvH_11things_core11performanceNtB4_18PerformanceMonitor16record_operation
FN:164,_RNvMs_NtCsgowgEPBvTvH_11things_core11performanceNtB4_18PerformanceMonitor19get_operation_stats
FN:106,_RNvMs_NtCsgowgEPBvTvH_11things_core11performanceNtB4_18PerformanceMonitor3new
FN:221,_RNvXs0_NtCsgowgEPBvTvH_11things_core11performanceNtB5_18PerformanceMonitorNtNtCsaNl6UpbT7bw_4core5clone5Clone5clone
FN:307,_RNvNtNtCsgowgEPBvTvH_11things_core11performance5testss_20test_operation_timer
FN:284,_RNvNtNtCsgowgEPBvTvH_11things_core11performance5testss_24test_performance_monitor
FNDA:0,_RNCNvMs_NtCs5gv2PErl1cl_11things_core11performanceNtB6_18PerformanceMonitor16record_operation0B8_
FNDA:0,_RNCNvMs_NtCs5gv2PErl1cl_11things_core11performanceNtB6_18PerformanceMonitor18get_system_metrics0B8_
FNDA:0,_RNvMNtCs5gv2PErl1cl_11things_core11performanceNtB2_16PerformanceStats10add_metric
FNDA:0,_RNvMNtCs5gv2PErl1cl_11things_core11performanceNtB2_16PerformanceStats3new
FNDA:0,_RNvMs1_NtCs5gv2PErl1cl_11things_core11performanceNtB5_14OperationTimer5error
FNDA:0,_RNvMs1_NtCs5gv2PErl1cl_11things_core11performanceNtB5_14OperationTimer7success
FNDA:0,_RNvMs_NtCs5gv2PErl1cl_11things_core11performanceNtB4_18PerformanceMonitor11get_metrics
FNDA:0,_RNvMs_NtCs5gv2PErl1cl_11things_core11performanceNtB4_18PerformanceMonitor11get_summary
FNDA:0,_RNvMs_NtCs5gv2PErl1cl_11things_core11performanceNtB4_18PerformanceMonitor11new_default
FNDA:0,_RNvMs_NtCs5gv2PErl1cl_11things_core11performanceNtB4_18PerformanceMonitor13get_all_stats
FNDA:0,_RNvMs_NtCs5gv2PErl1cl_11things_core11performanceNtB4_18PerformanceMonitor15start_operation
FNDA:0,_RNvMs_NtCs5gv2PErl1cl_11things_core11performanceNtB4_18PerformanceMonitor16record_operation
FNDA:0,_RNvMs_NtCs5gv2PErl1cl_11things_core11performanceNtB4_18PerformanceMonitor18get_system_metrics
FNDA:0,_RNvMs_NtCs5gv2PErl1cl_11things_core11performanceNtB4_18PerformanceMonitor19get_operation_stats
FNDA:0,_RNvMs_NtCs5gv2PErl1cl_11things_core11performanceNtB4_18PerformanceMonitor3new
FNDA:0,_RNvMs_NtCs5gv2PErl1cl_11things_core11performanceNtB4_18PerformanceMonitor5clear
FNDA:0,_RNvXs0_NtCs5gv2PErl1cl_11things_core11performanceNtB5_18PerformanceMonitorNtNtCsaNl6UpbT7bw_4core5clone5Clone5clone
FNDA:2,_RNCNvMs_NtCsgowgEPBvTvH_11things_core11performanceNtB6_18PerformanceMonitor16record_operation0B8_
FNDA:0,_RNCNvMs_NtCsgowgEPBvTvH_11things_core11performanceNtB6_18PerformanceMonitor18get_system_metrics0B8_
FNDA:0,_RNvMs1_NtCsgowgEPBvTvH_11things_core11performanceNtB5_14OperationTimer5error
FNDA:0,_RNvMs_NtCsgowgEPBvTvH_11things_core11performanceNtB4_18PerformanceMonitor11get_metrics
FNDA:0,_RNvMs_NtCsgowgEPBvTvH_11things_core11performanceNtB4_18PerformanceMonitor11get_summary
FNDA:0,_RNvMs_NtCsgowgEPBvTvH_11things_core11performanceNtB4_18PerformanceMonitor13get_all_stats
FNDA:0,_RNvMs_NtCsgowgEPBvTvH_11things_core11performanceNtB4_18PerformanceMonitor18get_system_metrics
FNDA:0,_RNvMs_NtCsgowgEPBvTvH_11things_core11performanceNtB4_18PerformanceMonitor5clear
FNDA:2,_RNvMNtCsgowgEPBvTvH_11things_core11performanceNtB2_16PerformanceStats10add_metric
FNDA:2,_RNvMNtCsgowgEPBvTvH_11things_core11performanceNtB2_16PerformanceStats3new
FNDA:1,_RNvMs1_NtCsgowgEPBvTvH_11things_core11performanceNtB5_14OperationTimer7success
FNDA:2,_RNvMs_NtCsgowgEPBvTvH_11things_core11performanceNtB4_18PerformanceMonitor11new_default
FNDA:1,_RNvMs_NtCsgowgEPBvTvH_11things_core11performanceNtB4_18PerformanceMonitor15start_operation
FNDA:2,_RNvMs_NtCsgowgEPBvTvH_11things_core11performanceNtB4_18PerformanceMonitor16record_operation
FNDA:2,_RNvMs_NtCsgowgEPBvTvH_11things_core11performanceNtB4_18PerformanceMonitor19get_operation_stats
FNDA:2,_RNvMs_NtCsgowgEPBvTvH_11things_core11performanceNtB4_18PerformanceMonitor3new
FNDA:1,_RNvXs0_NtCsgowgEPBvTvH_11things_core11performanceNtB5_18PerformanceMonitorNtNtCsaNl6UpbT7bw_4core5clone5Clone5clone
FNDA:1,_RNvNtNtCsgowgEPBvTvH_11things_core11performance5testss_20test_operation_timer
FNDA:1,_RNvNtNtCsgowgEPBvTvH_11things_core11performance5testss_24test_performance_monitor
FNF:19
FNH:12
DA:38,2
DA:39,2
DA:40,2
DA:41,2
DA:42,2
DA:43,2
DA:44,2
DA:45,2
DA:46,2
DA:47,2
DA:48,2
DA:49,2
DA:50,2
DA:51,2
DA:53,2
DA:54,2
DA:55,2
DA:56,2
DA:58,2
DA:59,2
DA:60,2
DA:61,0
DA:62,0
DA:64,2
DA:65,2
DA:66,2
DA:67,2
DA:68,2
DA:69,2
DA:71,2
DA:72,2
DA:74,2
DA:75,2
DA:77,0
DA:79,2
DA:106,2
DA:107,2
DA:108,2
DA:109,2
DA:110,2
DA:111,2
DA:112,2
DA:113,2
DA:116,2
DA:117,2
DA:118,2
DA:121,1
DA:122,1
DA:123,1
DA:124,1
DA:125,1
DA:126,1
DA:127,1
DA:130,2
DA:133,2
DA:134,2
DA:137,2
DA:138,0
DA:139,0
DA:140,2
DA:145,2
DA:146,2
DA:147,2
DA:148,2
DA:149,2
DA:151,2
DA:154,0
DA:155,0
DA:156,0
DA:159,0
DA:160,0
DA:161,0
DA:164,2
DA:165,2
DA:166,2
DA:169,0
DA:170,0
DA:171,0
DA:174,0
DA:175,0
DA:176,0
DA:177,0
DA:178,0
DA:179,0
DA:180,0
DA:181,0
DA:182,0
DA:183,0
DA:185,0
DA:188,0
DA:189,0
DA:190,0
DA:191,0
DA:194,0
DA:195,0
DA:196,0
DA:197,0
DA:198,0
DA:201,0
DA:202,0
DA:203,0
DA:204,0
DA:205,0
DA:207,0
DA:209,0
DA:210,0
DA:211,0
DA:213,0
DA:215,0
DA:217,0
DA:221,1
DA:222,1
DA:223,1
DA:224,1
DA:225,1
DA:226,1
DA:227,1
DA:228,1
DA:240,1
DA:241,1
DA:242,1
DA:243,1
DA:244,1
DA:245,1
DA:246,1
DA:247,1
DA:248,1
DA:249,1
DA:250,1
DA:253,0
DA:254,0
DA:255,0
DA:256,0
DA:257,0
DA:258,0
DA:259,0
DA:260,0
DA:261,0
DA:262,0
DA:263,0
DA:284,1
DA:285,1
DA:288,1
DA:289,1
DA:290,1
DA:291,1
DA:292,1
DA:293,1
DA:294,1
DA:296,1
DA:298,1
DA:299,1
DA:300,1
DA:301,1
DA:302,1
DA:303,1
DA:304,1
DA:307,1
DA:308,1
DA:311,1
DA:312,1
DA:313,1
DA:315,1
DA:316,1
DA:317,1
DA:318,1
DA:319,1
DA:320,1
BRF:0
BRH:0
LF:170
LH:112
end_of_record
SF:/Users/garthdb/Projects/rust-things/libs/things-core/src/query.rs
FN:37,_RNvMNtCsgowgEPBvTvH_11things_core5queryNtB2_16TaskQueryBuilder12project_uuid
FN:66,_RNvMNtCsgowgEPBvTvH_11things_core5queryNtB2_16TaskQueryBuilder14deadline_range
FN:58,_RNvMNtCsgowgEPBvTvH_11things_core5queryNtB2_16TaskQueryBuilder16start_date_range
FN:15,_RNvMNtCsgowgEPBvTvH_11things_core5queryNtB2_16TaskQueryBuilder3new
FN:51,_RNvMNtCsgowgEPBvTvH_11things_core5queryNtB2_16TaskQueryBuilder4tags
FN:95,_RNvMNtCsgowgEPBvTvH_11things_core5queryNtB2_16TaskQueryBuilder5build
FN:81,_RNvMNtCsgowgEPBvTvH_11things_core5queryNtB2_16TaskQueryBuilder5limit
FN:88,_RNvMNtCsgowgEPBvTvH_11things_core5queryNtB2_16TaskQueryBuilder6offset
FN:74,_RNvMNtCsgowgEPBvTvH_11things_core5queryNtB2_16TaskQueryBuilder6search
FN:23,_RNvMNtCsgowgEPBvTvH_11things_core5queryNtB2_16TaskQueryBuilder6status
FN:44,_RNvMNtCsgowgEPBvTvH_11things_core5queryNtB2_16TaskQueryBuilder9area_uuid
FN:30,_RNvMNtCsgowgEPBvTvH_11things_core5queryNtB2_16TaskQueryBuilder9task_type
FN:101,_RNvXs_NtCsgowgEPBvTvH_11things_core5queryNtB4_16TaskQueryBuilderNtNtCsaNl6UpbT7bw_4core7default7Default7default
FNDA:0,_RNvMNtCsgowgEPBvTvH_11things_core5queryNtB2_16TaskQueryBuilder12project_uuid
FNDA:0,_RNvMNtCsgowgEPBvTvH_11things_core5queryNtB2_16TaskQueryBuilder14deadline_range
FNDA:0,_RNvMNtCsgowgEPBvTvH_11things_core5queryNtB2_16TaskQueryBuilder16start_date_range
FNDA:0,_RNvMNtCsgowgEPBvTvH_11things_core5queryNtB2_16TaskQueryBuilder3new
FNDA:0,_RNvMNtCsgowgEPBvTvH_11things_core5queryNtB2_16TaskQueryBuilder4tags
FNDA:0,_RNvMNtCsgowgEPBvTvH_11things_core5queryNtB2_16TaskQueryBuilder5build
FNDA:0,_RNvMNtCsgowgEPBvTvH_11things_core5queryNtB2_16TaskQueryBuilder5limit
FNDA:0,_RNvMNtCsgowgEPBvTvH_11things_core5queryNtB2_16TaskQueryBuilder6offset
FNDA:0,_RNvMNtCsgowgEPBvTvH_11things_core5queryNtB2_16TaskQueryBuilder6search
FNDA:0,_RNvMNtCsgowgEPBvTvH_11things_core5queryNtB2_16TaskQueryBuilder6status
FNDA:0,_RNvMNtCsgowgEPBvTvH_11things_core5queryNtB2_16TaskQueryBuilder9area_uuid
FNDA:0,_RNvMNtCsgowgEPBvTvH_11things_core5queryNtB2_16TaskQueryBuilder9task_type
FNDA:0,_RNvXs_NtCsgowgEPBvTvH_11things_core5queryNtB4_16TaskQueryBuilderNtNtCsaNl6UpbT7bw_4core7default7Default7default
FNF:13
FNH:0
DA:15,0
DA:16,0
DA:17,0
DA:18,0
DA:19,0
DA:23,0
DA:24,0
DA:25,0
DA:26,0
DA:30,0
DA:31,0
DA:32,0
DA:33,0
DA:37,0
DA:38,0
DA:39,0
DA:40,0
DA:44,0
DA:45,0
DA:46,0
DA:47,0
DA:51,0
DA:52,0
DA:53,0
DA:54,0
DA:58,0
DA:59,0
DA:60,0
DA:61,0
DA:62,0
DA:66,0
DA:67,0
DA:68,0
DA:69,0
DA:70,0
DA:74,0
DA:75,0
DA:76,0
DA:77,0
DA:81,0
DA:82,0
DA:83,0
DA:84,0
DA:88,0
DA:89,0
DA:90,0
DA:91,0
DA:95,0
DA:96,0
DA:97,0
DA:101,0
DA:102,0
DA:103,0
BRF:0
BRH:0
LF:53
LH:0
end_of_record
SF:/Users/garthdb/Projects/rust-things/libs/things-core/src/test_utils.rs
FN:13,_RINvNtCs5gv2PErl1cl_11things_core10test_utils20create_test_databaseRNtNtCsht3nMU9UgFu_3std4path4PathECsjC5STkO5s35_8ci_tests
FN:13,_RINvNtCs5gv2PErl1cl_11things_core10test_utils20create_test_databasepEB4_
FN:274,_RNCNvNtCs5gv2PErl1cl_11things_core10test_utils16insert_mock_data0B5_
FN:279,_RNCNvNtCs5gv2PErl1cl_11things_core10test_utils16insert_mock_datas_0B5_
FN:100,_RNvNtCs5gv2PErl1cl_11things_core10test_utils16insert_mock_data
FN:407,_RNvNtCs5gv2PErl1cl_11things_core10test_utils17create_mock_areas
FN:336,_RNvNtCs5gv2PErl1cl_11things_core10test_utils17create_mock_tasks
FN:382,_RNvNtCs5gv2PErl1cl_11things_core10test_utils20create_mock_projects
FN:13,_RINvNtCs5gv2PErl1cl_11things_core10test_utils20create_test_databaseRNtNtCsht3nMU9UgFu_3std4path4PathECs9fpwJH2o9XW_17integration_tests
FN:451,_RNvNtNtCsgowgEPBvTvH_11things_core10test_utils5testss_23test_mock_data_creation
FN:438,_RNvNtNtCsgowgEPBvTvH_11things_core10test_utils5testss_25test_create_test_database
FN:446,_RNCNvNtNtCsgowgEPBvTvH_11things_core10test_utils5testss_25test_create_test_database0B7_
FN:13,_RINvNtCsgowgEPBvTvH_11things_core10test_utils20create_test_databaseRNtNtCsht3nMU9UgFu_3std4path4PathEB4_
FN:274,_RNCNvNtCsgowgEPBvTvH_11things_core10test_utils16insert_mock_data0B5_
FN:279,_RNCNvNtCsgowgEPBvTvH_11things_core10test_utils16insert_mock_datas_0B5_
FN:100,_RNvNtCsgowgEPBvTvH_11things_core10test_utils16insert_mock_data
FN:407,_RNvNtCsgowgEPBvTvH_11things_core10test_utils17create_mock_areas
FN:336,_RNvNtCsgowgEPBvTvH_11things_core10test_utils17create_mock_tasks
FN:382,_RNvNtCsgowgEPBvTvH_11things_core10test_utils20create_mock_projects
FNDA:1,_RINvNtCs5gv2PErl1cl_11things_core10test_utils20create_test_databaseRNtNtCsht3nMU9UgFu_3std4path4PathECsjC5STkO5s35_8ci_tests
FNDA:0,_RINvNtCs5gv2PErl1cl_11things_core10test_utils20create_test_databasepEB4_
FNDA:10,_RNCNvNtCs5gv2PErl1cl_11things_core10test_utils16insert_mock_data0B5_
FNDA:6,_RNCNvNtCs5gv2PErl1cl_11things_core10test_utils16insert_mock_datas_0B5_
FNDA:2,_RNvNtCs5gv2PErl1cl_11things_core10test_utils16insert_mock_data
FNDA:2,_RNvNtCs5gv2PErl1cl_11things_core10test_utils17create_mock_areas
FNDA:2,_RNvNtCs5gv2PErl1cl_11things_core10test_utils17create_mock_tasks
FNDA:2,_RNvNtCs5gv2PErl1cl_11things_core10test_utils20create_mock_projects
FNDA:1,_RINvNtCs5gv2PErl1cl_11things_core10test_utils20create_test_databaseRNtNtCsht3nMU9UgFu_3std4path4PathECs9fpwJH2o9XW_17integration_tests
FNDA:1,_RNvNtNtCsgowgEPBvTvH_11things_core10test_utils5testss_23test_mock_data_creation
FNDA:1,_RNvNtNtCsgowgEPBvTvH_11things_core10test_utils5testss_25test_create_test_database
FNDA:1,_RNCNvNtNtCsgowgEPBvTvH_11things_core10test_utils5testss_25test_create_test_database0B7_
FNDA:1,_RINvNtCsgowgEPBvTvH_11things_core10test_utils20create_test_databaseRNtNtCsht3nMU9UgFu_3std4path4PathEB4_
FNDA:5,_RNCNvNtCsgowgEPBvTvH_11things_core10test_utils16insert_mock_data0B5_
FNDA:3,_RNCNvNtCsgowgEPBvTvH_11things_core10test_utils16insert_mock_datas_0B5_
FNDA:1,_RNvNtCsgowgEPBvTvH_11things_core10test_utils16insert_mock_data
FNDA:1,_RNvNtCsgowgEPBvTvH_11things_core10test_utils17create_mock_areas
FNDA:1,_RNvNtCsgowgEPBvTvH_11things_core10test_utils17create_mock_tasks
FNDA:1,_RNvNtCsgowgEPBvTvH_11things_core10test_utils20create_mock_projects
FNF:10
FNH:10
DA:13,3
DA:14,3
DA:17,3
DA:18,3
DA:19,3
DA:20,3
DA:21,3
DA:22,3
DA:23,3
DA:24,3
DA:25,3
DA:26,3
DA:27,3
DA:28,3
DA:29,3
DA:30,3
DA:31,3
DA:32,3
DA:33,3
DA:34,3
DA:35,3
DA:36,3
DA:37,3
DA:38,3
DA:39,3
DA:40,3
DA:41,3
DA:42,3
DA:43,3
DA:44,3
DA:45,3
DA:46,3
DA:47,3
DA:48,3
DA:49,3
DA:50,3
DA:51,3
DA:52,3
DA:53,3
DA:54,3
DA:55,3
DA:56,3
DA:57,3
DA:58,3
DA:59,3
DA:60,3
DA:61,3
DA:62,3
DA:63,3
DA:64,3
DA:65,3
DA:66,3
DA:67,3
DA:68,3
DA:69,3
DA:70,3
DA:71,3
DA:72,3
DA:73,3
DA:74,3
DA:75,3
DA:76,3
DA:77,3
DA:78,3
DA:79,3
DA:80,3
DA:81,3
DA:82,3
DA:83,3
DA:84,3
DA:85,3
DA:86,3
DA:87,3
DA:88,3
DA:89,3
DA:90,0
DA:93,3
DA:95,3
DA:96,3
DA:100,3
DA:101,3
DA:102,3
DA:103,3
DA:104,3
DA:107,3
DA:108,3
DA:109,3
DA:110,3
DA:111,3
DA:112,3
DA:113,3
DA:114,3
DA:115,3
DA:116,3
DA:117,3
DA:118,3
DA:119,3
DA:120,3
DA:121,3
DA:122,3
DA:125,12
DA:126,9
DA:127,9
DA:128,9
DA:129,9
DA:130,9
DA:131,9
DA:132,0
DA:136,3
DA:137,3
DA:138,3
DA:139,3
DA:140,3
DA:141,3
DA:144,18
DA:145,15
DA:146,15
DA:147,15
DA:148,0
DA:152,3
DA:154,3
DA:155,3
DA:156,3
DA:157,3
DA:158,3
DA:159,3
DA:160,3
DA:161,3
DA:162,3
DA:163,3
DA:164,3
DA:165,3
DA:166,3
DA:167,3
DA:168,3
DA:169,3
DA:170,3
DA:171,3
DA:172,3
DA:173,3
DA:174,3
DA:175,3
DA:176,3
DA:177,3
DA:178,3
DA:179,3
DA:180,3
DA:181,3
DA:182,3
DA:183,3
DA:184,3
DA:185,3
DA:186,3
DA:187,3
DA:188,3
DA:189,3
DA:191,3
DA:192,3
DA:193,3
DA:194,3
DA:195,3
DA:196,3
DA:197,3
DA:198,3
DA:199,3
DA:200,3
DA:201,3
DA:202,3
DA:203,3
DA:204,3
DA:205,3
DA:206,3
DA:207,3
DA:208,3
DA:209,3
DA:210,3
DA:211,3
DA:212,3
DA:213,3
DA:214,3
DA:216,3
DA:217,3
DA:218,3
DA:219,3
DA:220,3
DA:221,3
DA:222,3
DA:223,3
DA:224,3
DA:225,3
DA:226,3
DA:227,3
DA:228,3
DA:229,3
DA:230,3
DA:231,3
DA:232,3
DA:233,3
DA:234,3
DA:235,3
DA:236,3
DA:237,3
DA:238,3
DA:239,3
DA:241,3
DA:242,3
DA:243,3
DA:244,3
DA:245,3
DA:246,3
DA:247,3
DA:248,3
DA:249,3
DA:250,3
DA:251,3
DA:252,3
DA:256,24
DA:257,24
DA:258,24
DA:259,24
DA:260,24
DA:261,24
DA:262,24
DA:263,24
DA:264,24
DA:265,24
DA:266,27
DA:268,24
DA:269,24
DA:271,24
DA:272,24
DA:273,24
DA:274,24
DA:276,15
DA:277,15
DA:278,15
DA:279,24
DA:281,9
DA:282,9
DA:283,9
DA:286,24
DA:290,24
DA:292,24
DA:293,24
DA:294,21
DA:295,21
DA:296,21
DA:298,24
DA:299,24
DA:300,18
DA:301,18
DA:302,18
DA:304,24
DA:305,24
DA:306,24
DA:309,0
DA:313,3
DA:314,3
DA:315,3
DA:316,3
DA:317,3
DA:318,3
DA:321,18
DA:322,15
DA:323,15
DA:324,15
DA:325,0
DA:328,3
DA:329,3
DA:336,3
DA:337,3
DA:338,3
DA:339,3
DA:341,3
DA:342,3
DA:343,3
DA:344,3
DA:345,3
DA:346,3
DA:347,3
DA:348,3
DA:349,3
DA:350,3
DA:351,3
DA:352,3
DA:353,3
DA:354,3
DA:355,3
DA:356,3
DA:357,3
DA:358,3
DA:359,3
DA:360,3
DA:361,3
DA:362,3
DA:363,3
DA:364,3
DA:365,3
DA:366,3
DA:367,3
DA:368,3
DA:369,3
DA:370,3
DA:371,3
DA:372,3
DA:373,3
DA:375,3
DA:382,3
DA:383,3
DA:384,3
DA:385,3
DA:387,3
DA:388,3
DA:389,3
DA:390,3
DA:391,3
DA:392,3
DA:393,3
DA:394,3
DA:395,3
DA:396,3
DA:397,3
DA:398,3
DA:399,3
DA:400,3
DA:407,3
DA:408,3
DA:410,3
DA:411,3
DA:412,3
DA:413,3
DA:414,3
DA:415,3
DA:416,3
DA:417,3
DA:418,3
DA:419,3
DA:420,3
DA:421,3
DA:422,3
DA:423,3
DA:424,3
DA:425,3
DA:426,3
DA:427,3
DA:428,3
DA:430,3
DA:438,1
DA:439,1
DA:440,1
DA:442,1
DA:445,1
DA:446,1
DA:447,1
DA:448,1
DA:451,1
DA:452,1
DA:453,1
DA:454,1
DA:456,1
DA:457,1
DA:458,1
DA:460,1
DA:461,1
DA:462,1
DA:463,1
BRF:0
BRH:0
LF:369
LH:364
end_of_record
SF:/Users/garthdb/Projects/rust-things/tools/xtask/src/main.rs
FN:154,_RNCNvCsdiFvDkFgzQB_5xtask18things_db_location0B3_
FN:120,_RNvCsdiFvDkFgzQB_5xtask13generate_code
FN:148,_RNvCsdiFvDkFgzQB_5xtask13things_backup
FN:114,_RNvCsdiFvDkFgzQB_5xtask14generate_tests
FN:138,_RNvCsdiFvDkFgzQB_5xtask15local_dev_clean
FN:126,_RNvCsdiFvDkFgzQB_5xtask15local_dev_setup
FN:171,_RNvCsdiFvDkFgzQB_5xtask15setup_git_hooks
FN:143,_RNvCsdiFvDkFgzQB_5xtask15things_validate
FN:133,_RNvCsdiFvDkFgzQB_5xtask16local_dev_health
FN:153,_RNvCsdiFvDkFgzQB_5xtask18things_db_location
FN:68,_RNvCsdiFvDkFgzQB_5xtask4main
FN:161,_RNvCsdiFvDkFgzQB_5xtask7analyze
FN:166,_RNvCsdiFvDkFgzQB_5xtask9perf_test
FNDA:0,_RNCNvCsdiFvDkFgzQB_5xtask18things_db_location0B3_
FNDA:0,_RNvCsdiFvDkFgzQB_5xtask13generate_code
FNDA:0,_RNvCsdiFvDkFgzQB_5xtask13things_backup
FNDA:0,_RNvCsdiFvDkFgzQB_5xtask14generate_tests
FNDA:0,_RNvCsdiFvDkFgzQB_5xtask15local_dev_clean
FNDA:0,_RNvCsdiFvDkFgzQB_5xtask15local_dev_setup
FNDA:0,_RNvCsdiFvDkFgzQB_5xtask15setup_git_hooks
FNDA:0,_RNvCsdiFvDkFgzQB_5xtask15things_validate
FNDA:0,_RNvCsdiFvDkFgzQB_5xtask16local_dev_health
FNDA:0,_RNvCsdiFvDkFgzQB_5xtask18things_db_location
FNDA:0,_RNvCsdiFvDkFgzQB_5xtask4main
FNDA:0,_RNvCsdiFvDkFgzQB_5xtask7analyze
FNDA:0,_RNvCsdiFvDkFgzQB_5xtask9perf_test
FNF:13
FNH:0
DA:68,0
DA:69,0
DA:71,0
DA:72,0
DA:73,0
DA:74,0
DA:75,0
DA:76,0
DA:77,0
DA:78,0
DA:79,0
DA:80,0
DA:81,0
DA:82,0
DA:83,0
DA:84,0
DA:85,0
DA:86,0
DA:87,0
DA:89,0
DA:90,0
DA:91,0
DA:92,0
DA:93,0
DA:94,0
DA:95,0
DA:96,0
DA:97,0
DA:98,0
DA:100,0
DA:101,0
DA:102,0
DA:103,0
DA:104,0
DA:105,0
DA:107,0
DA:111,0
DA:112,0
DA:114,0
DA:115,0
DA:116,0
DA:117,0
DA:118,0
DA:120,0
DA:121,0
DA:122,0
DA:123,0
DA:124,0
DA:126,0
DA:127,0
DA:128,0
DA:129,0
DA:130,0
DA:131,0
DA:133,0
DA:134,0
DA:135,0
DA:136,0
DA:138,0
DA:139,0
DA:140,0
DA:141,0
DA:143,0
DA:144,0
DA:145,0
DA:146,0
DA:148,0
DA:149,0
DA:150,0
DA:151,0
DA:153,0
DA:154,0
DA:155,0
DA:156,0
DA:158,0
DA:159,0
DA:161,0
DA:162,0
DA:163,0
DA:164,0
DA:166,0
DA:167,0
DA:168,0
DA:169,0
DA:171,0
DA:172,0
DA:175,0
DA:176,0
DA:177,0
DA:178,0
DA:181,0
DA:182,0
DA:183,0
DA:184,0
DA:185,0
DA:186,0
DA:187,0
DA:188,0
DA:189,0
DA:190,0
DA:191,0
DA:192,0
DA:193,0
DA:194,0
DA:195,0
DA:196,0
DA:197,0
DA:198,0
DA:199,0
DA:200,0
DA:201,0
DA:202,0
DA:203,0
DA:204,0
DA:205,0
DA:206,0
DA:207,0
DA:208,0
DA:209,0
DA:210,0
DA:211,0
DA:213,0
DA:214,0
DA:217,0
DA:218,0
DA:219,0
DA:222,0
DA:223,0
DA:224,0
DA:225,0
DA:226,0
DA:227,0
DA:228,0
DA:229,0
DA:230,0
DA:231,0
DA:232,0
DA:233,0
DA:234,0
DA:235,0
DA:236,0
DA:237,0
DA:238,0
DA:239,0
DA:240,0
DA:241,0
DA:242,0
DA:243,0
DA:244,0
DA:246,0
DA:247,0
DA:250,0
DA:251,0
DA:252,0
DA:254,0
DA:255,0
DA:256,0
DA:257,0
DA:258,0
DA:259,0
DA:260,0
DA:261,0
DA:263,0
DA:264,0
BRF:0
BRH:0
LF:165
LH:0
end_of_record